2024-12-13 11:35:28.360 [trace] Setting key='vim.use<Esc>' to value='true'
2024-12-13 11:35:28.360 [trace] Setting key='vim.use<Home>' to value='true'
2024-12-13 11:35:28.360 [trace] Setting key='vim.use<C-Home>' to value='true'
2024-12-13 11:35:28.360 [trace] Setting key='vim.use<End>' to value='true'
2024-12-13 11:35:28.360 [trace] Setting key='vim.use<C-End>' to value='true'
2024-12-13 11:35:28.360 [trace] Setting key='vim.use<Insert>' to value='true'
2024-12-13 11:35:28.360 [trace] Setting key='vim.use<BS>' to value='true'
2024-12-13 11:35:28.360 [trace] Setting key='vim.use<Del>' to value='true'
2024-12-13 11:35:28.360 [trace] Setting key='vim.use<tab>' to value='true'
2024-12-13 11:35:28.360 [trace] Setting key='vim.use<S-tab>' to value='true'
2024-12-13 11:35:28.360 [trace] Setting key='vim.use<left>' to value='true'
2024-12-13 11:35:28.360 [trace] Setting key='vim.use<right>' to value='true'
2024-12-13 11:35:28.360 [trace] Setting key='vim.use<up>' to value='true'
2024-12-13 11:35:28.360 [trace] Setting key='vim.use<down>' to value='true'
2024-12-13 11:35:28.360 [trace] Setting key='vim.use<C-a>' to value='true'
2024-12-13 11:35:28.360 [trace] Setting key='vim.use<C-b>' to value='true'
2024-12-13 11:35:28.360 [trace] Setting key='vim.use<C-c>' to value='true'
2024-12-13 11:35:28.360 [trace] Setting key='vim.use<C-d>' to value='true'
2024-12-13 11:35:28.360 [trace] Setting key='vim.use<C-e>' to value='true'
2024-12-13 11:35:28.360 [trace] Setting key='vim.use<C-f>' to value='true'
2024-12-13 11:35:28.360 [trace] Setting key='vim.use<C-g>' to value='true'
2024-12-13 11:35:28.360 [trace] Setting key='vim.use<C-h>' to value='true'
2024-12-13 11:35:28.360 [trace] Setting key='vim.use<C-i>' to value='true'
2024-12-13 11:35:28.360 [trace] Setting key='vim.use<C-j>' to value='true'
2024-12-13 11:35:28.360 [trace] Setting key='vim.use<C-k>' to value='true'
2024-12-13 11:35:28.360 [trace] Setting key='vim.use<C-l>' to value='true'
2024-12-13 11:35:28.360 [trace] Setting key='vim.use<C-m>' to value='true'
2024-12-13 11:35:28.360 [trace] Setting key='vim.use<C-n>' to value='true'
2024-12-13 11:35:28.360 [trace] Setting key='vim.use<C-o>' to value='true'
2024-12-13 11:35:28.360 [trace] Setting key='vim.use<C-p>' to value='true'
2024-12-13 11:35:28.360 [trace] Setting key='vim.use<C-q>' to value='true'
2024-12-13 11:35:28.360 [trace] Setting key='vim.use<C-r>' to value='true'
2024-12-13 11:35:28.360 [trace] Setting key='vim.use<C-s>' to value='false'
2024-12-13 11:35:28.360 [trace] Setting key='vim.use<C-t>' to value='true'
2024-12-13 11:35:28.360 [trace] Setting key='vim.use<C-u>' to value='true'
2024-12-13 11:35:28.360 [trace] Setting key='vim.use<C-v>' to value='true'
2024-12-13 11:35:28.360 [trace] Setting key='vim.use<C-w>' to value='true'
2024-12-13 11:35:28.360 [trace] Setting key='vim.use<C-x>' to value='true'
2024-12-13 11:35:28.360 [trace] Setting key='vim.use<C-y>' to value='true'
2024-12-13 11:35:28.360 [trace] Setting key='vim.use<C-z>' to value='false'
2024-12-13 11:35:28.360 [trace] Setting key='vim.use<C-6>' to value='true'
2024-12-13 11:35:28.360 [trace] Setting key='vim.use<C-^>' to value='true'
2024-12-13 11:35:28.360 [trace] Setting key='vim.use<C-[>' to value='true'
2024-12-13 11:35:28.360 [trace] Setting key='vim.use<C-]>' to value='true'
2024-12-13 11:35:28.360 [trace] Setting key='vim.use<C-S-2>' to value='true'
2024-12-13 11:35:28.360 [trace] Setting key='vim.use<C-up>' to value='true'
2024-12-13 11:35:28.360 [trace] Setting key='vim.use<C-down>' to value='true'
2024-12-13 11:35:28.360 [trace] Setting key='vim.use<C-left>' to value='true'
2024-12-13 11:35:28.360 [trace] Setting key='vim.use<C-right>' to value='true'
2024-12-13 11:35:28.360 [trace] Setting key='vim.use<C-pagedown>' to value='true'
2024-12-13 11:35:28.360 [trace] Setting key='vim.use<C-pageup>' to value='true'
2024-12-13 11:35:28.360 [trace] Setting key='vim.use<C-space>' to value='true'
2024-12-13 11:35:28.360 [trace] Setting key='vim.use<C-BS>' to value='true'
2024-12-13 11:35:28.360 [trace] Setting key='vim.use<S-BS>' to value='true'
2024-12-13 11:35:28.360 [trace] Setting key='vim.use<D-left>' to value='true'
2024-12-13 11:35:28.360 [trace] Setting key='vim.use<D-right>' to value='true'
2024-12-13 11:35:28.360 [trace] Setting key='vim.use<D-a>' to value='true'
2024-12-13 11:35:28.360 [trace] Setting key='vim.use<D-c>' to value='true'
2024-12-13 11:35:28.360 [trace] Setting key='vim.use<D-d>' to value='true'
2024-12-13 11:35:28.360 [trace] Setting key='vim.use<D-v>' to value='true'
2024-12-13 11:35:28.360 [trace] Setting key='vim.use<S-alt+down>' to value='true'
2024-12-13 11:35:28.360 [trace] Setting key='vim.use<S-alt+up>' to value='true'
2024-12-13 11:35:28.360 [trace] Setting key='vim.overrideCopy' to value='true'
2024-12-13 11:35:28.360 [trace] Setting key='vim.overrideCtrlC' to value='true'
2024-12-13 11:35:28.360 [debug] 0 errors found with vim configuration
2024-12-13 11:35:28.360 [debug] Start
2024-12-13 11:35:28.360 [debug] History does not exist. path=/home/mpeters/projects/AOC/2024/_4_2/~/.vscode/User/globalStorage/vscodevim.vim/.cmdline_history
2024-12-13 11:35:28.360 [trace] Setting key='listAutomaticKeyboardNavigation' to value='false'
2024-12-13 11:35:28.360 [trace] Setting key='vim.active' to value='true'
2024-12-13 11:35:28.360 [debug] Finish.
