2024-12-13 07:03:18.399 [info] Reading sessions from keychain...
2024-12-13 07:03:18.399 [info] Getting sessions for all scopes...
2024-12-13 07:03:18.399 [info] Getting sessions for all scopes...
2024-12-13 07:03:18.399 [info] Getting sessions for all scopes...
2024-12-13 07:03:18.399 [info] Getting sessions for all scopes...
2024-12-13 07:03:18.399 [info] Getting sessions for all scopes...
2024-12-13 07:03:18.399 [info] Getting sessions for all scopes...
2024-12-13 07:03:18.399 [info] Getting sessions for all scopes...
2024-12-13 07:03:18.500 [info] Got 0 sessions for ...
2024-12-13 07:03:18.500 [info] Got 0 sessions for ...
2024-12-13 07:03:18.500 [info] Got 0 sessions for ...
2024-12-13 07:03:18.500 [info] Got 0 sessions for ...
2024-12-13 07:03:18.500 [info] Got 0 sessions for ...
2024-12-13 07:03:18.500 [info] Got 0 sessions for ...
2024-12-13 07:03:18.500 [info] Got 0 sessions for ...
2024-12-13 07:03:19.084 [info] Getting sessions for all scopes...
2024-12-13 07:03:19.084 [info] Got 0 sessions for ...
2024-12-13 07:03:20.821 [info] Getting sessions for all scopes...
2024-12-13 07:03:20.821 [info] Got 0 sessions for ...
2024-12-13 07:03:21.108 [info] Getting sessions for read:user,repo,user:email...
2024-12-13 07:03:21.108 [info] Got 0 sessions for read:user,repo,user:email...
2024-12-13 07:03:21.166 [info] Getting sessions for project,read:org,read:user,repo,user:email,workflow...
2024-12-13 07:03:21.166 [info] Got 0 sessions for project,read:org,read:user,repo,user:email,workflow...
2024-12-13 07:03:21.275 [info] Getting sessions for read:user,repo,user:email,workflow...
2024-12-13 07:03:21.275 [info] Got 0 sessions for read:user,repo,user:email,workflow...
2024-12-13 07:03:21.298 [info] Getting sessions for read:user,repo,user:email...
2024-12-13 07:03:21.298 [info] Got 0 sessions for read:user,repo,user:email...
2024-12-13 07:03:21.331 [info] Getting sessions for read:user,repo,user:email,workflow...
2024-12-13 07:03:21.331 [info] Got 0 sessions for read:user,repo,user:email,workflow...
2024-12-13 07:07:56.172 [info] Logging in with 'any' account...
2024-12-13 07:07:56.172 [info] Logging in for the following scopes: read:user repo user:email workflow
2024-12-13 07:07:56.190 [info] Trying without local server... (read:user repo user:email workflow)
