2024-12-12 07:27:08.495 [info] Started local extension host with pid 3828.
2024-12-12 07:27:09.066 [warning] [vscode-azurecontainerapps]: Couldn't find message for key containerApps.walkthrough.addWorkspaceProject.
2024-12-12 07:27:09.066 [warning] [vscode-azurecontainerapps]: Couldn't find message for key containerApps.walkthrough.azureSignIn.
2024-12-12 07:27:09.066 [warning] [vscode-azurecontainerapps]: Couldn't find message for key containerApps.walkthrough.deployWorkspaceProject.
2024-12-12 07:27:09.066 [warning] [vscode-azurecontainerapps]: Couldn't find message for key containerApps.walkthrough.cleanUpResources.
2024-12-12 07:27:09.081 [error] [/home/mpeters/.vscode/extensions/github.vscode-pull-request-github-0.102.0]: Extension is not compatible with Code 1.95.3. Extension requires: ^1.96.0.
2024-12-12 07:27:09.082 [error] [/home/mpeters/.vscode/extensions/ms-toolsai.jupyter-2024.11.0-linux-x64]: Extension is not compatible with Code 1.95.3. Extension requires: ^1.96.0.
2024-12-12 07:27:10.334 [info] Settings Sync: Updating due to initialize
2024-12-12 07:27:10.334 [info] Settings Sync: Updating authentication providers. Authentication Providers from store: [{"id":"github","scopes":["user:email"]},{"id":"microsoft","scopes":["openid","profile","email","offline_access"]}]
2024-12-12 07:27:10.334 [info] Settings Sync: Authentication providers updated []
2024-12-12 07:27:10.346 [info] Settings Sync: Updating authentication providers. Authentication Providers from store: [{"id":"github","scopes":["user:email"]},{"id":"microsoft","scopes":["openid","profile","email","offline_access"]}]
2024-12-12 07:27:10.347 [info] Settings Sync: Authentication providers updated ["github"]
2024-12-12 07:27:10.347 [info] Settings Sync: Updating authentication providers. Authentication Providers from store: [{"id":"github","scopes":["user:email"]},{"id":"microsoft","scopes":["openid","profile","email","offline_access"]}]
2024-12-12 07:27:10.347 [info] Settings Sync: Authentication providers updated ["github"]
2024-12-12 07:27:10.347 [info] Settings Sync: Updating authentication providers. Authentication Providers from store: [{"id":"github","scopes":["user:email"]},{"id":"microsoft","scopes":["openid","profile","email","offline_access"]}]
2024-12-12 07:27:10.347 [info] Settings Sync: Authentication providers updated ["github","microsoft"]
2024-12-12 07:27:10.348 [info] Settings Sync: Updating authentication providers. Authentication Providers from store: [{"id":"github","scopes":["user:email"]},{"id":"microsoft","scopes":["openid","profile","email","offline_access"]}]
2024-12-12 07:27:10.348 [info] Settings Sync: Authentication providers updated ["github","microsoft"]
2024-12-12 07:27:10.409 [info] Settings Sync: Updating due to declared authentication providers changed
2024-12-12 07:27:10.409 [info] Settings Sync: Updating authentication providers. Authentication Providers from store: [{"id":"github","scopes":["user:email"]},{"id":"microsoft","scopes":["openid","profile","email","offline_access"]}]
2024-12-12 07:27:10.410 [info] Settings Sync: Authentication providers updated ["github","microsoft"]
2024-12-12 07:27:10.410 [info] Settings Sync: Updating due to declared authentication providers changed
2024-12-12 07:27:10.410 [info] Settings Sync: Updating authentication providers. Authentication Providers from store: [{"id":"github","scopes":["user:email"]},{"id":"microsoft","scopes":["openid","profile","email","offline_access"]}]
2024-12-12 07:27:10.410 [info] Settings Sync: Authentication providers updated ["github","microsoft"]
2024-12-12 07:27:11.303 [info] [perf] Render performance baseline is 31ms
2024-12-12 07:27:12.509 [info] Settings Sync: Updating authentication providers. Authentication Providers from store: [{"id":"github","scopes":["user:email"]},{"id":"microsoft","scopes":["openid","profile","email","offline_access"]}]
2024-12-12 07:27:12.510 [info] Settings Sync: Authentication providers updated ["github","microsoft"]
2024-12-12 07:27:14.037 [error] ENOENT: no such file or directory, open '/home/mpeters/projects/AOC/2024/_3/~/.vscode/User/globalStorage/vscodevim.vim/.registers': Error: ENOENT: no such file or directory, open '/home/mpeters/projects/AOC/2024/_3/~/.vscode/User/globalStorage/vscodevim.vim/.registers'
2024-12-12 07:27:41.648 [error] Cannot read the extension from /home/mpeters/.vscode/extensions/ms-toolsai.jupyter-2024.11.0-linux-x64: ScanningExtension: Cannot read the extension from /home/mpeters/.vscode/extensions/ms-toolsai.jupyter-2024.11.0-linux-x64
    at Kl.scanLocalExtension (file:///usr/share/code/resources/app/out/vs/code/electron-utility/sharedProcess/sharedProcessMain.js:70:73160)
2024-12-12 07:27:41.752 [error] Cannot read the extension from /home/mpeters/.vscode/extensions/github.vscode-pull-request-github-0.102.0: ScanningExtension: Cannot read the extension from /home/mpeters/.vscode/extensions/github.vscode-pull-request-github-0.102.0
    at Kl.scanLocalExtension (file:///usr/share/code/resources/app/out/vs/code/electron-utility/sharedProcess/sharedProcessMain.js:70:73160)
2024-12-12 12:20:18.127 [error] Invalid debug adapter: Error: Invalid debug adapter
    at b4t.p (vscode-file://vscode-app/usr/share/code/resources/app/out/vs/workbench/workbench.desktop.main.js:615:95)
    at b4t.$acceptDAExit (vscode-file://vscode-app/usr/share/code/resources/app/out/vs/workbench/workbench.desktop.main.js:615:35)
    at Pht.S (vscode-file://vscode-app/usr/share/code/resources/app/out/vs/workbench/workbench.desktop.main.js:3124:41686)
    at Pht.Q (vscode-file://vscode-app/usr/share/code/resources/app/out/vs/workbench/workbench.desktop.main.js:3124:41464)
    at Pht.M (vscode-file://vscode-app/usr/share/code/resources/app/out/vs/workbench/workbench.desktop.main.js:3124:40552)
    at Pht.L (vscode-file://vscode-app/usr/share/code/resources/app/out/vs/workbench/workbench.desktop.main.js:3124:39789)
    at vZ.value (vscode-file://vscode-app/usr/share/code/resources/app/out/vs/workbench/workbench.desktop.main.js:3124:38450)
    at x.B (vscode-file://vscode-app/usr/share/code/resources/app/out/vs/workbench/workbench.desktop.main.js:30:747)
    at x.fire (vscode-file://vscode-app/usr/share/code/resources/app/out/vs/workbench/workbench.desktop.main.js:30:965)
    at D6.fire (vscode-file://vscode-app/usr/share/code/resources/app/out/vs/workbench/workbench.desktop.main.js:630:10348)
2024-12-12 15:54:05.901 [error] Invalid regular expression: /don't()|do(/g: Unterminated group: SyntaxError: Invalid regular expression: /don't()|do(/g: Unterminated group
    at RegExp (<anonymous>)
    at o._findInLine (vscode-file://vscode-app/usr/share/code/resources/app/node_modules/@xterm/addon-search/lib/addon-search.js:1:48202)
    at o._find (vscode-file://vscode-app/usr/share/code/resources/app/node_modules/@xterm/addon-search/lib/addon-search.js:1:44152)
    at o._highlightAllMatches (vscode-file://vscode-app/usr/share/code/resources/app/node_modules/@xterm/addon-search/lib/addon-search.js:1:43416)
    at o.findPrevious (vscode-file://vscode-app/usr/share/code/resources/app/node_modules/@xterm/addon-search/lib/addon-search.js:1:45351)
    at yq.findPrevious (vscode-file://vscode-app/usr/share/code/resources/app/out/vs/workbench/workbench.desktop.main.js:590:10137)
2024-12-12 15:59:32.025 [error] Invalid regular expression: /don't()|do()|mul(/g: Unterminated group: SyntaxError: Invalid regular expression: /don't()|do()|mul(/g: Unterminated group
    at RegExp (<anonymous>)
    at o._findInLine (vscode-file://vscode-app/usr/share/code/resources/app/node_modules/@xterm/addon-search/lib/addon-search.js:1:48202)
    at o._find (vscode-file://vscode-app/usr/share/code/resources/app/node_modules/@xterm/addon-search/lib/addon-search.js:1:44152)
    at o._highlightAllMatches (vscode-file://vscode-app/usr/share/code/resources/app/node_modules/@xterm/addon-search/lib/addon-search.js:1:43416)
    at o.findPrevious (vscode-file://vscode-app/usr/share/code/resources/app/node_modules/@xterm/addon-search/lib/addon-search.js:1:45351)
    at yq.findPrevious (vscode-file://vscode-app/usr/share/code/resources/app/out/vs/workbench/workbench.desktop.main.js:590:10137)
2024-12-12 15:59:39.471 [error] Invalid regular expression: /don't()|do\()|mul\(/g: Unmatched ')': SyntaxError: Invalid regular expression: /don't()|do\()|mul\(/g: Unmatched ')'
    at RegExp (<anonymous>)
    at o._findInLine (vscode-file://vscode-app/usr/share/code/resources/app/node_modules/@xterm/addon-search/lib/addon-search.js:1:48202)
    at o._find (vscode-file://vscode-app/usr/share/code/resources/app/node_modules/@xterm/addon-search/lib/addon-search.js:1:44152)
    at o._highlightAllMatches (vscode-file://vscode-app/usr/share/code/resources/app/node_modules/@xterm/addon-search/lib/addon-search.js:1:43416)
    at o.findPrevious (vscode-file://vscode-app/usr/share/code/resources/app/node_modules/@xterm/addon-search/lib/addon-search.js:1:45351)
    at yq.findPrevious (vscode-file://vscode-app/usr/share/code/resources/app/out/vs/workbench/workbench.desktop.main.js:590:10137)
2024-12-12 15:59:42.218 [error] Invalid regular expression: /don't\()|do\(\)|mul\(/g: Unmatched ')': SyntaxError: Invalid regular expression: /don't\()|do\(\)|mul\(/g: Unmatched ')'
    at RegExp (<anonymous>)
    at o._findInLine (vscode-file://vscode-app/usr/share/code/resources/app/node_modules/@xterm/addon-search/lib/addon-search.js:1:48202)
    at o._find (vscode-file://vscode-app/usr/share/code/resources/app/node_modules/@xterm/addon-search/lib/addon-search.js:1:44152)
    at o._highlightAllMatches (vscode-file://vscode-app/usr/share/code/resources/app/node_modules/@xterm/addon-search/lib/addon-search.js:1:43416)
    at o.findPrevious (vscode-file://vscode-app/usr/share/code/resources/app/node_modules/@xterm/addon-search/lib/addon-search.js:1:45351)
    at yq.findPrevious (vscode-file://vscode-app/usr/share/code/resources/app/out/vs/workbench/workbench.desktop.main.js:590:10137)
