2024-12-12 07:27:08.341 [info] Added views:outline in workbench.view.explorer
2024-12-12 07:27:08.341 [info] Added views:workbench.view.search in workbench.view.search
2024-12-12 07:27:08.341 [info] Added views:workbench.scm in workbench.view.scm
2024-12-12 07:27:08.341 [info] Added views:workbench.panel.markers.view in workbench.panel.markers
2024-12-12 07:27:08.341 [info] Added views:workbench.panel.output in workbench.panel.output
2024-12-12 07:27:08.341 [info] Added views:terminal in terminal
2024-12-12 07:27:08.341 [info] Added views:timeline in workbench.view.explorer
2024-12-12 07:27:08.341 [info] Added views:workbench.explorer.fileView in workbench.view.explorer
2024-12-12 07:27:08.632 [info] Added views:workbench.debug.welcome in workbench.view.debug
2024-12-12 07:27:09.355 [info] Added views:configurationView in workbench.view.extension.databricksBar
2024-12-12 07:27:09.356 [info] Added views:gitlens.views.home,gitlens.views.launchpad,gitlens.views.workspaces in workbench.view.extension.gitlens
2024-12-12 07:27:09.356 [info] Added views:gitlens.views.commitDetails,gitlens.views.lineHistory,gitlens.views.fileHistory,gitlens.views.searchAndCompare in workbench.view.extension.gitlensInspect
2024-12-12 07:27:09.357 [info] Added views:gitlens.views.scm.grouped in workbench.view.scm
2024-12-12 07:27:09.363 [info] Added views:azureStorage in workbench.view.explorer
2024-12-12 07:27:09.364 [info] Added views:pr:github,issues:github in workbench.view.extension.github-pull-requests
2024-12-12 07:27:09.364 [info] Added views:azureResourceGroups,azureWorkspace,ms-azuretools.helpAndFeedback in workbench.view.extension.azure
2024-12-12 07:27:09.364 [info] Added views:azureActivityLog in workbench.view.extension.azurePanel
2024-12-12 07:27:09.365 [info] Added views:dockerContainers,dockerImages,dockerRegistries,dockerNetworks,dockerVolumes,vscode-docker.views.dockerContexts,vscode-docker.views.help in workbench.view.extension.dockerView
2024-12-12 07:27:09.365 [info] Added views:extension.vsKubernetesExplorer,extension.vsKubernetesHelmRepoExplorer,kubernetes.cloudExplorer in workbench.view.extension.kubernetesView
2024-12-12 07:27:09.686 [info] Added views:workbench.panel.repl.view in workbench.panel.repl
2024-12-12 07:27:10.332 [info] Added views:~remote.forwardedPorts in ~remote.forwardedPortsContainer
2024-12-12 07:27:10.532 [info] Added views:workbench.view.testing in workbench.view.extension.test
2024-12-12 07:27:12.400 [info] Removed views:gitlens.views.searchAndCompare,gitlens.views.fileHistory,gitlens.views.lineHistory,gitlens.views.commitDetails from workbench.view.extension.gitlensInspect
2024-12-12 07:27:12.400 [info] Removed views:gitlens.views.scm.grouped from workbench.view.scm
2024-12-12 07:27:12.505 [info] Added views:gitlens.views.drafts in workbench.view.extension.gitlens
2024-12-12 12:19:42.109 [info] Added views:workbench.debug.breakPointsView in workbench.view.debug
2024-12-12 12:19:59.867 [info] Removed views:workbench.debug.welcome from workbench.view.debug
2024-12-12 12:19:59.887 [info] Added views:workbench.debug.variablesView,workbench.debug.watchExpressionsView,workbench.debug.callStackView in workbench.view.debug
2024-12-12 12:20:18.088 [info] Removed views:workbench.debug.callStackView,workbench.debug.watchExpressionsView,workbench.debug.variablesView from workbench.view.debug
2024-12-12 12:20:18.102 [info] Added views:workbench.debug.welcome in workbench.view.debug
2024-12-12 15:57:48.454 [info] Added views:workbench.views.extensions.installed,workbench.views.extensions.popular,extensions.recommendedList in workbench.view.extensions
2024-12-12 15:57:48.457 [info] Removed views:workbench.views.extensions.popular from workbench.view.extensions
2024-12-12 16:07:34.452 [info] Removed views:workbench.view.testing from workbench.view.extension.test
