2024-12-13 08:53:34.922 [info] Added views:outline in workbench.view.explorer
2024-12-13 08:53:34.922 [info] Added views:workbench.view.search in workbench.view.search
2024-12-13 08:53:34.922 [info] Added views:workbench.scm in workbench.view.scm
2024-12-13 08:53:34.922 [info] Added views:workbench.panel.markers.view in workbench.panel.markers
2024-12-13 08:53:34.922 [info] Added views:workbench.panel.output in workbench.panel.output
2024-12-13 08:53:34.922 [info] Added views:terminal in terminal
2024-12-13 08:53:34.922 [info] Added views:timeline in workbench.view.explorer
2024-12-13 08:53:34.922 [info] Added views:workbench.explorer.fileView in workbench.view.explorer
2024-12-13 08:53:35.083 [info] Added views:workbench.debug.variablesView,workbench.debug.watchExpressionsView,workbench.debug.callStackView,workbench.debug.breakPointsView in workbench.view.debug
2024-12-13 08:53:36.032 [info] Added views:openapiNotSelectedOutline in workbench.view.extension.openapi-explorer
2024-12-13 08:53:36.032 [info] Added views:configurationView in workbench.view.extension.databricksBar
2024-12-13 08:53:36.033 [info] Added views:workspaceEnvironments,pythonEnvironments in workbench.view.extension.package-explorer
2024-12-13 08:53:36.033 [info] Added views:gitlens.views.home,gitlens.views.launchpad,gitlens.views.workspaces in workbench.view.extension.gitlens
2024-12-13 08:53:36.034 [info] Added views:gitlens.views.commitDetails,gitlens.views.lineHistory,gitlens.views.fileHistory,gitlens.views.searchAndCompare in workbench.view.extension.gitlensInspect
2024-12-13 08:53:36.035 [info] Added views:gitlens.views.scm.grouped in workbench.view.scm
2024-12-13 08:53:36.042 [info] Added views:azureStorage in workbench.view.explorer
2024-12-13 08:53:36.043 [info] Added views:pr:github,issues:github in workbench.view.extension.github-pull-requests
2024-12-13 08:53:36.044 [info] Added views:azureResourceGroups,azureWorkspace,ms-azuretools.helpAndFeedback in workbench.view.extension.azure
2024-12-13 08:53:36.044 [info] Added views:azureActivityLog in workbench.view.extension.azurePanel
2024-12-13 08:53:36.045 [info] Added views:dockerContainers,dockerImages,dockerRegistries,dockerNetworks,dockerVolumes,vscode-docker.views.dockerContexts,vscode-docker.views.help in workbench.view.extension.dockerView
2024-12-13 08:53:36.045 [info] Added views:extension.vsKubernetesExplorer,extension.vsKubernetesHelmRepoExplorer,kubernetes.cloudExplorer in workbench.view.extension.kubernetesView
2024-12-13 08:53:36.046 [info] Added views:targetsContainers,devVolumes in workbench.view.remote
2024-12-13 08:53:36.046 [info] Added views:ansible-creator,lightspeed-explorer-webview,lightspeed-feedback-webview in workbench.view.extension.ansible-explorer
2024-12-13 08:53:36.450 [info] Added views:workbench.panel.repl.view in workbench.panel.repl
2024-12-13 08:53:36.454 [info] Removed views:workbench.debug.callStackView,workbench.debug.watchExpressionsView,workbench.debug.variablesView from workbench.view.debug
2024-12-13 08:53:36.454 [info] Added views:workbench.debug.welcome in workbench.view.debug
2024-12-13 08:53:37.236 [info] Added views:workbench.view.testing in workbench.view.extension.test
2024-12-13 08:53:37.509 [info] Added views:~remote.forwardedPorts in ~remote.forwardedPortsContainer
2024-12-13 08:53:42.791 [info] Removed views:gitlens.views.searchAndCompare,gitlens.views.fileHistory,gitlens.views.lineHistory,gitlens.views.commitDetails from workbench.view.extension.gitlensInspect
2024-12-13 08:53:42.792 [info] Removed views:gitlens.views.scm.grouped from workbench.view.scm
2024-12-13 08:53:42.942 [info] Added views:gitlens.views.drafts in workbench.view.extension.gitlens
2024-12-13 08:54:06.162 [info] Removed views:workbench.debug.welcome from workbench.view.debug
2024-12-13 08:54:06.185 [info] Added views:workbench.debug.variablesView,workbench.debug.watchExpressionsView,workbench.debug.callStackView in workbench.view.debug
2024-12-13 08:55:02.320 [info] Removed views:workbench.debug.callStackView,workbench.debug.watchExpressionsView,workbench.debug.variablesView from workbench.view.debug
2024-12-13 08:55:02.340 [info] Added views:workbench.debug.welcome in workbench.view.debug
2024-12-13 08:55:40.135 [info] Removed views:workbench.debug.welcome from workbench.view.debug
2024-12-13 08:55:40.163 [info] Added views:workbench.debug.variablesView,workbench.debug.watchExpressionsView,workbench.debug.callStackView in workbench.view.debug
2024-12-13 08:56:19.383 [info] Removed views:workbench.debug.callStackView,workbench.debug.watchExpressionsView,workbench.debug.variablesView from workbench.view.debug
2024-12-13 08:56:19.407 [info] Added views:workbench.debug.welcome in workbench.view.debug
2024-12-13 08:56:33.521 [info] Removed views:workbench.debug.welcome from workbench.view.debug
2024-12-13 08:56:33.546 [info] Added views:workbench.debug.variablesView,workbench.debug.watchExpressionsView,workbench.debug.callStackView in workbench.view.debug
2024-12-13 08:57:55.405 [info] Removed views:workbench.debug.callStackView,workbench.debug.watchExpressionsView,workbench.debug.variablesView from workbench.view.debug
2024-12-13 08:57:55.422 [info] Added views:workbench.debug.welcome in workbench.view.debug
2024-12-13 08:58:20.782 [info] Removed views:workbench.debug.welcome from workbench.view.debug
2024-12-13 08:58:20.808 [info] Added views:workbench.debug.variablesView,workbench.debug.watchExpressionsView,workbench.debug.callStackView in workbench.view.debug
2024-12-13 08:58:41.339 [info] Removed views:workbench.debug.callStackView,workbench.debug.watchExpressionsView,workbench.debug.variablesView from workbench.view.debug
2024-12-13 08:58:41.367 [info] Added views:workbench.debug.welcome in workbench.view.debug
2024-12-13 08:58:44.412 [info] Removed views:workbench.debug.welcome from workbench.view.debug
2024-12-13 08:58:44.440 [info] Added views:workbench.debug.variablesView,workbench.debug.watchExpressionsView,workbench.debug.callStackView in workbench.view.debug
2024-12-13 09:03:25.454 [info] Removed views:workbench.debug.callStackView,workbench.debug.watchExpressionsView,workbench.debug.variablesView from workbench.view.debug
2024-12-13 09:03:25.477 [info] Added views:workbench.debug.welcome in workbench.view.debug
2024-12-13 09:03:31.050 [info] Removed views:workbench.debug.welcome from workbench.view.debug
2024-12-13 09:03:31.078 [info] Added views:workbench.debug.variablesView,workbench.debug.watchExpressionsView,workbench.debug.callStackView in workbench.view.debug
2024-12-13 09:03:46.688 [info] Removed views:workbench.debug.callStackView,workbench.debug.watchExpressionsView,workbench.debug.variablesView from workbench.view.debug
2024-12-13 09:03:46.703 [info] Added views:workbench.debug.welcome in workbench.view.debug
2024-12-13 09:16:50.491 [info] Removed views:workbench.debug.welcome from workbench.view.debug
2024-12-13 09:16:50.518 [info] Added views:workbench.debug.variablesView,workbench.debug.watchExpressionsView,workbench.debug.callStackView in workbench.view.debug
2024-12-13 09:17:01.453 [info] Removed views:workbench.debug.callStackView,workbench.debug.watchExpressionsView,workbench.debug.variablesView from workbench.view.debug
2024-12-13 09:17:01.473 [info] Added views:workbench.debug.welcome in workbench.view.debug
2024-12-13 09:17:49.150 [info] Removed views:workbench.debug.welcome from workbench.view.debug
2024-12-13 09:17:49.178 [info] Added views:workbench.debug.variablesView,workbench.debug.watchExpressionsView,workbench.debug.callStackView in workbench.view.debug
2024-12-13 09:18:16.641 [info] Removed views:workbench.debug.callStackView,workbench.debug.watchExpressionsView,workbench.debug.variablesView from workbench.view.debug
2024-12-13 09:18:16.663 [info] Added views:workbench.debug.welcome in workbench.view.debug
2024-12-13 09:18:38.064 [info] Removed views:workbench.debug.welcome from workbench.view.debug
2024-12-13 09:18:38.088 [info] Added views:workbench.debug.variablesView,workbench.debug.watchExpressionsView,workbench.debug.callStackView in workbench.view.debug
2024-12-13 09:21:44.100 [info] Removed views:workbench.debug.callStackView,workbench.debug.watchExpressionsView,workbench.debug.variablesView from workbench.view.debug
2024-12-13 09:21:44.116 [info] Added views:workbench.debug.welcome in workbench.view.debug
2024-12-13 09:39:31.961 [info] Removed views:workbench.debug.welcome from workbench.view.debug
2024-12-13 09:39:31.986 [info] Added views:workbench.debug.variablesView,workbench.debug.watchExpressionsView,workbench.debug.callStackView in workbench.view.debug
2024-12-13 09:39:42.914 [info] Removed views:workbench.debug.callStackView,workbench.debug.watchExpressionsView,workbench.debug.variablesView from workbench.view.debug
2024-12-13 09:39:42.933 [info] Added views:workbench.debug.welcome in workbench.view.debug
2024-12-13 09:39:42.942 [info] Removed views:workbench.debug.welcome from workbench.view.debug
2024-12-13 09:39:42.962 [info] Added views:workbench.debug.variablesView,workbench.debug.watchExpressionsView,workbench.debug.callStackView in workbench.view.debug
2024-12-13 09:39:44.296 [info] Removed views:workbench.debug.callStackView,workbench.debug.watchExpressionsView,workbench.debug.variablesView from workbench.view.debug
2024-12-13 09:39:44.318 [info] Added views:workbench.debug.welcome in workbench.view.debug
2024-12-13 09:39:48.039 [info] Removed views:workbench.debug.welcome from workbench.view.debug
2024-12-13 09:39:48.066 [info] Added views:workbench.debug.variablesView,workbench.debug.watchExpressionsView,workbench.debug.callStackView in workbench.view.debug
2024-12-13 09:40:49.863 [info] Removed views:workbench.debug.callStackView,workbench.debug.watchExpressionsView,workbench.debug.variablesView from workbench.view.debug
2024-12-13 09:40:49.886 [info] Added views:workbench.debug.welcome in workbench.view.debug
2024-12-13 09:40:54.809 [info] Removed views:workbench.debug.welcome from workbench.view.debug
2024-12-13 09:40:54.837 [info] Added views:workbench.debug.variablesView,workbench.debug.watchExpressionsView,workbench.debug.callStackView in workbench.view.debug
2024-12-13 09:47:12.524 [info] Removed views:workbench.debug.callStackView,workbench.debug.watchExpressionsView,workbench.debug.variablesView from workbench.view.debug
2024-12-13 09:47:12.550 [info] Added views:workbench.debug.welcome in workbench.view.debug
2024-12-13 09:55:58.511 [info] Removed views:workbench.debug.welcome from workbench.view.debug
2024-12-13 09:55:58.540 [info] Added views:workbench.debug.variablesView,workbench.debug.watchExpressionsView,workbench.debug.callStackView in workbench.view.debug
2024-12-13 09:59:18.600 [info] Removed views:workbench.debug.callStackView,workbench.debug.watchExpressionsView,workbench.debug.variablesView from workbench.view.debug
2024-12-13 09:59:18.621 [info] Added views:workbench.debug.welcome in workbench.view.debug
2024-12-13 09:59:32.399 [info] Removed views:workbench.debug.welcome from workbench.view.debug
2024-12-13 09:59:32.424 [info] Added views:workbench.debug.variablesView,workbench.debug.watchExpressionsView,workbench.debug.callStackView in workbench.view.debug
2024-12-13 09:59:58.945 [info] Removed views:workbench.debug.callStackView,workbench.debug.watchExpressionsView,workbench.debug.variablesView from workbench.view.debug
2024-12-13 09:59:58.986 [info] Added views:workbench.debug.welcome in workbench.view.debug
2024-12-13 10:00:22.899 [info] Removed views:workbench.debug.welcome from workbench.view.debug
2024-12-13 10:00:22.920 [info] Added views:workbench.debug.variablesView,workbench.debug.watchExpressionsView,workbench.debug.callStackView in workbench.view.debug
2024-12-13 10:03:34.773 [info] Removed views:workbench.debug.callStackView,workbench.debug.watchExpressionsView,workbench.debug.variablesView from workbench.view.debug
2024-12-13 10:03:34.791 [info] Added views:workbench.debug.welcome in workbench.view.debug
2024-12-13 10:07:07.600 [info] Removed views:workbench.debug.welcome from workbench.view.debug
2024-12-13 10:07:07.623 [info] Added views:workbench.debug.variablesView,workbench.debug.watchExpressionsView,workbench.debug.callStackView in workbench.view.debug
2024-12-13 10:07:28.640 [info] Removed views:workbench.debug.callStackView,workbench.debug.watchExpressionsView,workbench.debug.variablesView from workbench.view.debug
2024-12-13 10:07:28.664 [info] Added views:workbench.debug.welcome in workbench.view.debug
2024-12-13 11:04:31.817 [info] Removed views:workbench.view.testing from workbench.view.extension.test
