2024-12-12 16:13:21.419 [info] Reading sessions from keychain...
2024-12-12 16:13:21.419 [info] Getting sessions for all scopes...
2024-12-12 16:13:21.419 [info] Getting sessions for all scopes...
2024-12-12 16:13:21.419 [info] Getting sessions for all scopes...
2024-12-12 16:13:21.419 [info] Getting sessions for all scopes...
2024-12-12 16:13:21.419 [info] Getting sessions for all scopes...
2024-12-12 16:13:21.419 [info] Getting sessions for all scopes...
2024-12-12 16:13:21.419 [info] Getting sessions for all scopes...
2024-12-12 16:13:21.683 [info] Got 0 sessions for ...
2024-12-12 16:13:21.683 [info] Got 0 sessions for ...
2024-12-12 16:13:21.683 [info] Got 0 sessions for ...
2024-12-12 16:13:21.683 [info] Got 0 sessions for ...
2024-12-12 16:13:21.683 [info] Got 0 sessions for ...
2024-12-12 16:13:21.683 [info] Got 0 sessions for ...
2024-12-12 16:13:21.683 [info] Got 0 sessions for ...
2024-12-12 16:13:23.534 [info] Getting sessions for all scopes...
2024-12-12 16:13:23.535 [info] Got 0 sessions for ...
2024-12-12 16:13:24.063 [info] Getting sessions for read:user,repo,user:email...
2024-12-12 16:13:24.063 [info] Got 0 sessions for read:user,repo,user:email...
2024-12-12 16:13:24.125 [info] Getting sessions for project,read:org,read:user,repo,user:email,workflow...
2024-12-12 16:13:24.125 [info] Got 0 sessions for project,read:org,read:user,repo,user:email,workflow...
2024-12-12 16:13:24.518 [info] Getting sessions for read:user,repo,user:email,workflow...
2024-12-12 16:13:24.518 [info] Got 0 sessions for read:user,repo,user:email,workflow...
2024-12-12 16:13:24.576 [info] Getting sessions for read:user,repo,user:email...
2024-12-12 16:13:24.576 [info] Got 0 sessions for read:user,repo,user:email...
2024-12-12 16:13:24.617 [info] Getting sessions for read:user,repo,user:email,workflow...
2024-12-12 16:13:24.617 [info] Got 0 sessions for read:user,repo,user:email,workflow...
