2024-12-11 09:23:17.205 [info] [main] Log level: Info
2024-12-11 09:23:17.205 [info] [main] Validating found git in: "git"
2024-12-11 09:23:17.205 [info] [main] Using git "2.45.2" from "git"
2024-12-11 09:23:17.205 [info] [Model][doInitialScan] Initial repository scan started
2024-12-11 09:23:17.205 [info] > git rev-parse --show-toplevel [5ms]
2024-12-11 09:23:17.205 [info] fatal: not a git repository (or any of the parent directories): .git
2024-12-11 09:23:17.205 [info] > git rev-parse --show-toplevel [3ms]
2024-12-11 09:23:17.205 [info] fatal: not a git repository (or any of the parent directories): .git
2024-12-11 09:23:17.205 [info] [Model][doInitialScan] Initial repository scan completed - repositories (0), closed repositories (0), parent repositories (0), unsafe repositories (0)
2024-12-11 09:23:19.324 [info] > git rev-parse --show-toplevel [1103ms]
2024-12-11 09:23:19.324 [info] fatal: not a git repository (or any of the parent directories): .git
2024-12-11 09:23:21.024 [info] > git rev-parse --show-toplevel [100ms]
2024-12-11 09:23:21.024 [info] fatal: not a git repository (or any of the parent directories): .git
2024-12-11 09:23:21.085 [info] > git rev-parse --show-toplevel [11ms]
2024-12-11 09:23:21.085 [info] fatal: not a git repository (or any of the parent directories): .git
2024-12-11 09:23:22.886 [info] > git rev-parse --show-toplevel [1784ms]
2024-12-11 09:23:22.886 [info] fatal: not a git repository (or any of the parent directories): .git
2024-12-11 09:23:24.051 [info] > git rev-parse --show-toplevel [440ms]
2024-12-11 09:23:24.051 [info] fatal: not a git repository (or any of the parent directories): .git
2024-12-11 09:25:10.532 [info] [main] Log level: Info
2024-12-11 09:25:10.532 [info] [main] Validating found git in: "git"
2024-12-11 09:25:10.532 [info] [main] Using git "2.45.2" from "git"
2024-12-11 09:25:10.532 [info] [Model][doInitialScan] Initial repository scan started
2024-12-11 09:25:10.532 [info] > git rev-parse --show-toplevel [1066ms]
2024-12-11 09:25:10.532 [info] fatal: not a git repository (or any of the parent directories): .git
2024-12-11 09:25:10.559 [info] > git rev-parse --show-toplevel [1776ms]
2024-12-11 09:25:10.559 [info] fatal: not a git repository (or any of the parent directories): .git
2024-12-11 09:25:10.564 [info] [Model][doInitialScan] Initial repository scan completed - repositories (0), closed repositories (0), parent repositories (0), unsafe repositories (0)
2024-12-11 09:26:47.422 [info] > git rev-parse --show-toplevel [3ms]
2024-12-11 09:26:47.422 [info] fatal: not a git repository (or any of the parent directories): .git
2024-12-11 09:27:54.406 [info] > git rev-parse --show-toplevel [13ms]
2024-12-11 09:27:54.417 [info] fatal: not a git repository (or any of the parent directories): .git
