2024-12-13 07:08:15.927 [info] Name: Pylint
2024-12-13 07:08:15.927 [info] Module: pylint
2024-12-13 07:08:15.927 [info] Python extension loading
2024-12-13 07:08:15.927 [info] Waiting for interpreter from Python extension.
2024-12-13 07:08:15.927 [info] No interpreter found from setting pylint.interpreter
2024-12-13 07:08:15.927 [info] Getting interpreter from ms-python.python extension for workspace /home/mpeters/projects/AOC/2024/_4
2024-12-13 07:08:15.927 [info] Python extension loaded
2024-12-13 07:08:15.927 [info] Interpreter from ms-python.python extension for /home/mpeters/projects/AOC/2024/_4: /home/mpeters/home/bin/python
2024-12-13 07:08:15.927 [info] No interpreter found from setting pylint.interpreter
2024-12-13 07:08:15.927 [info] Getting interpreter from ms-python.python extension for workspace /home/mpeters/projects/AOC/2024/_4
2024-12-13 07:08:15.927 [info] Interpreter from ms-python.python extension for /home/mpeters/projects/AOC/2024/_4: /home/mpeters/home/bin/python
2024-12-13 07:08:15.927 [info] Server run command: /home/mpeters/home/bin/python /home/mpeters/.vscode/extensions/ms-python.pylint-2024.0.0/bundled/tool/lsp_server.py
2024-12-13 07:08:15.927 [info] Server: Start requested.
2024-12-13 07:08:16.932 [info] CWD Server: /home/mpeters/projects/AOC/2024/_4
2024-12-13 07:08:16.933 [info] Settings used to run Server:
[
    {
        "enabled": true,
        "cwd": "/home/mpeters/projects/AOC/2024/_4",
        "workspace": "file:///home/mpeters/projects/AOC/2024/_4",
        "args": [],
        "severity": {
            "convention": "Information",
            "error": "Error",
            "fatal": "Error",
            "refactor": "Hint",
            "warning": "Warning",
            "info": "Information"
        },
        "path": [],
        "ignorePatterns": [],
        "interpreter": [
            "/home/mpeters/home/bin/python"
        ],
        "importStrategy": "useBundled",
        "showNotifications": "off",
        "extraPaths": []
    }
]

2024-12-13 07:08:16.933 [info] Global settings:
{
    "cwd": "${workspaceFolder}",
    "enabled": true,
    "workspace": "/home/mpeters/projects/AOC/2024/_4",
    "args": [],
    "severity": {
        "convention": "Information",
        "error": "Error",
        "fatal": "Error",
        "refactor": "Hint",
        "warning": "Warning",
        "info": "Information"
    },
    "path": [],
    "ignorePatterns": [],
    "interpreter": [],
    "importStrategy": "useBundled",
    "showNotifications": "off",
    "extraPaths": []
}

2024-12-13 07:08:16.933 [info] sys.path used to run Server:
   /home/mpeters/projects/AOC/2024/_4
   /home/mpeters/.vscode/extensions/ms-python.pylint-2024.0.0/bundled/libs
   /home/mpeters/.vscode/extensions/ms-python.pylint-2024.0.0/bundled/tool
   /usr/lib/python312.zip
   /usr/lib/python3.12
   /usr/lib/python3.12/lib-dynload
   /home/mpeters/home/lib/python3.12/site-packages
2024-12-13 07:08:16.940 [info] /home/mpeters/home/bin/python -m pylint --version
2024-12-13 07:08:16.940 [info] CWD Linter: /home/mpeters/projects/AOC/2024/_4
2024-12-13 07:08:17.703 [info] 
pylint 3.2.7
astroid 3.2.4
Python 3.12.7 (main, Nov  6 2024, 18:29:01) [GCC 14.2.0]


2024-12-13 07:08:17.703 [info] Version info for linter running for /home/mpeters/projects/AOC/2024/_4:
pylint 3.2.7
astroid 3.2.4
Python 3.12.7 (main, Nov  6 2024, 18:29:01) [GCC 14.2.0]

2024-12-13 07:08:17.703 [info] SUPPORTED pylint>=2.12.2
FOUND pylint==3.2.7

2024-12-13 07:08:17.720 [info] [Trace - 7:08:17 AM] Received notification 'window/logMessage'.
2024-12-13 07:08:17.720 [info] /home/mpeters/home/bin/python -m pylint --reports=n --output-format=json --clear-cache-post-run=y --from-stdin /home/mpeters/projects/AOC/2024/_4/main.py
2024-12-13 07:08:17.720 [info] [Trace - 7:08:17 AM] Received notification 'window/logMessage'.
2024-12-13 07:08:17.720 [info] CWD Linter: /home/mpeters/projects/AOC/2024/_4
2024-12-13 07:08:17.837 [info] [Trace - 7:08:17 AM] Sending request 'textDocument/codeAction - (1)'.
2024-12-13 07:08:18.258 [info] [Trace - 7:08:18 AM] Sending notification '$/cancelRequest'.
2024-12-13 07:08:18.259 [info] [Trace - 7:08:18 AM] Sending request 'textDocument/codeAction - (2)'.
2024-12-13 07:08:18.259 [info] [Trace - 7:08:18 AM] Sending notification '$/cancelRequest'.
2024-12-13 07:08:18.260 [info] [Trace - 7:08:18 AM] Sending request 'textDocument/codeAction - (3)'.
2024-12-13 07:08:18.261 [info] [Trace - 7:08:18 AM] Sending notification '$/cancelRequest'.
2024-12-13 07:08:18.263 [info] [Trace - 7:08:18 AM] Sending request 'textDocument/codeAction - (4)'.
2024-12-13 07:08:18.264 [info] [Trace - 7:08:18 AM] Sending notification '$/cancelRequest'.
2024-12-13 07:08:18.265 [info] [Trace - 7:08:18 AM] Sending request 'textDocument/codeAction - (5)'.
2024-12-13 07:08:18.266 [info] [Trace - 7:08:18 AM] Sending notification '$/cancelRequest'.
2024-12-13 07:08:18.267 [info] [Trace - 7:08:18 AM] Sending request 'textDocument/codeAction - (6)'.
2024-12-13 07:08:18.267 [info] [Trace - 7:08:18 AM] Sending notification '$/cancelRequest'.
2024-12-13 07:08:18.268 [info] [Trace - 7:08:18 AM] Sending request 'textDocument/codeAction - (7)'.
2024-12-13 07:08:18.272 [info] [Trace - 7:08:18 AM] Sending notification '$/cancelRequest'.
2024-12-13 07:08:18.274 [info] [Trace - 7:08:18 AM] Sending request 'textDocument/codeAction - (8)'.
2024-12-13 07:08:18.274 [info] [Trace - 7:08:18 AM] Sending notification '$/cancelRequest'.
2024-12-13 07:08:18.275 [info] [Trace - 7:08:18 AM] Sending request 'textDocument/codeAction - (9)'.
2024-12-13 07:08:18.276 [info] [Trace - 7:08:18 AM] Sending notification '$/cancelRequest'.
2024-12-13 07:08:18.278 [info] [Trace - 7:08:18 AM] Sending request 'textDocument/codeAction - (10)'.
2024-12-13 07:08:18.293 [info] [Trace - 7:08:18 AM] Sending notification '$/cancelRequest'.
2024-12-13 07:08:18.633 [info] [Trace - 7:08:18 AM] Received notification 'window/logMessage'.
2024-12-13 07:08:18.633 [info] file:///home/mpeters/projects/AOC/2024/_4/main.py :
[
    {
        "type": "convention",
        "module": "main",
        "obj": "",
        "line": 16,
        "column": 21,
        "endLine": null,
        "endColumn": null,
        "path": "main.py",
        "symbol": "trailing-whitespace",
        "message": "Trailing whitespace",
        "message-id": "C0303"
    },
    {
        "type": "convention",
        "module": "main",
        "obj": "",
        "line": 17,
        "column": 32,
        "endLine": null,
        "endColumn": null,
        "path": "main.py",
        "symbol": "trailing-whitespace",
        "message": "Trailing whitespace",
        "message-id": "C0303"
    },
    {
        "type": "convention",
        "module": "main",
        "obj": "",
        "line": 18,
        "column": 29,
        "endLine": null,
        "endColumn": null,
        "path": "main.py",
        "symbol": "trailing-whitespace",
        "message": "Trailing whitespace",
        "message-id": "C0303"
    },
    {
        "type": "convention",
        "module": "main",
        "obj": "",
        "line": 24,
        "column": 40,
        "endLine": null,
        "endColumn": null,
        "path": "main.py",
        "symbol": "trailing-whitespace",
        "message": "Trailing whitespace",
        "message-id": "C0303"
    },
    {
        "type": "convention",
        "module": "main",
        "obj": "",
        "line": 25,
        "column": 47,
        "endLine": null,
        "endColumn": null,
        "path": "main.py",
        "symbol": "trailing-whitespace",
        "message": "Trailing whitespace",
        "message-id": "C0303"
    },
    {
        "type": "convention",
        "module": "main",
        "obj": "",
        "line": 29,
        "column": 0,
        "endLine": null,
        "endColumn": null,
        "path": "main.py",
        "symbol": "missing-final-newline",
        "message": "Final newline missing",
        "message-id": "C0304"
    },
    {
        "type": "convention",
        "module": "main",
        "obj": "",
        "line": 1,
        "column": 0,
        "endLine": null,
        "endColumn": null,
        "path": "main.py",
        "symbol": "missing-module-docstring",
        "message": "Missing module docstring",
        "message-id": "C0114"
    },
    {
        "type": "refactor",
        "module": "main",
        "obj": "",
        "line": 15,
        "column": 9,
        "endLine": 15,
        "endColumn": 28,
        "path": "main.py",
        "symbol": "unnecessary-comprehension",
        "message": "Unnecessary use of a comprehension, use list('XMAS') instead.",
        "message-id": "R1721"
    },
    {
        "type": "refactor",
        "module": "main",
        "obj": "",
        "line": 24,
        "column": 14,
        "endLine": 24,
        "endColumn": 40,
        "path": "main.py",
        "symbol": "unnecessary-comprehension",
        "message": "Unnecessary use of a comprehension, use list(row) instead.",
        "message-id": "R1721"
    }
]

2024-12-13 07:08:18.636 [info] [Trace - 7:08:18 AM] Received notification 'textDocument/publishDiagnostics'.
2024-12-13 07:08:18.648 [info] [Trace - 7:08:18 AM] Received response 'textDocument/codeAction - (1)' in 811ms.
2024-12-13 07:08:18.652 [info] [Trace - 7:08:18 AM] Received response 'textDocument/codeAction - (2)' in 394ms.
2024-12-13 07:08:18.655 [info] [Trace - 7:08:18 AM] Received response 'textDocument/codeAction - (3)' in 395ms.
2024-12-13 07:08:18.658 [info] [Trace - 7:08:18 AM] Received response 'textDocument/codeAction - (4)' in 395ms.
2024-12-13 07:08:18.660 [info] [Trace - 7:08:18 AM] Received response 'textDocument/codeAction - (5)' in 395ms.
2024-12-13 07:08:18.664 [info] [Trace - 7:08:18 AM] Received response 'textDocument/codeAction - (6)' in 398ms.
2024-12-13 07:08:18.666 [info] [Trace - 7:08:18 AM] Received response 'textDocument/codeAction - (7)' in 398ms.
2024-12-13 07:08:18.669 [info] [Trace - 7:08:18 AM] Received response 'textDocument/codeAction - (8)' in 395ms.
2024-12-13 07:08:18.672 [info] [Trace - 7:08:18 AM] Received response 'textDocument/codeAction - (9)' in 397ms.
2024-12-13 07:08:18.676 [info] [Trace - 7:08:18 AM] Received response 'textDocument/codeAction - (10)' in 398ms.
