2024-12-11 22:39:15.669 [info] Name: Black Formatter
2024-12-11 22:39:15.669 [info] Module: black
2024-12-11 22:39:15.669 [info] Default formatter is set to null for workspace /home/mpeters/projects/AOC/2024/_3
2024-12-11 22:39:15.669 [warning] Black Formatter is NOT set as the default formatter for workspace /home/mpeters/projects/AOC/2024/_3
2024-12-11 22:39:15.669 [warning] To set Black Formatter as the default formatter, add the following to your settings.json file:
2024-12-11 22:39:15.669 [warning] 
"[python]": {
    "editor.defaultFormatter": "ms-python.black-formatter"
}
2024-12-11 22:39:15.669 [info] Python extension loading
2024-12-11 22:39:15.669 [info] Waiting for interpreter from python extension.
2024-12-11 22:39:15.669 [info] No interpreter found from setting black-formatter.interpreter
2024-12-11 22:39:15.669 [info] Getting interpreter from ms-python.python extension for workspace /home/mpeters/projects/AOC/2024/_3
2024-12-11 22:39:15.669 [info] Python extension loaded
2024-12-11 22:39:15.670 [info] Interpreter from ms-python.python extension for /home/mpeters/projects/AOC/2024/_3: /bin/python3
2024-12-11 22:39:15.670 [info] Workspace settings for /home/mpeters/projects/AOC/2024/_3 (client side): {
    "cwd": "/home/mpeters/projects/AOC/2024/_3",
    "workspace": "file:///home/mpeters/projects/AOC/2024/_3",
    "args": [],
    "path": [],
    "interpreter": [
        "/bin/python3"
    ],
    "importStrategy": "useBundled",
    "showNotifications": "off"
}
2024-12-11 22:39:15.670 [info] No interpreter found from setting black-formatter.interpreter
2024-12-11 22:39:15.670 [info] Getting interpreter from ms-python.python extension for workspace /home/mpeters/projects/AOC/2024/_3
2024-12-11 22:39:15.670 [info] Interpreter from ms-python.python extension for /home/mpeters/projects/AOC/2024/_3: /bin/python3
2024-12-11 22:39:15.670 [info] Workspace settings for /home/mpeters/projects/AOC/2024/_3 (client side): {
    "cwd": "/home/mpeters/projects/AOC/2024/_3",
    "workspace": "file:///home/mpeters/projects/AOC/2024/_3",
    "args": [],
    "path": [],
    "interpreter": [
        "/bin/python3"
    ],
    "importStrategy": "useBundled",
    "showNotifications": "off"
}
2024-12-11 22:39:15.670 [info] Global settings (client side): {
    "cwd": "/home/mpeters/projects/AOC/2024/_3",
    "workspace": "/home/mpeters/projects/AOC/2024/_3",
    "args": [],
    "path": [],
    "interpreter": [],
    "importStrategy": "useBundled",
    "showNotifications": "off"
}
2024-12-11 22:39:15.670 [info] Server run command: /bin/python3 /home/mpeters/.vscode/extensions/ms-python.black-formatter-2024.4.0/bundled/tool/lsp_server.py
2024-12-11 22:39:15.670 [info] Server: Start requested.
2024-12-11 22:39:17.804 [info] CWD Server: /home/mpeters/projects/AOC/2024/_3
2024-12-11 22:39:17.809 [info] Settings received on server:
[
    {
        "cwd": "/home/mpeters/projects/AOC/2024/_3",
        "workspace": "file:///home/mpeters/projects/AOC/2024/_3",
        "args": [],
        "path": [],
        "interpreter": [
            "/bin/python3"
        ],
        "importStrategy": "useBundled",
        "showNotifications": "off"
    }
]

2024-12-11 22:39:17.815 [info] Global settings received on server:
{
    "cwd": "/home/mpeters/projects/AOC/2024/_3",
    "workspace": "/home/mpeters/projects/AOC/2024/_3",
    "args": [],
    "path": [],
    "interpreter": [],
    "importStrategy": "useBundled",
    "showNotifications": "off"
}

2024-12-11 22:39:17.822 [info] sys.path used to run Server:
   /home/mpeters/.vscode/extensions/ms-python.black-formatter-2024.4.0/bundled/libs
   /home/mpeters/.vscode/extensions/ms-python.black-formatter-2024.4.0/bundled/tool
   /usr/lib/python312.zip
   /usr/lib/python3.12
   /usr/lib/python3.12/lib-dynload
   /usr/local/lib/python3.12/dist-packages
   /usr/lib/python3/dist-packages
2024-12-11 22:39:17.826 [info] /bin/python3 -m black --version
2024-12-11 22:39:17.834 [info] CWD formatter: /home/mpeters/projects/AOC/2024/_3
2024-12-11 22:39:18.339 [info] Version info for formatter running for /home/mpeters/projects/AOC/2024/_3:
black, 24.8.0 (compiled: no)
Python (CPython) 3.12.7

2024-12-11 22:39:18.351 [info] SUPPORTED black>=22.3.0
FOUND black==24.8.0

2024-12-11 22:39:21.198 [info] [Trace - 10:39:21 PM] Sending notification 'textDocument/didClose'.
2024-12-11 22:40:00.162 [info] [Trace - 10:40:00 PM] Sending notification 'textDocument/didOpen'.
2024-12-11 22:40:11.780 [info] [Trace - 10:40:11 PM] Sending notification 'textDocument/didClose'.
2024-12-11 22:40:58.778 [info] [Trace - 10:40:58 PM] Sending notification 'textDocument/didOpen'.
2024-12-11 22:41:02.016 [info] [Trace - 10:41:02 PM] Sending notification 'textDocument/didClose'.
