2024-12-13 08:52:05.080 [info] Name: Pylint
2024-12-13 08:52:05.080 [info] Module: pylint
2024-12-13 08:52:05.080 [info] Python extension loading
2024-12-13 08:52:05.080 [info] Waiting for interpreter from Python extension.
2024-12-13 08:52:05.447 [info] No interpreter found from setting pylint.interpreter
2024-12-13 08:52:05.447 [info] Getting interpreter from ms-python.python extension for workspace /home/mpeters/projects/AOC/2024/_4
2024-12-13 08:52:05.448 [info] Python extension loaded
2024-12-13 08:52:05.453 [info] Interpreter from ms-python.python extension for /home/mpeters/projects/AOC/2024/_4: /home/mpeters/home/bin/python
2024-12-13 08:52:05.456 [info] No interpreter found from setting pylint.interpreter
2024-12-13 08:52:05.456 [info] Getting interpreter from ms-python.python extension for workspace /home/mpeters/projects/AOC/2024/_4
2024-12-13 08:52:05.504 [info] Interpreter from ms-python.python extension for /home/mpeters/projects/AOC/2024/_4: /home/mpeters/home/bin/python
2024-12-13 08:52:05.533 [info] Server run command: /home/mpeters/home/bin/python /home/mpeters/.vscode/extensions/ms-python.pylint-2024.0.0/bundled/tool/lsp_server.py
2024-12-13 08:52:05.534 [info] Server: Start requested.
2024-12-13 08:52:06.375 [info] CWD Server: /home/mpeters/projects/AOC/2024/_4
2024-12-13 08:52:06.375 [info] Settings used to run Server:
[
    {
        "enabled": true,
        "cwd": "/home/mpeters/projects/AOC/2024/_4",
        "workspace": "file:///home/mpeters/projects/AOC/2024/_4",
        "args": [],
        "severity": {
            "convention": "Information",
            "error": "Error",
            "fatal": "Error",
            "refactor": "Hint",
            "warning": "Warning",
            "info": "Information"
        },
        "path": [],
        "ignorePatterns": [],
        "interpreter": [
            "/home/mpeters/home/bin/python"
        ],
        "importStrategy": "useBundled",
        "showNotifications": "off",
        "extraPaths": []
    }
]

2024-12-13 08:52:06.376 [info] Global settings:
{
    "cwd": "${workspaceFolder}",
    "enabled": true,
    "workspace": "/home/mpeters/projects/AOC/2024/_4",
    "args": [],
    "severity": {
        "convention": "Information",
        "error": "Error",
        "fatal": "Error",
        "refactor": "Hint",
        "warning": "Warning",
        "info": "Information"
    },
    "path": [],
    "ignorePatterns": [],
    "interpreter": [],
    "importStrategy": "useBundled",
    "showNotifications": "off",
    "extraPaths": []
}

2024-12-13 08:52:06.376 [info] sys.path used to run Server:
   /home/mpeters/projects/AOC/2024/_4
   /home/mpeters/.vscode/extensions/ms-python.pylint-2024.0.0/bundled/libs
   /home/mpeters/.vscode/extensions/ms-python.pylint-2024.0.0/bundled/tool
   /usr/lib/python312.zip
   /usr/lib/python3.12
   /usr/lib/python3.12/lib-dynload
   /home/mpeters/home/lib/python3.12/site-packages
2024-12-13 08:52:06.380 [info] /home/mpeters/home/bin/python -m pylint --version
2024-12-13 08:52:06.381 [info] CWD Linter: /home/mpeters/projects/AOC/2024/_4
2024-12-13 08:52:06.595 [info] 
pylint 3.2.7
astroid 3.2.4
Python 3.12.7 (main, Nov  6 2024, 18:29:01) [GCC 14.2.0]


2024-12-13 08:52:06.595 [info] Version info for linter running for /home/mpeters/projects/AOC/2024/_4:
pylint 3.2.7
astroid 3.2.4
Python 3.12.7 (main, Nov  6 2024, 18:29:01) [GCC 14.2.0]

2024-12-13 08:52:06.595 [info] SUPPORTED pylint>=2.12.2
FOUND pylint==3.2.7

2024-12-13 08:52:06.605 [info] [Trace - 8:52:06 AM] Received notification 'window/logMessage'.
2024-12-13 08:52:06.605 [info] /home/mpeters/home/bin/python -m pylint --reports=n --output-format=json --clear-cache-post-run=y --from-stdin /home/mpeters/projects/AOC/2024/_4/main.py
2024-12-13 08:52:06.608 [info] [Trace - 8:52:06 AM] Received notification 'window/logMessage'.
2024-12-13 08:52:06.608 [info] CWD Linter: /home/mpeters/projects/AOC/2024/_4
2024-12-13 08:52:07.815 [info] [Trace - 8:52:07 AM] Received notification 'window/logMessage'.
2024-12-13 08:52:07.815 [info] file:///home/mpeters/projects/AOC/2024/_4/main.py :
[
    {
        "type": "refactor",
        "module": "main",
        "obj": "search",
        "line": 65,
        "column": 0,
        "endLine": 65,
        "endColumn": 10,
        "path": "main.py",
        "symbol": "too-many-arguments",
        "message": "Too many arguments (7/5)",
        "message-id": "R0913"
    }
]

2024-12-13 08:52:07.818 [info] [Trace - 8:52:07 AM] Received notification 'textDocument/publishDiagnostics'.
