2024-12-13 07:03:17.516 [info] Extension host with pid 186823 started
2024-12-13 07:03:17.516 [info] Skipping acquiring lock for /home/mpeters/projects/AOC/2024/_4/~/.vscode/User/workspaceStorage/5ff2b6102d69df9d134045b17113f36e.
2024-12-13 07:03:17.985 [info] ExtensionService#_doActivateExtension vscode.github-authentication, startup: false, activationEvent: 'onAuthenticationRequest:github'
2024-12-13 07:03:18.033 [info] ExtensionService#_doActivateExtension vscode.emmet, startup: false, activationEvent: 'onLanguage'
2024-12-13 07:03:18.051 [info] ExtensionService#_doActivateExtension ms-python.python, startup: false, activationEvent: 'onLanguage:python', root cause: ms-python.black-formatter
2024-12-13 07:03:18.508 [info] ExtensionService#_doActivateExtension ms-python.black-formatter, startup: false, activationEvent: 'onLanguage:python'
2024-12-13 07:03:18.556 [info] ExtensionService#_doActivateExtension ms-python.debugpy, startup: false, activationEvent: 'onLanguage:python'
2024-12-13 07:03:18.617 [info] ExtensionService#_doActivateExtension ms-python.vscode-pylance, startup: false, activationEvent: 'onLanguage:python'
2024-12-13 07:03:19.106 [info] ExtensionService#_doActivateExtension vscode.git-base, startup: true, activationEvent: '*', root cause: vscode.git
2024-12-13 07:03:19.111 [info] ExtensionService#_doActivateExtension ms-vscode.test-adapter-converter, startup: true, activationEvent: '*', root cause: hbenl.vscode-test-explorer
2024-12-13 07:03:19.119 [info] ExtensionService#_doActivateExtension mhutchie.git-graph, startup: true, activationEvent: '*'
2024-12-13 07:03:19.393 [info] ExtensionService#_doActivateExtension vscode.git, startup: true, activationEvent: '*'
2024-12-13 07:03:19.482 [info] ExtensionService#_doActivateExtension vscode.github, startup: true, activationEvent: '*'
2024-12-13 07:03:19.512 [info] ExtensionService#_doActivateExtension hbenl.vscode-test-explorer, startup: true, activationEvent: '*'
2024-12-13 07:03:19.661 [info] Eager extensions activated
2024-12-13 07:03:19.797 [info] ExtensionService#_doActivateExtension vscode.debug-auto-launch, startup: false, activationEvent: 'onStartupFinished'
2024-12-13 07:03:19.801 [info] ExtensionService#_doActivateExtension vscode.merge-conflict, startup: false, activationEvent: 'onStartupFinished'
2024-12-13 07:03:19.842 [info] ExtensionService#_doActivateExtension Azurite.azurite, startup: false, activationEvent: 'onStartupFinished'
2024-12-13 07:03:20.235 [info] ExtensionService#_doActivateExtension eamodio.gitlens, startup: false, activationEvent: 'onStartupFinished'
2024-12-13 07:03:20.381 [info] ExtensionService#_doActivateExtension GitHub.vscode-pull-request-github, startup: false, activationEvent: 'onStartupFinished'
2024-12-13 07:03:20.497 [info] ExtensionService#_doActivateExtension ms-dotnettools.vscode-dotnet-runtime, startup: false, activationEvent: 'onStartupFinished'
2024-12-13 07:03:20.555 [info] ExtensionService#_doActivateExtension ms-vscode-remote.remote-wsl, startup: false, activationEvent: 'onStartupFinished'
2024-12-13 07:03:20.662 [info] ExtensionService#_doActivateExtension vscodevim.vim, startup: false, activationEvent: 'onStartupFinished'
2024-12-13 07:06:59.764 [info] ExtensionService#_doActivateExtension vscode.configuration-editing, startup: false, activationEvent: 'onLanguage:jsonc'
2024-12-13 07:06:59.772 [info] ExtensionService#_doActivateExtension vscode.json-language-features, startup: false, activationEvent: 'onLanguage:jsonc'
2024-12-13 07:06:59.820 [info] ExtensionService#_doActivateExtension vscode.typescript-language-features, startup: false, activationEvent: 'onLanguage:jsonc'
2024-12-13 07:08:09.570 [info] ExtensionService#_doActivateExtension ms-vscode-remote.remote-containers, startup: false, activationEvent: 'onStartupFinished'
2024-12-13 07:08:12.092 [info] ExtensionService#_doActivateExtension littlefoxteam.vscode-python-test-adapter, startup: false, activationEvent: 'onLanguage:python'
2024-12-13 07:08:13.314 [error] Error: Pending response rejected since connection got disposed
	at Object.dispose (/home/mpeters/.vscode/extensions/ms-python.python-2024.22.0-linux-x64/out/client/extension.js:2:2043169)
	at Object.dispose (/home/mpeters/.vscode/extensions/ms-python.python-2024.22.0-linux-x64/out/client/extension.js:2:2105702)
	at /home/mpeters/.vscode/extensions/ms-python.python-2024.22.0-linux-x64/out/client/extension.js:2:2101268
	at async Object.stop (/home/mpeters/.vscode/extensions/ms-python.vscode-pylance-2024.12.1/dist/extension.bundle.js:1:243539)
	at async _0x44e601._stopClient (/home/mpeters/.vscode/extensions/ms-python.vscode-pylance-2024.12.1/dist/extension.bundle.js:1:187035)
	at async _0x44e601._createNewRequest (/home/mpeters/.vscode/extensions/ms-python.vscode-pylance-2024.12.1/dist/extension.bundle.js:1:186196)
	at async _0x44e601._enqueueRequestAndWaitForRun (/home/mpeters/.vscode/extensions/ms-python.vscode-pylance-2024.12.1/dist/extension.bundle.js:1:185931)
	at async _0x44e601.restartClient (/home/mpeters/.vscode/extensions/ms-python.vscode-pylance-2024.12.1/dist/extension.bundle.js:1:185609)
2024-12-13 07:08:15.799 [info] ExtensionService#_doActivateExtension ms-python.pylint, startup: false, activationEvent: 'onLanguage:python'
2024-12-13 07:08:16.012 [error] TypeError: Cannot set properties of undefined (setting 'name')
	at /home/mpeters/.vscode/extensions/ms-python.vscode-pylance-2024.12.1/dist/extension.bundle.js:1:286813
2024-12-13 07:08:16.715 [error] Error: Pending response rejected since connection got disposed
	at Object.dispose (/home/mpeters/.vscode/extensions/ms-python.python-2024.22.0-linux-x64/out/client/extension.js:2:2043169)
	at Object.dispose (/home/mpeters/.vscode/extensions/ms-python.python-2024.22.0-linux-x64/out/client/extension.js:2:2105702)
	at /home/mpeters/.vscode/extensions/ms-python.python-2024.22.0-linux-x64/out/client/extension.js:2:2101268
	at async Object.stop (/home/mpeters/.vscode/extensions/ms-python.vscode-pylance-2024.12.1/dist/extension.bundle.js:1:243539)
	at async _0x44e601._stopClient (/home/mpeters/.vscode/extensions/ms-python.vscode-pylance-2024.12.1/dist/extension.bundle.js:1:187035)
	at async _0x44e601._createNewRequest (/home/mpeters/.vscode/extensions/ms-python.vscode-pylance-2024.12.1/dist/extension.bundle.js:1:186196)
	at async _0x44e601._enqueueRequestAndWaitForRun (/home/mpeters/.vscode/extensions/ms-python.vscode-pylance-2024.12.1/dist/extension.bundle.js:1:185931)
	at async _0x44e601.restartClient (/home/mpeters/.vscode/extensions/ms-python.vscode-pylance-2024.12.1/dist/extension.bundle.js:1:185609)
2024-12-13 07:08:17.850 [info] ExtensionService#_doActivateExtension redhat.vscode-yaml, startup: false, activationEvent: '*', root cause: 42Crunch.vscode-openapi
2024-12-13 07:08:18.005 [info] ExtensionService#_doActivateExtension 42Crunch.vscode-openapi, startup: false, activationEvent: '*'
2024-12-13 07:08:18.561 [warning] [redhat.vscode-yaml] Accessing a resource scoped configuration without providing a resource is not expected. To get the effective value for '[yaml]', provide the URI of a resource or 'null' for any resource.
2024-12-13 07:08:18.567 [warning] [redhat.vscode-yaml] Accessing a resource scoped configuration without providing a resource is not expected. To get the effective value for '[yaml]', provide the URI of a resource or 'null' for any resource.
2024-12-13 07:08:22.427 [info] Extension host terminating: renderer closed the MessagePort
2024-12-13 07:08:22.529 [error] TypeError: r.some is not a function
	at h.saveToDisk (/home/mpeters/.vscode/extensions/vscodevim.vim-1.29.0/out/extension.js:2:663045)
	at t.deactivate (/home/mpeters/.vscode/extensions/vscodevim.vim-1.29.0/out/extension.js:2:177330)
	at zz.eb (file:///usr/share/code/resources/app/out/vs/workbench/api/node/extensionHostProcess.js:119:11724)
	at file:///usr/share/code/resources/app/out/vs/workbench/api/node/extensionHostProcess.js:119:9874
	at Array.map (<anonymous>)
	at zz.$ (file:///usr/share/code/resources/app/out/vs/workbench/api/node/extensionHostProcess.js:119:9862)
	at zz.terminate (file:///usr/share/code/resources/app/out/vs/workbench/api/node/extensionHostProcess.js:119:10105)
	at QC.terminate (file:///usr/share/code/resources/app/out/vs/workbench/api/node/extensionHostProcess.js:120:1424)
	at Zi (file:///usr/share/code/resources/app/out/vs/workbench/api/node/extensionHostProcess.js:175:15080)
	at MessagePortMain.<anonymous> (file:///usr/share/code/resources/app/out/vs/workbench/api/node/extensionHostProcess.js:175:11628)
	at MessagePortMain.emit (node:events:518:28)
	at MessagePortMain._internalPort.emit (node:electron/js2c/utility_init:2:2949)
2024-12-13 07:08:22.541 [error] Canceled: Canceled
	at new IT (file:///usr/share/code/resources/app/out/vs/workbench/api/node/extensionHostProcess.js:32:110702)
	at Dy.U (file:///usr/share/code/resources/app/out/vs/workbench/api/node/extensionHostProcess.js:32:115312)
	at s.<computed>.n.charCodeAt.s.<computed> (file:///usr/share/code/resources/app/out/vs/workbench/api/node/extensionHostProcess.js:32:112806)
	at cw.g (file:///usr/share/code/resources/app/out/vs/workbench/api/node/extensionHostProcess.js:115:32313)
	at cw.executeCommand (file:///usr/share/code/resources/app/out/vs/workbench/api/node/extensionHostProcess.js:115:31817)
	at r.registerCommand.description (file:///usr/share/code/resources/app/out/vs/workbench/api/node/extensionHostProcess.js:115:31147)
	at cw.h (file:///usr/share/code/resources/app/out/vs/workbench/api/node/extensionHostProcess.js:115:32833)
	at cw.g (file:///usr/share/code/resources/app/out/vs/workbench/api/node/extensionHostProcess.js:115:31910)
	at cw.executeCommand (file:///usr/share/code/resources/app/out/vs/workbench/api/node/extensionHostProcess.js:115:31817)
	at Object.executeCommand (file:///usr/share/code/resources/app/out/vs/workbench/api/node/extensionHostProcess.js:157:37484)
	at f (/home/mpeters/.vscode/extensions/eamodio.gitlens-16.0.5/dist/gitlens.js:1482:14096)
	at c (/home/mpeters/.vscode/extensions/eamodio.gitlens-16.0.5/dist/gitlens.js:1482:18656)
	at ActionRunners._updateContextKeys (/home/mpeters/.vscode/extensions/eamodio.gitlens-16.0.5/dist/gitlens.js:1107:65661)
	at s (/home/mpeters/.vscode/extensions/eamodio.gitlens-16.0.5/dist/gitlens.js:1107:64105)
	at RegisteredActionRunner.unregister (/home/mpeters/.vscode/extensions/eamodio.gitlens-16.0.5/dist/gitlens.js:1107:64248)
	at RegisteredActionRunner.dispose (/home/mpeters/.vscode/extensions/eamodio.gitlens-16.0.5/dist/gitlens.js:1107:62902)
	at ActionRunners.dispose (/home/mpeters/.vscode/extensions/eamodio.gitlens-16.0.5/dist/gitlens.js:1107:63688)
	at /home/mpeters/.vscode/extensions/eamodio.gitlens-16.0.5/dist/gitlens.js:1428:14975
	at Array.forEach (<anonymous>)
	at Object.dispose (/home/mpeters/.vscode/extensions/eamodio.gitlens-16.0.5/dist/gitlens.js:1428:14957)
	at ai (file:///usr/share/code/resources/app/out/vs/workbench/api/node/extensionHostProcess.js:25:699)
	at file:///usr/share/code/resources/app/out/vs/workbench/api/node/extensionHostProcess.js:119:14992
	at file:///usr/share/code/resources/app/out/vs/workbench/api/node/extensionHostProcess.js:25:1009
	at Object.dispose (file:///usr/share/code/resources/app/out/vs/workbench/api/node/extensionHostProcess.js:8:705)
	at zz.eb (file:///usr/share/code/resources/app/out/vs/workbench/api/node/extensionHostProcess.js:119:11919)
	at file:///usr/share/code/resources/app/out/vs/workbench/api/node/extensionHostProcess.js:119:9874
	at Array.map (<anonymous>)
	at zz.$ (file:///usr/share/code/resources/app/out/vs/workbench/api/node/extensionHostProcess.js:119:9862)
	at zz.terminate (file:///usr/share/code/resources/app/out/vs/workbench/api/node/extensionHostProcess.js:119:10105)
	at QC.terminate (file:///usr/share/code/resources/app/out/vs/workbench/api/node/extensionHostProcess.js:120:1424)
	at Zi (file:///usr/share/code/resources/app/out/vs/workbench/api/node/extensionHostProcess.js:175:15080)
	at MessagePortMain.<anonymous> (file:///usr/share/code/resources/app/out/vs/workbench/api/node/extensionHostProcess.js:175:11628)
	at MessagePortMain.emit (node:events:518:28)
	at MessagePortMain._internalPort.emit (node:electron/js2c/utility_init:2:2949) setContext undefined
2024-12-13 07:08:22.541 [error] Canceled: Canceled
	at new IT (file:///usr/share/code/resources/app/out/vs/workbench/api/node/extensionHostProcess.js:32:110702)
	at Dy.U (file:///usr/share/code/resources/app/out/vs/workbench/api/node/extensionHostProcess.js:32:115312)
	at s.<computed>.n.charCodeAt.s.<computed> (file:///usr/share/code/resources/app/out/vs/workbench/api/node/extensionHostProcess.js:32:112806)
	at cw.g (file:///usr/share/code/resources/app/out/vs/workbench/api/node/extensionHostProcess.js:115:32313)
	at cw.executeCommand (file:///usr/share/code/resources/app/out/vs/workbench/api/node/extensionHostProcess.js:115:31817)
	at r.registerCommand.description (file:///usr/share/code/resources/app/out/vs/workbench/api/node/extensionHostProcess.js:115:31147)
	at cw.h (file:///usr/share/code/resources/app/out/vs/workbench/api/node/extensionHostProcess.js:115:32833)
	at cw.g (file:///usr/share/code/resources/app/out/vs/workbench/api/node/extensionHostProcess.js:115:31910)
	at cw.executeCommand (file:///usr/share/code/resources/app/out/vs/workbench/api/node/extensionHostProcess.js:115:31817)
	at Object.executeCommand (file:///usr/share/code/resources/app/out/vs/workbench/api/node/extensionHostProcess.js:157:37484)
	at f (/home/mpeters/.vscode/extensions/eamodio.gitlens-16.0.5/dist/gitlens.js:1482:14096)
	at c (/home/mpeters/.vscode/extensions/eamodio.gitlens-16.0.5/dist/gitlens.js:1482:18656)
	at ActionRunners._updateContextKeys (/home/mpeters/.vscode/extensions/eamodio.gitlens-16.0.5/dist/gitlens.js:1107:65661)
	at s (/home/mpeters/.vscode/extensions/eamodio.gitlens-16.0.5/dist/gitlens.js:1107:64105)
	at RegisteredActionRunner.unregister (/home/mpeters/.vscode/extensions/eamodio.gitlens-16.0.5/dist/gitlens.js:1107:64248)
	at RegisteredActionRunner.dispose (/home/mpeters/.vscode/extensions/eamodio.gitlens-16.0.5/dist/gitlens.js:1107:62902)
	at ActionRunners.dispose (/home/mpeters/.vscode/extensions/eamodio.gitlens-16.0.5/dist/gitlens.js:1107:63688)
	at /home/mpeters/.vscode/extensions/eamodio.gitlens-16.0.5/dist/gitlens.js:1428:14975
	at Array.forEach (<anonymous>)
	at Object.dispose (/home/mpeters/.vscode/extensions/eamodio.gitlens-16.0.5/dist/gitlens.js:1428:14957)
	at ai (file:///usr/share/code/resources/app/out/vs/workbench/api/node/extensionHostProcess.js:25:699)
	at file:///usr/share/code/resources/app/out/vs/workbench/api/node/extensionHostProcess.js:119:14992
	at file:///usr/share/code/resources/app/out/vs/workbench/api/node/extensionHostProcess.js:25:1009
	at Object.dispose (file:///usr/share/code/resources/app/out/vs/workbench/api/node/extensionHostProcess.js:8:705)
	at zz.eb (file:///usr/share/code/resources/app/out/vs/workbench/api/node/extensionHostProcess.js:119:11919)
	at file:///usr/share/code/resources/app/out/vs/workbench/api/node/extensionHostProcess.js:119:9874
	at Array.map (<anonymous>)
	at zz.$ (file:///usr/share/code/resources/app/out/vs/workbench/api/node/extensionHostProcess.js:119:9862)
	at zz.terminate (file:///usr/share/code/resources/app/out/vs/workbench/api/node/extensionHostProcess.js:119:10105)
	at QC.terminate (file:///usr/share/code/resources/app/out/vs/workbench/api/node/extensionHostProcess.js:120:1424)
	at Zi (file:///usr/share/code/resources/app/out/vs/workbench/api/node/extensionHostProcess.js:175:15080)
	at MessagePortMain.<anonymous> (file:///usr/share/code/resources/app/out/vs/workbench/api/node/extensionHostProcess.js:175:11628)
	at MessagePortMain.emit (node:events:518:28)
	at MessagePortMain._internalPort.emit (node:electron/js2c/utility_init:2:2949) setContext undefined
2024-12-13 07:08:22.542 [error] Canceled: Canceled
	at new IT (file:///usr/share/code/resources/app/out/vs/workbench/api/node/extensionHostProcess.js:32:110702)
	at Dy.U (file:///usr/share/code/resources/app/out/vs/workbench/api/node/extensionHostProcess.js:32:115312)
	at s.<computed>.n.charCodeAt.s.<computed> (file:///usr/share/code/resources/app/out/vs/workbench/api/node/extensionHostProcess.js:32:112806)
	at cw.g (file:///usr/share/code/resources/app/out/vs/workbench/api/node/extensionHostProcess.js:115:32313)
	at cw.executeCommand (file:///usr/share/code/resources/app/out/vs/workbench/api/node/extensionHostProcess.js:115:31817)
	at r.registerCommand.description (file:///usr/share/code/resources/app/out/vs/workbench/api/node/extensionHostProcess.js:115:31147)
	at cw.h (file:///usr/share/code/resources/app/out/vs/workbench/api/node/extensionHostProcess.js:115:32833)
	at cw.g (file:///usr/share/code/resources/app/out/vs/workbench/api/node/extensionHostProcess.js:115:31910)
	at cw.executeCommand (file:///usr/share/code/resources/app/out/vs/workbench/api/node/extensionHostProcess.js:115:31817)
	at Object.executeCommand (file:///usr/share/code/resources/app/out/vs/workbench/api/node/extensionHostProcess.js:157:37484)
	at f (/home/mpeters/.vscode/extensions/eamodio.gitlens-16.0.5/dist/gitlens.js:1482:14096)
	at c (/home/mpeters/.vscode/extensions/eamodio.gitlens-16.0.5/dist/gitlens.js:1482:18656)
	at ActionRunners._updateContextKeys (/home/mpeters/.vscode/extensions/eamodio.gitlens-16.0.5/dist/gitlens.js:1107:65661)
	at s (/home/mpeters/.vscode/extensions/eamodio.gitlens-16.0.5/dist/gitlens.js:1107:64105)
	at RegisteredActionRunner.unregister (/home/mpeters/.vscode/extensions/eamodio.gitlens-16.0.5/dist/gitlens.js:1107:64248)
	at RegisteredActionRunner.dispose (/home/mpeters/.vscode/extensions/eamodio.gitlens-16.0.5/dist/gitlens.js:1107:62902)
	at Object.dispose (/home/mpeters/.vscode/extensions/eamodio.gitlens-16.0.5/dist/gitlens.js:1107:64342)
	at ai (file:///usr/share/code/resources/app/out/vs/workbench/api/node/extensionHostProcess.js:25:699)
	at file:///usr/share/code/resources/app/out/vs/workbench/api/node/extensionHostProcess.js:119:14992
	at file:///usr/share/code/resources/app/out/vs/workbench/api/node/extensionHostProcess.js:25:1009
	at Object.dispose (file:///usr/share/code/resources/app/out/vs/workbench/api/node/extensionHostProcess.js:8:705)
	at zz.eb (file:///usr/share/code/resources/app/out/vs/workbench/api/node/extensionHostProcess.js:119:11919)
	at file:///usr/share/code/resources/app/out/vs/workbench/api/node/extensionHostProcess.js:119:9874
	at Array.map (<anonymous>)
	at zz.$ (file:///usr/share/code/resources/app/out/vs/workbench/api/node/extensionHostProcess.js:119:9862)
	at zz.terminate (file:///usr/share/code/resources/app/out/vs/workbench/api/node/extensionHostProcess.js:119:10105)
	at QC.terminate (file:///usr/share/code/resources/app/out/vs/workbench/api/node/extensionHostProcess.js:120:1424)
	at Zi (file:///usr/share/code/resources/app/out/vs/workbench/api/node/extensionHostProcess.js:175:15080)
	at MessagePortMain.<anonymous> (file:///usr/share/code/resources/app/out/vs/workbench/api/node/extensionHostProcess.js:175:11628)
	at MessagePortMain.emit (node:events:518:28)
	at MessagePortMain._internalPort.emit (node:electron/js2c/utility_init:2:2949) setContext undefined
2024-12-13 07:08:22.542 [error] Canceled: Canceled
	at new IT (file:///usr/share/code/resources/app/out/vs/workbench/api/node/extensionHostProcess.js:32:110702)
	at Dy.U (file:///usr/share/code/resources/app/out/vs/workbench/api/node/extensionHostProcess.js:32:115312)
	at s.<computed>.n.charCodeAt.s.<computed> (file:///usr/share/code/resources/app/out/vs/workbench/api/node/extensionHostProcess.js:32:112806)
	at cw.g (file:///usr/share/code/resources/app/out/vs/workbench/api/node/extensionHostProcess.js:115:32313)
	at cw.executeCommand (file:///usr/share/code/resources/app/out/vs/workbench/api/node/extensionHostProcess.js:115:31817)
	at r.registerCommand.description (file:///usr/share/code/resources/app/out/vs/workbench/api/node/extensionHostProcess.js:115:31147)
	at cw.h (file:///usr/share/code/resources/app/out/vs/workbench/api/node/extensionHostProcess.js:115:32833)
	at cw.g (file:///usr/share/code/resources/app/out/vs/workbench/api/node/extensionHostProcess.js:115:31910)
	at cw.executeCommand (file:///usr/share/code/resources/app/out/vs/workbench/api/node/extensionHostProcess.js:115:31817)
	at Object.executeCommand (file:///usr/share/code/resources/app/out/vs/workbench/api/node/extensionHostProcess.js:157:37484)
	at B.dispose (/home/mpeters/.vscode/extensions/ms-vscode.test-adapter-converter-0.2.1/out/extension.js:9:458)
	at ai (file:///usr/share/code/resources/app/out/vs/workbench/api/node/extensionHostProcess.js:25:699)
	at file:///usr/share/code/resources/app/out/vs/workbench/api/node/extensionHostProcess.js:119:14992
	at file:///usr/share/code/resources/app/out/vs/workbench/api/node/extensionHostProcess.js:25:1009
	at Object.dispose (file:///usr/share/code/resources/app/out/vs/workbench/api/node/extensionHostProcess.js:8:705)
	at zz.eb (file:///usr/share/code/resources/app/out/vs/workbench/api/node/extensionHostProcess.js:119:11919)
	at file:///usr/share/code/resources/app/out/vs/workbench/api/node/extensionHostProcess.js:119:9874
	at Array.map (<anonymous>)
	at zz.$ (file:///usr/share/code/resources/app/out/vs/workbench/api/node/extensionHostProcess.js:119:9862)
	at zz.terminate (file:///usr/share/code/resources/app/out/vs/workbench/api/node/extensionHostProcess.js:119:10105)
	at QC.terminate (file:///usr/share/code/resources/app/out/vs/workbench/api/node/extensionHostProcess.js:120:1424)
	at Zi (file:///usr/share/code/resources/app/out/vs/workbench/api/node/extensionHostProcess.js:175:15080)
	at MessagePortMain.<anonymous> (file:///usr/share/code/resources/app/out/vs/workbench/api/node/extensionHostProcess.js:175:11628)
	at MessagePortMain.emit (node:events:518:28)
	at MessagePortMain._internalPort.emit (node:electron/js2c/utility_init:2:2949) setContext undefined
2024-12-13 07:08:22.544 [error] Canceled: Canceled
	at Fc (file:///usr/share/code/resources/app/out/vs/workbench/api/node/extensionHostProcess.js:7:1122)
	at file:///usr/share/code/resources/app/out/vs/workbench/api/node/extensionHostProcess.js:32:112153
	at Array.forEach (<anonymous>)
	at Dy.dispose (file:///usr/share/code/resources/app/out/vs/workbench/api/node/extensionHostProcess.js:32:112093)
	at zz.terminate (file:///usr/share/code/resources/app/out/vs/workbench/api/node/extensionHostProcess.js:119:10082)
	at QC.terminate (file:///usr/share/code/resources/app/out/vs/workbench/api/node/extensionHostProcess.js:120:1424)
	at Zi (file:///usr/share/code/resources/app/out/vs/workbench/api/node/extensionHostProcess.js:175:15080)
	at MessagePortMain.<anonymous> (file:///usr/share/code/resources/app/out/vs/workbench/api/node/extensionHostProcess.js:175:11628)
	at MessagePortMain.emit (node:events:518:28)
	at MessagePortMain._internalPort.emit (node:electron/js2c/utility_init:2:2949)
2024-12-13 07:08:22.544 [error] Canceled: Canceled
	at Fc (file:///usr/share/code/resources/app/out/vs/workbench/api/node/extensionHostProcess.js:7:1122)
	at file:///usr/share/code/resources/app/out/vs/workbench/api/node/extensionHostProcess.js:32:112153
	at Array.forEach (<anonymous>)
	at Dy.dispose (file:///usr/share/code/resources/app/out/vs/workbench/api/node/extensionHostProcess.js:32:112093)
	at zz.terminate (file:///usr/share/code/resources/app/out/vs/workbench/api/node/extensionHostProcess.js:119:10082)
	at QC.terminate (file:///usr/share/code/resources/app/out/vs/workbench/api/node/extensionHostProcess.js:120:1424)
	at Zi (file:///usr/share/code/resources/app/out/vs/workbench/api/node/extensionHostProcess.js:175:15080)
	at MessagePortMain.<anonymous> (file:///usr/share/code/resources/app/out/vs/workbench/api/node/extensionHostProcess.js:175:11628)
	at MessagePortMain.emit (node:events:518:28)
	at MessagePortMain._internalPort.emit (node:electron/js2c/utility_init:2:2949)
2024-12-13 07:08:22.555 [error] Error: Channel has been closed
	at s (file:///usr/share/code/resources/app/out/vs/workbench/api/node/extensionHostProcess.js:121:2431)
	at Object.appendLine (file:///usr/share/code/resources/app/out/vs/workbench/api/node/extensionHostProcess.js:121:2570)
	at b.logTrace (/home/mpeters/.vscode/extensions/ms-python.pylint-2024.0.0/dist/extension.js:1:133339)
	at Object.log (/home/mpeters/.vscode/extensions/ms-python.pylint-2024.0.0/dist/extension.js:1:126989)
	at /home/mpeters/.vscode/extensions/ms-python.pylint-2024.0.0/dist/extension.js:1:83962
	at /home/mpeters/.vscode/extensions/ms-python.pylint-2024.0.0/dist/extension.js:1:84157
	at ie (/home/mpeters/.vscode/extensions/ms-python.pylint-2024.0.0/dist/extension.js:1:84522)
	at /home/mpeters/.vscode/extensions/ms-python.pylint-2024.0.0/dist/extension.js:1:79306
	at Immediate.<anonymous> (/home/mpeters/.vscode/extensions/ms-python.pylint-2024.0.0/dist/extension.js:1:79326)
	at process.processImmediate (node:internal/timers:483:21)
2024-12-13 07:08:22.560 [error] Error: Channel has been closed
	at s (file:///usr/share/code/resources/app/out/vs/workbench/api/node/extensionHostProcess.js:121:2431)
	at Object.appendLine (file:///usr/share/code/resources/app/out/vs/workbench/api/node/extensionHostProcess.js:121:2570)
	at D.logOutputMessage (/usr/share/code/resources/app/extensions/json-language-features/client/dist/node/jsonClientMain.js:1:285192)
	at D.info (/usr/share/code/resources/app/extensions/json-language-features/client/dist/node/jsonClientMain.js:1:284925)
	at ChildProcess.<anonymous> (/usr/share/code/resources/app/extensions/json-language-features/client/dist/node/jsonClientMain.js:1:503028)
	at ChildProcess.emit (node:events:518:28)
	at ChildProcess._handle.onexit (node:internal/child_process:293:12)
2024-12-13 07:08:22.683 [error] Error: Channel has been closed
	at s (file:///usr/share/code/resources/app/out/vs/workbench/api/node/extensionHostProcess.js:121:2431)
	at Object.appendLine (file:///usr/share/code/resources/app/out/vs/workbench/api/node/extensionHostProcess.js:121:2570)
	at w.logOutputMessage (/home/mpeters/.vscode/extensions/ms-python.black-formatter-2024.4.0/dist/extension.js:1:136449)
	at w.error (/home/mpeters/.vscode/extensions/ms-python.black-formatter-2024.4.0/dist/extension.js:1:136340)
	at ChildProcess.<anonymous> (/home/mpeters/.vscode/extensions/ms-python.black-formatter-2024.4.0/dist/extension.js:1:317238)
	at ChildProcess.emit (node:events:518:28)
	at ChildProcess._handle.onexit (node:internal/child_process:293:12)
2024-12-13 07:08:23.545 [error] Canceled (FileSystemError): Canceled
	at Qi.e (file:///usr/share/code/resources/app/out/vs/workbench/api/node/extensionHostProcess.js:115:9853)
	at Object.delete (file:///usr/share/code/resources/app/out/vs/workbench/api/node/extensionHostProcess.js:115:8151)
	at process.processTicksAndRejections (node:internal/process/task_queues:95:5)
2024-12-13 07:08:24.502 [error] Error: Channel has been closed
	at s (file:///usr/share/code/resources/app/out/vs/workbench/api/node/extensionHostProcess.js:121:2431)
	at Object.appendLine (file:///usr/share/code/resources/app/out/vs/workbench/api/node/extensionHostProcess.js:121:2570)
	at b.error (/home/mpeters/.vscode/extensions/ms-python.pylint-2024.0.0/dist/extension.js:1:132751)
	at /home/mpeters/.vscode/extensions/ms-python.pylint-2024.0.0/dist/extension.js:1:140969
	at async t.deactivate (/home/mpeters/.vscode/extensions/ms-python.pylint-2024.0.0/dist/extension.js:1:65024)
	at async Promise.all (index 20)
	at async zz.$ (file:///usr/share/code/resources/app/out/vs/workbench/api/node/extensionHostProcess.js:119:9888)
2024-12-13 07:08:24.502 [info] Extension host with pid 186823 exiting with code 0
