2024-12-12 16:15:17.788 [info] Extension host with pid 68730 started
2024-12-12 16:15:17.788 [info] Skipping acquiring lock for /home/mpeters/projects/AOC/2024/_4/~/.vscode/User/workspaceStorage/5ff2b6102d69df9d134045b17113f36e.
2024-12-12 16:15:17.976 [info] ExtensionService#_doActivateExtension vscode.github-authentication, startup: false, activationEvent: 'onAuthenticationRequest:github'
2024-12-12 16:15:18.180 [info] ExtensionService#_doActivateExtension vscode.git-base, startup: true, activationEvent: '*', root cause: vscode.git
2024-12-12 16:15:18.182 [info] ExtensionService#_doActivateExtension mhutchie.git-graph, startup: true, activationEvent: '*'
2024-12-12 16:15:18.415 [info] ExtensionService#_doActivateExtension vscode.git, startup: true, activationEvent: '*'
2024-12-12 16:15:18.486 [info] ExtensionService#_doActivateExtension vscode.github, startup: true, activationEvent: '*'
2024-12-12 16:15:18.719 [info] ExtensionService#_doActivateExtension ms-python.python, startup: true, activationEvent: 'workspaceContains:*.py', root cause: ms-python.black-formatter
2024-12-12 16:15:19.242 [info] ExtensionService#_doActivateExtension ms-python.black-formatter, startup: true, activationEvent: 'workspaceContains:*.py'
2024-12-12 16:15:19.357 [info] Eager extensions activated
2024-12-12 16:15:19.390 [info] ExtensionService#_doActivateExtension vscode.debug-auto-launch, startup: false, activationEvent: 'onStartupFinished'
2024-12-12 16:15:19.394 [info] ExtensionService#_doActivateExtension vscode.merge-conflict, startup: false, activationEvent: 'onStartupFinished'
2024-12-12 16:15:19.422 [info] ExtensionService#_doActivateExtension Azurite.azurite, startup: false, activationEvent: 'onStartupFinished'
2024-12-12 16:15:19.756 [info] ExtensionService#_doActivateExtension eamodio.gitlens, startup: false, activationEvent: 'onStartupFinished'
2024-12-12 16:15:19.888 [info] ExtensionService#_doActivateExtension GitHub.vscode-pull-request-github, startup: false, activationEvent: 'onStartupFinished'
2024-12-12 16:15:20.004 [info] ExtensionService#_doActivateExtension ms-dotnettools.vscode-dotnet-runtime, startup: false, activationEvent: 'onStartupFinished'
2024-12-12 16:15:20.084 [info] ExtensionService#_doActivateExtension vscodevim.vim, startup: false, activationEvent: 'onStartupFinished'
2024-12-12 16:15:20.522 [info] ExtensionService#_doActivateExtension ms-python.vscode-pylance, startup: false, activationEvent: 'api', root cause: ms-python.python
2024-12-12 16:15:20.799 [info] ExtensionService#_doActivateExtension ms-python.debugpy, startup: false, activationEvent: 'api', root cause: ms-python.python
2024-12-12 16:15:21.420 [error] Error: ENOENT: no such file or directory, open '/home/mpeters/projects/AOC/2024/_4/~/.vscode/User/globalStorage/vscodevim.vim/.registers'
2024-12-12 16:15:32.644 [info] ExtensionService#_doActivateExtension r3stl355.databricks-notebook-runner, startup: false, activationEvent: 'onNotebookSerializer:db-notebook'
2024-12-12 16:15:32.966 [info] ExtensionService#_doActivateExtension vscode.emmet, startup: false, activationEvent: 'onLanguage'
2024-12-12 16:15:33.079 [info] ExtensionService#_doActivateExtension vscode.npm, startup: false, activationEvent: 'onTerminalQuickFixRequest:ms-vscode.npm-command'
2024-12-12 16:15:46.679 [info] Extension host terminating: renderer closed the MessagePort
2024-12-12 16:15:46.712 [error] Canceled: Canceled
	at new IT (file:///usr/share/code/resources/app/out/vs/workbench/api/node/extensionHostProcess.js:32:110702)
	at Dy.U (file:///usr/share/code/resources/app/out/vs/workbench/api/node/extensionHostProcess.js:32:115312)
	at s.<computed>.n.charCodeAt.s.<computed> (file:///usr/share/code/resources/app/out/vs/workbench/api/node/extensionHostProcess.js:32:112806)
	at cw.g (file:///usr/share/code/resources/app/out/vs/workbench/api/node/extensionHostProcess.js:115:32313)
	at cw.executeCommand (file:///usr/share/code/resources/app/out/vs/workbench/api/node/extensionHostProcess.js:115:31817)
	at r.registerCommand.description (file:///usr/share/code/resources/app/out/vs/workbench/api/node/extensionHostProcess.js:115:31147)
	at cw.h (file:///usr/share/code/resources/app/out/vs/workbench/api/node/extensionHostProcess.js:115:32833)
	at cw.g (file:///usr/share/code/resources/app/out/vs/workbench/api/node/extensionHostProcess.js:115:31910)
	at cw.executeCommand (file:///usr/share/code/resources/app/out/vs/workbench/api/node/extensionHostProcess.js:115:31817)
	at Object.executeCommand (file:///usr/share/code/resources/app/out/vs/workbench/api/node/extensionHostProcess.js:157:37484)
	at f (/home/mpeters/.vscode/extensions/eamodio.gitlens-16.0.5/dist/gitlens.js:1482:14096)
	at c (/home/mpeters/.vscode/extensions/eamodio.gitlens-16.0.5/dist/gitlens.js:1482:18656)
	at ActionRunners._updateContextKeys (/home/mpeters/.vscode/extensions/eamodio.gitlens-16.0.5/dist/gitlens.js:1107:65661)
	at s (/home/mpeters/.vscode/extensions/eamodio.gitlens-16.0.5/dist/gitlens.js:1107:64105)
	at RegisteredActionRunner.unregister (/home/mpeters/.vscode/extensions/eamodio.gitlens-16.0.5/dist/gitlens.js:1107:64248)
	at RegisteredActionRunner.dispose (/home/mpeters/.vscode/extensions/eamodio.gitlens-16.0.5/dist/gitlens.js:1107:62902)
	at ActionRunners.dispose (/home/mpeters/.vscode/extensions/eamodio.gitlens-16.0.5/dist/gitlens.js:1107:63688)
	at /home/mpeters/.vscode/extensions/eamodio.gitlens-16.0.5/dist/gitlens.js:1428:14975
	at Array.forEach (<anonymous>)
	at Object.dispose (/home/mpeters/.vscode/extensions/eamodio.gitlens-16.0.5/dist/gitlens.js:1428:14957)
	at ai (file:///usr/share/code/resources/app/out/vs/workbench/api/node/extensionHostProcess.js:25:699)
	at file:///usr/share/code/resources/app/out/vs/workbench/api/node/extensionHostProcess.js:119:14992
	at file:///usr/share/code/resources/app/out/vs/workbench/api/node/extensionHostProcess.js:25:1009
	at Object.dispose (file:///usr/share/code/resources/app/out/vs/workbench/api/node/extensionHostProcess.js:8:705)
	at zz.eb (file:///usr/share/code/resources/app/out/vs/workbench/api/node/extensionHostProcess.js:119:11919)
	at file:///usr/share/code/resources/app/out/vs/workbench/api/node/extensionHostProcess.js:119:9874
	at Array.map (<anonymous>)
	at zz.$ (file:///usr/share/code/resources/app/out/vs/workbench/api/node/extensionHostProcess.js:119:9862)
	at zz.terminate (file:///usr/share/code/resources/app/out/vs/workbench/api/node/extensionHostProcess.js:119:10105)
	at QC.terminate (file:///usr/share/code/resources/app/out/vs/workbench/api/node/extensionHostProcess.js:120:1424)
	at Zi (file:///usr/share/code/resources/app/out/vs/workbench/api/node/extensionHostProcess.js:175:15080)
	at MessagePortMain.<anonymous> (file:///usr/share/code/resources/app/out/vs/workbench/api/node/extensionHostProcess.js:175:11628)
	at MessagePortMain.emit (node:events:518:28)
	at MessagePortMain._internalPort.emit (node:electron/js2c/utility_init:2:2949) setContext undefined
2024-12-12 16:15:46.713 [error] Canceled: Canceled
	at new IT (file:///usr/share/code/resources/app/out/vs/workbench/api/node/extensionHostProcess.js:32:110702)
	at Dy.U (file:///usr/share/code/resources/app/out/vs/workbench/api/node/extensionHostProcess.js:32:115312)
	at s.<computed>.n.charCodeAt.s.<computed> (file:///usr/share/code/resources/app/out/vs/workbench/api/node/extensionHostProcess.js:32:112806)
	at cw.g (file:///usr/share/code/resources/app/out/vs/workbench/api/node/extensionHostProcess.js:115:32313)
	at cw.executeCommand (file:///usr/share/code/resources/app/out/vs/workbench/api/node/extensionHostProcess.js:115:31817)
	at r.registerCommand.description (file:///usr/share/code/resources/app/out/vs/workbench/api/node/extensionHostProcess.js:115:31147)
	at cw.h (file:///usr/share/code/resources/app/out/vs/workbench/api/node/extensionHostProcess.js:115:32833)
	at cw.g (file:///usr/share/code/resources/app/out/vs/workbench/api/node/extensionHostProcess.js:115:31910)
	at cw.executeCommand (file:///usr/share/code/resources/app/out/vs/workbench/api/node/extensionHostProcess.js:115:31817)
	at Object.executeCommand (file:///usr/share/code/resources/app/out/vs/workbench/api/node/extensionHostProcess.js:157:37484)
	at f (/home/mpeters/.vscode/extensions/eamodio.gitlens-16.0.5/dist/gitlens.js:1482:14096)
	at c (/home/mpeters/.vscode/extensions/eamodio.gitlens-16.0.5/dist/gitlens.js:1482:18656)
	at ActionRunners._updateContextKeys (/home/mpeters/.vscode/extensions/eamodio.gitlens-16.0.5/dist/gitlens.js:1107:65661)
	at s (/home/mpeters/.vscode/extensions/eamodio.gitlens-16.0.5/dist/gitlens.js:1107:64105)
	at RegisteredActionRunner.unregister (/home/mpeters/.vscode/extensions/eamodio.gitlens-16.0.5/dist/gitlens.js:1107:64248)
	at RegisteredActionRunner.dispose (/home/mpeters/.vscode/extensions/eamodio.gitlens-16.0.5/dist/gitlens.js:1107:62902)
	at ActionRunners.dispose (/home/mpeters/.vscode/extensions/eamodio.gitlens-16.0.5/dist/gitlens.js:1107:63688)
	at /home/mpeters/.vscode/extensions/eamodio.gitlens-16.0.5/dist/gitlens.js:1428:14975
	at Array.forEach (<anonymous>)
	at Object.dispose (/home/mpeters/.vscode/extensions/eamodio.gitlens-16.0.5/dist/gitlens.js:1428:14957)
	at ai (file:///usr/share/code/resources/app/out/vs/workbench/api/node/extensionHostProcess.js:25:699)
	at file:///usr/share/code/resources/app/out/vs/workbench/api/node/extensionHostProcess.js:119:14992
	at file:///usr/share/code/resources/app/out/vs/workbench/api/node/extensionHostProcess.js:25:1009
	at Object.dispose (file:///usr/share/code/resources/app/out/vs/workbench/api/node/extensionHostProcess.js:8:705)
	at zz.eb (file:///usr/share/code/resources/app/out/vs/workbench/api/node/extensionHostProcess.js:119:11919)
	at file:///usr/share/code/resources/app/out/vs/workbench/api/node/extensionHostProcess.js:119:9874
	at Array.map (<anonymous>)
	at zz.$ (file:///usr/share/code/resources/app/out/vs/workbench/api/node/extensionHostProcess.js:119:9862)
	at zz.terminate (file:///usr/share/code/resources/app/out/vs/workbench/api/node/extensionHostProcess.js:119:10105)
	at QC.terminate (file:///usr/share/code/resources/app/out/vs/workbench/api/node/extensionHostProcess.js:120:1424)
	at Zi (file:///usr/share/code/resources/app/out/vs/workbench/api/node/extensionHostProcess.js:175:15080)
	at MessagePortMain.<anonymous> (file:///usr/share/code/resources/app/out/vs/workbench/api/node/extensionHostProcess.js:175:11628)
	at MessagePortMain.emit (node:events:518:28)
	at MessagePortMain._internalPort.emit (node:electron/js2c/utility_init:2:2949) setContext undefined
2024-12-12 16:15:46.713 [error] Canceled: Canceled
	at new IT (file:///usr/share/code/resources/app/out/vs/workbench/api/node/extensionHostProcess.js:32:110702)
	at Dy.U (file:///usr/share/code/resources/app/out/vs/workbench/api/node/extensionHostProcess.js:32:115312)
	at s.<computed>.n.charCodeAt.s.<computed> (file:///usr/share/code/resources/app/out/vs/workbench/api/node/extensionHostProcess.js:32:112806)
	at cw.g (file:///usr/share/code/resources/app/out/vs/workbench/api/node/extensionHostProcess.js:115:32313)
	at cw.executeCommand (file:///usr/share/code/resources/app/out/vs/workbench/api/node/extensionHostProcess.js:115:31817)
	at r.registerCommand.description (file:///usr/share/code/resources/app/out/vs/workbench/api/node/extensionHostProcess.js:115:31147)
	at cw.h (file:///usr/share/code/resources/app/out/vs/workbench/api/node/extensionHostProcess.js:115:32833)
	at cw.g (file:///usr/share/code/resources/app/out/vs/workbench/api/node/extensionHostProcess.js:115:31910)
	at cw.executeCommand (file:///usr/share/code/resources/app/out/vs/workbench/api/node/extensionHostProcess.js:115:31817)
	at Object.executeCommand (file:///usr/share/code/resources/app/out/vs/workbench/api/node/extensionHostProcess.js:157:37484)
	at f (/home/mpeters/.vscode/extensions/eamodio.gitlens-16.0.5/dist/gitlens.js:1482:14096)
	at c (/home/mpeters/.vscode/extensions/eamodio.gitlens-16.0.5/dist/gitlens.js:1482:18656)
	at ActionRunners._updateContextKeys (/home/mpeters/.vscode/extensions/eamodio.gitlens-16.0.5/dist/gitlens.js:1107:65661)
	at s (/home/mpeters/.vscode/extensions/eamodio.gitlens-16.0.5/dist/gitlens.js:1107:64105)
	at RegisteredActionRunner.unregister (/home/mpeters/.vscode/extensions/eamodio.gitlens-16.0.5/dist/gitlens.js:1107:64248)
	at RegisteredActionRunner.dispose (/home/mpeters/.vscode/extensions/eamodio.gitlens-16.0.5/dist/gitlens.js:1107:62902)
	at Object.dispose (/home/mpeters/.vscode/extensions/eamodio.gitlens-16.0.5/dist/gitlens.js:1107:64342)
	at ai (file:///usr/share/code/resources/app/out/vs/workbench/api/node/extensionHostProcess.js:25:699)
	at file:///usr/share/code/resources/app/out/vs/workbench/api/node/extensionHostProcess.js:119:14992
	at file:///usr/share/code/resources/app/out/vs/workbench/api/node/extensionHostProcess.js:25:1009
	at Object.dispose (file:///usr/share/code/resources/app/out/vs/workbench/api/node/extensionHostProcess.js:8:705)
	at zz.eb (file:///usr/share/code/resources/app/out/vs/workbench/api/node/extensionHostProcess.js:119:11919)
	at file:///usr/share/code/resources/app/out/vs/workbench/api/node/extensionHostProcess.js:119:9874
	at Array.map (<anonymous>)
	at zz.$ (file:///usr/share/code/resources/app/out/vs/workbench/api/node/extensionHostProcess.js:119:9862)
	at zz.terminate (file:///usr/share/code/resources/app/out/vs/workbench/api/node/extensionHostProcess.js:119:10105)
	at QC.terminate (file:///usr/share/code/resources/app/out/vs/workbench/api/node/extensionHostProcess.js:120:1424)
	at Zi (file:///usr/share/code/resources/app/out/vs/workbench/api/node/extensionHostProcess.js:175:15080)
	at MessagePortMain.<anonymous> (file:///usr/share/code/resources/app/out/vs/workbench/api/node/extensionHostProcess.js:175:11628)
	at MessagePortMain.emit (node:events:518:28)
	at MessagePortMain._internalPort.emit (node:electron/js2c/utility_init:2:2949) setContext undefined
2024-12-12 16:15:46.714 [error] Error: ENOENT: no such file or directory, open '/home/mpeters/projects/AOC/2024/_4/~/.vscode/User/globalStorage/vscodevim.vim/.registers'
2024-12-12 16:15:46.719 [error] Error: Channel has been closed
	at s (file:///usr/share/code/resources/app/out/vs/workbench/api/node/extensionHostProcess.js:121:2431)
	at Object.appendLine (file:///usr/share/code/resources/app/out/vs/workbench/api/node/extensionHostProcess.js:121:2570)
	at w.logTrace (/home/mpeters/.vscode/extensions/ms-python.black-formatter-2024.4.0/dist/extension.js:1:137022)
	at Object.log (/home/mpeters/.vscode/extensions/ms-python.black-formatter-2024.4.0/dist/extension.js:1:130515)
	at /home/mpeters/.vscode/extensions/ms-python.black-formatter-2024.4.0/dist/extension.js:1:87217
	at /home/mpeters/.vscode/extensions/ms-python.black-formatter-2024.4.0/dist/extension.js:1:87412
	at ie (/home/mpeters/.vscode/extensions/ms-python.black-formatter-2024.4.0/dist/extension.js:1:87777)
	at /home/mpeters/.vscode/extensions/ms-python.black-formatter-2024.4.0/dist/extension.js:1:82561
	at Immediate.<anonymous> (/home/mpeters/.vscode/extensions/ms-python.black-formatter-2024.4.0/dist/extension.js:1:82581)
	at process.processImmediate (node:internal/timers:483:21)
2024-12-12 16:15:46.727 [error] Error: Channel has been closed
	at s (file:///usr/share/code/resources/app/out/vs/workbench/api/node/extensionHostProcess.js:121:2431)
	at Object.appendLine (file:///usr/share/code/resources/app/out/vs/workbench/api/node/extensionHostProcess.js:121:2570)
	at _0x3abb0e.<computed>.<computed> [as appendLine] (/home/mpeters/.vscode/extensions/ms-python.vscode-pylance-2024.12.1/dist/extension.bundle.js:1:236608)
	at T.logOutputMessage (/home/mpeters/.vscode/extensions/ms-python.python-2024.22.0-linux-x64/out/client/extension.js:2:2092948)
	at T.info (/home/mpeters/.vscode/extensions/ms-python.python-2024.22.0-linux-x64/out/client/extension.js:2:2092681)
	at ChildProcess.<anonymous> (/home/mpeters/.vscode/extensions/ms-python.python-2024.22.0-linux-x64/out/client/extension.js:2:2311024)
	at ChildProcess.emit (node:events:518:28)
	at ChildProcess._handle.onexit (node:internal/child_process:293:12)
2024-12-12 16:15:47.848 [info] Extension host with pid 69724 started
2024-12-12 16:15:47.848 [info] Skipping acquiring lock for /home/mpeters/projects/AOC/2024/_4/~/.vscode/User/workspaceStorage/5ff2b6102d69df9d134045b17113f36e.
2024-12-12 16:15:47.879 [info] ExtensionService#_doActivateExtension vscode.github-authentication, startup: false, activationEvent: 'onAuthenticationRequest:github'
2024-12-12 16:15:47.911 [info] ExtensionService#_doActivateExtension r3stl355.databricks-notebook-runner, startup: false, activationEvent: 'onNotebookSerializer:db-notebook'
2024-12-12 16:15:47.942 [info] ExtensionService#_doActivateExtension vscode.git-base, startup: true, activationEvent: '*', root cause: vscode.git
2024-12-12 16:15:47.943 [info] ExtensionService#_doActivateExtension mhutchie.git-graph, startup: true, activationEvent: '*'
2024-12-12 16:15:48.014 [info] ExtensionService#_doActivateExtension vscode.git, startup: true, activationEvent: '*'
2024-12-12 16:15:48.082 [info] ExtensionService#_doActivateExtension vscode.github, startup: true, activationEvent: '*'
2024-12-12 16:15:48.209 [info] ExtensionService#_doActivateExtension ms-python.python, startup: false, activationEvent: 'onLanguage:python', root cause: ms-python.black-formatter
2024-12-12 16:15:48.473 [info] ExtensionService#_doActivateExtension vscode.emmet, startup: false, activationEvent: 'onLanguage'
2024-12-12 16:15:48.705 [error] Error: Channel has been closed
	at s (file:///usr/share/code/resources/app/out/vs/workbench/api/node/extensionHostProcess.js:121:2431)
	at Object.appendLine (file:///usr/share/code/resources/app/out/vs/workbench/api/node/extensionHostProcess.js:121:2570)
	at w.logOutputMessage (/home/mpeters/.vscode/extensions/ms-python.black-formatter-2024.4.0/dist/extension.js:1:136449)
	at w.error (/home/mpeters/.vscode/extensions/ms-python.black-formatter-2024.4.0/dist/extension.js:1:136340)
	at /home/mpeters/.vscode/extensions/ms-python.black-formatter-2024.4.0/dist/extension.js:1:144715
	at async t.deactivate (/home/mpeters/.vscode/extensions/ms-python.black-formatter-2024.4.0/dist/extension.js:1:68581)
	at async Promise.all (index 13)
	at async zz.$ (file:///usr/share/code/resources/app/out/vs/workbench/api/node/extensionHostProcess.js:119:9888)
2024-12-12 16:15:48.705 [info] Extension host with pid 68730 exiting with code 0
2024-12-12 16:15:48.776 [info] ExtensionService#_doActivateExtension vscode.npm, startup: false, activationEvent: 'onTerminalQuickFixRequest:ms-vscode.npm-command'
2024-12-12 16:15:48.848 [info] ExtensionService#_doActivateExtension ms-python.black-formatter, startup: false, activationEvent: 'onLanguage:python'
2024-12-12 16:15:48.890 [info] ExtensionService#_doActivateExtension ms-python.debugpy, startup: false, activationEvent: 'onLanguage:python'
2024-12-12 16:15:48.948 [info] ExtensionService#_doActivateExtension ms-python.vscode-pylance, startup: false, activationEvent: 'onLanguage:python'
2024-12-12 16:15:49.284 [info] Eager extensions activated
2024-12-12 16:15:49.349 [info] ExtensionService#_doActivateExtension vscode.debug-auto-launch, startup: false, activationEvent: 'onStartupFinished'
2024-12-12 16:15:49.351 [info] ExtensionService#_doActivateExtension vscode.merge-conflict, startup: false, activationEvent: 'onStartupFinished'
2024-12-12 16:15:49.369 [info] ExtensionService#_doActivateExtension Azurite.azurite, startup: false, activationEvent: 'onStartupFinished'
2024-12-12 16:15:49.637 [info] ExtensionService#_doActivateExtension eamodio.gitlens, startup: false, activationEvent: 'onStartupFinished'
2024-12-12 16:15:49.768 [info] ExtensionService#_doActivateExtension GitHub.vscode-pull-request-github, startup: false, activationEvent: 'onStartupFinished'
2024-12-12 16:15:49.879 [info] ExtensionService#_doActivateExtension ms-dotnettools.vscode-dotnet-runtime, startup: false, activationEvent: 'onStartupFinished'
2024-12-12 16:15:49.944 [info] ExtensionService#_doActivateExtension vscodevim.vim, startup: false, activationEvent: 'onStartupFinished'
2024-12-12 16:15:51.323 [error] Error: ENOENT: no such file or directory, open '/home/mpeters/projects/AOC/2024/_4/~/.vscode/User/globalStorage/vscodevim.vim/.registers'
2024-12-12 16:16:13.565 [info] Extension host terminating: renderer closed the MessagePort
2024-12-12 16:16:13.596 [error] Canceled: Canceled
	at new IT (file:///usr/share/code/resources/app/out/vs/workbench/api/node/extensionHostProcess.js:32:110702)
	at Dy.U (file:///usr/share/code/resources/app/out/vs/workbench/api/node/extensionHostProcess.js:32:115312)
	at s.<computed>.n.charCodeAt.s.<computed> (file:///usr/share/code/resources/app/out/vs/workbench/api/node/extensionHostProcess.js:32:112806)
	at cw.g (file:///usr/share/code/resources/app/out/vs/workbench/api/node/extensionHostProcess.js:115:32313)
	at cw.executeCommand (file:///usr/share/code/resources/app/out/vs/workbench/api/node/extensionHostProcess.js:115:31817)
	at r.registerCommand.description (file:///usr/share/code/resources/app/out/vs/workbench/api/node/extensionHostProcess.js:115:31147)
	at cw.h (file:///usr/share/code/resources/app/out/vs/workbench/api/node/extensionHostProcess.js:115:32833)
	at cw.g (file:///usr/share/code/resources/app/out/vs/workbench/api/node/extensionHostProcess.js:115:31910)
	at cw.executeCommand (file:///usr/share/code/resources/app/out/vs/workbench/api/node/extensionHostProcess.js:115:31817)
	at Object.executeCommand (file:///usr/share/code/resources/app/out/vs/workbench/api/node/extensionHostProcess.js:157:37484)
	at f (/home/mpeters/.vscode/extensions/eamodio.gitlens-16.0.5/dist/gitlens.js:1482:14096)
	at c (/home/mpeters/.vscode/extensions/eamodio.gitlens-16.0.5/dist/gitlens.js:1482:18656)
	at ActionRunners._updateContextKeys (/home/mpeters/.vscode/extensions/eamodio.gitlens-16.0.5/dist/gitlens.js:1107:65661)
	at s (/home/mpeters/.vscode/extensions/eamodio.gitlens-16.0.5/dist/gitlens.js:1107:64105)
	at RegisteredActionRunner.unregister (/home/mpeters/.vscode/extensions/eamodio.gitlens-16.0.5/dist/gitlens.js:1107:64248)
	at RegisteredActionRunner.dispose (/home/mpeters/.vscode/extensions/eamodio.gitlens-16.0.5/dist/gitlens.js:1107:62902)
	at ActionRunners.dispose (/home/mpeters/.vscode/extensions/eamodio.gitlens-16.0.5/dist/gitlens.js:1107:63688)
	at /home/mpeters/.vscode/extensions/eamodio.gitlens-16.0.5/dist/gitlens.js:1428:14975
	at Array.forEach (<anonymous>)
	at Object.dispose (/home/mpeters/.vscode/extensions/eamodio.gitlens-16.0.5/dist/gitlens.js:1428:14957)
	at ai (file:///usr/share/code/resources/app/out/vs/workbench/api/node/extensionHostProcess.js:25:699)
	at file:///usr/share/code/resources/app/out/vs/workbench/api/node/extensionHostProcess.js:119:14992
	at file:///usr/share/code/resources/app/out/vs/workbench/api/node/extensionHostProcess.js:25:1009
	at Object.dispose (file:///usr/share/code/resources/app/out/vs/workbench/api/node/extensionHostProcess.js:8:705)
	at zz.eb (file:///usr/share/code/resources/app/out/vs/workbench/api/node/extensionHostProcess.js:119:11919)
	at file:///usr/share/code/resources/app/out/vs/workbench/api/node/extensionHostProcess.js:119:9874
	at Array.map (<anonymous>)
	at zz.$ (file:///usr/share/code/resources/app/out/vs/workbench/api/node/extensionHostProcess.js:119:9862)
	at zz.terminate (file:///usr/share/code/resources/app/out/vs/workbench/api/node/extensionHostProcess.js:119:10105)
	at QC.terminate (file:///usr/share/code/resources/app/out/vs/workbench/api/node/extensionHostProcess.js:120:1424)
	at Zi (file:///usr/share/code/resources/app/out/vs/workbench/api/node/extensionHostProcess.js:175:15080)
	at MessagePortMain.<anonymous> (file:///usr/share/code/resources/app/out/vs/workbench/api/node/extensionHostProcess.js:175:11628)
	at MessagePortMain.emit (node:events:518:28)
	at MessagePortMain._internalPort.emit (node:electron/js2c/utility_init:2:2949) setContext undefined
2024-12-12 16:16:13.596 [error] Canceled: Canceled
	at new IT (file:///usr/share/code/resources/app/out/vs/workbench/api/node/extensionHostProcess.js:32:110702)
	at Dy.U (file:///usr/share/code/resources/app/out/vs/workbench/api/node/extensionHostProcess.js:32:115312)
	at s.<computed>.n.charCodeAt.s.<computed> (file:///usr/share/code/resources/app/out/vs/workbench/api/node/extensionHostProcess.js:32:112806)
	at cw.g (file:///usr/share/code/resources/app/out/vs/workbench/api/node/extensionHostProcess.js:115:32313)
	at cw.executeCommand (file:///usr/share/code/resources/app/out/vs/workbench/api/node/extensionHostProcess.js:115:31817)
	at r.registerCommand.description (file:///usr/share/code/resources/app/out/vs/workbench/api/node/extensionHostProcess.js:115:31147)
	at cw.h (file:///usr/share/code/resources/app/out/vs/workbench/api/node/extensionHostProcess.js:115:32833)
	at cw.g (file:///usr/share/code/resources/app/out/vs/workbench/api/node/extensionHostProcess.js:115:31910)
	at cw.executeCommand (file:///usr/share/code/resources/app/out/vs/workbench/api/node/extensionHostProcess.js:115:31817)
	at Object.executeCommand (file:///usr/share/code/resources/app/out/vs/workbench/api/node/extensionHostProcess.js:157:37484)
	at f (/home/mpeters/.vscode/extensions/eamodio.gitlens-16.0.5/dist/gitlens.js:1482:14096)
	at c (/home/mpeters/.vscode/extensions/eamodio.gitlens-16.0.5/dist/gitlens.js:1482:18656)
	at ActionRunners._updateContextKeys (/home/mpeters/.vscode/extensions/eamodio.gitlens-16.0.5/dist/gitlens.js:1107:65661)
	at s (/home/mpeters/.vscode/extensions/eamodio.gitlens-16.0.5/dist/gitlens.js:1107:64105)
	at RegisteredActionRunner.unregister (/home/mpeters/.vscode/extensions/eamodio.gitlens-16.0.5/dist/gitlens.js:1107:64248)
	at RegisteredActionRunner.dispose (/home/mpeters/.vscode/extensions/eamodio.gitlens-16.0.5/dist/gitlens.js:1107:62902)
	at ActionRunners.dispose (/home/mpeters/.vscode/extensions/eamodio.gitlens-16.0.5/dist/gitlens.js:1107:63688)
	at /home/mpeters/.vscode/extensions/eamodio.gitlens-16.0.5/dist/gitlens.js:1428:14975
	at Array.forEach (<anonymous>)
	at Object.dispose (/home/mpeters/.vscode/extensions/eamodio.gitlens-16.0.5/dist/gitlens.js:1428:14957)
	at ai (file:///usr/share/code/resources/app/out/vs/workbench/api/node/extensionHostProcess.js:25:699)
	at file:///usr/share/code/resources/app/out/vs/workbench/api/node/extensionHostProcess.js:119:14992
	at file:///usr/share/code/resources/app/out/vs/workbench/api/node/extensionHostProcess.js:25:1009
	at Object.dispose (file:///usr/share/code/resources/app/out/vs/workbench/api/node/extensionHostProcess.js:8:705)
	at zz.eb (file:///usr/share/code/resources/app/out/vs/workbench/api/node/extensionHostProcess.js:119:11919)
	at file:///usr/share/code/resources/app/out/vs/workbench/api/node/extensionHostProcess.js:119:9874
	at Array.map (<anonymous>)
	at zz.$ (file:///usr/share/code/resources/app/out/vs/workbench/api/node/extensionHostProcess.js:119:9862)
	at zz.terminate (file:///usr/share/code/resources/app/out/vs/workbench/api/node/extensionHostProcess.js:119:10105)
	at QC.terminate (file:///usr/share/code/resources/app/out/vs/workbench/api/node/extensionHostProcess.js:120:1424)
	at Zi (file:///usr/share/code/resources/app/out/vs/workbench/api/node/extensionHostProcess.js:175:15080)
	at MessagePortMain.<anonymous> (file:///usr/share/code/resources/app/out/vs/workbench/api/node/extensionHostProcess.js:175:11628)
	at MessagePortMain.emit (node:events:518:28)
	at MessagePortMain._internalPort.emit (node:electron/js2c/utility_init:2:2949) setContext undefined
2024-12-12 16:16:13.597 [error] Canceled: Canceled
	at new IT (file:///usr/share/code/resources/app/out/vs/workbench/api/node/extensionHostProcess.js:32:110702)
	at Dy.U (file:///usr/share/code/resources/app/out/vs/workbench/api/node/extensionHostProcess.js:32:115312)
	at s.<computed>.n.charCodeAt.s.<computed> (file:///usr/share/code/resources/app/out/vs/workbench/api/node/extensionHostProcess.js:32:112806)
	at cw.g (file:///usr/share/code/resources/app/out/vs/workbench/api/node/extensionHostProcess.js:115:32313)
	at cw.executeCommand (file:///usr/share/code/resources/app/out/vs/workbench/api/node/extensionHostProcess.js:115:31817)
	at r.registerCommand.description (file:///usr/share/code/resources/app/out/vs/workbench/api/node/extensionHostProcess.js:115:31147)
	at cw.h (file:///usr/share/code/resources/app/out/vs/workbench/api/node/extensionHostProcess.js:115:32833)
	at cw.g (file:///usr/share/code/resources/app/out/vs/workbench/api/node/extensionHostProcess.js:115:31910)
	at cw.executeCommand (file:///usr/share/code/resources/app/out/vs/workbench/api/node/extensionHostProcess.js:115:31817)
	at Object.executeCommand (file:///usr/share/code/resources/app/out/vs/workbench/api/node/extensionHostProcess.js:157:37484)
	at f (/home/mpeters/.vscode/extensions/eamodio.gitlens-16.0.5/dist/gitlens.js:1482:14096)
	at c (/home/mpeters/.vscode/extensions/eamodio.gitlens-16.0.5/dist/gitlens.js:1482:18656)
	at ActionRunners._updateContextKeys (/home/mpeters/.vscode/extensions/eamodio.gitlens-16.0.5/dist/gitlens.js:1107:65661)
	at s (/home/mpeters/.vscode/extensions/eamodio.gitlens-16.0.5/dist/gitlens.js:1107:64105)
	at RegisteredActionRunner.unregister (/home/mpeters/.vscode/extensions/eamodio.gitlens-16.0.5/dist/gitlens.js:1107:64248)
	at RegisteredActionRunner.dispose (/home/mpeters/.vscode/extensions/eamodio.gitlens-16.0.5/dist/gitlens.js:1107:62902)
	at Object.dispose (/home/mpeters/.vscode/extensions/eamodio.gitlens-16.0.5/dist/gitlens.js:1107:64342)
	at ai (file:///usr/share/code/resources/app/out/vs/workbench/api/node/extensionHostProcess.js:25:699)
	at file:///usr/share/code/resources/app/out/vs/workbench/api/node/extensionHostProcess.js:119:14992
	at file:///usr/share/code/resources/app/out/vs/workbench/api/node/extensionHostProcess.js:25:1009
	at Object.dispose (file:///usr/share/code/resources/app/out/vs/workbench/api/node/extensionHostProcess.js:8:705)
	at zz.eb (file:///usr/share/code/resources/app/out/vs/workbench/api/node/extensionHostProcess.js:119:11919)
	at file:///usr/share/code/resources/app/out/vs/workbench/api/node/extensionHostProcess.js:119:9874
	at Array.map (<anonymous>)
	at zz.$ (file:///usr/share/code/resources/app/out/vs/workbench/api/node/extensionHostProcess.js:119:9862)
	at zz.terminate (file:///usr/share/code/resources/app/out/vs/workbench/api/node/extensionHostProcess.js:119:10105)
	at QC.terminate (file:///usr/share/code/resources/app/out/vs/workbench/api/node/extensionHostProcess.js:120:1424)
	at Zi (file:///usr/share/code/resources/app/out/vs/workbench/api/node/extensionHostProcess.js:175:15080)
	at MessagePortMain.<anonymous> (file:///usr/share/code/resources/app/out/vs/workbench/api/node/extensionHostProcess.js:175:11628)
	at MessagePortMain.emit (node:events:518:28)
	at MessagePortMain._internalPort.emit (node:electron/js2c/utility_init:2:2949) setContext undefined
2024-12-12 16:16:13.597 [error] Error: ENOENT: no such file or directory, open '/home/mpeters/projects/AOC/2024/_4/~/.vscode/User/globalStorage/vscodevim.vim/.registers'
2024-12-12 16:16:13.600 [error] Error: Channel has been closed
	at s (file:///usr/share/code/resources/app/out/vs/workbench/api/node/extensionHostProcess.js:121:2431)
	at Object.appendLine (file:///usr/share/code/resources/app/out/vs/workbench/api/node/extensionHostProcess.js:121:2570)
	at w.logTrace (/home/mpeters/.vscode/extensions/ms-python.black-formatter-2024.4.0/dist/extension.js:1:137022)
	at Object.log (/home/mpeters/.vscode/extensions/ms-python.black-formatter-2024.4.0/dist/extension.js:1:130515)
	at /home/mpeters/.vscode/extensions/ms-python.black-formatter-2024.4.0/dist/extension.js:1:87217
	at /home/mpeters/.vscode/extensions/ms-python.black-formatter-2024.4.0/dist/extension.js:1:87412
	at ie (/home/mpeters/.vscode/extensions/ms-python.black-formatter-2024.4.0/dist/extension.js:1:87777)
	at /home/mpeters/.vscode/extensions/ms-python.black-formatter-2024.4.0/dist/extension.js:1:82561
	at Immediate.<anonymous> (/home/mpeters/.vscode/extensions/ms-python.black-formatter-2024.4.0/dist/extension.js:1:82581)
	at process.processImmediate (node:internal/timers:483:21)
2024-12-12 16:16:13.610 [error] Error: Channel has been closed
	at s (file:///usr/share/code/resources/app/out/vs/workbench/api/node/extensionHostProcess.js:121:2431)
	at Object.appendLine (file:///usr/share/code/resources/app/out/vs/workbench/api/node/extensionHostProcess.js:121:2570)
	at _0x3abb0e.<computed>.<computed> [as appendLine] (/home/mpeters/.vscode/extensions/ms-python.vscode-pylance-2024.12.1/dist/extension.bundle.js:1:236608)
	at T.logOutputMessage (/home/mpeters/.vscode/extensions/ms-python.python-2024.22.0-linux-x64/out/client/extension.js:2:2092948)
	at T.info (/home/mpeters/.vscode/extensions/ms-python.python-2024.22.0-linux-x64/out/client/extension.js:2:2092681)
	at ChildProcess.<anonymous> (/home/mpeters/.vscode/extensions/ms-python.python-2024.22.0-linux-x64/out/client/extension.js:2:2311024)
	at ChildProcess.emit (node:events:518:28)
	at ChildProcess._handle.onexit (node:internal/child_process:293:12)
2024-12-12 16:16:14.119 [info] Extension host with pid 70494 started
2024-12-12 16:16:14.119 [info] Skipping acquiring lock for /home/mpeters/projects/AOC/2024/_4/~/.vscode/User/workspaceStorage/5ff2b6102d69df9d134045b17113f36e.
2024-12-12 16:16:14.134 [info] ExtensionService#_doActivateExtension vscode.github-authentication, startup: false, activationEvent: 'onAuthenticationRequest:github'
2024-12-12 16:16:14.169 [info] ExtensionService#_doActivateExtension ms-python.python, startup: false, activationEvent: 'onLanguage:python', root cause: ms-python.black-formatter
2024-12-12 16:16:14.389 [info] ExtensionService#_doActivateExtension vscode.emmet, startup: false, activationEvent: 'onLanguage'
2024-12-12 16:16:14.410 [info] ExtensionService#_doActivateExtension vscode.npm, startup: false, activationEvent: 'onTerminalQuickFixRequest:ms-vscode.npm-command'
2024-12-12 16:16:14.614 [info] ExtensionService#_doActivateExtension ms-python.black-formatter, startup: false, activationEvent: 'onLanguage:python'
2024-12-12 16:16:14.649 [info] ExtensionService#_doActivateExtension ms-python.debugpy, startup: false, activationEvent: 'onLanguage:python'
2024-12-12 16:16:14.698 [info] ExtensionService#_doActivateExtension ms-python.vscode-pylance, startup: false, activationEvent: 'onLanguage:python'
2024-12-12 16:16:15.067 [info] ExtensionService#_doActivateExtension vscode.git-base, startup: true, activationEvent: '*', root cause: vscode.git
2024-12-12 16:16:15.069 [info] ExtensionService#_doActivateExtension mhutchie.git-graph, startup: true, activationEvent: '*'
2024-12-12 16:16:15.124 [info] ExtensionService#_doActivateExtension vscode.git, startup: true, activationEvent: '*'
2024-12-12 16:16:15.176 [info] ExtensionService#_doActivateExtension vscode.github, startup: true, activationEvent: '*'
2024-12-12 16:16:15.263 [info] Eager extensions activated
2024-12-12 16:16:15.278 [info] ExtensionService#_doActivateExtension vscode.debug-auto-launch, startup: false, activationEvent: 'onStartupFinished'
2024-12-12 16:16:15.280 [info] ExtensionService#_doActivateExtension vscode.merge-conflict, startup: false, activationEvent: 'onStartupFinished'
2024-12-12 16:16:15.294 [info] ExtensionService#_doActivateExtension Azurite.azurite, startup: false, activationEvent: 'onStartupFinished'
2024-12-12 16:16:15.538 [info] ExtensionService#_doActivateExtension eamodio.gitlens, startup: false, activationEvent: 'onStartupFinished'
2024-12-12 16:16:15.589 [error] Error: Channel has been closed
	at s (file:///usr/share/code/resources/app/out/vs/workbench/api/node/extensionHostProcess.js:121:2431)
	at Object.appendLine (file:///usr/share/code/resources/app/out/vs/workbench/api/node/extensionHostProcess.js:121:2570)
	at w.logOutputMessage (/home/mpeters/.vscode/extensions/ms-python.black-formatter-2024.4.0/dist/extension.js:1:136449)
	at w.error (/home/mpeters/.vscode/extensions/ms-python.black-formatter-2024.4.0/dist/extension.js:1:136340)
	at /home/mpeters/.vscode/extensions/ms-python.black-formatter-2024.4.0/dist/extension.js:1:144715
	at async t.deactivate (/home/mpeters/.vscode/extensions/ms-python.black-formatter-2024.4.0/dist/extension.js:1:68581)
	at async Promise.all (index 13)
	at async zz.$ (file:///usr/share/code/resources/app/out/vs/workbench/api/node/extensionHostProcess.js:119:9888)
2024-12-12 16:16:15.589 [info] Extension host with pid 69724 exiting with code 0
2024-12-12 16:16:15.673 [info] ExtensionService#_doActivateExtension GitHub.vscode-pull-request-github, startup: false, activationEvent: 'onStartupFinished'
2024-12-12 16:16:15.775 [info] ExtensionService#_doActivateExtension ms-dotnettools.vscode-dotnet-runtime, startup: false, activationEvent: 'onStartupFinished'
2024-12-12 16:16:15.835 [info] ExtensionService#_doActivateExtension vscodevim.vim, startup: false, activationEvent: 'onStartupFinished'
2024-12-12 16:16:17.146 [error] Error: ENOENT: no such file or directory, open '/home/mpeters/projects/AOC/2024/_4/~/.vscode/User/globalStorage/vscodevim.vim/.registers'
2024-12-13 06:55:39.723 [info] Extension host terminating: renderer closed the MessagePort
2024-12-13 06:55:39.771 [error] TypeError: r.some is not a function
	at h.saveToDisk (/home/mpeters/.vscode/extensions/vscodevim.vim-1.29.0/out/extension.js:2:663045)
	at t.deactivate (/home/mpeters/.vscode/extensions/vscodevim.vim-1.29.0/out/extension.js:2:177330)
	at zz.eb (file:///usr/share/code/resources/app/out/vs/workbench/api/node/extensionHostProcess.js:119:11724)
	at file:///usr/share/code/resources/app/out/vs/workbench/api/node/extensionHostProcess.js:119:9874
	at Array.map (<anonymous>)
	at zz.$ (file:///usr/share/code/resources/app/out/vs/workbench/api/node/extensionHostProcess.js:119:9862)
	at zz.terminate (file:///usr/share/code/resources/app/out/vs/workbench/api/node/extensionHostProcess.js:119:10105)
	at QC.terminate (file:///usr/share/code/resources/app/out/vs/workbench/api/node/extensionHostProcess.js:120:1424)
	at Zi (file:///usr/share/code/resources/app/out/vs/workbench/api/node/extensionHostProcess.js:175:15080)
	at MessagePortMain.<anonymous> (file:///usr/share/code/resources/app/out/vs/workbench/api/node/extensionHostProcess.js:175:11628)
	at MessagePortMain.emit (node:events:518:28)
	at MessagePortMain._internalPort.emit (node:electron/js2c/utility_init:2:2949)
2024-12-13 06:55:39.773 [error] Canceled: Canceled
	at new IT (file:///usr/share/code/resources/app/out/vs/workbench/api/node/extensionHostProcess.js:32:110702)
	at Dy.U (file:///usr/share/code/resources/app/out/vs/workbench/api/node/extensionHostProcess.js:32:115312)
	at s.<computed>.n.charCodeAt.s.<computed> (file:///usr/share/code/resources/app/out/vs/workbench/api/node/extensionHostProcess.js:32:112806)
	at cw.g (file:///usr/share/code/resources/app/out/vs/workbench/api/node/extensionHostProcess.js:115:32313)
	at cw.executeCommand (file:///usr/share/code/resources/app/out/vs/workbench/api/node/extensionHostProcess.js:115:31817)
	at r.registerCommand.description (file:///usr/share/code/resources/app/out/vs/workbench/api/node/extensionHostProcess.js:115:31147)
	at cw.h (file:///usr/share/code/resources/app/out/vs/workbench/api/node/extensionHostProcess.js:115:32833)
	at cw.g (file:///usr/share/code/resources/app/out/vs/workbench/api/node/extensionHostProcess.js:115:31910)
	at cw.executeCommand (file:///usr/share/code/resources/app/out/vs/workbench/api/node/extensionHostProcess.js:115:31817)
	at Object.executeCommand (file:///usr/share/code/resources/app/out/vs/workbench/api/node/extensionHostProcess.js:157:37484)
	at f (/home/mpeters/.vscode/extensions/eamodio.gitlens-16.0.5/dist/gitlens.js:1482:14096)
	at c (/home/mpeters/.vscode/extensions/eamodio.gitlens-16.0.5/dist/gitlens.js:1482:18656)
	at ActionRunners._updateContextKeys (/home/mpeters/.vscode/extensions/eamodio.gitlens-16.0.5/dist/gitlens.js:1107:65661)
	at s (/home/mpeters/.vscode/extensions/eamodio.gitlens-16.0.5/dist/gitlens.js:1107:64105)
	at RegisteredActionRunner.unregister (/home/mpeters/.vscode/extensions/eamodio.gitlens-16.0.5/dist/gitlens.js:1107:64248)
	at RegisteredActionRunner.dispose (/home/mpeters/.vscode/extensions/eamodio.gitlens-16.0.5/dist/gitlens.js:1107:62902)
	at ActionRunners.dispose (/home/mpeters/.vscode/extensions/eamodio.gitlens-16.0.5/dist/gitlens.js:1107:63688)
	at /home/mpeters/.vscode/extensions/eamodio.gitlens-16.0.5/dist/gitlens.js:1428:14975
	at Array.forEach (<anonymous>)
	at Object.dispose (/home/mpeters/.vscode/extensions/eamodio.gitlens-16.0.5/dist/gitlens.js:1428:14957)
	at ai (file:///usr/share/code/resources/app/out/vs/workbench/api/node/extensionHostProcess.js:25:699)
	at file:///usr/share/code/resources/app/out/vs/workbench/api/node/extensionHostProcess.js:119:14992
	at file:///usr/share/code/resources/app/out/vs/workbench/api/node/extensionHostProcess.js:25:1009
	at Object.dispose (file:///usr/share/code/resources/app/out/vs/workbench/api/node/extensionHostProcess.js:8:705)
	at zz.eb (file:///usr/share/code/resources/app/out/vs/workbench/api/node/extensionHostProcess.js:119:11919)
	at file:///usr/share/code/resources/app/out/vs/workbench/api/node/extensionHostProcess.js:119:9874
	at Array.map (<anonymous>)
	at zz.$ (file:///usr/share/code/resources/app/out/vs/workbench/api/node/extensionHostProcess.js:119:9862)
	at zz.terminate (file:///usr/share/code/resources/app/out/vs/workbench/api/node/extensionHostProcess.js:119:10105)
	at QC.terminate (file:///usr/share/code/resources/app/out/vs/workbench/api/node/extensionHostProcess.js:120:1424)
	at Zi (file:///usr/share/code/resources/app/out/vs/workbench/api/node/extensionHostProcess.js:175:15080)
	at MessagePortMain.<anonymous> (file:///usr/share/code/resources/app/out/vs/workbench/api/node/extensionHostProcess.js:175:11628)
	at MessagePortMain.emit (node:events:518:28)
	at MessagePortMain._internalPort.emit (node:electron/js2c/utility_init:2:2949) setContext undefined
2024-12-13 06:55:39.773 [error] Canceled: Canceled
	at new IT (file:///usr/share/code/resources/app/out/vs/workbench/api/node/extensionHostProcess.js:32:110702)
	at Dy.U (file:///usr/share/code/resources/app/out/vs/workbench/api/node/extensionHostProcess.js:32:115312)
	at s.<computed>.n.charCodeAt.s.<computed> (file:///usr/share/code/resources/app/out/vs/workbench/api/node/extensionHostProcess.js:32:112806)
	at cw.g (file:///usr/share/code/resources/app/out/vs/workbench/api/node/extensionHostProcess.js:115:32313)
	at cw.executeCommand (file:///usr/share/code/resources/app/out/vs/workbench/api/node/extensionHostProcess.js:115:31817)
	at r.registerCommand.description (file:///usr/share/code/resources/app/out/vs/workbench/api/node/extensionHostProcess.js:115:31147)
	at cw.h (file:///usr/share/code/resources/app/out/vs/workbench/api/node/extensionHostProcess.js:115:32833)
	at cw.g (file:///usr/share/code/resources/app/out/vs/workbench/api/node/extensionHostProcess.js:115:31910)
	at cw.executeCommand (file:///usr/share/code/resources/app/out/vs/workbench/api/node/extensionHostProcess.js:115:31817)
	at Object.executeCommand (file:///usr/share/code/resources/app/out/vs/workbench/api/node/extensionHostProcess.js:157:37484)
	at f (/home/mpeters/.vscode/extensions/eamodio.gitlens-16.0.5/dist/gitlens.js:1482:14096)
	at c (/home/mpeters/.vscode/extensions/eamodio.gitlens-16.0.5/dist/gitlens.js:1482:18656)
	at ActionRunners._updateContextKeys (/home/mpeters/.vscode/extensions/eamodio.gitlens-16.0.5/dist/gitlens.js:1107:65661)
	at s (/home/mpeters/.vscode/extensions/eamodio.gitlens-16.0.5/dist/gitlens.js:1107:64105)
	at RegisteredActionRunner.unregister (/home/mpeters/.vscode/extensions/eamodio.gitlens-16.0.5/dist/gitlens.js:1107:64248)
	at RegisteredActionRunner.dispose (/home/mpeters/.vscode/extensions/eamodio.gitlens-16.0.5/dist/gitlens.js:1107:62902)
	at ActionRunners.dispose (/home/mpeters/.vscode/extensions/eamodio.gitlens-16.0.5/dist/gitlens.js:1107:63688)
	at /home/mpeters/.vscode/extensions/eamodio.gitlens-16.0.5/dist/gitlens.js:1428:14975
	at Array.forEach (<anonymous>)
	at Object.dispose (/home/mpeters/.vscode/extensions/eamodio.gitlens-16.0.5/dist/gitlens.js:1428:14957)
	at ai (file:///usr/share/code/resources/app/out/vs/workbench/api/node/extensionHostProcess.js:25:699)
	at file:///usr/share/code/resources/app/out/vs/workbench/api/node/extensionHostProcess.js:119:14992
	at file:///usr/share/code/resources/app/out/vs/workbench/api/node/extensionHostProcess.js:25:1009
	at Object.dispose (file:///usr/share/code/resources/app/out/vs/workbench/api/node/extensionHostProcess.js:8:705)
	at zz.eb (file:///usr/share/code/resources/app/out/vs/workbench/api/node/extensionHostProcess.js:119:11919)
	at file:///usr/share/code/resources/app/out/vs/workbench/api/node/extensionHostProcess.js:119:9874
	at Array.map (<anonymous>)
	at zz.$ (file:///usr/share/code/resources/app/out/vs/workbench/api/node/extensionHostProcess.js:119:9862)
	at zz.terminate (file:///usr/share/code/resources/app/out/vs/workbench/api/node/extensionHostProcess.js:119:10105)
	at QC.terminate (file:///usr/share/code/resources/app/out/vs/workbench/api/node/extensionHostProcess.js:120:1424)
	at Zi (file:///usr/share/code/resources/app/out/vs/workbench/api/node/extensionHostProcess.js:175:15080)
	at MessagePortMain.<anonymous> (file:///usr/share/code/resources/app/out/vs/workbench/api/node/extensionHostProcess.js:175:11628)
	at MessagePortMain.emit (node:events:518:28)
	at MessagePortMain._internalPort.emit (node:electron/js2c/utility_init:2:2949) setContext undefined
2024-12-13 06:55:39.774 [error] Canceled: Canceled
	at new IT (file:///usr/share/code/resources/app/out/vs/workbench/api/node/extensionHostProcess.js:32:110702)
	at Dy.U (file:///usr/share/code/resources/app/out/vs/workbench/api/node/extensionHostProcess.js:32:115312)
	at s.<computed>.n.charCodeAt.s.<computed> (file:///usr/share/code/resources/app/out/vs/workbench/api/node/extensionHostProcess.js:32:112806)
	at cw.g (file:///usr/share/code/resources/app/out/vs/workbench/api/node/extensionHostProcess.js:115:32313)
	at cw.executeCommand (file:///usr/share/code/resources/app/out/vs/workbench/api/node/extensionHostProcess.js:115:31817)
	at r.registerCommand.description (file:///usr/share/code/resources/app/out/vs/workbench/api/node/extensionHostProcess.js:115:31147)
	at cw.h (file:///usr/share/code/resources/app/out/vs/workbench/api/node/extensionHostProcess.js:115:32833)
	at cw.g (file:///usr/share/code/resources/app/out/vs/workbench/api/node/extensionHostProcess.js:115:31910)
	at cw.executeCommand (file:///usr/share/code/resources/app/out/vs/workbench/api/node/extensionHostProcess.js:115:31817)
	at Object.executeCommand (file:///usr/share/code/resources/app/out/vs/workbench/api/node/extensionHostProcess.js:157:37484)
	at f (/home/mpeters/.vscode/extensions/eamodio.gitlens-16.0.5/dist/gitlens.js:1482:14096)
	at c (/home/mpeters/.vscode/extensions/eamodio.gitlens-16.0.5/dist/gitlens.js:1482:18656)
	at ActionRunners._updateContextKeys (/home/mpeters/.vscode/extensions/eamodio.gitlens-16.0.5/dist/gitlens.js:1107:65661)
	at s (/home/mpeters/.vscode/extensions/eamodio.gitlens-16.0.5/dist/gitlens.js:1107:64105)
	at RegisteredActionRunner.unregister (/home/mpeters/.vscode/extensions/eamodio.gitlens-16.0.5/dist/gitlens.js:1107:64248)
	at RegisteredActionRunner.dispose (/home/mpeters/.vscode/extensions/eamodio.gitlens-16.0.5/dist/gitlens.js:1107:62902)
	at Object.dispose (/home/mpeters/.vscode/extensions/eamodio.gitlens-16.0.5/dist/gitlens.js:1107:64342)
	at ai (file:///usr/share/code/resources/app/out/vs/workbench/api/node/extensionHostProcess.js:25:699)
	at file:///usr/share/code/resources/app/out/vs/workbench/api/node/extensionHostProcess.js:119:14992
	at file:///usr/share/code/resources/app/out/vs/workbench/api/node/extensionHostProcess.js:25:1009
	at Object.dispose (file:///usr/share/code/resources/app/out/vs/workbench/api/node/extensionHostProcess.js:8:705)
	at zz.eb (file:///usr/share/code/resources/app/out/vs/workbench/api/node/extensionHostProcess.js:119:11919)
	at file:///usr/share/code/resources/app/out/vs/workbench/api/node/extensionHostProcess.js:119:9874
	at Array.map (<anonymous>)
	at zz.$ (file:///usr/share/code/resources/app/out/vs/workbench/api/node/extensionHostProcess.js:119:9862)
	at zz.terminate (file:///usr/share/code/resources/app/out/vs/workbench/api/node/extensionHostProcess.js:119:10105)
	at QC.terminate (file:///usr/share/code/resources/app/out/vs/workbench/api/node/extensionHostProcess.js:120:1424)
	at Zi (file:///usr/share/code/resources/app/out/vs/workbench/api/node/extensionHostProcess.js:175:15080)
	at MessagePortMain.<anonymous> (file:///usr/share/code/resources/app/out/vs/workbench/api/node/extensionHostProcess.js:175:11628)
	at MessagePortMain.emit (node:events:518:28)
	at MessagePortMain._internalPort.emit (node:electron/js2c/utility_init:2:2949) setContext undefined
2024-12-13 06:55:39.779 [error] Error: Channel has been closed
	at s (file:///usr/share/code/resources/app/out/vs/workbench/api/node/extensionHostProcess.js:121:2431)
	at Object.appendLine (file:///usr/share/code/resources/app/out/vs/workbench/api/node/extensionHostProcess.js:121:2570)
	at w.logTrace (/home/mpeters/.vscode/extensions/ms-python.black-formatter-2024.4.0/dist/extension.js:1:137022)
	at Object.log (/home/mpeters/.vscode/extensions/ms-python.black-formatter-2024.4.0/dist/extension.js:1:130515)
	at /home/mpeters/.vscode/extensions/ms-python.black-formatter-2024.4.0/dist/extension.js:1:87217
	at /home/mpeters/.vscode/extensions/ms-python.black-formatter-2024.4.0/dist/extension.js:1:87412
	at ie (/home/mpeters/.vscode/extensions/ms-python.black-formatter-2024.4.0/dist/extension.js:1:87777)
	at /home/mpeters/.vscode/extensions/ms-python.black-formatter-2024.4.0/dist/extension.js:1:82561
	at Immediate.<anonymous> (/home/mpeters/.vscode/extensions/ms-python.black-formatter-2024.4.0/dist/extension.js:1:82581)
	at process.processImmediate (node:internal/timers:483:21)
2024-12-13 06:55:39.806 [error] Error: Channel has been closed
	at s (file:///usr/share/code/resources/app/out/vs/workbench/api/node/extensionHostProcess.js:121:2431)
	at Object.appendLine (file:///usr/share/code/resources/app/out/vs/workbench/api/node/extensionHostProcess.js:121:2570)
	at _0x3abb0e.<computed>.<computed> [as appendLine] (/home/mpeters/.vscode/extensions/ms-python.vscode-pylance-2024.12.1/dist/extension.bundle.js:1:236608)
	at T.logOutputMessage (/home/mpeters/.vscode/extensions/ms-python.python-2024.22.0-linux-x64/out/client/extension.js:2:2092948)
	at T.info (/home/mpeters/.vscode/extensions/ms-python.python-2024.22.0-linux-x64/out/client/extension.js:2:2092681)
	at ChildProcess.<anonymous> (/home/mpeters/.vscode/extensions/ms-python.python-2024.22.0-linux-x64/out/client/extension.js:2:2311024)
	at ChildProcess.emit (node:events:518:28)
	at ChildProcess._handle.onexit (node:internal/child_process:293:12)
2024-12-13 06:55:41.762 [error] Error: Channel has been closed
	at s (file:///usr/share/code/resources/app/out/vs/workbench/api/node/extensionHostProcess.js:121:2431)
	at Object.appendLine (file:///usr/share/code/resources/app/out/vs/workbench/api/node/extensionHostProcess.js:121:2570)
	at w.logOutputMessage (/home/mpeters/.vscode/extensions/ms-python.black-formatter-2024.4.0/dist/extension.js:1:136449)
	at w.error (/home/mpeters/.vscode/extensions/ms-python.black-formatter-2024.4.0/dist/extension.js:1:136340)
	at /home/mpeters/.vscode/extensions/ms-python.black-formatter-2024.4.0/dist/extension.js:1:144715
	at async t.deactivate (/home/mpeters/.vscode/extensions/ms-python.black-formatter-2024.4.0/dist/extension.js:1:68581)
	at async Promise.all (index 13)
	at async zz.$ (file:///usr/share/code/resources/app/out/vs/workbench/api/node/extensionHostProcess.js:119:9888)
2024-12-13 06:55:41.762 [info] Extension host with pid 70494 exiting with code 0
