2024-12-13 11:18:03.067 [info] Reading sessions from keychain...
2024-12-13 11:18:03.067 [info] Getting sessions for all scopes...
2024-12-13 11:18:03.067 [info] Getting sessions for all scopes...
2024-12-13 11:18:03.067 [info] Getting sessions for all scopes...
2024-12-13 11:18:03.067 [info] Getting sessions for all scopes...
2024-12-13 11:18:03.067 [info] Getting sessions for all scopes...
2024-12-13 11:18:03.067 [info] Getting sessions for all scopes...
2024-12-13 11:18:03.067 [info] Getting sessions for all scopes...
2024-12-13 11:18:03.067 [info] Getting sessions for all scopes...
2024-12-13 11:18:03.067 [info] Got 0 sessions for ...
2024-12-13 11:18:03.067 [info] Got 0 sessions for ...
2024-12-13 11:18:03.067 [info] Got 0 sessions for ...
2024-12-13 11:18:03.067 [info] Got 0 sessions for ...
2024-12-13 11:18:03.067 [info] Got 0 sessions for ...
2024-12-13 11:18:03.067 [info] Got 0 sessions for ...
2024-12-13 11:18:03.067 [info] Got 0 sessions for ...
2024-12-13 11:18:03.067 [info] Got 0 sessions for ...
2024-12-13 11:18:04.724 [info] Getting sessions for all scopes...
2024-12-13 11:18:04.724 [info] Got 0 sessions for ...
2024-12-13 11:18:09.619 [info] Getting sessions for read:user,repo,user:email...
2024-12-13 11:18:09.619 [info] Got 0 sessions for read:user,repo,user:email...
2024-12-13 11:18:09.632 [info] Getting sessions for project,read:org,read:user,repo,user:email,workflow...
2024-12-13 11:18:09.632 [info] Got 0 sessions for project,read:org,read:user,repo,user:email,workflow...
2024-12-13 11:18:09.726 [info] Getting sessions for read:user,repo,user:email,workflow...
2024-12-13 11:18:09.727 [info] Got 0 sessions for read:user,repo,user:email,workflow...
2024-12-13 11:18:09.771 [info] Getting sessions for read:user,repo,user:email...
2024-12-13 11:18:09.771 [info] Got 0 sessions for read:user,repo,user:email...
2024-12-13 11:18:09.849 [info] Getting sessions for read:user,repo,user:email,workflow...
2024-12-13 11:18:09.849 [info] Got 0 sessions for read:user,repo,user:email,workflow...
