2024-12-12 16:09:03.255 [info] Started local extension host with pid 62764.
2024-12-12 16:09:03.791 [warning] [vscode-azurecontainerapps]: Couldn't find message for key containerApps.walkthrough.addWorkspaceProject.
2024-12-12 16:09:03.791 [warning] [vscode-azurecontainerapps]: Couldn't find message for key containerApps.walkthrough.azureSignIn.
2024-12-12 16:09:03.792 [warning] [vscode-azurecontainerapps]: Couldn't find message for key containerApps.walkthrough.deployWorkspaceProject.
2024-12-12 16:09:03.792 [warning] [vscode-azurecontainerapps]: Couldn't find message for key containerApps.walkthrough.cleanUpResources.
2024-12-12 16:09:03.814 [error] [/home/mpeters/.vscode/extensions/github.vscode-pull-request-github-0.102.0]: Extension is not compatible with Code 1.95.3. Extension requires: ^1.96.0.
2024-12-12 16:09:03.815 [error] [/home/mpeters/.vscode/extensions/ms-toolsai.jupyter-2024.11.0-linux-x64]: Extension is not compatible with Code 1.95.3. Extension requires: ^1.96.0.
2024-12-12 16:09:04.218 [info] Settings Sync: Updating due to initialize
2024-12-12 16:09:04.218 [info] Settings Sync: Updating authentication providers. Authentication Providers from store: [{"id":"github","scopes":["user:email"]},{"id":"microsoft","scopes":["openid","profile","email","offline_access"]}]
2024-12-12 16:09:04.218 [info] Settings Sync: Authentication providers updated ["github","microsoft"]
2024-12-12 16:09:04.287 [warning] No search provider registered for scheme: file, waiting
2024-12-12 16:09:05.441 [info] Settings Sync: Updating authentication providers. Authentication Providers from store: [{"id":"github","scopes":["user:email"]},{"id":"microsoft","scopes":["openid","profile","email","offline_access"]}]
2024-12-12 16:09:05.442 [info] Settings Sync: Authentication providers updated ["github","microsoft"]
2024-12-12 16:09:06.250 [info] [perf] Render performance baseline is 23ms
2024-12-12 16:09:06.482 [error] ENOENT: no such file or directory, open '/home/mpeters/projects/AOC/2024/_4/~/.vscode/User/globalStorage/vscodevim.vim/.registers': Error: ENOENT: no such file or directory, open '/home/mpeters/projects/AOC/2024/_4/~/.vscode/User/globalStorage/vscodevim.vim/.registers'
2024-12-12 16:09:37.636 [error] Cannot read the extension from /home/mpeters/.vscode/extensions/ms-toolsai.jupyter-2024.11.0-linux-x64: ScanningExtension: Cannot read the extension from /home/mpeters/.vscode/extensions/ms-toolsai.jupyter-2024.11.0-linux-x64
    at Kl.scanLocalExtension (file:///usr/share/code/resources/app/out/vs/code/electron-utility/sharedProcess/sharedProcessMain.js:70:73160)
2024-12-12 16:09:37.768 [error] Cannot read the extension from /home/mpeters/.vscode/extensions/github.vscode-pull-request-github-0.102.0: ScanningExtension: Cannot read the extension from /home/mpeters/.vscode/extensions/github.vscode-pull-request-github-0.102.0
    at Kl.scanLocalExtension (file:///usr/share/code/resources/app/out/vs/code/electron-utility/sharedProcess/sharedProcessMain.js:70:73160)
2024-12-12 16:10:26.458 [info] Started local extension host with pid 64027.
2024-12-12 16:10:27.374 [info] Settings Sync: Updating authentication providers. Authentication Providers from store: [{"id":"github","scopes":["user:email"]},{"id":"microsoft","scopes":["openid","profile","email","offline_access"]}]
2024-12-12 16:10:27.374 [info] Settings Sync: Authentication providers updated ["github","microsoft"]
2024-12-12 16:10:28.854 [error] No registered selector for ID: ms-vscode.npm-command
2024-12-12 16:10:30.602 [error] ENOENT: no such file or directory, open '/home/mpeters/projects/AOC/2024/_4/~/.vscode/User/globalStorage/vscodevim.vim/.registers': Error: ENOENT: no such file or directory, open '/home/mpeters/projects/AOC/2024/_4/~/.vscode/User/globalStorage/vscodevim.vim/.registers'
2024-12-12 16:10:55.688 [info] Started local extension host with pid 64755.
2024-12-12 16:10:56.548 [info] Settings Sync: Updating authentication providers. Authentication Providers from store: [{"id":"github","scopes":["user:email"]},{"id":"microsoft","scopes":["openid","profile","email","offline_access"]}]
2024-12-12 16:10:56.548 [info] Settings Sync: Authentication providers updated ["github","microsoft"]
2024-12-12 16:10:58.395 [error] No registered selector for ID: ms-vscode.npm-command
2024-12-12 16:10:59.310 [error] ENOENT: no such file or directory, open '/home/mpeters/projects/AOC/2024/_4/~/.vscode/User/globalStorage/vscodevim.vim/.registers': Error: ENOENT: no such file or directory, open '/home/mpeters/projects/AOC/2024/_4/~/.vscode/User/globalStorage/vscodevim.vim/.registers'
