2024-12-12 16:09:03.199 [info] Added views:outline in workbench.view.explorer
2024-12-12 16:09:03.199 [info] Added views:workbench.view.search in workbench.view.search
2024-12-12 16:09:03.199 [info] Added views:workbench.scm in workbench.view.scm
2024-12-12 16:09:03.199 [info] Added views:workbench.panel.markers.view in workbench.panel.markers
2024-12-12 16:09:03.199 [info] Added views:workbench.panel.output in workbench.panel.output
2024-12-12 16:09:03.199 [info] Added views:terminal in terminal
2024-12-12 16:09:03.199 [info] Added views:timeline in workbench.view.explorer
2024-12-12 16:09:03.199 [info] Added views:workbench.explorer.fileView in workbench.view.explorer
2024-12-12 16:09:03.399 [info] Added views:workbench.debug.variablesView,workbench.debug.watchExpressionsView,workbench.debug.callStackView,workbench.debug.breakPointsView in workbench.view.debug
2024-12-12 16:09:04.148 [info] Added views:gitlens.views.home,gitlens.views.launchpad,gitlens.views.workspaces in workbench.view.extension.gitlens
2024-12-12 16:09:04.149 [info] Added views:gitlens.views.commitDetails,gitlens.views.lineHistory,gitlens.views.fileHistory,gitlens.views.searchAndCompare in workbench.view.extension.gitlensInspect
2024-12-12 16:09:04.150 [info] Added views:gitlens.views.scm.grouped in workbench.view.scm
2024-12-12 16:09:04.151 [info] Added views:pr:github,issues:github in workbench.view.extension.github-pull-requests
2024-12-12 16:09:04.153 [info] Added views:dockerContainers,dockerImages,dockerRegistries,dockerNetworks,dockerVolumes,vscode-docker.views.dockerContexts,vscode-docker.views.help in workbench.view.extension.dockerView
2024-12-12 16:09:04.210 [info] Added views:~remote.forwardedPorts in ~remote.forwardedPortsContainer
2024-12-12 16:09:04.504 [info] Added views:workbench.panel.repl.view in workbench.panel.repl
2024-12-12 16:09:04.508 [info] Removed views:workbench.debug.breakPointsView,workbench.debug.callStackView,workbench.debug.watchExpressionsView,workbench.debug.variablesView from workbench.view.debug
2024-12-12 16:09:04.509 [info] Added views:workbench.debug.welcome in workbench.view.debug
2024-12-12 16:09:05.281 [info] Removed views:gitlens.views.workspaces from workbench.view.extension.gitlens
2024-12-12 16:09:05.335 [info] Removed views:gitlens.views.searchAndCompare,gitlens.views.fileHistory,gitlens.views.lineHistory,gitlens.views.commitDetails from workbench.view.extension.gitlensInspect
2024-12-12 16:09:05.336 [info] Removed views:gitlens.views.scm.grouped from workbench.view.scm
2024-12-12 16:09:12.912 [info] Added views:configurationView in workbench.view.extension.databricksBar
2024-12-12 16:09:12.919 [info] Added views:azureStorage in workbench.view.explorer
2024-12-12 16:09:12.920 [info] Added views:azureResourceGroups,azureWorkspace,ms-azuretools.helpAndFeedback in workbench.view.extension.azure
2024-12-12 16:09:12.920 [info] Added views:azureActivityLog in workbench.view.extension.azurePanel
2024-12-12 16:09:12.922 [info] Added views:extension.vsKubernetesExplorer,extension.vsKubernetesHelmRepoExplorer,kubernetes.cloudExplorer in workbench.view.extension.kubernetesView
2024-12-12 16:09:13.002 [info] Added views:gitlens.views.drafts,gitlens.views.workspaces in workbench.view.extension.gitlens
2024-12-12 16:09:42.370 [info] Added views:workbench.view.testing in workbench.view.extension.test
2024-12-12 16:09:48.557 [info] Added views:workbench.views.extensions.installed,workbench.views.extensions.popular,extensions.recommendedList in workbench.view.extensions
2024-12-12 16:09:48.559 [info] Removed views:workbench.views.extensions.popular from workbench.view.extensions
2024-12-12 16:10:26.273 [info] Removed views:workbench.view.testing from workbench.view.extension.test
2024-12-12 16:10:26.688 [info] Removed views:workbench.panel.repl.view from workbench.panel.repl
2024-12-12 16:10:26.934 [info] Added views:workbench.panel.repl.view in workbench.panel.repl
2024-12-12 16:10:28.374 [info] Added views:workbench.view.testing in workbench.view.extension.test
2024-12-12 16:10:46.574 [info] Removed views:configurationView from workbench.view.extension.databricksBar
2024-12-12 16:10:46.589 [info] Added views:configurationView in workbench.view.explorer
2024-12-12 16:10:46.594 [info] Removed views:configurationView from workbench.view.explorer
2024-12-12 16:10:55.576 [info] Removed views:workbench.view.testing from workbench.view.extension.test
2024-12-12 16:10:55.926 [info] Removed views:workbench.panel.repl.view from workbench.panel.repl
2024-12-12 16:10:56.133 [info] Added views:workbench.panel.repl.view in workbench.panel.repl
2024-12-12 16:10:56.835 [info] Added views:workbench.view.testing in workbench.view.extension.test
2024-12-12 16:11:08.040 [info] Removed views:workbench.view.testing from workbench.view.extension.test
