2024-12-11 09:28:21.971 [info] Revived process, old id 761de44292bbf4ffc3cfadfa762398ef-1 -> new id 1
2024-12-11 09:28:21.972 [info] Revived process, old id 761de44292bbf4ffc3cfadfa762398ef-2 -> new id 2
2024-12-11 09:28:21.972 [info] Revived process, old id 761de44292bbf4ffc3cfadfa762398ef-3 -> new id 3
2024-12-11 09:28:21.972 [info] Revived process, old id 761de44292bbf4ffc3cfadfa762398ef-5 -> new id 4
2024-12-11 09:28:22.055 [info] Expanding terminal instance, old id 761de44292bbf4ffc3cfadfa762398ef-1 -> new id 1
2024-12-11 09:28:22.055 [info] Expanding terminal instance, old id 761de44292bbf4ffc3cfadfa762398ef-2 -> new id 2
2024-12-11 09:28:22.055 [info] Expanding terminal instance, old id 761de44292bbf4ffc3cfadfa762398ef-3 -> new id 3
2024-12-11 09:28:22.055 [info] Expanding terminal instance, old id 761de44292bbf4ffc3cfadfa762398ef-5 -> new id 4
2024-12-11 09:28:23.052 [warning] Persistent process "1": Process had no disconnect runners but was an orphan
2024-12-11 09:28:23.052 [info] Persistent process reconnection "1"
2024-12-11 09:28:23.053 [warning] Persistent process "2": Process had no disconnect runners but was an orphan
2024-12-11 09:28:23.053 [info] Persistent process reconnection "2"
2024-12-11 09:28:23.054 [warning] Persistent process "3": Process had no disconnect runners but was an orphan
2024-12-11 09:28:23.054 [info] Persistent process reconnection "3"
2024-12-11 09:28:23.055 [warning] Persistent process "4": Process had no disconnect runners but was an orphan
2024-12-11 09:28:23.055 [info] Persistent process reconnection "4"
2024-12-11 09:28:23.181 [info] Persistent process "1": Replaying 7097 chars and 1 size events
2024-12-11 09:28:23.183 [info] Persistent process "2": Replaying 7047 chars and 1 size events
2024-12-11 09:28:23.240 [info] Persistent process "3": Replaying 6962 chars and 1 size events
2024-12-11 09:28:23.290 [info] Persistent process "4": Replaying 6962 chars and 1 size events
