2024-12-11 09:28:24.183 [error] [/home/mpeters/.vscode/extensions/ms-toolsai.jupyter-renderers-1.0.21]: Extension is not compatible with Code 1.94.2. Extension requires: ^1.95.0.
2024-12-11 09:28:24.295 [warning] [vscode-azurecontainerapps]: Couldn't find message for key containerApps.walkthrough.addWorkspaceProject.
2024-12-11 09:28:24.296 [warning] [vscode-azurecontainerapps]: Couldn't find message for key containerApps.walkthrough.azureSignIn.
2024-12-11 09:28:24.296 [warning] [vscode-azurecontainerapps]: Couldn't find message for key containerApps.walkthrough.deployWorkspaceProject.
2024-12-11 09:28:24.296 [warning] [vscode-azurecontainerapps]: Couldn't find message for key containerApps.walkthrough.cleanUpResources.
2024-12-11 09:28:24.321 [error] [/home/mpeters/.vscode/extensions/github.vscode-pull-request-github-0.100.0]: Extension is not compatible with Code 1.94.2. Extension requires: ^1.95.0.
2024-12-11 09:28:24.327 [error] [/home/mpeters/.vscode/extensions/ms-toolsai.jupyter-2024.10.0-linux-x64]: Extension is not compatible with Code 1.94.2. Extension requires: ^1.95.0.
2024-12-11 09:28:24.335 [error] [/home/mpeters/.vscode/extensions/github.vscode-pull-request-github-0.100.3]: Extension is not compatible with Code 1.94.2. Extension requires: ^1.95.0.
2024-12-11 09:28:24.703 [error] [/home/mpeters/.vscode/extensions/ms-toolsai.jupyter-renderers-1.0.21]: Extension is not compatible with Code 1.94.2. Extension requires: ^1.95.0.
2024-12-11 09:28:24.714 [error] [/home/mpeters/.vscode/extensions/ms-toolsai.jupyter-renderers-1.0.21]: Extension is not compatible with Code 1.94.2. Extension requires: ^1.95.0.
2024-12-11 09:28:24.746 [error] [/home/mpeters/.vscode/extensions/github.vscode-pull-request-github-0.100.0]: Extension is not compatible with Code 1.94.2. Extension requires: ^1.95.0.
2024-12-11 09:28:24.750 [error] [/home/mpeters/.vscode/extensions/github.vscode-pull-request-github-0.100.3]: Extension is not compatible with Code 1.94.2. Extension requires: ^1.95.0.
2024-12-11 09:28:24.755 [warning] [vscode-azurecontainerapps]: Couldn't find message for key containerApps.walkthrough.addWorkspaceProject.
2024-12-11 09:28:24.756 [warning] [vscode-azurecontainerapps]: Couldn't find message for key containerApps.walkthrough.azureSignIn.
2024-12-11 09:28:24.757 [warning] [vscode-azurecontainerapps]: Couldn't find message for key containerApps.walkthrough.deployWorkspaceProject.
2024-12-11 09:28:24.757 [warning] [vscode-azurecontainerapps]: Couldn't find message for key containerApps.walkthrough.cleanUpResources.
2024-12-11 09:28:24.775 [error] [/home/mpeters/.vscode/extensions/ms-toolsai.jupyter-2024.10.0-linux-x64]: Extension is not compatible with Code 1.94.2. Extension requires: ^1.95.0.
2024-12-11 09:28:24.783 [warning] [vscode-azurecontainerapps]: Couldn't find message for key containerApps.walkthrough.addWorkspaceProject.
2024-12-11 09:28:24.784 [warning] [vscode-azurecontainerapps]: Couldn't find message for key containerApps.walkthrough.azureSignIn.
2024-12-11 09:28:24.784 [warning] [vscode-azurecontainerapps]: Couldn't find message for key containerApps.walkthrough.deployWorkspaceProject.
2024-12-11 09:28:24.785 [warning] [vscode-azurecontainerapps]: Couldn't find message for key containerApps.walkthrough.cleanUpResources.
2024-12-11 09:28:24.792 [error] [/home/mpeters/.vscode/extensions/github.vscode-pull-request-github-0.100.0]: Extension is not compatible with Code 1.94.2. Extension requires: ^1.95.0.
2024-12-11 09:28:24.794 [error] [/home/mpeters/.vscode/extensions/ms-toolsai.jupyter-2024.10.0-linux-x64]: Extension is not compatible with Code 1.94.2. Extension requires: ^1.95.0.
2024-12-11 09:28:24.800 [error] [/home/mpeters/.vscode/extensions/github.vscode-pull-request-github-0.100.3]: Extension is not compatible with Code 1.94.2. Extension requires: ^1.95.0.
2024-12-11 09:28:25.844 [error] [/home/mpeters/.vscode/extensions/ms-toolsai.jupyter-renderers-1.0.21]: Extension is not compatible with Code 1.94.2. Extension requires: ^1.95.0.
2024-12-11 09:28:25.871 [warning] [vscode-azurecontainerapps]: Couldn't find message for key containerApps.walkthrough.addWorkspaceProject.
2024-12-11 09:28:25.872 [warning] [vscode-azurecontainerapps]: Couldn't find message for key containerApps.walkthrough.azureSignIn.
2024-12-11 09:28:25.872 [warning] [vscode-azurecontainerapps]: Couldn't find message for key containerApps.walkthrough.deployWorkspaceProject.
2024-12-11 09:28:25.872 [warning] [vscode-azurecontainerapps]: Couldn't find message for key containerApps.walkthrough.cleanUpResources.
2024-12-11 09:28:25.885 [error] [/home/mpeters/.vscode/extensions/github.vscode-pull-request-github-0.100.0]: Extension is not compatible with Code 1.94.2. Extension requires: ^1.95.0.
2024-12-11 09:28:25.892 [error] [/home/mpeters/.vscode/extensions/ms-toolsai.jupyter-2024.10.0-linux-x64]: Extension is not compatible with Code 1.94.2. Extension requires: ^1.95.0.
2024-12-11 09:28:25.898 [error] [/home/mpeters/.vscode/extensions/github.vscode-pull-request-github-0.100.3]: Extension is not compatible with Code 1.94.2. Extension requires: ^1.95.0.
2024-12-11 09:28:26.402 [error] [/home/mpeters/.vscode/extensions/ms-toolsai.jupyter-renderers-1.0.21]: Extension is not compatible with Code 1.94.2. Extension requires: ^1.95.0.
2024-12-11 09:28:26.419 [warning] [vscode-azurecontainerapps]: Couldn't find message for key containerApps.walkthrough.addWorkspaceProject.
2024-12-11 09:28:26.420 [warning] [vscode-azurecontainerapps]: Couldn't find message for key containerApps.walkthrough.azureSignIn.
2024-12-11 09:28:26.421 [warning] [vscode-azurecontainerapps]: Couldn't find message for key containerApps.walkthrough.deployWorkspaceProject.
2024-12-11 09:28:26.421 [warning] [vscode-azurecontainerapps]: Couldn't find message for key containerApps.walkthrough.cleanUpResources.
2024-12-11 09:28:26.430 [error] [/home/mpeters/.vscode/extensions/github.vscode-pull-request-github-0.100.0]: Extension is not compatible with Code 1.94.2. Extension requires: ^1.95.0.
2024-12-11 09:28:26.434 [error] [/home/mpeters/.vscode/extensions/ms-toolsai.jupyter-2024.10.0-linux-x64]: Extension is not compatible with Code 1.94.2. Extension requires: ^1.95.0.
2024-12-11 09:28:26.439 [error] [/home/mpeters/.vscode/extensions/github.vscode-pull-request-github-0.100.3]: Extension is not compatible with Code 1.94.2. Extension requires: ^1.95.0.
2024-12-11 09:28:26.871 [error] [/home/mpeters/.vscode/extensions/ms-toolsai.jupyter-renderers-1.0.21]: Extension is not compatible with Code 1.94.2. Extension requires: ^1.95.0.
2024-12-11 09:28:26.913 [warning] [vscode-azurecontainerapps]: Couldn't find message for key containerApps.walkthrough.addWorkspaceProject.
2024-12-11 09:28:26.913 [warning] [vscode-azurecontainerapps]: Couldn't find message for key containerApps.walkthrough.azureSignIn.
2024-12-11 09:28:26.914 [warning] [vscode-azurecontainerapps]: Couldn't find message for key containerApps.walkthrough.deployWorkspaceProject.
2024-12-11 09:28:26.915 [warning] [vscode-azurecontainerapps]: Couldn't find message for key containerApps.walkthrough.cleanUpResources.
2024-12-11 09:28:26.924 [error] [/home/mpeters/.vscode/extensions/ms-toolsai.jupyter-2024.10.0-linux-x64]: Extension is not compatible with Code 1.94.2. Extension requires: ^1.95.0.
2024-12-11 09:28:26.927 [error] [/home/mpeters/.vscode/extensions/github.vscode-pull-request-github-0.100.0]: Extension is not compatible with Code 1.94.2. Extension requires: ^1.95.0.
2024-12-11 09:28:26.934 [error] [/home/mpeters/.vscode/extensions/github.vscode-pull-request-github-0.100.3]: Extension is not compatible with Code 1.94.2. Extension requires: ^1.95.0.
2024-12-11 09:28:27.401 [error] [/home/mpeters/.vscode/extensions/ms-toolsai.jupyter-renderers-1.0.21]: Extension is not compatible with Code 1.94.2. Extension requires: ^1.95.0.
2024-12-11 09:28:27.421 [warning] [vscode-azurecontainerapps]: Couldn't find message for key containerApps.walkthrough.addWorkspaceProject.
2024-12-11 09:28:27.421 [warning] [vscode-azurecontainerapps]: Couldn't find message for key containerApps.walkthrough.azureSignIn.
2024-12-11 09:28:27.422 [warning] [vscode-azurecontainerapps]: Couldn't find message for key containerApps.walkthrough.deployWorkspaceProject.
2024-12-11 09:28:27.422 [warning] [vscode-azurecontainerapps]: Couldn't find message for key containerApps.walkthrough.cleanUpResources.
2024-12-11 09:28:27.427 [error] [/home/mpeters/.vscode/extensions/github.vscode-pull-request-github-0.100.0]: Extension is not compatible with Code 1.94.2. Extension requires: ^1.95.0.
2024-12-11 09:28:27.429 [error] [/home/mpeters/.vscode/extensions/ms-toolsai.jupyter-2024.10.0-linux-x64]: Extension is not compatible with Code 1.94.2. Extension requires: ^1.95.0.
2024-12-11 09:28:27.433 [error] [/home/mpeters/.vscode/extensions/github.vscode-pull-request-github-0.100.3]: Extension is not compatible with Code 1.94.2. Extension requires: ^1.95.0.
2024-12-11 09:28:27.990 [error] [/home/mpeters/.vscode/extensions/ms-toolsai.jupyter-renderers-1.0.21]: Extension is not compatible with Code 1.94.2. Extension requires: ^1.95.0.
2024-12-11 09:28:28.090 [error] [/home/mpeters/.vscode/extensions/ms-toolsai.jupyter-renderers-1.0.21]: Extension is not compatible with Code 1.94.2. Extension requires: ^1.95.0.
2024-12-11 09:28:28.103 [warning] [vscode-azurecontainerapps]: Couldn't find message for key containerApps.walkthrough.addWorkspaceProject.
2024-12-11 09:28:28.103 [warning] [vscode-azurecontainerapps]: Couldn't find message for key containerApps.walkthrough.azureSignIn.
2024-12-11 09:28:28.104 [warning] [vscode-azurecontainerapps]: Couldn't find message for key containerApps.walkthrough.deployWorkspaceProject.
2024-12-11 09:28:28.104 [warning] [vscode-azurecontainerapps]: Couldn't find message for key containerApps.walkthrough.cleanUpResources.
2024-12-11 09:28:28.113 [error] [/home/mpeters/.vscode/extensions/github.vscode-pull-request-github-0.100.0]: Extension is not compatible with Code 1.94.2. Extension requires: ^1.95.0.
2024-12-11 09:28:28.115 [error] [/home/mpeters/.vscode/extensions/ms-toolsai.jupyter-2024.10.0-linux-x64]: Extension is not compatible with Code 1.94.2. Extension requires: ^1.95.0.
2024-12-11 09:28:28.119 [error] [/home/mpeters/.vscode/extensions/github.vscode-pull-request-github-0.100.3]: Extension is not compatible with Code 1.94.2. Extension requires: ^1.95.0.
2024-12-11 09:28:28.156 [warning] [vscode-azurecontainerapps]: Couldn't find message for key containerApps.walkthrough.addWorkspaceProject.
2024-12-11 09:28:28.156 [warning] [vscode-azurecontainerapps]: Couldn't find message for key containerApps.walkthrough.azureSignIn.
2024-12-11 09:28:28.157 [warning] [vscode-azurecontainerapps]: Couldn't find message for key containerApps.walkthrough.deployWorkspaceProject.
2024-12-11 09:28:28.157 [warning] [vscode-azurecontainerapps]: Couldn't find message for key containerApps.walkthrough.cleanUpResources.
2024-12-11 09:28:28.166 [error] [/home/mpeters/.vscode/extensions/github.vscode-pull-request-github-0.100.0]: Extension is not compatible with Code 1.94.2. Extension requires: ^1.95.0.
2024-12-11 09:28:28.168 [error] [/home/mpeters/.vscode/extensions/ms-toolsai.jupyter-2024.10.0-linux-x64]: Extension is not compatible with Code 1.94.2. Extension requires: ^1.95.0.
2024-12-11 09:28:28.174 [error] [/home/mpeters/.vscode/extensions/github.vscode-pull-request-github-0.100.3]: Extension is not compatible with Code 1.94.2. Extension requires: ^1.95.0.
2024-12-11 09:28:55.896 [info] Getting Manifest... github.vscode-pull-request-github
2024-12-11 09:28:55.899 [info] Getting Manifest... ms-toolsai.jupyter
2024-12-11 09:28:55.903 [info] Getting Manifest... ms-toolsai.jupyter-renderers
2024-12-11 09:28:56.011 [info] Installing extension: ms-toolsai.jupyter-renderers {"productVersion":{"version":"1.95.3","date":"2024-11-13T14:51:32.275Z"},"pinned":false,"operation":3,"isApplicationScoped":false,"profileLocation":{"$mid":1,"external":"vscode-userdata:/home/mpeters/.vscode/extensions/extensions.json","path":"/home/mpeters/.vscode/extensions/extensions.json","scheme":"vscode-userdata"},"installOnlyNewlyAddedFromExtensionPack":true}
2024-12-11 09:28:56.018 [info] Installing extension: ms-toolsai.jupyter {"productVersion":{"version":"1.95.3","date":"2024-11-13T14:51:32.275Z"},"pinned":false,"operation":3,"isApplicationScoped":false,"profileLocation":{"$mid":1,"external":"vscode-userdata:/home/mpeters/.vscode/extensions/extensions.json","path":"/home/mpeters/.vscode/extensions/extensions.json","scheme":"vscode-userdata"},"installOnlyNewlyAddedFromExtensionPack":true}
2024-12-11 09:28:56.019 [info] Installing extension: github.vscode-pull-request-github {"productVersion":{"version":"1.95.3","date":"2024-11-13T14:51:32.275Z"},"pinned":false,"operation":3,"isApplicationScoped":false,"profileLocation":{"$mid":1,"external":"vscode-userdata:/home/mpeters/.vscode/extensions/extensions.json","path":"/home/mpeters/.vscode/extensions/extensions.json","scheme":"vscode-userdata"},"installOnlyNewlyAddedFromExtensionPack":true}
2024-12-11 09:28:56.186 [warning] [vscode-azurecontainerapps]: Couldn't find message for key containerApps.walkthrough.addWorkspaceProject.
2024-12-11 09:28:56.186 [warning] [vscode-azurecontainerapps]: Couldn't find message for key containerApps.walkthrough.azureSignIn.
2024-12-11 09:28:56.187 [warning] [vscode-azurecontainerapps]: Couldn't find message for key containerApps.walkthrough.deployWorkspaceProject.
2024-12-11 09:28:56.187 [warning] [vscode-azurecontainerapps]: Couldn't find message for key containerApps.walkthrough.cleanUpResources.
2024-12-11 09:28:56.488 [warning] [vscode-azurecontainerapps]: Couldn't find message for key containerApps.walkthrough.addWorkspaceProject.
2024-12-11 09:28:56.489 [warning] [vscode-azurecontainerapps]: Couldn't find message for key containerApps.walkthrough.azureSignIn.
2024-12-11 09:28:56.490 [warning] [vscode-azurecontainerapps]: Couldn't find message for key containerApps.walkthrough.deployWorkspaceProject.
2024-12-11 09:28:56.490 [warning] [vscode-azurecontainerapps]: Couldn't find message for key containerApps.walkthrough.cleanUpResources.
2024-12-11 09:28:56.774 [warning] [vscode-azurecontainerapps]: Couldn't find message for key containerApps.walkthrough.addWorkspaceProject.
2024-12-11 09:28:56.774 [warning] [vscode-azurecontainerapps]: Couldn't find message for key containerApps.walkthrough.azureSignIn.
2024-12-11 09:28:56.775 [warning] [vscode-azurecontainerapps]: Couldn't find message for key containerApps.walkthrough.deployWorkspaceProject.
2024-12-11 09:28:56.775 [warning] [vscode-azurecontainerapps]: Couldn't find message for key containerApps.walkthrough.cleanUpResources.
2024-12-11 09:28:57.032 [error] [uncaught exception in sharedProcess]: Error: ENOENT: no such file or directory, stat '/home/mpeters/.vscode/extensions/extensions.json.vsctmp': EntryNotFound (FileSystemError): Error: ENOENT: no such file or directory, stat '/home/mpeters/.vscode/extensions/extensions.json.vsctmp'
    at lm.create (file:///usr/share/code/resources/app/out/vs/code/electron-utility/sharedProcess/sharedProcessMain.js:35:39253)
    at Es (file:///usr/share/code/resources/app/out/vs/code/electron-utility/sharedProcess/sharedProcessMain.js:35:39360)
    at Fr.ib (file:///usr/share/code/resources/app/out/vs/code/electron-utility/sharedProcess/sharedProcessMain.js:71:22661)
    at Fr.stat (file:///usr/share/code/resources/app/out/vs/code/electron-utility/sharedProcess/sharedProcessMain.js:71:15994)
    at async eh.stat (file:///usr/share/code/resources/app/out/vs/code/electron-utility/sharedProcess/sharedProcessMain.js:70:84484)
    at async Kl.yb (file:///usr/share/code/resources/app/out/vs/code/electron-utility/sharedProcess/sharedProcessMain.js:70:66600)
2024-12-11 09:28:57.090 [error] [/home/mpeters/.vscode/extensions/ms-toolsai.jupyter-renderers-1.0.21]: Extension is not compatible with Code 1.94.2. Extension requires: ^1.95.0.
2024-12-11 09:28:57.167 [error] [/home/mpeters/.vscode/extensions/ms-toolsai.jupyter-renderers-1.0.21]: Extension is not compatible with Code 1.94.2. Extension requires: ^1.95.0.
2024-12-11 09:28:57.211 [warning] [vscode-azurecontainerapps]: Couldn't find message for key containerApps.walkthrough.addWorkspaceProject.
2024-12-11 09:28:57.212 [warning] [vscode-azurecontainerapps]: Couldn't find message for key containerApps.walkthrough.azureSignIn.
2024-12-11 09:28:57.212 [warning] [vscode-azurecontainerapps]: Couldn't find message for key containerApps.walkthrough.deployWorkspaceProject.
2024-12-11 09:28:57.212 [warning] [vscode-azurecontainerapps]: Couldn't find message for key containerApps.walkthrough.cleanUpResources.
2024-12-11 09:28:57.229 [error] [/home/mpeters/.vscode/extensions/github.vscode-pull-request-github-0.100.0]: Extension is not compatible with Code 1.94.2. Extension requires: ^1.95.0.
2024-12-11 09:28:57.232 [error] [/home/mpeters/.vscode/extensions/ms-toolsai.jupyter-2024.10.0-linux-x64]: Extension is not compatible with Code 1.94.2. Extension requires: ^1.95.0.
2024-12-11 09:28:57.237 [error] [/home/mpeters/.vscode/extensions/github.vscode-pull-request-github-0.100.3]: Extension is not compatible with Code 1.94.2. Extension requires: ^1.95.0.
2024-12-11 09:28:57.276 [error] [/home/mpeters/.vscode/extensions/ms-toolsai.jupyter-renderers-1.0.21]: Extension is not compatible with Code 1.94.2. Extension requires: ^1.95.0.
2024-12-11 09:28:57.290 [error] Error while installing the extension ms-toolsai.jupyter-renderers Cannot read the extension from /home/mpeters/.vscode/extensions/ms-toolsai.jupyter-renderers-1.0.21 vscode-userdata:/home/mpeters/.vscode/extensions/extensions.json
2024-12-11 09:28:57.293 [warning] [vscode-azurecontainerapps]: Couldn't find message for key containerApps.walkthrough.addWorkspaceProject.
2024-12-11 09:28:57.294 [warning] [vscode-azurecontainerapps]: Couldn't find message for key containerApps.walkthrough.azureSignIn.
2024-12-11 09:28:57.294 [warning] [vscode-azurecontainerapps]: Couldn't find message for key containerApps.walkthrough.deployWorkspaceProject.
2024-12-11 09:28:57.295 [warning] [vscode-azurecontainerapps]: Couldn't find message for key containerApps.walkthrough.cleanUpResources.
2024-12-11 09:28:57.308 [error] [/home/mpeters/.vscode/extensions/github.vscode-pull-request-github-0.100.0]: Extension is not compatible with Code 1.94.2. Extension requires: ^1.95.0.
2024-12-11 09:28:57.311 [error] [/home/mpeters/.vscode/extensions/ms-toolsai.jupyter-2024.10.0-linux-x64]: Extension is not compatible with Code 1.94.2. Extension requires: ^1.95.0.
2024-12-11 09:28:57.318 [error] [/home/mpeters/.vscode/extensions/github.vscode-pull-request-github-0.100.3]: Extension is not compatible with Code 1.94.2. Extension requires: ^1.95.0.
2024-12-11 09:28:57.346 [error] Error while installing the extension ms-toolsai.jupyter Cannot read the extension from /home/mpeters/.vscode/extensions/ms-toolsai.jupyter-2024.10.0-linux-x64 vscode-userdata:/home/mpeters/.vscode/extensions/extensions.json
2024-12-11 09:28:57.348 [warning] [vscode-azurecontainerapps]: Couldn't find message for key containerApps.walkthrough.addWorkspaceProject.
2024-12-11 09:28:57.349 [warning] [vscode-azurecontainerapps]: Couldn't find message for key containerApps.walkthrough.azureSignIn.
2024-12-11 09:28:57.349 [warning] [vscode-azurecontainerapps]: Couldn't find message for key containerApps.walkthrough.deployWorkspaceProject.
2024-12-11 09:28:57.350 [warning] [vscode-azurecontainerapps]: Couldn't find message for key containerApps.walkthrough.cleanUpResources.
2024-12-11 09:28:57.359 [error] [/home/mpeters/.vscode/extensions/github.vscode-pull-request-github-0.100.0]: Extension is not compatible with Code 1.94.2. Extension requires: ^1.95.0.
2024-12-11 09:28:57.360 [error] [/home/mpeters/.vscode/extensions/ms-toolsai.jupyter-2024.10.0-linux-x64]: Extension is not compatible with Code 1.94.2. Extension requires: ^1.95.0.
2024-12-11 09:28:57.366 [error] [/home/mpeters/.vscode/extensions/github.vscode-pull-request-github-0.100.3]: Extension is not compatible with Code 1.94.2. Extension requires: ^1.95.0.
2024-12-11 09:28:57.379 [error] Error while installing the extension github.vscode-pull-request-github Cannot read the extension from /home/mpeters/.vscode/extensions/github.vscode-pull-request-github-0.100.3 vscode-userdata:/home/mpeters/.vscode/extensions/extensions.json
