2024-12-12 16:09:05.702 [info] Reading sessions from keychain...
2024-12-12 16:09:05.702 [info] Getting sessions for all scopes...
2024-12-12 16:09:05.702 [info] Got 0 sessions for ...
2024-12-12 16:09:05.702 [info] Getting sessions for all scopes...
2024-12-12 16:09:05.702 [info] Got 0 sessions for ...
2024-12-12 16:09:05.702 [info] Getting sessions for all scopes...
2024-12-12 16:09:05.702 [info] Got 0 sessions for ...
2024-12-12 16:09:05.702 [info] Getting sessions for read:user,repo,user:email...
2024-12-12 16:09:05.702 [info] Got 0 sessions for read:user,repo,user:email...
2024-12-12 16:09:05.702 [info] Getting sessions for project,read:org,read:user,repo,user:email,workflow...
2024-12-12 16:09:05.702 [info] Got 0 sessions for project,read:org,read:user,repo,user:email,workflow...
2024-12-12 16:09:05.709 [info] Getting sessions for read:user,repo,user:email,workflow...
2024-12-12 16:09:05.709 [info] Got 0 sessions for read:user,repo,user:email,workflow...
2024-12-12 16:09:05.783 [info] Getting sessions for read:user,repo,user:email...
2024-12-12 16:09:05.784 [info] Got 0 sessions for read:user,repo,user:email...
2024-12-12 16:09:05.832 [info] Getting sessions for all scopes...
2024-12-12 16:09:05.833 [info] Got 0 sessions for ...
2024-12-12 16:09:05.843 [info] Getting sessions for read:user,repo,user:email,workflow...
2024-12-12 16:09:05.843 [info] Got 0 sessions for read:user,repo,user:email,workflow...
2024-12-12 16:10:28.062 [info] Reading sessions from keychain...
2024-12-12 16:10:28.063 [info] Getting sessions for all scopes...
2024-12-12 16:10:28.063 [info] Got 0 sessions for ...
2024-12-12 16:10:28.063 [info] Getting sessions for all scopes...
2024-12-12 16:10:28.063 [info] Got 0 sessions for ...
2024-12-12 16:10:28.063 [info] Getting sessions for all scopes...
2024-12-12 16:10:28.063 [info] Got 0 sessions for ...
2024-12-12 16:10:28.147 [info] Getting sessions for read:user,repo,user:email...
2024-12-12 16:10:28.147 [info] Got 0 sessions for read:user,repo,user:email...
2024-12-12 16:10:29.700 [info] Getting sessions for project,read:org,read:user,repo,user:email,workflow...
2024-12-12 16:10:29.700 [info] Got 0 sessions for project,read:org,read:user,repo,user:email,workflow...
2024-12-12 16:10:29.734 [info] Getting sessions for read:user,repo,user:email,workflow...
2024-12-12 16:10:29.734 [info] Got 0 sessions for read:user,repo,user:email,workflow...
2024-12-12 16:10:29.736 [info] Getting sessions for read:user,repo,user:email...
2024-12-12 16:10:29.736 [info] Got 0 sessions for read:user,repo,user:email...
2024-12-12 16:10:29.737 [info] Getting sessions for read:user,repo,user:email,workflow...
2024-12-12 16:10:29.737 [info] Got 0 sessions for read:user,repo,user:email,workflow...
2024-12-12 16:10:57.314 [info] Reading sessions from keychain...
2024-12-12 16:10:57.314 [info] Getting sessions for all scopes...
2024-12-12 16:10:57.314 [info] Got 0 sessions for ...
2024-12-12 16:10:57.314 [info] Getting sessions for all scopes...
2024-12-12 16:10:57.314 [info] Got 0 sessions for ...
2024-12-12 16:10:57.314 [info] Getting sessions for all scopes...
2024-12-12 16:10:57.314 [info] Got 0 sessions for ...
2024-12-12 16:10:57.314 [info] Getting sessions for read:user,repo,user:email...
2024-12-12 16:10:57.314 [info] Got 0 sessions for read:user,repo,user:email...
2024-12-12 16:10:58.341 [info] Getting sessions for project,read:org,read:user,repo,user:email,workflow...
2024-12-12 16:10:58.341 [info] Got 0 sessions for project,read:org,read:user,repo,user:email,workflow...
2024-12-12 16:10:58.364 [info] Getting sessions for read:user,repo,user:email,workflow...
2024-12-12 16:10:58.364 [info] Got 0 sessions for read:user,repo,user:email,workflow...
2024-12-12 16:10:58.365 [info] Getting sessions for read:user,repo,user:email...
2024-12-12 16:10:58.366 [info] Got 0 sessions for read:user,repo,user:email...
2024-12-12 16:10:58.367 [info] Getting sessions for read:user,repo,user:email,workflow...
2024-12-12 16:10:58.367 [info] Got 0 sessions for read:user,repo,user:email,workflow...
