2024-12-13 08:52:03.056 [info] Reading sessions from keychain...
2024-12-13 08:52:03.056 [info] Getting sessions for all scopes...
2024-12-13 08:52:03.057 [info] Getting sessions for all scopes...
2024-12-13 08:52:03.198 [info] Getting sessions for all scopes...
2024-12-13 08:52:03.198 [info] Getting sessions for all scopes...
2024-12-13 08:52:03.198 [info] Getting sessions for all scopes...
2024-12-13 08:52:03.198 [info] Getting sessions for all scopes...
2024-12-13 08:52:03.198 [info] Getting sessions for all scopes...
2024-12-13 08:52:03.214 [info] Got 0 sessions for ...
2024-12-13 08:52:03.214 [info] Got 0 sessions for ...
2024-12-13 08:52:03.214 [info] Got 0 sessions for ...
2024-12-13 08:52:03.214 [info] Got 0 sessions for ...
2024-12-13 08:52:03.214 [info] Got 0 sessions for ...
2024-12-13 08:52:03.214 [info] Got 0 sessions for ...
2024-12-13 08:52:03.214 [info] Got 0 sessions for ...
2024-12-13 08:52:03.384 [info] Getting sessions for all scopes...
2024-12-13 08:52:03.384 [info] Got 0 sessions for ...
2024-12-13 08:52:05.396 [info] Getting sessions for all scopes...
2024-12-13 08:52:05.396 [info] Got 0 sessions for ...
2024-12-13 08:52:09.668 [info] Getting sessions for read:user,repo,user:email...
2024-12-13 08:52:09.668 [info] Got 0 sessions for read:user,repo,user:email...
2024-12-13 08:52:09.695 [info] Getting sessions for project,read:org,read:user,repo,user:email,workflow...
2024-12-13 08:52:09.696 [info] Got 0 sessions for project,read:org,read:user,repo,user:email,workflow...
2024-12-13 08:52:09.773 [info] Getting sessions for read:user,repo,user:email,workflow...
2024-12-13 08:52:09.773 [info] Got 0 sessions for read:user,repo,user:email,workflow...
2024-12-13 08:52:09.813 [info] Getting sessions for read:user,repo,user:email...
2024-12-13 08:52:09.813 [info] Got 0 sessions for read:user,repo,user:email...
2024-12-13 08:52:09.857 [info] Getting sessions for read:user,repo,user:email,workflow...
2024-12-13 08:52:09.857 [info] Got 0 sessions for read:user,repo,user:email,workflow...
