2024-12-12 16:15:17.180 [info] Revived process, old id 5ff2b6102d69df9d134045b17113f36e-1 -> new id 1
2024-12-12 16:15:17.181 [info] Revived process, old id 5ff2b6102d69df9d134045b17113f36e-2 -> new id 2
2024-12-12 16:15:17.181 [info] Revived process, old id 5ff2b6102d69df9d134045b17113f36e-3 -> new id 3
2024-12-12 16:15:17.181 [info] Revived process, old id 5ff2b6102d69df9d134045b17113f36e-4 -> new id 4
2024-12-12 16:15:17.181 [info] Revived process, old id 5ff2b6102d69df9d134045b17113f36e-6 -> new id 5
2024-12-12 16:15:17.217 [info] Expanding terminal instance, old id 5ff2b6102d69df9d134045b17113f36e-1 -> new id 1
2024-12-12 16:15:17.217 [info] Expanding terminal instance, old id 5ff2b6102d69df9d134045b17113f36e-2 -> new id 2
2024-12-12 16:15:17.217 [info] Expanding terminal instance, old id 5ff2b6102d69df9d134045b17113f36e-3 -> new id 3
2024-12-12 16:15:17.217 [info] Expanding terminal instance, old id 5ff2b6102d69df9d134045b17113f36e-4 -> new id 4
2024-12-12 16:15:17.217 [info] Expanding terminal instance, old id 5ff2b6102d69df9d134045b17113f36e-6 -> new id 5
2024-12-12 16:15:17.953 [warning] Persistent process "1": Process had no disconnect runners but was an orphan
2024-12-12 16:15:17.953 [info] Persistent process reconnection "1"
2024-12-12 16:15:17.954 [warning] Persistent process "2": Process had no disconnect runners but was an orphan
2024-12-12 16:15:17.954 [info] Persistent process reconnection "2"
2024-12-12 16:15:17.954 [warning] Persistent process "3": Process had no disconnect runners but was an orphan
2024-12-12 16:15:17.954 [info] Persistent process reconnection "3"
2024-12-12 16:15:17.954 [warning] Persistent process "4": Process had no disconnect runners but was an orphan
2024-12-12 16:15:17.954 [info] Persistent process reconnection "4"
2024-12-12 16:15:17.954 [warning] Persistent process "5": Process had no disconnect runners but was an orphan
2024-12-12 16:15:17.954 [info] Persistent process reconnection "5"
2024-12-12 16:15:18.021 [info] Persistent process "1": Replaying 1460 chars and 1 size events
2024-12-12 16:15:18.027 [info] Persistent process "2": Replaying 7097 chars and 1 size events
2024-12-12 16:15:18.034 [info] Persistent process "3": Replaying 6993 chars and 1 size events
2024-12-12 16:15:18.044 [info] Persistent process "4": Replaying 7047 chars and 1 size events
2024-12-12 16:15:18.051 [info] Persistent process "5": Replaying 7042 chars and 1 size events
2024-12-12 16:15:47.525 [info] Expanding terminal instance, old id 5ff2b6102d69df9d134045b17113f36e-7 -> new id undefined
2024-12-12 16:15:48.182 [info] Persistent process reconnection "7"
2024-12-12 16:15:48.282 [info] Persistent process "7": Replaying 6928 chars and 1 size events
