2024-12-12 16:11:18.968 [warning] [vscode-azurecontainerapps]: Couldn't find message for key containerApps.walkthrough.addWorkspaceProject.
2024-12-12 16:11:18.968 [warning] [vscode-azurecontainerapps]: Couldn't find message for key containerApps.walkthrough.azureSignIn.
2024-12-12 16:11:18.968 [warning] [vscode-azurecontainerapps]: Couldn't find message for key containerApps.walkthrough.deployWorkspaceProject.
2024-12-12 16:11:18.968 [warning] [vscode-azurecontainerapps]: Couldn't find message for key containerApps.walkthrough.cleanUpResources.
2024-12-12 16:11:18.982 [error] [/home/mpeters/.vscode/extensions/github.vscode-pull-request-github-0.102.0]: Extension is not compatible with Code 1.95.3. Extension requires: ^1.96.0.
2024-12-12 16:11:19.102 [error] [/home/mpeters/.vscode/extensions/github.vscode-pull-request-github-0.102.0]: Extension is not compatible with Code 1.95.3. Extension requires: ^1.96.0.
2024-12-12 16:11:19.108 [warning] [vscode-azurecontainerapps]: Couldn't find message for key containerApps.walkthrough.addWorkspaceProject.
2024-12-12 16:11:19.108 [warning] [vscode-azurecontainerapps]: Couldn't find message for key containerApps.walkthrough.azureSignIn.
2024-12-12 16:11:19.108 [warning] [vscode-azurecontainerapps]: Couldn't find message for key containerApps.walkthrough.deployWorkspaceProject.
2024-12-12 16:11:19.108 [warning] [vscode-azurecontainerapps]: Couldn't find message for key containerApps.walkthrough.cleanUpResources.
2024-12-12 16:11:19.115 [error] [/home/mpeters/.vscode/extensions/ms-toolsai.jupyter-2024.11.0-linux-x64]: Extension is not compatible with Code 1.95.3. Extension requires: ^1.96.0.
2024-12-12 16:11:19.123 [error] [/home/mpeters/.vscode/extensions/github.vscode-pull-request-github-0.102.0]: Extension is not compatible with Code 1.95.3. Extension requires: ^1.96.0.
2024-12-12 16:11:19.125 [warning] [vscode-azurecontainerapps]: Couldn't find message for key containerApps.walkthrough.addWorkspaceProject.
2024-12-12 16:11:19.125 [warning] [vscode-azurecontainerapps]: Couldn't find message for key containerApps.walkthrough.azureSignIn.
2024-12-12 16:11:19.125 [warning] [vscode-azurecontainerapps]: Couldn't find message for key containerApps.walkthrough.deployWorkspaceProject.
2024-12-12 16:11:19.125 [warning] [vscode-azurecontainerapps]: Couldn't find message for key containerApps.walkthrough.cleanUpResources.
2024-12-12 16:11:19.131 [error] [/home/mpeters/.vscode/extensions/ms-toolsai.jupyter-2024.11.0-linux-x64]: Extension is not compatible with Code 1.95.3. Extension requires: ^1.96.0.
2024-12-12 16:11:19.139 [warning] [vscode-azurecontainerapps]: Couldn't find message for key containerApps.walkthrough.addWorkspaceProject.
2024-12-12 16:11:19.140 [warning] [vscode-azurecontainerapps]: Couldn't find message for key containerApps.walkthrough.azureSignIn.
2024-12-12 16:11:19.140 [warning] [vscode-azurecontainerapps]: Couldn't find message for key containerApps.walkthrough.deployWorkspaceProject.
2024-12-12 16:11:19.140 [warning] [vscode-azurecontainerapps]: Couldn't find message for key containerApps.walkthrough.cleanUpResources.
2024-12-12 16:11:19.146 [error] [/home/mpeters/.vscode/extensions/github.vscode-pull-request-github-0.102.0]: Extension is not compatible with Code 1.95.3. Extension requires: ^1.96.0.
2024-12-12 16:11:19.562 [warning] [vscode-azurecontainerapps]: Couldn't find message for key containerApps.walkthrough.addWorkspaceProject.
2024-12-12 16:11:19.562 [warning] [vscode-azurecontainerapps]: Couldn't find message for key containerApps.walkthrough.azureSignIn.
2024-12-12 16:11:19.563 [warning] [vscode-azurecontainerapps]: Couldn't find message for key containerApps.walkthrough.deployWorkspaceProject.
2024-12-12 16:11:19.563 [warning] [vscode-azurecontainerapps]: Couldn't find message for key containerApps.walkthrough.cleanUpResources.
2024-12-12 16:11:19.569 [error] [/home/mpeters/.vscode/extensions/github.vscode-pull-request-github-0.102.0]: Extension is not compatible with Code 1.95.3. Extension requires: ^1.96.0.
2024-12-12 16:11:19.652 [info] Deleted uninstalled extension from disk ms-toolsai.jupyter-keymap /home/mpeters/.vscode/extensions/ms-toolsai.jupyter-keymap-1.1.2
2024-12-12 16:11:19.653 [info] Deleted uninstalled extension from disk ms-toolsai.vscode-jupyter-slideshow /home/mpeters/.vscode/extensions/ms-toolsai.vscode-jupyter-slideshow-0.1.6
2024-12-12 16:11:19.688 [info] Deleted uninstalled extension from disk ms-toolsai.vscode-jupyter-cell-tags /home/mpeters/.vscode/extensions/ms-toolsai.vscode-jupyter-cell-tags-0.1.9
2024-12-12 16:11:19.691 [info] Deleted uninstalled extension from disk ms-toolsai.jupyter-renderers /home/mpeters/.vscode/extensions/ms-toolsai.jupyter-renderers-1.0.21
2024-12-12 16:11:19.691 [info] Deleted uninstalled extension from disk ms-toolsai.jupyter-renderers /home/mpeters/.vscode/extensions/ms-toolsai.jupyter-renderers-1.0.19
2024-12-12 16:11:19.692 [info] Deleted uninstalled extension from disk databricks.databricks /home/mpeters/.vscode/extensions/databricks.databricks-2.4.8-linux-x64
2024-12-12 16:11:19.692 [info] Deleted uninstalled extension from disk ms-toolsai.jupyter /home/mpeters/.vscode/extensions/ms-toolsai.jupyter-2024.10.0-linux-x64
2024-12-12 16:11:19.693 [info] Deleted uninstalled extension from disk ms-toolsai.jupyter /home/mpeters/.vscode/extensions/ms-toolsai.jupyter-2024.9.1-linux-x64
2024-12-12 16:11:19.693 [info] Deleted uninstalled extension from disk ms-toolsai.jupyter /home/mpeters/.vscode/extensions/ms-toolsai.jupyter-2024.11.0-linux-x64
2024-12-12 16:11:19.759 [error] [uncaught exception in sharedProcess]: Error: ENOENT: no such file or directory, stat '/home/mpeters/.vscode/extensions/databricks.databricks-2.4.8-linux-x64.1ec5762d.vsctmp': EntryNotFound (FileSystemError): Error: ENOENT: no such file or directory, stat '/home/mpeters/.vscode/extensions/databricks.databricks-2.4.8-linux-x64.1ec5762d.vsctmp'
    at hm.create (file:///usr/share/code/resources/app/out/vs/code/electron-utility/sharedProcess/sharedProcessMain.js:35:39254)
    at Es (file:///usr/share/code/resources/app/out/vs/code/electron-utility/sharedProcess/sharedProcessMain.js:35:39361)
    at Fr.ib (file:///usr/share/code/resources/app/out/vs/code/electron-utility/sharedProcess/sharedProcessMain.js:71:22677)
    at Fr.stat (file:///usr/share/code/resources/app/out/vs/code/electron-utility/sharedProcess/sharedProcessMain.js:71:16010)
    at async Zl.stat (file:///usr/share/code/resources/app/out/vs/code/electron-utility/sharedProcess/sharedProcessMain.js:70:84491)
    at async Jl.yb (file:///usr/share/code/resources/app/out/vs/code/electron-utility/sharedProcess/sharedProcessMain.js:70:66605)
2024-12-12 16:11:19.761 [warning] [vscode-azurecontainerapps]: Couldn't find message for key containerApps.walkthrough.addWorkspaceProject.
2024-12-12 16:11:19.761 [warning] [vscode-azurecontainerapps]: Couldn't find message for key containerApps.walkthrough.azureSignIn.
2024-12-12 16:11:19.761 [warning] [vscode-azurecontainerapps]: Couldn't find message for key containerApps.walkthrough.deployWorkspaceProject.
2024-12-12 16:11:19.761 [warning] [vscode-azurecontainerapps]: Couldn't find message for key containerApps.walkthrough.cleanUpResources.
2024-12-12 16:11:19.770 [error] [/home/mpeters/.vscode/extensions/github.vscode-pull-request-github-0.102.0]: Extension is not compatible with Code 1.95.3. Extension requires: ^1.96.0.
2024-12-12 16:11:19.901 [warning] [vscode-azurecontainerapps]: Couldn't find message for key containerApps.walkthrough.addWorkspaceProject.
2024-12-12 16:11:19.901 [warning] [vscode-azurecontainerapps]: Couldn't find message for key containerApps.walkthrough.azureSignIn.
2024-12-12 16:11:19.902 [warning] [vscode-azurecontainerapps]: Couldn't find message for key containerApps.walkthrough.deployWorkspaceProject.
2024-12-12 16:11:19.902 [warning] [vscode-azurecontainerapps]: Couldn't find message for key containerApps.walkthrough.cleanUpResources.
2024-12-12 16:11:19.908 [error] [/home/mpeters/.vscode/extensions/github.vscode-pull-request-github-0.102.0]: Extension is not compatible with Code 1.95.3. Extension requires: ^1.96.0.
2024-12-12 16:11:20.065 [warning] [vscode-azurecontainerapps]: Couldn't find message for key containerApps.walkthrough.addWorkspaceProject.
2024-12-12 16:11:20.065 [warning] [vscode-azurecontainerapps]: Couldn't find message for key containerApps.walkthrough.azureSignIn.
2024-12-12 16:11:20.065 [warning] [vscode-azurecontainerapps]: Couldn't find message for key containerApps.walkthrough.deployWorkspaceProject.
2024-12-12 16:11:20.065 [warning] [vscode-azurecontainerapps]: Couldn't find message for key containerApps.walkthrough.cleanUpResources.
2024-12-12 16:11:20.066 [error] [/home/mpeters/.vscode/extensions/github.vscode-pull-request-github-0.102.0]: Extension is not compatible with Code 1.95.3. Extension requires: ^1.96.0.
2024-12-12 16:11:20.227 [warning] [vscode-azurecontainerapps]: Couldn't find message for key containerApps.walkthrough.addWorkspaceProject.
2024-12-12 16:11:20.227 [warning] [vscode-azurecontainerapps]: Couldn't find message for key containerApps.walkthrough.azureSignIn.
2024-12-12 16:11:20.228 [warning] [vscode-azurecontainerapps]: Couldn't find message for key containerApps.walkthrough.deployWorkspaceProject.
2024-12-12 16:11:20.228 [warning] [vscode-azurecontainerapps]: Couldn't find message for key containerApps.walkthrough.cleanUpResources.
2024-12-12 16:11:20.237 [error] [/home/mpeters/.vscode/extensions/github.vscode-pull-request-github-0.102.0]: Extension is not compatible with Code 1.95.3. Extension requires: ^1.96.0.
2024-12-12 16:11:20.717 [warning] [vscode-azurecontainerapps]: Couldn't find message for key containerApps.walkthrough.addWorkspaceProject.
2024-12-12 16:11:20.717 [warning] [vscode-azurecontainerapps]: Couldn't find message for key containerApps.walkthrough.azureSignIn.
2024-12-12 16:11:20.717 [warning] [vscode-azurecontainerapps]: Couldn't find message for key containerApps.walkthrough.deployWorkspaceProject.
2024-12-12 16:11:20.717 [warning] [vscode-azurecontainerapps]: Couldn't find message for key containerApps.walkthrough.cleanUpResources.
2024-12-12 16:11:20.729 [error] [/home/mpeters/.vscode/extensions/github.vscode-pull-request-github-0.102.0]: Extension is not compatible with Code 1.95.3. Extension requires: ^1.96.0.
2024-12-12 16:11:20.859 [warning] [vscode-azurecontainerapps]: Couldn't find message for key containerApps.walkthrough.addWorkspaceProject.
2024-12-12 16:11:20.859 [warning] [vscode-azurecontainerapps]: Couldn't find message for key containerApps.walkthrough.azureSignIn.
2024-12-12 16:11:20.859 [warning] [vscode-azurecontainerapps]: Couldn't find message for key containerApps.walkthrough.deployWorkspaceProject.
2024-12-12 16:11:20.859 [warning] [vscode-azurecontainerapps]: Couldn't find message for key containerApps.walkthrough.cleanUpResources.
2024-12-12 16:11:20.867 [error] [/home/mpeters/.vscode/extensions/github.vscode-pull-request-github-0.102.0]: Extension is not compatible with Code 1.95.3. Extension requires: ^1.96.0.
2024-12-12 16:11:21.556 [warning] [vscode-azurecontainerapps]: Couldn't find message for key containerApps.walkthrough.addWorkspaceProject.
2024-12-12 16:11:21.556 [warning] [vscode-azurecontainerapps]: Couldn't find message for key containerApps.walkthrough.azureSignIn.
2024-12-12 16:11:21.556 [warning] [vscode-azurecontainerapps]: Couldn't find message for key containerApps.walkthrough.deployWorkspaceProject.
2024-12-12 16:11:21.556 [warning] [vscode-azurecontainerapps]: Couldn't find message for key containerApps.walkthrough.cleanUpResources.
2024-12-12 16:11:21.562 [error] [/home/mpeters/.vscode/extensions/github.vscode-pull-request-github-0.102.0]: Extension is not compatible with Code 1.95.3. Extension requires: ^1.96.0.
2024-12-12 16:11:48.859 [warning] [vscode-azurecontainerapps]: Couldn't find message for key containerApps.walkthrough.addWorkspaceProject.
2024-12-12 16:11:48.860 [warning] [vscode-azurecontainerapps]: Couldn't find message for key containerApps.walkthrough.azureSignIn.
2024-12-12 16:11:48.860 [warning] [vscode-azurecontainerapps]: Couldn't find message for key containerApps.walkthrough.deployWorkspaceProject.
2024-12-12 16:11:48.860 [warning] [vscode-azurecontainerapps]: Couldn't find message for key containerApps.walkthrough.cleanUpResources.
