2024-12-13 11:05:20.106 [info] Name: Black Formatter
2024-12-13 11:05:20.106 [info] Module: black
2024-12-13 11:05:20.106 [info] Default formatter is set to null for workspace /home/mpeters/projects/AOC/2024/_4_2
2024-12-13 11:05:20.106 [warning] Black Formatter is NOT set as the default formatter for workspace /home/mpeters/projects/AOC/2024/_4_2
2024-12-13 11:05:20.106 [warning] To set Black Formatter as the default formatter, add the following to your settings.json file:
2024-12-13 11:05:20.106 [warning] 
"[python]": {
    "editor.defaultFormatter": "ms-python.black-formatter"
}
2024-12-13 11:05:20.106 [info] Python extension loading
2024-12-13 11:05:20.106 [info] Waiting for interpreter from python extension.
2024-12-13 11:05:20.106 [info] No interpreter found from setting black-formatter.interpreter
2024-12-13 11:05:20.106 [info] Getting interpreter from ms-python.python extension for workspace /home/mpeters/projects/AOC/2024/_4_2
2024-12-13 11:05:20.135 [info] Interpreter from ms-python.python extension for /home/mpeters/projects/AOC/2024/_4_2: /home/mpeters/home/bin/python
2024-12-13 11:05:20.135 [info] Workspace settings for /home/mpeters/projects/AOC/2024/_4_2 (client side): {
    "cwd": "/home/mpeters/projects/AOC/2024/_4_2",
    "workspace": "file:///home/mpeters/projects/AOC/2024/_4_2",
    "args": [],
    "path": [],
    "interpreter": [
        "/home/mpeters/home/bin/python"
    ],
    "importStrategy": "useBundled",
    "showNotifications": "off"
}
2024-12-13 11:05:20.136 [info] No interpreter found from setting black-formatter.interpreter
2024-12-13 11:05:20.136 [info] Getting interpreter from ms-python.python extension for workspace /home/mpeters/projects/AOC/2024/_4_2
2024-12-13 11:05:20.136 [info] Python extension loaded
2024-12-13 11:05:20.137 [info] No interpreter found from setting black-formatter.interpreter
2024-12-13 11:05:20.137 [info] Getting interpreter from ms-python.python extension for workspace /home/mpeters/projects/AOC/2024/_4_2
2024-12-13 11:05:20.141 [info] Interpreter from ms-python.python extension for /home/mpeters/projects/AOC/2024/_4_2: /home/mpeters/home/bin/python
2024-12-13 11:05:20.141 [info] Workspace settings for /home/mpeters/projects/AOC/2024/_4_2 (client side): {
    "cwd": "/home/mpeters/projects/AOC/2024/_4_2",
    "workspace": "file:///home/mpeters/projects/AOC/2024/_4_2",
    "args": [],
    "path": [],
    "interpreter": [
        "/home/mpeters/home/bin/python"
    ],
    "importStrategy": "useBundled",
    "showNotifications": "off"
}
2024-12-13 11:05:20.141 [info] Interpreter from ms-python.python extension for /home/mpeters/projects/AOC/2024/_4_2: /home/mpeters/home/bin/python
2024-12-13 11:05:20.141 [info] Workspace settings for /home/mpeters/projects/AOC/2024/_4_2 (client side): {
    "cwd": "/home/mpeters/projects/AOC/2024/_4_2",
    "workspace": "file:///home/mpeters/projects/AOC/2024/_4_2",
    "args": [],
    "path": [],
    "interpreter": [
        "/home/mpeters/home/bin/python"
    ],
    "importStrategy": "useBundled",
    "showNotifications": "off"
}
2024-12-13 11:05:20.142 [info] No interpreter found from setting black-formatter.interpreter
2024-12-13 11:05:20.142 [info] Getting interpreter from ms-python.python extension for workspace /home/mpeters/projects/AOC/2024/_4_2
2024-12-13 11:05:20.149 [info] Global settings (client side): {
    "cwd": "/home/mpeters/projects/AOC/2024/_4_2",
    "workspace": "/home/mpeters/projects/AOC/2024/_4_2",
    "args": [],
    "path": [],
    "interpreter": [],
    "importStrategy": "useBundled",
    "showNotifications": "off"
}
2024-12-13 11:05:20.152 [info] Interpreter from ms-python.python extension for /home/mpeters/projects/AOC/2024/_4_2: /home/mpeters/home/bin/python
2024-12-13 11:05:20.152 [info] Workspace settings for /home/mpeters/projects/AOC/2024/_4_2 (client side): {
    "cwd": "/home/mpeters/projects/AOC/2024/_4_2",
    "workspace": "file:///home/mpeters/projects/AOC/2024/_4_2",
    "args": [],
    "path": [],
    "interpreter": [
        "/home/mpeters/home/bin/python"
    ],
    "importStrategy": "useBundled",
    "showNotifications": "off"
}
2024-12-13 11:05:20.158 [info] Global settings (client side): {
    "cwd": "/home/mpeters/projects/AOC/2024/_4_2",
    "workspace": "/home/mpeters/projects/AOC/2024/_4_2",
    "args": [],
    "path": [],
    "interpreter": [],
    "importStrategy": "useBundled",
    "showNotifications": "off"
}
2024-12-13 11:05:20.261 [info] Server run command: /home/mpeters/home/bin/python /home/mpeters/.vscode/extensions/ms-python.black-formatter-2024.4.0/bundled/tool/lsp_server.py
2024-12-13 11:05:20.263 [info] Server: Start requested.
2024-12-13 11:05:20.265 [info] Server run command: /home/mpeters/home/bin/python /home/mpeters/.vscode/extensions/ms-python.black-formatter-2024.4.0/bundled/tool/lsp_server.py
2024-12-13 11:05:20.265 [info] Server: Start requested.
2024-12-13 11:05:21.085 [info] CWD Server: /home/mpeters/projects/AOC/2024/_4_2
2024-12-13 11:05:21.086 [info] Settings received on server:
[
    {
        "cwd": "/home/mpeters/projects/AOC/2024/_4_2",
        "workspace": "file:///home/mpeters/projects/AOC/2024/_4_2",
        "args": [],
        "path": [],
        "interpreter": [
            "/home/mpeters/home/bin/python"
        ],
        "importStrategy": "useBundled",
        "showNotifications": "off"
    }
]

2024-12-13 11:05:21.086 [info] Global settings received on server:
{
    "cwd": "/home/mpeters/projects/AOC/2024/_4_2",
    "workspace": "/home/mpeters/projects/AOC/2024/_4_2",
    "args": [],
    "path": [],
    "interpreter": [],
    "importStrategy": "useBundled",
    "showNotifications": "off"
}

2024-12-13 11:05:21.087 [info] sys.path used to run Server:
   /home/mpeters/.vscode/extensions/ms-python.black-formatter-2024.4.0/bundled/libs
   /home/mpeters/.vscode/extensions/ms-python.black-formatter-2024.4.0/bundled/tool
   /usr/lib/python312.zip
   /usr/lib/python3.12
   /usr/lib/python3.12/lib-dynload
   /home/mpeters/home/lib/python3.12/site-packages
2024-12-13 11:05:21.087 [info] /home/mpeters/home/bin/python -m black --version
2024-12-13 11:05:21.088 [info] CWD formatter: /home/mpeters/projects/AOC/2024/_4_2
2024-12-13 11:05:21.115 [info] CWD Server: /home/mpeters/projects/AOC/2024/_4_2
2024-12-13 11:05:21.115 [info] Settings received on server:
[
    {
        "cwd": "/home/mpeters/projects/AOC/2024/_4_2",
        "workspace": "file:///home/mpeters/projects/AOC/2024/_4_2",
        "args": [],
        "path": [],
        "interpreter": [
            "/home/mpeters/home/bin/python"
        ],
        "importStrategy": "useBundled",
        "showNotifications": "off"
    }
]

2024-12-13 11:05:21.116 [info] Global settings received on server:
{
    "cwd": "/home/mpeters/projects/AOC/2024/_4_2",
    "workspace": "/home/mpeters/projects/AOC/2024/_4_2",
    "args": [],
    "path": [],
    "interpreter": [],
    "importStrategy": "useBundled",
    "showNotifications": "off"
}

2024-12-13 11:05:21.116 [info] sys.path used to run Server:
   /home/mpeters/.vscode/extensions/ms-python.black-formatter-2024.4.0/bundled/libs
   /home/mpeters/.vscode/extensions/ms-python.black-formatter-2024.4.0/bundled/tool
   /usr/lib/python312.zip
   /usr/lib/python3.12
   /usr/lib/python3.12/lib-dynload
   /home/mpeters/home/lib/python3.12/site-packages
2024-12-13 11:05:21.119 [info] /home/mpeters/home/bin/python -m black --version
2024-12-13 11:05:21.119 [info] CWD formatter: /home/mpeters/projects/AOC/2024/_4_2
2024-12-13 11:05:21.251 [info] Version info for formatter running for /home/mpeters/projects/AOC/2024/_4_2:
black, 24.8.0 (compiled: no)
Python (CPython) 3.12.7

2024-12-13 11:05:21.251 [info] SUPPORTED black>=22.3.0
FOUND black==24.8.0

2024-12-13 11:05:21.267 [info] Version info for formatter running for /home/mpeters/projects/AOC/2024/_4_2:
black, 24.8.0 (compiled: no)
Python (CPython) 3.12.7

2024-12-13 11:05:21.268 [info] SUPPORTED black>=22.3.0
FOUND black==24.8.0

