2024-12-12 16:09:13.770 [info] [main] Log level: Info
2024-12-12 16:09:13.770 [info] [main] Validating found git in: "git"
2024-12-12 16:09:13.770 [info] [main] Using git "2.45.2" from "git"
2024-12-12 16:09:13.770 [info] [Model][doInitialScan] Initial repository scan started
2024-12-12 16:09:13.770 [info] > git rev-parse --show-toplevel [17ms]
2024-12-12 16:09:13.770 [info] fatal: not a git repository (or any of the parent directories): .git
2024-12-12 16:09:13.770 [info] > git rev-parse --show-toplevel [1ms]
2024-12-12 16:09:13.770 [info] fatal: not a git repository (or any of the parent directories): .git
2024-12-12 16:09:13.770 [info] [Model][doInitialScan] Initial repository scan completed - repositories (0), closed repositories (0), parent repositories (0), unsafe repositories (0)
2024-12-12 16:10:29.590 [info] [main] Log level: Info
2024-12-12 16:10:29.590 [info] [main] Validating found git in: "git"
2024-12-12 16:10:29.590 [info] [main] Using git "2.45.2" from "git"
2024-12-12 16:10:29.590 [info] [Model][doInitialScan] Initial repository scan started
2024-12-12 16:10:29.590 [info] > git rev-parse --show-toplevel [50ms]
2024-12-12 16:10:29.590 [info] fatal: not a git repository (or any of the parent directories): .git
2024-12-12 16:10:29.605 [info] > git rev-parse --show-toplevel [124ms]
2024-12-12 16:10:29.605 [info] fatal: not a git repository (or any of the parent directories): .git
2024-12-12 16:10:29.607 [info] [Model][doInitialScan] Initial repository scan completed - repositories (0), closed repositories (0), parent repositories (0), unsafe repositories (0)
2024-12-12 16:10:46.589 [info] > git rev-parse --show-toplevel [1ms]
2024-12-12 16:10:46.589 [info] fatal: not a git repository (or any of the parent directories): .git
2024-12-12 16:10:57.605 [info] [main] Log level: Info
2024-12-12 16:10:57.605 [info] [main] Validating found git in: "git"
2024-12-12 16:10:57.605 [info] [main] Using git "2.45.2" from "git"
2024-12-12 16:10:57.605 [info] [Model][doInitialScan] Initial repository scan started
2024-12-12 16:10:57.605 [info] > git rev-parse --show-toplevel [31ms]
2024-12-12 16:10:57.605 [info] fatal: not a git repository (or any of the parent directories): .git
2024-12-12 16:10:58.074 [info] > git rev-parse --show-toplevel [465ms]
2024-12-12 16:10:58.074 [info] fatal: not a git repository (or any of the parent directories): .git
2024-12-12 16:10:58.076 [info] [Model][doInitialScan] Initial repository scan completed - repositories (0), closed repositories (0), parent repositories (0), unsafe repositories (0)
