2024-12-11 09:23:24.186 [info] Reading sessions from keychain...
2024-12-11 09:23:24.186 [info] Getting sessions for all scopes...
2024-12-11 09:23:24.186 [info] Got 0 sessions for ...
2024-12-11 09:23:24.186 [info] Getting sessions for all scopes...
2024-12-11 09:23:24.186 [info] Got 0 sessions for ...
2024-12-11 09:23:24.186 [info] Getting sessions for all scopes...
2024-12-11 09:23:24.186 [info] Got 0 sessions for ...
2024-12-11 09:23:25.089 [info] Getting sessions for read:user,repo,user:email...
2024-12-11 09:23:25.089 [info] Got 0 sessions for read:user,repo,user:email...
2024-12-11 09:23:25.438 [info] Getting sessions for project,read:org,read:user,repo,user:email,workflow...
2024-12-11 09:23:25.439 [info] Got 0 sessions for project,read:org,read:user,repo,user:email,workflow...
2024-12-11 09:23:25.531 [info] Getting sessions for read:user,repo,user:email,workflow...
2024-12-11 09:23:25.531 [info] Got 0 sessions for read:user,repo,user:email,workflow...
2024-12-11 09:23:25.654 [info] Getting sessions for read:user,repo,user:email...
2024-12-11 09:23:25.654 [info] Got 0 sessions for read:user,repo,user:email...
2024-12-11 09:23:25.719 [info] Getting sessions for read:user,repo,user:email,workflow...
2024-12-11 09:23:25.719 [info] Got 0 sessions for read:user,repo,user:email,workflow...
2024-12-11 09:25:07.512 [info] Reading sessions from keychain...
2024-12-11 09:25:07.512 [info] Getting sessions for all scopes...
2024-12-11 09:25:07.512 [info] Got 0 sessions for ...
2024-12-11 09:25:07.512 [info] Getting sessions for all scopes...
2024-12-11 09:25:07.512 [info] Got 0 sessions for ...
2024-12-11 09:25:07.512 [info] Getting sessions for all scopes...
2024-12-11 09:25:07.512 [info] Got 0 sessions for ...
2024-12-11 09:25:11.469 [info] Getting sessions for read:user,repo,user:email...
2024-12-11 09:25:11.469 [info] Got 0 sessions for read:user,repo,user:email...
2024-12-11 09:25:11.532 [info] Getting sessions for project,read:org,read:user,repo,user:email,workflow...
2024-12-11 09:25:11.532 [info] Got 0 sessions for project,read:org,read:user,repo,user:email,workflow...
2024-12-11 09:25:11.845 [info] Getting sessions for read:user,repo,user:email,workflow...
2024-12-11 09:25:11.845 [info] Got 0 sessions for read:user,repo,user:email,workflow...
2024-12-11 09:25:11.908 [info] Getting sessions for read:user,repo,user:email...
2024-12-11 09:25:11.909 [info] Got 0 sessions for read:user,repo,user:email...
2024-12-11 09:25:12.005 [info] Getting sessions for read:user,repo,user:email,workflow...
2024-12-11 09:25:12.005 [info] Got 0 sessions for read:user,repo,user:email,workflow...
2024-12-11 09:27:00.374 [info] Getting sessions for user:email...
2024-12-11 09:27:00.375 [info] Got 0 sessions for user:email...
2024-12-11 09:27:02.922 [info] Logging in with 'any' account...
2024-12-11 09:27:02.922 [info] Logging in for the following scopes: user:email
2024-12-11 09:27:02.928 [info] Trying without local server... (user:email)
