2024-12-13 07:03:18.953 [info] Experiment 'pythonRecommendTensorboardExt' is active
2024-12-13 07:03:18.953 [info] Experiment 'pythonTerminalEnvVarActivation' is active
2024-12-13 07:03:18.953 [info] Experiment 'pythonTestAdapter' is active
2024-12-13 07:03:18.953 [info] Native locator: Refresh started
2024-12-13 07:03:18.953 [info] Native locator: Refresh started
2024-12-13 07:03:18.953 [info] VS Code was launched from an activated environment: 'home', selecting it as the interpreter for workspace.
2024-12-13 07:03:19.192 [info] > pyenv which python
2024-12-13 07:03:19.192 [info] cwd: .
2024-12-13 07:03:19.222 [info] Native locator: Refresh finished in 859 ms
2024-12-13 07:03:19.226 [info] Python interpreter path: ~/home/bin/python
2024-12-13 07:03:21.128 [info] Starting Pylance language server.
2024-12-13 07:03:21.159 [info] > . ~/home/bin/activate && echo 'e8b39361-0157-4923-80e1-22d70d46dee6' && python ~/.vscode/extensions/ms-python.python-2024.22.0-linux-x64/python_files/printEnvVariables.py
2024-12-13 07:03:21.159 [info] shell: bash
2024-12-13 07:03:21.189 [info] > /bin/python3 ~/.vscode/extensions/ms-python.python-2024.22.0-linux-x64/python_files/printEnvVariables.py
2024-12-13 07:03:21.189 [info] shell: bash
2024-12-13 07:03:21.241 [info] Prepending environment variable PS1 in collection with (home)  {"applyAtShellIntegration":true,"applyAtProcessCreation":false}
2024-12-13 07:03:21.241 [info] Prepending environment variable PATH in collection with /home/mpeters/.vscode/extensions/ms-python.python-2024.22.0-linux-x64/python_files/deactivate/bash:/home/mpeters/home/bin: {"applyAtShellIntegration":true,"applyAtProcessCreation":true}
2024-12-13 07:03:21.241 [info] Setting environment variable OLDPWD in collection to /home/mpeters {"applyAtShellIntegration":true,"applyAtProcessCreation":true}
2024-12-13 07:03:21.241 [info] Send text to terminal: /bin/python3 /home/mpeters/.vscode/extensions/ms-python.python-2024.22.0-linux-x64/python_files/printEnvVariablesToFile.py /home/mpeters/.vscode/extensions/ms-python.python-2024.22.0-linux-x64/python_files/deactivate/bash/envVars.txt
2024-12-13 07:03:42.336 [info] Discover tests for workspace name: _4 - uri: /home/mpeters/projects/AOC/2024/_4/main.py
2024-12-13 07:06:24.912 [info] Discover tests for workspace name: _4 - uri: /home/mpeters/projects/AOC/2024/_4/main.py
2024-12-13 07:07:00.265 [info] Discover tests for workspace name: undefined - uri: /home/mpeters/projects/AOC/2024/_4/~/.vscode/User/settings.json
