2024-12-13 11:17:25.105 [info] Extension host with pid 304800 started
2024-12-13 11:17:25.105 [info] Skipping acquiring lock for /home/mpeters/projects/AOC/2024/_4_2/~/.vscode/User/workspaceStorage/703bbc04faa376cf44f6023b29206615.
2024-12-13 11:17:25.161 [info] ExtensionService#_doActivateExtension vscode.github-authentication, startup: false, activationEvent: 'onAuthenticationRequest:github'
2024-12-13 11:17:25.377 [info] ExtensionService#_doActivateExtension vscode.git-base, startup: true, activationEvent: '*', root cause: vscode.git
2024-12-13 11:17:25.379 [info] ExtensionService#_doActivateExtension redhat.vscode-yaml, startup: true, activationEvent: '*', root cause: 42Crunch.vscode-openapi
2024-12-13 11:17:25.501 [info] ExtensionService#_doActivateExtension ms-vscode.test-adapter-converter, startup: true, activationEvent: '*', root cause: hbenl.vscode-test-explorer
2024-12-13 11:17:25.506 [info] ExtensionService#_doActivateExtension mhutchie.git-graph, startup: true, activationEvent: '*'
2024-12-13 11:17:25.522 [info] ExtensionService#_doActivateExtension mindaro-dev.file-downloader, startup: true, activationEvent: '*', root cause: mindaro.mindaro
2024-12-13 11:17:25.634 [info] ExtensionService#_doActivateExtension vscode.git, startup: true, activationEvent: '*'
2024-12-13 11:17:25.736 [info] ExtensionService#_doActivateExtension vscode.github, startup: true, activationEvent: '*'
2024-12-13 11:17:25.765 [info] ExtensionService#_doActivateExtension hbenl.vscode-test-explorer, startup: true, activationEvent: '*'
2024-12-13 11:17:25.956 [info] ExtensionService#_doActivateExtension 42Crunch.vscode-openapi, startup: true, activationEvent: '*'
2024-12-13 11:17:26.110 [info] ExtensionService#_doActivateExtension ms-kubernetes-tools.vscode-kubernetes-tools, startup: true, activationEvent: '*', root cause: mindaro.mindaro
2024-12-13 11:17:26.447 [info] ExtensionService#_doActivateExtension ms-python.python, startup: true, activationEvent: 'workspaceContains:*.py', root cause: ms-python.pylint
2024-12-13 11:17:26.818 [warning] [redhat.vscode-yaml] Accessing a resource scoped configuration without providing a resource is not expected. To get the effective value for '[yaml]', provide the URI of a resource or 'null' for any resource.
2024-12-13 11:17:26.845 [warning] [redhat.vscode-yaml] Accessing a resource scoped configuration without providing a resource is not expected. To get the effective value for '[yaml]', provide the URI of a resource or 'null' for any resource.
2024-12-13 11:17:26.847 [info] ExtensionService#_doActivateExtension mindaro.mindaro, startup: true, activationEvent: '*'
2024-12-13 11:17:27.098 [warning] [redhat.vscode-yaml] Accessing a resource scoped configuration without providing a resource is not expected. To get the effective value for '[yaml]', provide the URI of a resource or 'null' for any resource.
2024-12-13 11:17:27.102 [info] ExtensionService#_doActivateExtension ms-python.pylint, startup: true, activationEvent: 'workspaceContains:*.py'
2024-12-13 11:17:27.137 [info] ExtensionService#_doActivateExtension ms-python.black-formatter, startup: true, activationEvent: 'workspaceContains:*.py'
2024-12-13 11:17:27.315 [warning] [redhat.vscode-yaml] Accessing a resource scoped configuration without providing a resource is not expected. To get the effective value for '[yaml]', provide the URI of a resource or 'null' for any resource.
2024-12-13 11:17:27.369 [info] ExtensionService#_doActivateExtension ms-python.debugpy, startup: false, activationEvent: 'api', root cause: ms-python.python
2024-12-13 11:17:27.430 [info] ExtensionService#_doActivateExtension ms-python.vscode-pylance, startup: false, activationEvent: 'api', root cause: ms-python.python
2024-12-13 11:17:29.635 [info] Eager extensions activated
2024-12-13 11:17:29.637 [info] ExtensionService#_doActivateExtension vscode.debug-auto-launch, startup: false, activationEvent: 'onStartupFinished'
2024-12-13 11:17:29.638 [info] ExtensionService#_doActivateExtension vscode.merge-conflict, startup: false, activationEvent: 'onStartupFinished'
2024-12-13 11:17:29.655 [info] ExtensionService#_doActivateExtension Azurite.azurite, startup: false, activationEvent: 'onStartupFinished'
2024-12-13 11:17:29.883 [info] ExtensionService#_doActivateExtension eamodio.gitlens, startup: false, activationEvent: 'onStartupFinished'
2024-12-13 11:17:29.984 [info] ExtensionService#_doActivateExtension GitHub.vscode-pull-request-github, startup: false, activationEvent: 'onStartupFinished'
2024-12-13 11:17:30.066 [info] ExtensionService#_doActivateExtension googlecloudtools.cloudcode, startup: false, activationEvent: 'onStartupFinished'
2024-12-13 11:17:31.260 [info] ExtensionService#_doActivateExtension littlefoxteam.vscode-python-test-adapter, startup: false, activationEvent: 'onStartupFinished'
2024-12-13 11:17:31.298 [info] ExtensionService#_doActivateExtension ms-dotnettools.vscode-dotnet-runtime, startup: false, activationEvent: 'onStartupFinished'
2024-12-13 11:17:31.385 [info] ExtensionService#_doActivateExtension ms-vscode-remote.remote-containers, startup: false, activationEvent: 'onStartupFinished'
2024-12-13 11:17:31.529 [info] ExtensionService#_doActivateExtension ms-vscode-remote.remote-wsl, startup: false, activationEvent: 'onStartupFinished'
2024-12-13 11:17:31.620 [info] ExtensionService#_doActivateExtension SonarSource.sonarlint-vscode, startup: false, activationEvent: 'onStartupFinished'
2024-12-13 11:17:31.766 [info] ExtensionService#_doActivateExtension vscodevim.vim, startup: false, activationEvent: 'onStartupFinished'
2024-12-13 11:17:32.513 [error] Error: Failed to get the current context from the kubeconfig: No kubeconfig file found at path /home/mpeters/.kube/config
    at t.KubectlClient.<anonymous> (/home/mpeters/.vscode/extensions/mindaro.mindaro-2.0.120240111/src/clients/KubectlClient.ts:51:19)
    at Generator.throw (<anonymous>)
    at o (/home/mpeters/.vscode/extensions/mindaro.mindaro-2.0.120240111/src/clients/DotNetClient.ts:77:5)
    at processTicksAndRejections (node:internal/process/task_queues:95:5)
2024-12-13 11:17:33.749 [error] Error: ENOENT: no such file or directory, open '/home/mpeters/projects/AOC/2024/_4_2/~/.vscode/User/globalStorage/vscodevim.vim/.registers'
2024-12-13 11:17:39.548 [info] ExtensionService#_doActivateExtension vscode.microsoft-authentication, startup: false, activationEvent: 'onAuthenticationRequest:microsoft'
2024-12-13 11:17:55.679 [info] Extension host terminating: renderer closed the MessagePort
2024-12-13 11:17:55.817 [error] Canceled: Canceled
    at new IT (file:///usr/share/code/resources/app/out/vs/workbench/api/node/extensionHostProcess.js:32:110702)
    at Dy.U (file:///usr/share/code/resources/app/out/vs/workbench/api/node/extensionHostProcess.js:32:115312)
    at Proxy.s.<computed>.n.charCodeAt.s.<computed> (file:///usr/share/code/resources/app/out/vs/workbench/api/node/extensionHostProcess.js:32:112806)
    at cw.g (file:///usr/share/code/resources/app/out/vs/workbench/api/node/extensionHostProcess.js:115:32313)
    at cw.executeCommand (file:///usr/share/code/resources/app/out/vs/workbench/api/node/extensionHostProcess.js:115:31817)
    at r.registerCommand.description (file:///usr/share/code/resources/app/out/vs/workbench/api/node/extensionHostProcess.js:115:31147)
    at cw.h (file:///usr/share/code/resources/app/out/vs/workbench/api/node/extensionHostProcess.js:115:32833)
    at cw.g (file:///usr/share/code/resources/app/out/vs/workbench/api/node/extensionHostProcess.js:115:31910)
    at cw.executeCommand (file:///usr/share/code/resources/app/out/vs/workbench/api/node/extensionHostProcess.js:115:31817)
    at Object.executeCommand (file:///usr/share/code/resources/app/out/vs/workbench/api/node/extensionHostProcess.js:157:37484)
    at f (/home/mpeters/.vscode/extensions/eamodio.gitlens-16.0.5/dist/gitlens.js:1482:14096)
    at c (/home/mpeters/.vscode/extensions/eamodio.gitlens-16.0.5/dist/gitlens.js:1482:18656)
    at ActionRunners._updateContextKeys (/home/mpeters/.vscode/extensions/eamodio.gitlens-16.0.5/dist/gitlens.js:1107:65661)
    at s (/home/mpeters/.vscode/extensions/eamodio.gitlens-16.0.5/dist/gitlens.js:1107:64105)
    at RegisteredActionRunner.unregister (/home/mpeters/.vscode/extensions/eamodio.gitlens-16.0.5/dist/gitlens.js:1107:64248)
    at RegisteredActionRunner.dispose (/home/mpeters/.vscode/extensions/eamodio.gitlens-16.0.5/dist/gitlens.js:1107:62902)
    at ActionRunners.dispose (/home/mpeters/.vscode/extensions/eamodio.gitlens-16.0.5/dist/gitlens.js:1107:63688)
    at /home/mpeters/.vscode/extensions/eamodio.gitlens-16.0.5/dist/gitlens.js:1428:14975
    at Array.forEach (<anonymous>)
    at Object.dispose (/home/mpeters/.vscode/extensions/eamodio.gitlens-16.0.5/dist/gitlens.js:1428:14957)
    at ai (file:///usr/share/code/resources/app/out/vs/workbench/api/node/extensionHostProcess.js:25:699)
    at file:///usr/share/code/resources/app/out/vs/workbench/api/node/extensionHostProcess.js:119:14992
    at file:///usr/share/code/resources/app/out/vs/workbench/api/node/extensionHostProcess.js:25:1009
    at Object.dispose (file:///usr/share/code/resources/app/out/vs/workbench/api/node/extensionHostProcess.js:8:705)
    at zz.eb (file:///usr/share/code/resources/app/out/vs/workbench/api/node/extensionHostProcess.js:119:11919)
    at file:///usr/share/code/resources/app/out/vs/workbench/api/node/extensionHostProcess.js:119:9874
    at Array.map (<anonymous>)
    at zz.$ (file:///usr/share/code/resources/app/out/vs/workbench/api/node/extensionHostProcess.js:119:9862)
    at zz.terminate (file:///usr/share/code/resources/app/out/vs/workbench/api/node/extensionHostProcess.js:119:10105)
    at QC.terminate (file:///usr/share/code/resources/app/out/vs/workbench/api/node/extensionHostProcess.js:120:1424)
    at Zi (file:///usr/share/code/resources/app/out/vs/workbench/api/node/extensionHostProcess.js:175:15080)
    at MessagePortMain.<anonymous> (file:///usr/share/code/resources/app/out/vs/workbench/api/node/extensionHostProcess.js:175:11628)
    at MessagePortMain.emit (node:events:518:28)
    at Object.MessagePortMain._internalPort.emit (node:electron/js2c/utility_init:2:2949) setContext undefined
2024-12-13 11:17:55.818 [error] Canceled: Canceled
    at new IT (file:///usr/share/code/resources/app/out/vs/workbench/api/node/extensionHostProcess.js:32:110702)
    at Dy.U (file:///usr/share/code/resources/app/out/vs/workbench/api/node/extensionHostProcess.js:32:115312)
    at Proxy.s.<computed>.n.charCodeAt.s.<computed> (file:///usr/share/code/resources/app/out/vs/workbench/api/node/extensionHostProcess.js:32:112806)
    at cw.g (file:///usr/share/code/resources/app/out/vs/workbench/api/node/extensionHostProcess.js:115:32313)
    at cw.executeCommand (file:///usr/share/code/resources/app/out/vs/workbench/api/node/extensionHostProcess.js:115:31817)
    at r.registerCommand.description (file:///usr/share/code/resources/app/out/vs/workbench/api/node/extensionHostProcess.js:115:31147)
    at cw.h (file:///usr/share/code/resources/app/out/vs/workbench/api/node/extensionHostProcess.js:115:32833)
    at cw.g (file:///usr/share/code/resources/app/out/vs/workbench/api/node/extensionHostProcess.js:115:31910)
    at cw.executeCommand (file:///usr/share/code/resources/app/out/vs/workbench/api/node/extensionHostProcess.js:115:31817)
    at Object.executeCommand (file:///usr/share/code/resources/app/out/vs/workbench/api/node/extensionHostProcess.js:157:37484)
    at f (/home/mpeters/.vscode/extensions/eamodio.gitlens-16.0.5/dist/gitlens.js:1482:14096)
    at c (/home/mpeters/.vscode/extensions/eamodio.gitlens-16.0.5/dist/gitlens.js:1482:18656)
    at ActionRunners._updateContextKeys (/home/mpeters/.vscode/extensions/eamodio.gitlens-16.0.5/dist/gitlens.js:1107:65661)
    at s (/home/mpeters/.vscode/extensions/eamodio.gitlens-16.0.5/dist/gitlens.js:1107:64105)
    at RegisteredActionRunner.unregister (/home/mpeters/.vscode/extensions/eamodio.gitlens-16.0.5/dist/gitlens.js:1107:64248)
    at RegisteredActionRunner.dispose (/home/mpeters/.vscode/extensions/eamodio.gitlens-16.0.5/dist/gitlens.js:1107:62902)
    at ActionRunners.dispose (/home/mpeters/.vscode/extensions/eamodio.gitlens-16.0.5/dist/gitlens.js:1107:63688)
    at /home/mpeters/.vscode/extensions/eamodio.gitlens-16.0.5/dist/gitlens.js:1428:14975
    at Array.forEach (<anonymous>)
    at Object.dispose (/home/mpeters/.vscode/extensions/eamodio.gitlens-16.0.5/dist/gitlens.js:1428:14957)
    at ai (file:///usr/share/code/resources/app/out/vs/workbench/api/node/extensionHostProcess.js:25:699)
    at file:///usr/share/code/resources/app/out/vs/workbench/api/node/extensionHostProcess.js:119:14992
    at file:///usr/share/code/resources/app/out/vs/workbench/api/node/extensionHostProcess.js:25:1009
    at Object.dispose (file:///usr/share/code/resources/app/out/vs/workbench/api/node/extensionHostProcess.js:8:705)
    at zz.eb (file:///usr/share/code/resources/app/out/vs/workbench/api/node/extensionHostProcess.js:119:11919)
    at file:///usr/share/code/resources/app/out/vs/workbench/api/node/extensionHostProcess.js:119:9874
    at Array.map (<anonymous>)
    at zz.$ (file:///usr/share/code/resources/app/out/vs/workbench/api/node/extensionHostProcess.js:119:9862)
    at zz.terminate (file:///usr/share/code/resources/app/out/vs/workbench/api/node/extensionHostProcess.js:119:10105)
    at QC.terminate (file:///usr/share/code/resources/app/out/vs/workbench/api/node/extensionHostProcess.js:120:1424)
    at Zi (file:///usr/share/code/resources/app/out/vs/workbench/api/node/extensionHostProcess.js:175:15080)
    at MessagePortMain.<anonymous> (file:///usr/share/code/resources/app/out/vs/workbench/api/node/extensionHostProcess.js:175:11628)
    at MessagePortMain.emit (node:events:518:28)
    at Object.MessagePortMain._internalPort.emit (node:electron/js2c/utility_init:2:2949) setContext undefined
2024-12-13 11:17:55.819 [error] Canceled: Canceled
    at new IT (file:///usr/share/code/resources/app/out/vs/workbench/api/node/extensionHostProcess.js:32:110702)
    at Dy.U (file:///usr/share/code/resources/app/out/vs/workbench/api/node/extensionHostProcess.js:32:115312)
    at Proxy.s.<computed>.n.charCodeAt.s.<computed> (file:///usr/share/code/resources/app/out/vs/workbench/api/node/extensionHostProcess.js:32:112806)
    at cw.g (file:///usr/share/code/resources/app/out/vs/workbench/api/node/extensionHostProcess.js:115:32313)
    at cw.executeCommand (file:///usr/share/code/resources/app/out/vs/workbench/api/node/extensionHostProcess.js:115:31817)
    at r.registerCommand.description (file:///usr/share/code/resources/app/out/vs/workbench/api/node/extensionHostProcess.js:115:31147)
    at cw.h (file:///usr/share/code/resources/app/out/vs/workbench/api/node/extensionHostProcess.js:115:32833)
    at cw.g (file:///usr/share/code/resources/app/out/vs/workbench/api/node/extensionHostProcess.js:115:31910)
    at cw.executeCommand (file:///usr/share/code/resources/app/out/vs/workbench/api/node/extensionHostProcess.js:115:31817)
    at Object.executeCommand (file:///usr/share/code/resources/app/out/vs/workbench/api/node/extensionHostProcess.js:157:37484)
    at f (/home/mpeters/.vscode/extensions/eamodio.gitlens-16.0.5/dist/gitlens.js:1482:14096)
    at c (/home/mpeters/.vscode/extensions/eamodio.gitlens-16.0.5/dist/gitlens.js:1482:18656)
    at ActionRunners._updateContextKeys (/home/mpeters/.vscode/extensions/eamodio.gitlens-16.0.5/dist/gitlens.js:1107:65661)
    at s (/home/mpeters/.vscode/extensions/eamodio.gitlens-16.0.5/dist/gitlens.js:1107:64105)
    at RegisteredActionRunner.unregister (/home/mpeters/.vscode/extensions/eamodio.gitlens-16.0.5/dist/gitlens.js:1107:64248)
    at RegisteredActionRunner.dispose (/home/mpeters/.vscode/extensions/eamodio.gitlens-16.0.5/dist/gitlens.js:1107:62902)
    at Object.dispose (/home/mpeters/.vscode/extensions/eamodio.gitlens-16.0.5/dist/gitlens.js:1107:64342)
    at ai (file:///usr/share/code/resources/app/out/vs/workbench/api/node/extensionHostProcess.js:25:699)
    at file:///usr/share/code/resources/app/out/vs/workbench/api/node/extensionHostProcess.js:119:14992
    at file:///usr/share/code/resources/app/out/vs/workbench/api/node/extensionHostProcess.js:25:1009
    at Object.dispose (file:///usr/share/code/resources/app/out/vs/workbench/api/node/extensionHostProcess.js:8:705)
    at zz.eb (file:///usr/share/code/resources/app/out/vs/workbench/api/node/extensionHostProcess.js:119:11919)
    at file:///usr/share/code/resources/app/out/vs/workbench/api/node/extensionHostProcess.js:119:9874
    at Array.map (<anonymous>)
    at zz.$ (file:///usr/share/code/resources/app/out/vs/workbench/api/node/extensionHostProcess.js:119:9862)
    at zz.terminate (file:///usr/share/code/resources/app/out/vs/workbench/api/node/extensionHostProcess.js:119:10105)
    at QC.terminate (file:///usr/share/code/resources/app/out/vs/workbench/api/node/extensionHostProcess.js:120:1424)
    at Zi (file:///usr/share/code/resources/app/out/vs/workbench/api/node/extensionHostProcess.js:175:15080)
    at MessagePortMain.<anonymous> (file:///usr/share/code/resources/app/out/vs/workbench/api/node/extensionHostProcess.js:175:11628)
    at MessagePortMain.emit (node:events:518:28)
    at Object.MessagePortMain._internalPort.emit (node:electron/js2c/utility_init:2:2949) setContext undefined
2024-12-13 11:17:55.819 [error] Canceled: Canceled
    at new IT (file:///usr/share/code/resources/app/out/vs/workbench/api/node/extensionHostProcess.js:32:110702)
    at Dy.U (file:///usr/share/code/resources/app/out/vs/workbench/api/node/extensionHostProcess.js:32:115312)
    at Proxy.s.<computed>.n.charCodeAt.s.<computed> (file:///usr/share/code/resources/app/out/vs/workbench/api/node/extensionHostProcess.js:32:112806)
    at cw.g (file:///usr/share/code/resources/app/out/vs/workbench/api/node/extensionHostProcess.js:115:32313)
    at cw.executeCommand (file:///usr/share/code/resources/app/out/vs/workbench/api/node/extensionHostProcess.js:115:31817)
    at r.registerCommand.description (file:///usr/share/code/resources/app/out/vs/workbench/api/node/extensionHostProcess.js:115:31147)
    at cw.h (file:///usr/share/code/resources/app/out/vs/workbench/api/node/extensionHostProcess.js:115:32833)
    at cw.g (file:///usr/share/code/resources/app/out/vs/workbench/api/node/extensionHostProcess.js:115:31910)
    at cw.executeCommand (file:///usr/share/code/resources/app/out/vs/workbench/api/node/extensionHostProcess.js:115:31817)
    at Object.executeCommand (file:///usr/share/code/resources/app/out/vs/workbench/api/node/extensionHostProcess.js:157:37484)
    at B.dispose (/home/mpeters/.vscode/extensions/ms-vscode.test-adapter-converter-0.2.1/out/extension.js:9:458)
    at ai (file:///usr/share/code/resources/app/out/vs/workbench/api/node/extensionHostProcess.js:25:699)
    at file:///usr/share/code/resources/app/out/vs/workbench/api/node/extensionHostProcess.js:119:14992
    at file:///usr/share/code/resources/app/out/vs/workbench/api/node/extensionHostProcess.js:25:1009
    at Object.dispose (file:///usr/share/code/resources/app/out/vs/workbench/api/node/extensionHostProcess.js:8:705)
    at zz.eb (file:///usr/share/code/resources/app/out/vs/workbench/api/node/extensionHostProcess.js:119:11919)
    at file:///usr/share/code/resources/app/out/vs/workbench/api/node/extensionHostProcess.js:119:9874
    at Array.map (<anonymous>)
    at zz.$ (file:///usr/share/code/resources/app/out/vs/workbench/api/node/extensionHostProcess.js:119:9862)
    at zz.terminate (file:///usr/share/code/resources/app/out/vs/workbench/api/node/extensionHostProcess.js:119:10105)
    at QC.terminate (file:///usr/share/code/resources/app/out/vs/workbench/api/node/extensionHostProcess.js:120:1424)
    at Zi (file:///usr/share/code/resources/app/out/vs/workbench/api/node/extensionHostProcess.js:175:15080)
    at MessagePortMain.<anonymous> (file:///usr/share/code/resources/app/out/vs/workbench/api/node/extensionHostProcess.js:175:11628)
    at MessagePortMain.emit (node:events:518:28)
    at Object.MessagePortMain._internalPort.emit (node:electron/js2c/utility_init:2:2949) setContext undefined
2024-12-13 11:17:55.820 [error] ProxyResolver#resolveProxy DIRECT Canceled: Canceled
    at new IT (file:///usr/share/code/resources/app/out/vs/workbench/api/node/extensionHostProcess.js:32:110702)
    at Dy.U (file:///usr/share/code/resources/app/out/vs/workbench/api/node/extensionHostProcess.js:32:115312)
    at Proxy.s.<computed>.n.charCodeAt.s.<computed> (file:///usr/share/code/resources/app/out/vs/workbench/api/node/extensionHostProcess.js:32:112806)
    at V0.resolveProxy (file:///usr/share/code/resources/app/out/vs/workbench/api/node/extensionHostProcess.js:110:53869)
    at Object.resolveProxy (file:///usr/share/code/resources/app/out/vs/workbench/api/node/extensionHostProcess.js:159:17332)
    at useProxySettings (/usr/share/code/resources/app/node_modules/@vscode/proxy-agent/out/index.js:182:16)
    at /usr/share/code/resources/app/node_modules/@vscode/proxy-agent/out/index.js:119:13
    at /usr/share/code/resources/app/node_modules/@vscode/proxy-agent/out/index.js:681:13
    at processTicksAndRejections (node:internal/process/task_queues:95:5) 
2024-12-13 11:17:55.836 [error] Error: ENOENT: no such file or directory, open '/home/mpeters/projects/AOC/2024/_4_2/~/.vscode/User/globalStorage/vscodevim.vim/.registers'
2024-12-13 11:17:55.852 [error] Error: Channel has been closed
    at s (file:///usr/share/code/resources/app/out/vs/workbench/api/node/extensionHostProcess.js:121:2431)
    at Object.appendLine (file:///usr/share/code/resources/app/out/vs/workbench/api/node/extensionHostProcess.js:121:2570)
    at w.logTrace (/home/mpeters/.vscode/extensions/ms-python.black-formatter-2024.4.0/dist/extension.js:1:137022)
    at Object.log (/home/mpeters/.vscode/extensions/ms-python.black-formatter-2024.4.0/dist/extension.js:1:130515)
    at /home/mpeters/.vscode/extensions/ms-python.black-formatter-2024.4.0/dist/extension.js:1:87217
    at /home/mpeters/.vscode/extensions/ms-python.black-formatter-2024.4.0/dist/extension.js:1:87412
    at ie (/home/mpeters/.vscode/extensions/ms-python.black-formatter-2024.4.0/dist/extension.js:1:87777)
    at /home/mpeters/.vscode/extensions/ms-python.black-formatter-2024.4.0/dist/extension.js:1:82561
    at Immediate.<anonymous> (/home/mpeters/.vscode/extensions/ms-python.black-formatter-2024.4.0/dist/extension.js:1:82581)
    at processImmediate (node:internal/timers:483:21)
2024-12-13 11:17:56.030 [error] Error: Channel has been closed
    at s (file:///usr/share/code/resources/app/out/vs/workbench/api/node/extensionHostProcess.js:121:2431)
    at Object.appendLine (file:///usr/share/code/resources/app/out/vs/workbench/api/node/extensionHostProcess.js:121:2570)
    at b.logTrace (/home/mpeters/.vscode/extensions/ms-python.pylint-2024.0.0/dist/webpack:/pylint/node_modules/vscode-languageclient/lib/common/client.js:567:33)
    at Object.log (/home/mpeters/.vscode/extensions/ms-python.pylint-2024.0.0/dist/webpack:/pylint/node_modules/vscode-languageclient/lib/common/client.js:245:26)
    at traceReceivedResponse (/home/mpeters/.vscode/extensions/ms-python.pylint-2024.0.0/dist/webpack:/pylint/node_modules/vscode-jsonrpc/lib/common/connection.js:805:24)
    at handleResponse (/home/mpeters/.vscode/extensions/ms-python.pylint-2024.0.0/dist/webpack:/pylint/node_modules/vscode-jsonrpc/lib/common/connection.js:559:13)
    at handleMessage (/home/mpeters/.vscode/extensions/ms-python.pylint-2024.0.0/dist/webpack:/pylint/node_modules/vscode-jsonrpc/lib/common/connection.js:345:13)
    at processMessageQueue (/home/mpeters/.vscode/extensions/ms-python.pylint-2024.0.0/dist/webpack:/pylint/node_modules/vscode-jsonrpc/lib/common/connection.js:362:17)
    at Immediate.<anonymous> (/home/mpeters/.vscode/extensions/ms-python.pylint-2024.0.0/dist/webpack:/pylint/node_modules/vscode-jsonrpc/lib/common/connection.js:334:13)
    at processImmediate (node:internal/timers:483:21)
2024-12-13 11:17:56.047 [error] Error: Channel has been closed
    at s (file:///usr/share/code/resources/app/out/vs/workbench/api/node/extensionHostProcess.js:121:2431)
    at Object.appendLine (file:///usr/share/code/resources/app/out/vs/workbench/api/node/extensionHostProcess.js:121:2570)
    at Object._0x3abb0e.<computed>.<computed> [as appendLine] (/home/mpeters/.vscode/extensions/ms-python.vscode-pylance-2024.12.1/dist/extension.bundle.js:1:236608)
    at T.logOutputMessage (/home/mpeters/.vscode/extensions/ms-python.python-2024.22.0-linux-x64/out/client/extension.js:2:2092948)
    at T.info (/home/mpeters/.vscode/extensions/ms-python.python-2024.22.0-linux-x64/out/client/extension.js:2:2092681)
    at ChildProcess.<anonymous> (/home/mpeters/.vscode/extensions/ms-python.python-2024.22.0-linux-x64/out/client/extension.js:2:2311024)
    at ChildProcess.emit (node:events:518:28)
    at Process.ChildProcess._handle.onexit (node:internal/child_process:293:12)
2024-12-13 11:17:57.778 [error] Error: Channel has been closed
    at s (file:///usr/share/code/resources/app/out/vs/workbench/api/node/extensionHostProcess.js:121:2431)
    at Object.appendLine (file:///usr/share/code/resources/app/out/vs/workbench/api/node/extensionHostProcess.js:121:2570)
    at w.logOutputMessage (/home/mpeters/.vscode/extensions/ms-python.black-formatter-2024.4.0/dist/extension.js:1:136449)
    at w.error (/home/mpeters/.vscode/extensions/ms-python.black-formatter-2024.4.0/dist/extension.js:1:136340)
    at /home/mpeters/.vscode/extensions/ms-python.black-formatter-2024.4.0/dist/extension.js:1:144715
    at Object.t.deactivate (/home/mpeters/.vscode/extensions/ms-python.black-formatter-2024.4.0/dist/extension.js:1:68581)
    at async Promise.all (index 19)
    at zz.$ (file:///usr/share/code/resources/app/out/vs/workbench/api/node/extensionHostProcess.js:119:9888)
2024-12-13 11:17:57.780 [error] Error: Channel has been closed
    at s (file:///usr/share/code/resources/app/out/vs/workbench/api/node/extensionHostProcess.js:121:2431)
    at Object.appendLine (file:///usr/share/code/resources/app/out/vs/workbench/api/node/extensionHostProcess.js:121:2570)
    at b.error (/home/mpeters/.vscode/extensions/ms-python.pylint-2024.0.0/dist/webpack:/pylint/node_modules/vscode-languageclient/lib/common/client.js:545:28)
    at lsClient (/home/mpeters/.vscode/extensions/ms-python.pylint-2024.0.0/dist/webpack:/pylint/node_modules/vscode-languageclient/lib/common/client.js:932:22)
    at Object.t.deactivate (/home/mpeters/.vscode/extensions/ms-python.pylint-2024.0.0/dist/webpack:/pylint/src/extension.ts:103:9)
    at async Promise.all (index 21)
    at zz.$ (file:///usr/share/code/resources/app/out/vs/workbench/api/node/extensionHostProcess.js:119:9888)
2024-12-13 11:17:57.803 [error] Error: Channel has been closed
    at s (file:///usr/share/code/resources/app/out/vs/workbench/api/node/extensionHostProcess.js:121:2431)
    at Object.appendLine (file:///usr/share/code/resources/app/out/vs/workbench/api/node/extensionHostProcess.js:121:2570)
    at a.error (/home/mpeters/.vscode/extensions/sonarsource.sonarlint-vscode-4.5.1-linux-x64/dist/extension.js:2:863953)
    at /home/mpeters/.vscode/extensions/sonarsource.sonarlint-vscode-4.5.1-linux-x64/dist/extension.js:2:872171
    at async Promise.all (index 28)
    at zz.$ (file:///usr/share/code/resources/app/out/vs/workbench/api/node/extensionHostProcess.js:119:9888)
2024-12-13 11:17:57.803 [info] Extension host with pid 304800 exiting with code 0
