2024-12-13 11:35:20.678 [info] Reading sessions from keychain...
2024-12-13 11:35:20.678 [info] Getting sessions for all scopes...
2024-12-13 11:35:20.678 [info] Getting sessions for all scopes...
2024-12-13 11:35:20.678 [info] Getting sessions for all scopes...
2024-12-13 11:35:20.678 [info] Getting sessions for all scopes...
2024-12-13 11:35:20.678 [info] Getting sessions for all scopes...
2024-12-13 11:35:20.678 [info] Getting sessions for all scopes...
2024-12-13 11:35:20.678 [info] Getting sessions for all scopes...
2024-12-13 11:35:20.678 [info] Getting sessions for all scopes...
2024-12-13 11:35:20.678 [info] Got 0 sessions for ...
2024-12-13 11:35:20.678 [info] Got 0 sessions for ...
2024-12-13 11:35:20.678 [info] Got 0 sessions for ...
2024-12-13 11:35:20.678 [info] Got 0 sessions for ...
2024-12-13 11:35:20.678 [info] Got 0 sessions for ...
2024-12-13 11:35:20.678 [info] Got 0 sessions for ...
2024-12-13 11:35:20.678 [info] Got 0 sessions for ...
2024-12-13 11:35:20.678 [info] Got 0 sessions for ...
2024-12-13 11:35:22.100 [info] Getting sessions for all scopes...
2024-12-13 11:35:22.100 [info] Got 0 sessions for ...
2024-12-13 11:35:28.228 [info] Getting sessions for read:user,repo,user:email...
2024-12-13 11:35:28.228 [info] Got 0 sessions for read:user,repo,user:email...
2024-12-13 11:35:28.236 [info] Getting sessions for project,read:org,read:user,repo,user:email,workflow...
2024-12-13 11:35:28.236 [info] Got 0 sessions for project,read:org,read:user,repo,user:email,workflow...
2024-12-13 11:35:28.357 [info] Getting sessions for read:user,repo,user:email,workflow...
2024-12-13 11:35:28.357 [info] Got 0 sessions for read:user,repo,user:email,workflow...
2024-12-13 11:35:28.399 [info] Getting sessions for read:user,repo,user:email...
2024-12-13 11:35:28.399 [info] Got 0 sessions for read:user,repo,user:email...
2024-12-13 11:35:28.478 [info] Getting sessions for read:user,repo,user:email,workflow...
2024-12-13 11:35:28.478 [info] Got 0 sessions for read:user,repo,user:email,workflow...
