2024-12-13 11:31:24.811 [info] Reading sessions from keychain...
2024-12-13 11:31:24.811 [info] Getting sessions for all scopes...
2024-12-13 11:31:24.811 [info] Getting sessions for all scopes...
2024-12-13 11:31:24.827 [info] Got 0 sessions for ...
2024-12-13 11:31:24.827 [info] Got 0 sessions for ...
2024-12-13 11:31:24.830 [info] Getting sessions for all scopes...
2024-12-13 11:31:24.830 [info] Got 0 sessions for ...
2024-12-13 11:31:24.830 [info] Getting sessions for all scopes...
2024-12-13 11:31:24.830 [info] Got 0 sessions for ...
2024-12-13 11:31:24.831 [info] Getting sessions for all scopes...
2024-12-13 11:31:24.831 [info] Got 0 sessions for ...
2024-12-13 11:31:24.831 [info] Getting sessions for all scopes...
2024-12-13 11:31:24.831 [info] Got 0 sessions for ...
2024-12-13 11:31:24.831 [info] Getting sessions for all scopes...
2024-12-13 11:31:24.831 [info] Got 0 sessions for ...
2024-12-13 11:31:26.608 [info] Getting sessions for all scopes...
2024-12-13 11:31:26.608 [info] Got 0 sessions for ...
2024-12-13 11:31:32.197 [info] Getting sessions for read:user,repo,user:email...
2024-12-13 11:31:32.197 [info] Got 0 sessions for read:user,repo,user:email...
2024-12-13 11:31:32.222 [info] Getting sessions for project,read:org,read:user,repo,user:email,workflow...
2024-12-13 11:31:32.223 [info] Got 0 sessions for project,read:org,read:user,repo,user:email,workflow...
2024-12-13 11:31:32.347 [info] Getting sessions for read:user,repo,user:email,workflow...
2024-12-13 11:31:32.347 [info] Got 0 sessions for read:user,repo,user:email,workflow...
2024-12-13 11:31:32.432 [info] Getting sessions for read:user,repo,user:email...
2024-12-13 11:31:32.432 [info] Got 0 sessions for read:user,repo,user:email...
2024-12-13 11:31:32.489 [info] Getting sessions for read:user,repo,user:email,workflow...
2024-12-13 11:31:32.489 [info] Got 0 sessions for read:user,repo,user:email,workflow...
