2024-12-12 16:15:16.751 [info] Added views:outline in workbench.view.explorer
2024-12-12 16:15:16.752 [info] Added views:workbench.view.search in workbench.view.search
2024-12-12 16:15:16.752 [info] Added views:workbench.scm in workbench.view.scm
2024-12-12 16:15:16.752 [info] Added views:workbench.panel.markers.view in workbench.panel.markers
2024-12-12 16:15:16.752 [info] Added views:workbench.panel.output in workbench.panel.output
2024-12-12 16:15:16.752 [info] Added views:terminal in terminal
2024-12-12 16:15:16.752 [info] Added views:timeline in workbench.view.explorer
2024-12-12 16:15:16.752 [info] Added views:workbench.explorer.fileView in workbench.view.explorer
2024-12-12 16:15:17.235 [info] Added views:workbench.debug.welcome in workbench.view.debug
2024-12-12 16:15:17.606 [info] Added views:gitlens.views.home,gitlens.views.launchpad,gitlens.views.workspaces in workbench.view.extension.gitlens
2024-12-12 16:15:17.606 [info] Added views:gitlens.views.commitDetails,gitlens.views.lineHistory,gitlens.views.fileHistory,gitlens.views.searchAndCompare in workbench.view.extension.gitlensInspect
2024-12-12 16:15:17.607 [info] Added views:gitlens.views.scm.grouped in workbench.view.scm
2024-12-12 16:15:17.615 [info] Added views:azureStorage in workbench.view.explorer
2024-12-12 16:15:17.615 [info] Added views:pr:github,issues:github in workbench.view.extension.github-pull-requests
2024-12-12 16:15:17.616 [info] Added views:azureResourceGroups,azureWorkspace,ms-azuretools.helpAndFeedback in workbench.view.extension.azure
2024-12-12 16:15:17.616 [info] Added views:azureActivityLog in workbench.view.extension.azurePanel
2024-12-12 16:15:17.617 [info] Added views:dockerContainers,dockerImages,dockerRegistries,dockerNetworks,dockerVolumes,vscode-docker.views.dockerContexts,vscode-docker.views.help in workbench.view.extension.dockerView
2024-12-12 16:15:17.617 [info] Added views:extension.vsKubernetesExplorer,extension.vsKubernetesHelmRepoExplorer,kubernetes.cloudExplorer in workbench.view.extension.kubernetesView
2024-12-12 16:15:17.980 [info] Added views:workbench.panel.repl.view in workbench.panel.repl
2024-12-12 16:15:18.511 [info] Added views:~remote.forwardedPorts in ~remote.forwardedPortsContainer
2024-12-12 16:15:19.227 [info] Added views:workbench.view.testing in workbench.view.extension.test
2024-12-12 16:15:20.275 [info] Removed views:gitlens.views.searchAndCompare,gitlens.views.fileHistory,gitlens.views.lineHistory,gitlens.views.commitDetails from workbench.view.extension.gitlensInspect
2024-12-12 16:15:20.277 [info] Removed views:gitlens.views.scm.grouped from workbench.view.scm
2024-12-12 16:15:20.378 [info] Added views:gitlens.views.drafts in workbench.view.extension.gitlens
2024-12-12 16:15:46.692 [info] Removed views:workbench.view.testing from workbench.view.extension.test
2024-12-12 16:15:47.182 [info] Added views:outline in workbench.view.explorer
2024-12-12 16:15:47.182 [info] Added views:workbench.view.search in workbench.view.search
2024-12-12 16:15:47.182 [info] Added views:workbench.scm in workbench.view.scm
2024-12-12 16:15:47.182 [info] Added views:workbench.panel.markers.view in workbench.panel.markers
2024-12-12 16:15:47.182 [info] Added views:workbench.panel.output in workbench.panel.output
2024-12-12 16:15:47.182 [info] Added views:terminal in terminal
2024-12-12 16:15:47.182 [info] Added views:timeline in workbench.view.explorer
2024-12-12 16:15:47.182 [info] Added views:workbench.debug.welcome in workbench.view.debug
2024-12-12 16:15:47.182 [info] Added views:workbench.explorer.fileView in workbench.view.explorer
2024-12-12 16:15:47.683 [info] Added views:gitlens.views.home,gitlens.views.launchpad,gitlens.views.workspaces in workbench.view.extension.gitlens
2024-12-12 16:15:47.683 [info] Added views:gitlens.views.commitDetails,gitlens.views.lineHistory,gitlens.views.fileHistory,gitlens.views.searchAndCompare in workbench.view.extension.gitlensInspect
2024-12-12 16:15:47.684 [info] Added views:gitlens.views.scm.grouped in workbench.view.scm
2024-12-12 16:15:47.690 [info] Added views:azureStorage in workbench.view.explorer
2024-12-12 16:15:47.691 [info] Added views:pr:github,issues:github in workbench.view.extension.github-pull-requests
2024-12-12 16:15:47.691 [info] Added views:azureResourceGroups,azureWorkspace,ms-azuretools.helpAndFeedback in workbench.view.extension.azure
2024-12-12 16:15:47.692 [info] Added views:azureActivityLog in workbench.view.extension.azurePanel
2024-12-12 16:15:47.692 [info] Added views:dockerContainers,dockerImages,dockerRegistries,dockerNetworks,dockerVolumes,vscode-docker.views.dockerContexts,vscode-docker.views.help in workbench.view.extension.dockerView
2024-12-12 16:15:47.692 [info] Added views:extension.vsKubernetesExplorer,extension.vsKubernetesHelmRepoExplorer,kubernetes.cloudExplorer in workbench.view.extension.kubernetesView
2024-12-12 16:15:47.880 [info] Added views:workbench.panel.repl.view in workbench.panel.repl
2024-12-12 16:15:48.501 [info] Added views:~remote.forwardedPorts in ~remote.forwardedPortsContainer
2024-12-12 16:15:48.815 [info] Added views:workbench.view.testing in workbench.view.extension.test
2024-12-12 16:15:50.126 [info] Removed views:gitlens.views.searchAndCompare,gitlens.views.fileHistory,gitlens.views.lineHistory,gitlens.views.commitDetails from workbench.view.extension.gitlensInspect
2024-12-12 16:15:50.128 [info] Removed views:gitlens.views.scm.grouped from workbench.view.scm
2024-12-12 16:15:50.227 [info] Added views:gitlens.views.drafts in workbench.view.extension.gitlens
2024-12-12 16:15:55.826 [info] Added views:workbench.views.extensions.installed,workbench.views.extensions.popular,extensions.recommendedList in workbench.view.extensions
2024-12-12 16:15:55.828 [info] Removed views:workbench.views.extensions.popular from workbench.view.extensions
2024-12-12 16:15:59.990 [info] Removed views:extensions.recommendedList,workbench.views.extensions.installed from workbench.view.extensions
2024-12-12 16:15:59.996 [info] Added views:workbench.views.extensions.marketplace in workbench.view.extensions
2024-12-12 16:16:13.570 [info] Removed views:workbench.view.testing from workbench.view.extension.test
2024-12-12 16:16:13.880 [info] Removed views:workbench.panel.repl.view from workbench.panel.repl
2024-12-12 16:16:14.137 [info] Added views:workbench.panel.repl.view in workbench.panel.repl
2024-12-12 16:16:14.538 [info] Added views:workbench.view.testing in workbench.view.extension.test
2024-12-13 06:55:39.750 [info] Removed views:workbench.view.testing from workbench.view.extension.test
