2024-12-11 09:31:52.167 [info] Experiment 'pythonRecommendTensorboardExt' is active
2024-12-11 09:31:52.168 [info] Experiment 'pythonTerminalEnvVarActivation' is active
2024-12-11 09:31:52.168 [info] Experiment 'pythonTestAdapter' is active
2024-12-11 09:31:52.169 [info] Native locator: Refresh started
2024-12-11 09:31:52.642 [info] > pyenv which python
2024-12-11 09:31:52.642 [info] cwd: .
2024-12-11 09:31:55.947 [info] Native locator: Refresh finished in 3860 ms
2024-12-11 09:31:55.967 [info] Python interpreter path: /bin/python3
2024-12-11 09:31:59.130 [info] > conda info --json
2024-12-11 09:32:00.578 [info] Starting Pylance language server.
2024-12-11 09:33:14.075 [info] Discover tests for workspace name: _2 - uri: /home/mpeters/projects/AOC/2024/_2/main.py
2024-12-11 09:39:22.160 [info] Discover tests for workspace name: _2 - uri: /home/mpeters/projects/AOC/2024/_2/main.py
2024-12-11 09:39:52.429 [info] Discover tests for workspace name: _2 - uri: /home/mpeters/projects/AOC/2024/_2/main.py
2024-12-11 09:40:19.256 [info] Discover tests for workspace name: _2 - uri: /home/mpeters/projects/AOC/2024/_2/main.py
2024-12-11 09:41:06.460 [info] Discover tests for workspace name: _2 - uri: /home/mpeters/projects/AOC/2024/_2/main.py
2024-12-11 10:16:24.193 [info] Discover tests for workspace name: _2 - uri: /home/mpeters/projects/AOC/2024/_2/main.py
2024-12-11 10:25:08.026 [info] Discover tests for workspace name: _2 - uri: /home/mpeters/projects/AOC/2024/_2/main.py
2024-12-11 10:26:35.034 [info] Discover tests for workspace name: _2 - uri: /home/mpeters/projects/AOC/2024/_2/main.py
2024-12-11 10:27:58.443 [info] Discover tests for workspace name: _2 - uri: /home/mpeters/projects/AOC/2024/_2/main.py
2024-12-11 10:28:42.526 [info] Discover tests for workspace name: _2 - uri: /home/mpeters/projects/AOC/2024/_2/main.py
2024-12-11 10:29:33.479 [info] Discover tests for workspace name: _2 - uri: /home/mpeters/projects/AOC/2024/_2/main.py
2024-12-11 10:30:36.943 [info] Discover tests for workspace name: _2 - uri: /home/mpeters/projects/AOC/2024/_2/main.py
2024-12-11 10:31:28.409 [info] Discover tests for workspace name: _2 - uri: /home/mpeters/projects/AOC/2024/_2/main.py
2024-12-11 10:51:27.531 [info] Discover tests for workspace name: _2 - uri: /home/mpeters/projects/AOC/2024/_2/main.py
2024-12-11 10:52:13.320 [info] Discover tests for workspace name: _2 - uri: /home/mpeters/projects/AOC/2024/_2/main.py
2024-12-11 10:54:50.810 [info] Discover tests for workspace name: _2 - uri: /home/mpeters/projects/AOC/2024/_2/main.py
2024-12-11 10:55:45.283 [info] Discover tests for workspace name: _2 - uri: /home/mpeters/projects/AOC/2024/_2/main.py
2024-12-11 10:57:09.442 [info] Discover tests for workspace name: _2 - uri: /home/mpeters/projects/AOC/2024/_2/main.py
2024-12-11 10:58:36.822 [info] Discover tests for workspace name: _2 - uri: /home/mpeters/projects/AOC/2024/_2/main.py
2024-12-11 10:59:24.304 [info] Discover tests for workspace name: _2 - uri: /home/mpeters/projects/AOC/2024/_2/main.py
2024-12-11 11:00:12.132 [info] Discover tests for workspace name: _2 - uri: /home/mpeters/projects/AOC/2024/_2/main.py
2024-12-11 11:03:27.960 [info] Discover tests for workspace name: _2 - uri: /home/mpeters/projects/AOC/2024/_2/main.py
2024-12-11 11:05:14.181 [info] Discover tests for workspace name: _2 - uri: /home/mpeters/projects/AOC/2024/_2/main.py
2024-12-11 11:06:31.151 [info] Discover tests for workspace name: _2 - uri: /home/mpeters/projects/AOC/2024/_2/main.py
2024-12-11 11:07:59.702 [info] Discover tests for workspace name: _2 - uri: /home/mpeters/projects/AOC/2024/_2/main.py
2024-12-11 11:12:20.193 [info] Discover tests for workspace name: _2 - uri: /home/mpeters/projects/AOC/2024/_2/main.py
2024-12-11 11:12:27.791 [info] Discover tests for workspace name: _2 - uri: /home/mpeters/projects/AOC/2024/_2/main.py
2024-12-11 11:13:52.593 [info] Discover tests for workspace name: _2 - uri: /home/mpeters/projects/AOC/2024/_2/main.py
2024-12-11 11:14:05.715 [info] Discover tests for workspace name: _2 - uri: /home/mpeters/projects/AOC/2024/_2/main.py
2024-12-11 11:15:07.156 [info] Discover tests for workspace name: _2 - uri: /home/mpeters/projects/AOC/2024/_2/main.py
2024-12-11 11:15:54.271 [info] Discover tests for workspace name: _2 - uri: /home/mpeters/projects/AOC/2024/_2/main.py
2024-12-11 11:16:35.532 [info] Discover tests for workspace name: _2 - uri: /home/mpeters/projects/AOC/2024/_2/main.py
2024-12-11 15:15:31.370 [info] Discover tests for workspace name: _2 - uri: /home/mpeters/projects/AOC/2024/_2/main.py
2024-12-11 15:23:04.227 [info] Discover tests for workspace name: _2 - uri: /home/mpeters/projects/AOC/2024/_2/main.py
2024-12-11 15:24:23.569 [info] Discover tests for workspace name: _2 - uri: /home/mpeters/projects/AOC/2024/_2/main.py
2024-12-11 15:51:31.168 [info] Discover tests for workspace name: _2 - uri: /home/mpeters/projects/AOC/2024/_2/main.py
2024-12-11 15:54:13.095 [info] Discover tests for workspace name: _2 - uri: /home/mpeters/projects/AOC/2024/_2/main.py
2024-12-11 15:55:33.634 [info] Discover tests for workspace name: _2 - uri: /home/mpeters/projects/AOC/2024/_2/main.py
2024-12-11 15:55:49.188 [info] Discover tests for workspace name: _2 - uri: /home/mpeters/projects/AOC/2024/_2/main.py
2024-12-11 15:56:26.086 [info] Discover tests for workspace name: _2 - uri: /home/mpeters/projects/AOC/2024/_2/main.py
2024-12-11 15:57:51.616 [info] Discover tests for workspace name: _2 - uri: /home/mpeters/projects/AOC/2024/_2/main.py
2024-12-11 15:58:24.236 [info] Discover tests for workspace name: _2 - uri: /home/mpeters/projects/AOC/2024/_2/main.py
2024-12-11 15:58:50.293 [info] Discover tests for workspace name: _2 - uri: /home/mpeters/projects/AOC/2024/_2/main.py
2024-12-11 16:00:41.849 [info] Discover tests for workspace name: _2 - uri: /home/mpeters/projects/AOC/2024/_2/main.py
2024-12-11 16:01:41.859 [info] Discover tests for workspace name: _2 - uri: /home/mpeters/projects/AOC/2024/_2/main.py
2024-12-11 16:06:40.050 [info] Discover tests for workspace name: _2 - uri: /home/mpeters/projects/AOC/2024/_2/main.py
2024-12-11 16:06:51.626 [info] Discover tests for workspace name: _2 - uri: /home/mpeters/projects/AOC/2024/_2/main.py
2024-12-11 16:07:29.148 [info] Discover tests for workspace name: _2 - uri: /home/mpeters/projects/AOC/2024/_2/main.py
