2024-12-13 11:05:11.775 [info] Added views:outline in workbench.view.explorer
2024-12-13 11:05:11.775 [info] Added views:workbench.view.search in workbench.view.search
2024-12-13 11:05:11.775 [info] Added views:workbench.scm in workbench.view.scm
2024-12-13 11:05:11.775 [info] Added views:workbench.panel.markers.view in workbench.panel.markers
2024-12-13 11:05:11.775 [info] Added views:workbench.panel.output in workbench.panel.output
2024-12-13 11:05:11.775 [info] Added views:terminal in terminal
2024-12-13 11:05:11.775 [info] Added views:timeline in workbench.view.explorer
2024-12-13 11:05:11.775 [info] Added views:workbench.explorer.fileView in workbench.view.explorer
2024-12-13 11:05:12.004 [info] Added views:workbench.debug.variablesView,workbench.debug.watchExpressionsView,workbench.debug.callStackView,workbench.debug.breakPointsView in workbench.view.debug
2024-12-13 11:05:12.902 [info] Added views:openapiNotSelectedOutline in workbench.view.extension.openapi-explorer
2024-12-13 11:05:12.903 [info] Added views:gitlens.views.home,gitlens.views.launchpad,gitlens.views.workspaces in workbench.view.extension.gitlens
2024-12-13 11:05:12.904 [info] Added views:gitlens.views.commitDetails,gitlens.views.lineHistory,gitlens.views.fileHistory,gitlens.views.searchAndCompare in workbench.view.extension.gitlensInspect
2024-12-13 11:05:12.905 [info] Added views:gitlens.views.scm.grouped in workbench.view.scm
2024-12-13 11:05:12.907 [info] Added views:pr:github,issues:github in workbench.view.extension.github-pull-requests
2024-12-13 11:05:12.909 [info] Added views:dockerContainers,dockerImages,dockerRegistries,dockerNetworks,dockerVolumes,vscode-docker.views.dockerContexts,vscode-docker.views.help in workbench.view.extension.dockerView
2024-12-13 11:05:12.910 [info] Added views:targetsContainers,devVolumes in workbench.view.remote
2024-12-13 11:05:12.990 [info] Added views:~remote.forwardedPorts in ~remote.forwardedPortsContainer
2024-12-13 11:05:13.449 [info] Added views:workbench.panel.repl.view in workbench.panel.repl
2024-12-13 11:05:13.453 [info] Removed views:workbench.debug.breakPointsView,workbench.debug.callStackView,workbench.debug.watchExpressionsView,workbench.debug.variablesView from workbench.view.debug
2024-12-13 11:05:13.455 [info] Added views:workbench.debug.welcome in workbench.view.debug
2024-12-13 11:05:18.021 [info] Removed views:gitlens.views.workspaces from workbench.view.extension.gitlens
2024-12-13 11:05:18.030 [info] Removed views:gitlens.views.searchAndCompare,gitlens.views.fileHistory,gitlens.views.lineHistory,gitlens.views.commitDetails from workbench.view.extension.gitlensInspect
2024-12-13 11:05:18.031 [info] Removed views:gitlens.views.scm.grouped from workbench.view.scm
2024-12-13 11:05:18.526 [info] Added views:configurationView in workbench.view.extension.databricksBar
2024-12-13 11:05:18.527 [info] Added views:workspaceEnvironments,pythonEnvironments in workbench.view.extension.package-explorer
2024-12-13 11:05:18.533 [info] Added views:azureStorage in workbench.view.explorer
2024-12-13 11:05:18.535 [info] Added views:azureResourceGroups,azureWorkspace,ms-azuretools.helpAndFeedback in workbench.view.extension.azure
2024-12-13 11:05:18.535 [info] Added views:azureActivityLog in workbench.view.extension.azurePanel
2024-12-13 11:05:18.536 [info] Added views:extension.vsKubernetesExplorer,extension.vsKubernetesHelmRepoExplorer,kubernetes.cloudExplorer in workbench.view.extension.kubernetesView
2024-12-13 11:05:18.538 [info] Added views:ansible-creator,lightspeed-explorer-webview,lightspeed-feedback-webview in workbench.view.extension.ansible-explorer
2024-12-13 11:05:18.706 [info] Added views:gitlens.views.drafts,gitlens.views.workspaces in workbench.view.extension.gitlens
2024-12-13 11:05:19.830 [info] Added views:workbench.view.testing in workbench.view.extension.test
2024-12-13 11:06:28.711 [info] Removed views:workbench.view.testing from workbench.view.extension.test
