2024-12-13 07:00:10.850 [info] Reading sessions from keychain...
2024-12-13 07:00:10.850 [info] Getting sessions for all scopes...
2024-12-13 07:00:10.850 [info] Getting sessions for all scopes...
2024-12-13 07:00:10.850 [info] Getting sessions for all scopes...
2024-12-13 07:00:10.850 [info] Getting sessions for all scopes...
2024-12-13 07:00:10.850 [info] Getting sessions for all scopes...
2024-12-13 07:00:10.850 [info] Getting sessions for all scopes...
2024-12-13 07:00:10.850 [info] Getting sessions for all scopes...
2024-12-13 07:00:10.927 [info] Got 0 sessions for ...
2024-12-13 07:00:10.927 [info] Got 0 sessions for ...
2024-12-13 07:00:10.927 [info] Got 0 sessions for ...
2024-12-13 07:00:10.927 [info] Got 0 sessions for ...
2024-12-13 07:00:10.927 [info] Got 0 sessions for ...
2024-12-13 07:00:10.927 [info] Got 0 sessions for ...
2024-12-13 07:00:10.927 [info] Got 0 sessions for ...
2024-12-13 07:00:11.539 [info] Getting sessions for all scopes...
2024-12-13 07:00:11.539 [info] Got 0 sessions for ...
2024-12-13 07:00:13.241 [info] Getting sessions for all scopes...
2024-12-13 07:00:13.241 [info] Got 0 sessions for ...
2024-12-13 07:00:13.501 [info] Getting sessions for read:user,repo,user:email...
2024-12-13 07:00:13.501 [info] Got 0 sessions for read:user,repo,user:email...
2024-12-13 07:00:13.557 [info] Getting sessions for project,read:org,read:user,repo,user:email,workflow...
2024-12-13 07:00:13.557 [info] Got 0 sessions for project,read:org,read:user,repo,user:email,workflow...
2024-12-13 07:00:13.615 [info] Getting sessions for read:user,repo,user:email,workflow...
2024-12-13 07:00:13.615 [info] Got 0 sessions for read:user,repo,user:email,workflow...
2024-12-13 07:00:13.638 [info] Getting sessions for read:user,repo,user:email...
2024-12-13 07:00:13.638 [info] Got 0 sessions for read:user,repo,user:email...
2024-12-13 07:00:13.667 [info] Getting sessions for read:user,repo,user:email,workflow...
2024-12-13 07:00:13.667 [info] Got 0 sessions for read:user,repo,user:email,workflow...
2024-12-13 07:00:24.334 [info] Logging in with 'any' account...
2024-12-13 07:00:24.334 [info] Logging in for the following scopes: read:user repo user:email workflow
2024-12-13 07:00:24.351 [info] Trying without local server... (read:user repo user:email workflow)
2024-12-13 07:02:47.969 [error] User Cancelled
