2024-12-13 07:03:19.700 [info] [main] Log level: Info
2024-12-13 07:03:19.700 [info] [main] Validating found git in: "git"
2024-12-13 07:03:19.700 [info] [main] Using git "2.45.2" from "git"
2024-12-13 07:03:19.700 [info] [Model][doInitialScan] Initial repository scan started
2024-12-13 07:03:19.700 [info] > git rev-parse --show-toplevel [7ms]
2024-12-13 07:03:19.700 [info] fatal: not a git repository (or any of the parent directories): .git
2024-12-13 07:03:19.700 [info] > git rev-parse --show-toplevel [5ms]
2024-12-13 07:03:19.700 [info] fatal: not a git repository (or any of the parent directories): .git
2024-12-13 07:03:19.701 [info] > git rev-parse --show-toplevel [2ms]
2024-12-13 07:03:19.701 [info] fatal: not a git repository (or any of the parent directories): .git
2024-12-13 07:03:19.711 [info] > git rev-parse --show-toplevel [2ms]
2024-12-13 07:03:19.711 [info] fatal: not a git repository (or any of the parent directories): .git
2024-12-13 07:03:19.714 [info] [Model][doInitialScan] Initial repository scan completed - repositories (0), closed repositories (0), parent repositories (0), unsafe repositories (0)
2024-12-13 07:06:59.959 [info] > git rev-parse --show-toplevel [6ms]
2024-12-13 07:06:59.959 [info] fatal: not a git repository (or any of the parent directories): .git
2024-12-13 07:07:34.210 [info] > git rev-parse --show-toplevel [3ms]
2024-12-13 07:07:34.210 [info] fatal: not a git repository (or any of the parent directories): .git
2024-12-13 07:08:09.270 [info] > git rev-parse --show-toplevel [1ms]
2024-12-13 07:08:09.270 [info] fatal: not a git repository (or any of the parent directories): .git
2024-12-13 07:08:11.978 [info] > git rev-parse --show-toplevel [1ms]
2024-12-13 07:08:11.978 [info] fatal: not a git repository (or any of the parent directories): .git
2024-12-13 07:08:14.612 [info] > git rev-parse --show-toplevel [1ms]
2024-12-13 07:08:14.612 [info] fatal: not a git repository (or any of the parent directories): .git
2024-12-13 07:08:14.838 [info] > git rev-parse --show-toplevel [1ms]
2024-12-13 07:08:14.838 [info] fatal: not a git repository (or any of the parent directories): .git
2024-12-13 07:08:15.631 [info] > git rev-parse --show-toplevel [2ms]
2024-12-13 07:08:15.631 [info] fatal: not a git repository (or any of the parent directories): .git
2024-12-13 07:08:17.429 [info] > git rev-parse --show-toplevel [3ms]
2024-12-13 07:08:17.429 [info] fatal: not a git repository (or any of the parent directories): .git
