2024-12-13 11:17:25.273 [info] Reading sessions from keychain...
2024-12-13 11:17:25.273 [info] Getting sessions for all scopes...
2024-12-13 11:17:25.273 [info] Getting sessions for all scopes...
2024-12-13 11:17:25.376 [info] Getting sessions for all scopes...
2024-12-13 11:17:25.376 [info] Getting sessions for all scopes...
2024-12-13 11:17:25.376 [info] Getting sessions for all scopes...
2024-12-13 11:17:25.376 [info] Getting sessions for all scopes...
2024-12-13 11:17:25.376 [info] Getting sessions for all scopes...
2024-12-13 11:17:25.534 [info] Got 0 sessions for ...
2024-12-13 11:17:25.534 [info] Got 0 sessions for ...
2024-12-13 11:17:25.534 [info] Got 0 sessions for ...
2024-12-13 11:17:25.534 [info] Got 0 sessions for ...
2024-12-13 11:17:25.534 [info] Got 0 sessions for ...
2024-12-13 11:17:25.534 [info] Got 0 sessions for ...
2024-12-13 11:17:25.534 [info] Got 0 sessions for ...
2024-12-13 11:17:27.236 [info] Getting sessions for all scopes...
2024-12-13 11:17:27.236 [info] Got 0 sessions for ...
2024-12-13 11:17:32.856 [info] Getting sessions for read:user,repo,user:email...
2024-12-13 11:17:32.857 [info] Got 0 sessions for read:user,repo,user:email...
2024-12-13 11:17:32.866 [info] Getting sessions for project,read:org,read:user,repo,user:email,workflow...
2024-12-13 11:17:32.866 [info] Got 0 sessions for project,read:org,read:user,repo,user:email,workflow...
2024-12-13 11:17:32.976 [info] Getting sessions for read:user,repo,user:email,workflow...
2024-12-13 11:17:32.976 [info] Got 0 sessions for read:user,repo,user:email,workflow...
2024-12-13 11:17:33.032 [info] Getting sessions for read:user,repo,user:email...
2024-12-13 11:17:33.032 [info] Got 0 sessions for read:user,repo,user:email...
2024-12-13 11:17:33.091 [info] Getting sessions for read:user,repo,user:email,workflow...
2024-12-13 11:17:33.091 [info] Got 0 sessions for read:user,repo,user:email,workflow...
2024-12-13 11:17:39.544 [info] Getting sessions for user:email...
2024-12-13 11:17:39.544 [info] Got 0 sessions for user:email...
2024-12-13 11:17:41.296 [info] Logging in with 'any' account...
2024-12-13 11:17:41.296 [info] Logging in for the following scopes: user:email
2024-12-13 11:17:41.315 [info] Trying without local server... (user:email)
