[2024-12-13 11:17:25.601] Starting Git Graph ...
[2024-12-13 11:17:25.616] Using git (version: 2.45.2)
[2024-12-13 11:17:25.627] Started Git Graph - Ready to use!
[2024-12-13 11:17:25.628] Searching workspace for new repos ...
[2024-12-13 11:17:25.632] > git rev-parse --show-toplevel
[2024-12-13 11:17:25.777] Completed searching workspace for new repos
[2024-12-13 11:17:25.857] Successfully set Visual Studio Code Context "git-graph:codiconsSupported" to "true"
[2024-12-13 11:17:29.133] > git rev-parse --show-toplevel
[2024-12-13 11:17:29.140] > git rev-parse --show-toplevel
[2024-12-13 11:17:29.146] > git rev-parse --show-toplevel
[2024-12-13 11:17:29.152] > git rev-parse --show-toplevel
[2024-12-13 11:17:29.157] > git rev-parse --show-toplevel
[2024-12-13 11:17:29.161] > git rev-parse --show-toplevel
[2024-12-13 11:17:29.165] > git rev-parse --show-toplevel
[2024-12-13 11:17:29.171] > git rev-parse --show-toplevel
[2024-12-13 11:17:34.338] > git rev-parse --show-toplevel
[2024-12-13 11:17:34.348] > git rev-parse --show-toplevel
[2024-12-13 11:17:34.357] > git rev-parse --show-toplevel
[2024-12-13 11:17:34.369] > git rev-parse --show-toplevel
[2024-12-13 11:17:34.381] > git rev-parse --show-toplevel
[2024-12-13 11:17:40.751] > git rev-parse --show-toplevel
