2024-12-11 08:44:42.236 [info] Started local extension host with pid 6894.
2024-12-11 08:44:42.664 [error] [/home/mpeters/.vscode/extensions/ms-toolsai.jupyter-renderers-1.0.21]: Extension is not compatible with Code 1.94.2. Extension requires: ^1.95.0.
2024-12-11 08:44:42.944 [warning] [vscode-azurecontainerapps]: Couldn't find message for key containerApps.walkthrough.addWorkspaceProject.
2024-12-11 08:44:42.945 [warning] [vscode-azurecontainerapps]: Couldn't find message for key containerApps.walkthrough.azureSignIn.
2024-12-11 08:44:42.946 [warning] [vscode-azurecontainerapps]: Couldn't find message for key containerApps.walkthrough.deployWorkspaceProject.
2024-12-11 08:44:42.947 [warning] [vscode-azurecontainerapps]: Couldn't find message for key containerApps.walkthrough.cleanUpResources.
2024-12-11 08:44:42.949 [error] [/home/mpeters/.vscode/extensions/github.vscode-pull-request-github-0.100.0]: Extension is not compatible with Code 1.94.2. Extension requires: ^1.95.0.
2024-12-11 08:44:42.949 [error] [/home/mpeters/.vscode/extensions/ms-toolsai.jupyter-2024.10.0-linux-x64]: Extension is not compatible with Code 1.94.2. Extension requires: ^1.95.0.
2024-12-11 08:44:42.971 [error] [/home/mpeters/.vscode/extensions/github.vscode-pull-request-github-0.100.3]: Extension is not compatible with Code 1.94.2. Extension requires: ^1.95.0.
2024-12-11 08:44:47.115 [info] [perf] Render performance baseline is 85ms
2024-12-11 08:44:47.153 [error] ENOENT: no such file or directory, open '/home/mpeters/projects/AOC/2024/_2/~/.vscode/User/globalStorage/vscodevim.vim/.registers': Error: ENOENT: no such file or directory, open '/home/mpeters/projects/AOC/2024/_2/~/.vscode/User/globalStorage/vscodevim.vim/.registers'
2024-12-11 08:45:17.460 [error] Cannot read the extension from /home/mpeters/.vscode/extensions/ms-toolsai.jupyter-2024.10.0-linux-x64: ScanningExtension: Cannot read the extension from /home/mpeters/.vscode/extensions/ms-toolsai.jupyter-2024.10.0-linux-x64
    at Ql.scanLocalExtension (file:///usr/share/code/resources/app/out/vs/code/electron-utility/sharedProcess/sharedProcessMain.js:70:73154)
2024-12-11 08:45:17.493 [error] Cannot read the extension from /home/mpeters/.vscode/extensions/ms-toolsai.jupyter-renderers-1.0.21: ScanningExtension: Cannot read the extension from /home/mpeters/.vscode/extensions/ms-toolsai.jupyter-renderers-1.0.21
    at Ql.scanLocalExtension (file:///usr/share/code/resources/app/out/vs/code/electron-utility/sharedProcess/sharedProcessMain.js:70:73154)
2024-12-11 08:45:17.519 [error] Cannot read the extension from /home/mpeters/.vscode/extensions/github.vscode-pull-request-github-0.100.3: ScanningExtension: Cannot read the extension from /home/mpeters/.vscode/extensions/github.vscode-pull-request-github-0.100.3
    at Ql.scanLocalExtension (file:///usr/share/code/resources/app/out/vs/code/electron-utility/sharedProcess/sharedProcessMain.js:70:73154)
2024-12-11 09:21:40.680 [error] Unable to resolve text model content for resource vscode-notebook-cell:/home/mpeters/projects/AOC/2024/_2/main.py#W0sZmlsZQ%3D%3D: Error: Unable to resolve text model content for resource vscode-notebook-cell:/home/mpeters/projects/AOC/2024/_2/main.py#W0sZmlsZQ%3D%3D
    at q8e.u (vscode-file://vscode-app/usr/share/code/resources/app/out/vs/workbench/workbench.desktop.main.js:1279:21909)
    at async q8e.r (vscode-file://vscode-app/usr/share/code/resources/app/out/vs/workbench/workbench.desktop.main.js:1279:20939)
    at async nfi.acquire (vscode-file://vscode-app/usr/share/code/resources/app/out/vs/workbench/workbench.desktop.main.js:25:3125)
    at async G8e.createModelReference (vscode-file://vscode-app/usr/share/code/resources/app/out/vs/workbench/workbench.desktop.main.js:1279:22405)
    at async ZMe.F (vscode-file://vscode-app/usr/share/code/resources/app/out/vs/workbench/workbench.desktop.main.js:479:19463)
