2024-12-11 08:44:42.104 [info] Added views:outline in workbench.view.explorer
2024-12-11 08:44:42.105 [info] Added views:workbench.view.search in workbench.view.search
2024-12-11 08:44:42.105 [info] Added views:workbench.scm in workbench.view.scm
2024-12-11 08:44:42.105 [info] Added views:workbench.panel.markers.view in workbench.panel.markers
2024-12-11 08:44:42.105 [info] Added views:workbench.panel.output in workbench.panel.output
2024-12-11 08:44:42.105 [info] Added views:terminal in terminal
2024-12-11 08:44:42.105 [info] Added views:timeline in workbench.view.explorer
2024-12-11 08:44:42.105 [info] Added views:workbench.explorer.fileView in workbench.view.explorer
2024-12-11 08:44:42.539 [info] Added views:workbench.debug.variablesView,workbench.debug.watchExpressionsView,workbench.debug.callStackView,workbench.debug.breakPointsView in workbench.view.debug
2024-12-11 08:44:43.538 [info] Added views:gitlens.views.home,gitlens.views.launchpad,gitlens.views.workspaces in workbench.view.extension.gitlens
2024-12-11 08:44:43.542 [info] Added views:gitlens.views.commitDetails,gitlens.views.lineHistory,gitlens.views.fileHistory,gitlens.views.searchAndCompare in workbench.view.extension.gitlensInspect
2024-12-11 08:44:43.543 [info] Added views:gitlens.views.scm.grouped in workbench.view.scm
2024-12-11 08:44:43.545 [info] Added views:pr:github,issues:github in workbench.view.extension.github-pull-requests
2024-12-11 08:44:43.549 [info] Added views:dockerContainers,dockerImages,dockerRegistries,dockerNetworks,dockerVolumes,vscode-docker.views.dockerContexts,vscode-docker.views.help in workbench.view.extension.dockerView
2024-12-11 08:44:43.948 [info] Added views:workbench.panel.repl.view in workbench.panel.repl
2024-12-11 08:44:43.952 [info] Removed views:workbench.debug.breakPointsView,workbench.debug.callStackView,workbench.debug.watchExpressionsView,workbench.debug.variablesView from workbench.view.debug
2024-12-11 08:44:43.953 [info] Added views:workbench.debug.welcome in workbench.view.debug
2024-12-11 08:44:44.052 [info] Added views:~remote.forwardedPorts in ~remote.forwardedPortsContainer
2024-12-11 08:44:45.643 [info] Removed views:gitlens.views.workspaces from workbench.view.extension.gitlens
2024-12-11 08:44:45.750 [info] Removed views:gitlens.views.searchAndCompare,gitlens.views.fileHistory,gitlens.views.lineHistory,gitlens.views.commitDetails from workbench.view.extension.gitlensInspect
2024-12-11 08:44:45.751 [info] Removed views:gitlens.views.scm.grouped from workbench.view.scm
2024-12-11 08:44:50.414 [info] Added views:configurationView in workbench.view.extension.databricksBar
2024-12-11 08:44:50.422 [info] Added views:azureStorage in workbench.view.explorer
2024-12-11 08:44:50.424 [info] Added views:azureResourceGroups,azureWorkspace,ms-azuretools.helpAndFeedback in workbench.view.extension.azure
2024-12-11 08:44:50.424 [info] Added views:azureActivityLog in workbench.view.extension.azurePanel
2024-12-11 08:44:50.427 [info] Added views:extension.vsKubernetesExplorer,extension.vsKubernetesHelmRepoExplorer,kubernetes.cloudExplorer in workbench.view.extension.kubernetesView
2024-12-11 08:44:50.600 [info] Added views:gitlens.views.drafts,gitlens.views.workspaces in workbench.view.extension.gitlens
2024-12-11 08:45:00.279 [info] Added views:workbench.view.testing in workbench.view.extension.test
2024-12-11 09:22:02.796 [info] Removed views:workbench.view.testing from workbench.view.extension.test
