2024-12-11 22:41:16.993 [info] Started local extension host with pid 120932.
2024-12-11 22:41:17.791 [warning] [vscode-azurecontainerapps]: Couldn't find message for key containerApps.walkthrough.addWorkspaceProject.
2024-12-11 22:41:17.791 [warning] [vscode-azurecontainerapps]: Couldn't find message for key containerApps.walkthrough.azureSignIn.
2024-12-11 22:41:17.792 [warning] [vscode-azurecontainerapps]: Couldn't find message for key containerApps.walkthrough.deployWorkspaceProject.
2024-12-11 22:41:17.792 [warning] [vscode-azurecontainerapps]: Couldn't find message for key containerApps.walkthrough.cleanUpResources.
2024-12-11 22:41:17.850 [error] [/home/mpeters/.vscode/extensions/ms-toolsai.jupyter-2024.11.0-linux-x64]: Extension is not compatible with Code 1.95.3. Extension requires: ^1.96.0.
2024-12-11 22:41:17.853 [error] [/home/mpeters/.vscode/extensions/github.vscode-pull-request-github-0.102.0]: Extension is not compatible with Code 1.95.3. Extension requires: ^1.96.0.
2024-12-11 22:41:20.746 [info] Settings Sync: Updating due to initialize
2024-12-11 22:41:20.747 [info] Settings Sync: Updating authentication providers. Authentication Providers from store: [{"id":"github","scopes":["user:email"]},{"id":"microsoft","scopes":["openid","profile","email","offline_access"]}]
2024-12-11 22:41:20.747 [info] Settings Sync: Authentication providers updated []
2024-12-11 22:41:22.233 [info] Settings Sync: Updating authentication providers. Authentication Providers from store: [{"id":"github","scopes":["user:email"]},{"id":"microsoft","scopes":["openid","profile","email","offline_access"]}]
2024-12-11 22:41:22.234 [info] Settings Sync: Authentication providers updated ["github"]
2024-12-11 22:41:22.235 [info] Settings Sync: Updating authentication providers. Authentication Providers from store: [{"id":"github","scopes":["user:email"]},{"id":"microsoft","scopes":["openid","profile","email","offline_access"]}]
2024-12-11 22:41:22.236 [info] Settings Sync: Authentication providers updated ["github"]
2024-12-11 22:41:22.236 [info] Settings Sync: Updating authentication providers. Authentication Providers from store: [{"id":"github","scopes":["user:email"]},{"id":"microsoft","scopes":["openid","profile","email","offline_access"]}]
2024-12-11 22:41:22.237 [info] Settings Sync: Authentication providers updated ["github","microsoft"]
2024-12-11 22:41:22.238 [info] Settings Sync: Updating authentication providers. Authentication Providers from store: [{"id":"github","scopes":["user:email"]},{"id":"microsoft","scopes":["openid","profile","email","offline_access"]}]
2024-12-11 22:41:22.238 [info] Settings Sync: Authentication providers updated ["github","microsoft"]
2024-12-11 22:41:22.290 [info] Settings Sync: Updating due to declared authentication providers changed
2024-12-11 22:41:22.290 [info] Settings Sync: Updating authentication providers. Authentication Providers from store: [{"id":"github","scopes":["user:email"]},{"id":"microsoft","scopes":["openid","profile","email","offline_access"]}]
2024-12-11 22:41:22.291 [info] Settings Sync: Authentication providers updated ["github","microsoft"]
2024-12-11 22:41:22.292 [info] Settings Sync: Updating due to declared authentication providers changed
2024-12-11 22:41:22.292 [info] Settings Sync: Updating authentication providers. Authentication Providers from store: [{"id":"github","scopes":["user:email"]},{"id":"microsoft","scopes":["openid","profile","email","offline_access"]}]
2024-12-11 22:41:22.293 [info] Settings Sync: Authentication providers updated ["github","microsoft"]
2024-12-11 22:41:23.316 [info] [perf] Render performance baseline is 90ms
2024-12-11 22:41:25.696 [info] Settings Sync: Updating authentication providers. Authentication Providers from store: [{"id":"github","scopes":["user:email"]},{"id":"microsoft","scopes":["openid","profile","email","offline_access"]}]
2024-12-11 22:41:25.696 [info] Settings Sync: Authentication providers updated ["github","microsoft"]
2024-12-11 22:41:26.869 [error] ENOENT: no such file or directory, open '/home/mpeters/projects/AOC/2024/_3/~/.vscode/User/globalStorage/vscodevim.vim/.registers': Error: ENOENT: no such file or directory, open '/home/mpeters/projects/AOC/2024/_3/~/.vscode/User/globalStorage/vscodevim.vim/.registers'
2024-12-11 22:41:51.598 [error] Cannot read the extension from /home/mpeters/.vscode/extensions/ms-toolsai.jupyter-2024.11.0-linux-x64: ScanningExtension: Cannot read the extension from /home/mpeters/.vscode/extensions/ms-toolsai.jupyter-2024.11.0-linux-x64
    at Kl.scanLocalExtension (file:///usr/share/code/resources/app/out/vs/code/electron-utility/sharedProcess/sharedProcessMain.js:70:73160)
2024-12-11 22:41:51.626 [error] Cannot read the extension from /home/mpeters/.vscode/extensions/github.vscode-pull-request-github-0.102.0: ScanningExtension: Cannot read the extension from /home/mpeters/.vscode/extensions/github.vscode-pull-request-github-0.102.0
    at Kl.scanLocalExtension (file:///usr/share/code/resources/app/out/vs/code/electron-utility/sharedProcess/sharedProcessMain.js:70:73160)
