2024-12-11 22:41:16.679 [info] Added views:outline in workbench.view.explorer
2024-12-11 22:41:16.679 [info] Added views:workbench.view.search in workbench.view.search
2024-12-11 22:41:16.679 [info] Added views:workbench.scm in workbench.view.scm
2024-12-11 22:41:16.679 [info] Added views:workbench.panel.markers.view in workbench.panel.markers
2024-12-11 22:41:16.679 [info] Added views:workbench.panel.output in workbench.panel.output
2024-12-11 22:41:16.679 [info] Added views:terminal in terminal
2024-12-11 22:41:16.679 [info] Added views:timeline in workbench.view.explorer
2024-12-11 22:41:16.679 [info] Added views:workbench.explorer.fileView in workbench.view.explorer
2024-12-11 22:41:18.744 [info] Added views:configurationView in workbench.view.extension.databricksBar
2024-12-11 22:41:18.745 [info] Added views:gitlens.views.home,gitlens.views.launchpad,gitlens.views.workspaces in workbench.view.extension.gitlens
2024-12-11 22:41:18.747 [info] Added views:gitlens.views.commitDetails,gitlens.views.lineHistory,gitlens.views.fileHistory,gitlens.views.searchAndCompare in workbench.view.extension.gitlensInspect
2024-12-11 22:41:18.749 [info] Added views:gitlens.views.scm.grouped in workbench.view.scm
2024-12-11 22:41:18.764 [info] Added views:azureStorage in workbench.view.explorer
2024-12-11 22:41:18.765 [info] Added views:pr:github,issues:github in workbench.view.extension.github-pull-requests
2024-12-11 22:41:18.766 [info] Added views:azureResourceGroups,azureWorkspace,ms-azuretools.helpAndFeedback in workbench.view.extension.azure
2024-12-11 22:41:18.767 [info] Added views:azureActivityLog in workbench.view.extension.azurePanel
2024-12-11 22:41:18.768 [info] Added views:dockerContainers,dockerImages,dockerRegistries,dockerNetworks,dockerVolumes,vscode-docker.views.dockerContexts,vscode-docker.views.help in workbench.view.extension.dockerView
2024-12-11 22:41:18.769 [info] Added views:extension.vsKubernetesExplorer,extension.vsKubernetesHelmRepoExplorer,kubernetes.cloudExplorer in workbench.view.extension.kubernetesView
2024-12-11 22:41:19.009 [info] Added views:workbench.debug.welcome in workbench.view.debug
2024-12-11 22:41:19.442 [info] Added views:workbench.panel.repl.view in workbench.panel.repl
2024-12-11 22:41:20.790 [info] Added views:~remote.forwardedPorts in ~remote.forwardedPortsContainer
2024-12-11 22:41:21.767 [info] Added views:workbench.view.testing in workbench.view.extension.test
2024-12-11 22:41:25.360 [info] Removed views:gitlens.views.searchAndCompare,gitlens.views.fileHistory,gitlens.views.lineHistory,gitlens.views.commitDetails from workbench.view.extension.gitlensInspect
2024-12-11 22:41:25.360 [info] Removed views:gitlens.views.scm.grouped from workbench.view.scm
2024-12-11 22:41:25.634 [info] Added views:gitlens.views.drafts in workbench.view.extension.gitlens
