2024-12-11 09:31:48.077 [info] Revived process, old id 761de44292bbf4ffc3cfadfa762398ef-1 -> new id 1
2024-12-11 09:31:48.077 [info] Revived process, old id 761de44292bbf4ffc3cfadfa762398ef-2 -> new id 2
2024-12-11 09:31:48.077 [info] Revived process, old id 761de44292bbf4ffc3cfadfa762398ef-3 -> new id 3
2024-12-11 09:31:48.077 [info] Revived process, old id 761de44292bbf4ffc3cfadfa762398ef-4 -> new id 4
2024-12-11 09:31:48.077 [info] Revived process, old id 761de44292bbf4ffc3cfadfa762398ef-5 -> new id 5
2024-12-11 09:31:48.131 [info] Expanding terminal instance, old id 761de44292bbf4ffc3cfadfa762398ef-1 -> new id 1
2024-12-11 09:31:48.132 [info] Expanding terminal instance, old id 761de44292bbf4ffc3cfadfa762398ef-2 -> new id 2
2024-12-11 09:31:48.132 [info] Expanding terminal instance, old id 761de44292bbf4ffc3cfadfa762398ef-3 -> new id 3
2024-12-11 09:31:48.132 [info] Expanding terminal instance, old id 761de44292bbf4ffc3cfadfa762398ef-4 -> new id 4
2024-12-11 09:31:48.132 [info] Expanding terminal instance, old id 761de44292bbf4ffc3cfadfa762398ef-5 -> new id 5
2024-12-11 09:31:50.256 [warning] Persistent process "1": Process had no disconnect runners but was an orphan
2024-12-11 09:31:50.257 [info] Persistent process reconnection "1"
2024-12-11 09:31:50.259 [warning] Persistent process "2": Process had no disconnect runners but was an orphan
2024-12-11 09:31:50.259 [info] Persistent process reconnection "2"
2024-12-11 09:31:50.259 [warning] Persistent process "3": Process had no disconnect runners but was an orphan
2024-12-11 09:31:50.259 [info] Persistent process reconnection "3"
2024-12-11 09:31:50.259 [warning] Persistent process "4": Process had no disconnect runners but was an orphan
2024-12-11 09:31:50.260 [info] Persistent process reconnection "4"
2024-12-11 09:31:50.260 [warning] Persistent process "5": Process had no disconnect runners but was an orphan
2024-12-11 09:31:50.260 [info] Persistent process reconnection "5"
2024-12-11 09:31:50.491 [info] Persistent process "1": Replaying 7087 chars and 1 size events
2024-12-11 09:31:50.659 [info] Persistent process "2": Replaying 7097 chars and 1 size events
2024-12-11 09:31:50.672 [info] Persistent process "3": Replaying 7047 chars and 1 size events
2024-12-11 09:31:50.686 [info] Persistent process "4": Replaying 7047 chars and 1 size events
2024-12-11 09:31:50.705 [info] Persistent process "5": Replaying 6962 chars and 1 size events
