2024-12-13 07:00:10.861 [info] Experiment 'pythonRecommendTensorboardExt' is active
2024-12-13 07:00:10.861 [info] Experiment 'pythonTerminalEnvVarActivation' is active
2024-12-13 07:00:10.861 [info] Experiment 'pythonTestAdapter' is active
2024-12-13 07:00:10.861 [info] Native locator: Refresh started
2024-12-13 07:00:10.909 [info] Native locator: Refresh started
2024-12-13 07:00:10.923 [info] VS Code was launched from an activated environment: 'home', selecting it as the interpreter for workspace.
2024-12-13 07:00:11.636 [info] > pyenv which python
2024-12-13 07:00:11.636 [info] cwd: .
2024-12-13 07:00:11.956 [info] Native locator: Refresh finished in 1156 ms
2024-12-13 07:00:11.963 [info] Python interpreter path: ~/home/bin/python
2024-12-13 07:00:13.671 [info] > . ~/home/bin/activate && echo 'e8b39361-0157-4923-80e1-22d70d46dee6' && python ~/.vscode/extensions/ms-python.python-2024.22.0-linux-x64/python_files/printEnvVariables.py
2024-12-13 07:00:13.671 [info] shell: bash
2024-12-13 07:00:13.720 [info] > /bin/python3 ~/.vscode/extensions/ms-python.python-2024.22.0-linux-x64/python_files/printEnvVariables.py
2024-12-13 07:00:13.720 [info] shell: bash
2024-12-13 07:00:13.790 [info] Prepending environment variable PS1 in collection with (home)  {"applyAtShellIntegration":true,"applyAtProcessCreation":false}
2024-12-13 07:00:13.791 [info] Prepending environment variable PATH in collection with /home/mpeters/.vscode/extensions/ms-python.python-2024.22.0-linux-x64/python_files/deactivate/bash:/home/mpeters/home/bin: {"applyAtShellIntegration":true,"applyAtProcessCreation":true}
2024-12-13 07:00:13.791 [info] Setting environment variable OLDPWD in collection to /home/mpeters {"applyAtShellIntegration":true,"applyAtProcessCreation":true}
2024-12-13 07:00:13.791 [info] Send text to terminal: /bin/python3 /home/mpeters/.vscode/extensions/ms-python.python-2024.22.0-linux-x64/python_files/printEnvVariablesToFile.py /home/mpeters/.vscode/extensions/ms-python.python-2024.22.0-linux-x64/python_files/deactivate/bash/envVars.txt
2024-12-13 07:00:23.308 [info] Starting Pylance language server.
2024-12-13 07:01:58.029 [info] Discover tests for workspace name: undefined - uri: /home/mpeters/projects/AOC/2024/_4/~/.vscode/User/settings.json
2024-12-13 07:02:41.890 [info] Discover tests for workspace name: undefined - uri: /home/mpeters/projects/AOC/2024/_4/~/.vscode/User/settings.json
2024-12-13 07:02:42.142 [info] Discover tests for workspace name: undefined - uri: /home/mpeters/projects/AOC/2024/_4/~/.vscode/User/settings.json
