2024-12-12 16:09:03.913 [warning] [vscode-azurecontainerapps]: Couldn't find message for key containerApps.walkthrough.addWorkspaceProject.
2024-12-12 16:09:03.914 [warning] [vscode-azurecontainerapps]: Couldn't find message for key containerApps.walkthrough.azureSignIn.
2024-12-12 16:09:03.914 [warning] [vscode-azurecontainerapps]: Couldn't find message for key containerApps.walkthrough.deployWorkspaceProject.
2024-12-12 16:09:03.915 [warning] [vscode-azurecontainerapps]: Couldn't find message for key containerApps.walkthrough.cleanUpResources.
2024-12-12 16:09:03.933 [error] [/home/mpeters/.vscode/extensions/github.vscode-pull-request-github-0.102.0]: Extension is not compatible with Code 1.95.3. Extension requires: ^1.96.0.
2024-12-12 16:09:03.938 [error] [/home/mpeters/.vscode/extensions/ms-toolsai.jupyter-2024.11.0-linux-x64]: Extension is not compatible with Code 1.95.3. Extension requires: ^1.96.0.
2024-12-12 16:09:04.028 [error] [/home/mpeters/.vscode/extensions/github.vscode-pull-request-github-0.102.0]: Extension is not compatible with Code 1.95.3. Extension requires: ^1.96.0.
2024-12-12 16:09:04.035 [warning] [vscode-azurecontainerapps]: Couldn't find message for key containerApps.walkthrough.addWorkspaceProject.
2024-12-12 16:09:04.035 [warning] [vscode-azurecontainerapps]: Couldn't find message for key containerApps.walkthrough.azureSignIn.
2024-12-12 16:09:04.036 [warning] [vscode-azurecontainerapps]: Couldn't find message for key containerApps.walkthrough.deployWorkspaceProject.
2024-12-12 16:09:04.036 [warning] [vscode-azurecontainerapps]: Couldn't find message for key containerApps.walkthrough.cleanUpResources.
2024-12-12 16:09:04.048 [error] [/home/mpeters/.vscode/extensions/ms-toolsai.jupyter-2024.11.0-linux-x64]: Extension is not compatible with Code 1.95.3. Extension requires: ^1.96.0.
2024-12-12 16:09:04.050 [warning] [vscode-azurecontainerapps]: Couldn't find message for key containerApps.walkthrough.addWorkspaceProject.
2024-12-12 16:09:04.051 [warning] [vscode-azurecontainerapps]: Couldn't find message for key containerApps.walkthrough.azureSignIn.
2024-12-12 16:09:04.051 [warning] [vscode-azurecontainerapps]: Couldn't find message for key containerApps.walkthrough.deployWorkspaceProject.
2024-12-12 16:09:04.051 [warning] [vscode-azurecontainerapps]: Couldn't find message for key containerApps.walkthrough.cleanUpResources.
2024-12-12 16:09:04.062 [error] [/home/mpeters/.vscode/extensions/github.vscode-pull-request-github-0.102.0]: Extension is not compatible with Code 1.95.3. Extension requires: ^1.96.0.
2024-12-12 16:09:04.063 [error] [/home/mpeters/.vscode/extensions/ms-toolsai.jupyter-2024.11.0-linux-x64]: Extension is not compatible with Code 1.95.3. Extension requires: ^1.96.0.
2024-12-12 16:09:04.447 [warning] [vscode-azurecontainerapps]: Couldn't find message for key containerApps.walkthrough.addWorkspaceProject.
2024-12-12 16:09:04.447 [warning] [vscode-azurecontainerapps]: Couldn't find message for key containerApps.walkthrough.azureSignIn.
2024-12-12 16:09:04.448 [warning] [vscode-azurecontainerapps]: Couldn't find message for key containerApps.walkthrough.deployWorkspaceProject.
2024-12-12 16:09:04.448 [warning] [vscode-azurecontainerapps]: Couldn't find message for key containerApps.walkthrough.cleanUpResources.
2024-12-12 16:09:04.454 [error] [/home/mpeters/.vscode/extensions/ms-toolsai.jupyter-2024.11.0-linux-x64]: Extension is not compatible with Code 1.95.3. Extension requires: ^1.96.0.
2024-12-12 16:09:04.455 [error] [/home/mpeters/.vscode/extensions/github.vscode-pull-request-github-0.102.0]: Extension is not compatible with Code 1.95.3. Extension requires: ^1.96.0.
2024-12-12 16:09:04.729 [warning] [vscode-azurecontainerapps]: Couldn't find message for key containerApps.walkthrough.addWorkspaceProject.
2024-12-12 16:09:04.729 [warning] [vscode-azurecontainerapps]: Couldn't find message for key containerApps.walkthrough.azureSignIn.
2024-12-12 16:09:04.729 [warning] [vscode-azurecontainerapps]: Couldn't find message for key containerApps.walkthrough.deployWorkspaceProject.
2024-12-12 16:09:04.730 [warning] [vscode-azurecontainerapps]: Couldn't find message for key containerApps.walkthrough.cleanUpResources.
2024-12-12 16:09:04.737 [error] [/home/mpeters/.vscode/extensions/github.vscode-pull-request-github-0.102.0]: Extension is not compatible with Code 1.95.3. Extension requires: ^1.96.0.
2024-12-12 16:09:04.738 [error] [/home/mpeters/.vscode/extensions/ms-toolsai.jupyter-2024.11.0-linux-x64]: Extension is not compatible with Code 1.95.3. Extension requires: ^1.96.0.
2024-12-12 16:09:04.883 [warning] [vscode-azurecontainerapps]: Couldn't find message for key containerApps.walkthrough.addWorkspaceProject.
2024-12-12 16:09:04.884 [warning] [vscode-azurecontainerapps]: Couldn't find message for key containerApps.walkthrough.azureSignIn.
2024-12-12 16:09:04.884 [warning] [vscode-azurecontainerapps]: Couldn't find message for key containerApps.walkthrough.deployWorkspaceProject.
2024-12-12 16:09:04.884 [warning] [vscode-azurecontainerapps]: Couldn't find message for key containerApps.walkthrough.cleanUpResources.
2024-12-12 16:09:04.892 [error] [/home/mpeters/.vscode/extensions/ms-toolsai.jupyter-2024.11.0-linux-x64]: Extension is not compatible with Code 1.95.3. Extension requires: ^1.96.0.
2024-12-12 16:09:04.893 [error] [/home/mpeters/.vscode/extensions/github.vscode-pull-request-github-0.102.0]: Extension is not compatible with Code 1.95.3. Extension requires: ^1.96.0.
2024-12-12 16:09:05.034 [warning] [vscode-azurecontainerapps]: Couldn't find message for key containerApps.walkthrough.addWorkspaceProject.
2024-12-12 16:09:05.034 [warning] [vscode-azurecontainerapps]: Couldn't find message for key containerApps.walkthrough.azureSignIn.
2024-12-12 16:09:05.035 [warning] [vscode-azurecontainerapps]: Couldn't find message for key containerApps.walkthrough.deployWorkspaceProject.
2024-12-12 16:09:05.035 [warning] [vscode-azurecontainerapps]: Couldn't find message for key containerApps.walkthrough.cleanUpResources.
2024-12-12 16:09:05.042 [error] [/home/mpeters/.vscode/extensions/github.vscode-pull-request-github-0.102.0]: Extension is not compatible with Code 1.95.3. Extension requires: ^1.96.0.
2024-12-12 16:09:05.043 [error] [/home/mpeters/.vscode/extensions/ms-toolsai.jupyter-2024.11.0-linux-x64]: Extension is not compatible with Code 1.95.3. Extension requires: ^1.96.0.
2024-12-12 16:09:05.223 [warning] [vscode-azurecontainerapps]: Couldn't find message for key containerApps.walkthrough.addWorkspaceProject.
2024-12-12 16:09:05.223 [warning] [vscode-azurecontainerapps]: Couldn't find message for key containerApps.walkthrough.azureSignIn.
2024-12-12 16:09:05.223 [warning] [vscode-azurecontainerapps]: Couldn't find message for key containerApps.walkthrough.deployWorkspaceProject.
2024-12-12 16:09:05.223 [warning] [vscode-azurecontainerapps]: Couldn't find message for key containerApps.walkthrough.cleanUpResources.
2024-12-12 16:09:05.238 [error] [/home/mpeters/.vscode/extensions/github.vscode-pull-request-github-0.102.0]: Extension is not compatible with Code 1.95.3. Extension requires: ^1.96.0.
2024-12-12 16:09:05.239 [error] [/home/mpeters/.vscode/extensions/ms-toolsai.jupyter-2024.11.0-linux-x64]: Extension is not compatible with Code 1.95.3. Extension requires: ^1.96.0.
2024-12-12 16:09:05.386 [warning] [vscode-azurecontainerapps]: Couldn't find message for key containerApps.walkthrough.addWorkspaceProject.
2024-12-12 16:09:05.386 [warning] [vscode-azurecontainerapps]: Couldn't find message for key containerApps.walkthrough.azureSignIn.
2024-12-12 16:09:05.386 [warning] [vscode-azurecontainerapps]: Couldn't find message for key containerApps.walkthrough.deployWorkspaceProject.
2024-12-12 16:09:05.386 [warning] [vscode-azurecontainerapps]: Couldn't find message for key containerApps.walkthrough.cleanUpResources.
2024-12-12 16:09:05.396 [error] [/home/mpeters/.vscode/extensions/github.vscode-pull-request-github-0.102.0]: Extension is not compatible with Code 1.95.3. Extension requires: ^1.96.0.
2024-12-12 16:09:05.397 [error] [/home/mpeters/.vscode/extensions/ms-toolsai.jupyter-2024.11.0-linux-x64]: Extension is not compatible with Code 1.95.3. Extension requires: ^1.96.0.
2024-12-12 16:09:05.821 [warning] [vscode-azurecontainerapps]: Couldn't find message for key containerApps.walkthrough.addWorkspaceProject.
2024-12-12 16:09:05.821 [warning] [vscode-azurecontainerapps]: Couldn't find message for key containerApps.walkthrough.azureSignIn.
2024-12-12 16:09:05.822 [warning] [vscode-azurecontainerapps]: Couldn't find message for key containerApps.walkthrough.deployWorkspaceProject.
2024-12-12 16:09:05.822 [warning] [vscode-azurecontainerapps]: Couldn't find message for key containerApps.walkthrough.cleanUpResources.
2024-12-12 16:09:05.828 [error] [/home/mpeters/.vscode/extensions/github.vscode-pull-request-github-0.102.0]: Extension is not compatible with Code 1.95.3. Extension requires: ^1.96.0.
2024-12-12 16:09:05.829 [error] [/home/mpeters/.vscode/extensions/ms-toolsai.jupyter-2024.11.0-linux-x64]: Extension is not compatible with Code 1.95.3. Extension requires: ^1.96.0.
2024-12-12 16:09:05.953 [warning] [vscode-azurecontainerapps]: Couldn't find message for key containerApps.walkthrough.addWorkspaceProject.
2024-12-12 16:09:05.954 [warning] [vscode-azurecontainerapps]: Couldn't find message for key containerApps.walkthrough.azureSignIn.
2024-12-12 16:09:05.954 [warning] [vscode-azurecontainerapps]: Couldn't find message for key containerApps.walkthrough.deployWorkspaceProject.
2024-12-12 16:09:05.954 [warning] [vscode-azurecontainerapps]: Couldn't find message for key containerApps.walkthrough.cleanUpResources.
2024-12-12 16:09:05.968 [error] [/home/mpeters/.vscode/extensions/github.vscode-pull-request-github-0.102.0]: Extension is not compatible with Code 1.95.3. Extension requires: ^1.96.0.
2024-12-12 16:09:05.970 [error] [/home/mpeters/.vscode/extensions/ms-toolsai.jupyter-2024.11.0-linux-x64]: Extension is not compatible with Code 1.95.3. Extension requires: ^1.96.0.
2024-12-12 16:09:06.574 [warning] [vscode-azurecontainerapps]: Couldn't find message for key containerApps.walkthrough.addWorkspaceProject.
2024-12-12 16:09:06.575 [warning] [vscode-azurecontainerapps]: Couldn't find message for key containerApps.walkthrough.azureSignIn.
2024-12-12 16:09:06.575 [warning] [vscode-azurecontainerapps]: Couldn't find message for key containerApps.walkthrough.deployWorkspaceProject.
2024-12-12 16:09:06.575 [warning] [vscode-azurecontainerapps]: Couldn't find message for key containerApps.walkthrough.cleanUpResources.
2024-12-12 16:09:06.582 [error] [/home/mpeters/.vscode/extensions/github.vscode-pull-request-github-0.102.0]: Extension is not compatible with Code 1.95.3. Extension requires: ^1.96.0.
2024-12-12 16:09:06.582 [error] [/home/mpeters/.vscode/extensions/ms-toolsai.jupyter-2024.11.0-linux-x64]: Extension is not compatible with Code 1.95.3. Extension requires: ^1.96.0.
2024-12-12 16:09:37.143 [info] Getting Manifest... github.vscode-pull-request-github
2024-12-12 16:09:37.144 [info] Getting Manifest... ms-toolsai.jupyter
2024-12-12 16:09:37.260 [info] Installing extension: ms-toolsai.jupyter {"productVersion":{"version":"1.96.0","date":"2024-12-11T02:30:41.583Z"},"pinned":false,"operation":3,"isApplicationScoped":false,"profileLocation":{"$mid":1,"external":"vscode-userdata:/home/mpeters/.vscode/extensions/extensions.json","path":"/home/mpeters/.vscode/extensions/extensions.json","scheme":"vscode-userdata"},"installOnlyNewlyAddedFromExtensionPack":true}
2024-12-12 16:09:37.261 [info] Installing extension: github.vscode-pull-request-github {"productVersion":{"version":"1.96.0","date":"2024-12-11T02:30:41.583Z"},"pinned":false,"operation":3,"isApplicationScoped":false,"profileLocation":{"$mid":1,"external":"vscode-userdata:/home/mpeters/.vscode/extensions/extensions.json","path":"/home/mpeters/.vscode/extensions/extensions.json","scheme":"vscode-userdata"},"installOnlyNewlyAddedFromExtensionPack":true}
2024-12-12 16:09:37.321 [warning] [vscode-azurecontainerapps]: Couldn't find message for key containerApps.walkthrough.addWorkspaceProject.
2024-12-12 16:09:37.322 [warning] [vscode-azurecontainerapps]: Couldn't find message for key containerApps.walkthrough.azureSignIn.
2024-12-12 16:09:37.322 [warning] [vscode-azurecontainerapps]: Couldn't find message for key containerApps.walkthrough.deployWorkspaceProject.
2024-12-12 16:09:37.322 [warning] [vscode-azurecontainerapps]: Couldn't find message for key containerApps.walkthrough.cleanUpResources.
2024-12-12 16:09:37.436 [warning] [vscode-azurecontainerapps]: Couldn't find message for key containerApps.walkthrough.addWorkspaceProject.
2024-12-12 16:09:37.436 [warning] [vscode-azurecontainerapps]: Couldn't find message for key containerApps.walkthrough.azureSignIn.
2024-12-12 16:09:37.436 [warning] [vscode-azurecontainerapps]: Couldn't find message for key containerApps.walkthrough.deployWorkspaceProject.
2024-12-12 16:09:37.436 [warning] [vscode-azurecontainerapps]: Couldn't find message for key containerApps.walkthrough.cleanUpResources.
2024-12-12 16:09:37.506 [warning] [vscode-azurecontainerapps]: Couldn't find message for key containerApps.walkthrough.addWorkspaceProject.
2024-12-12 16:09:37.506 [warning] [vscode-azurecontainerapps]: Couldn't find message for key containerApps.walkthrough.azureSignIn.
2024-12-12 16:09:37.507 [warning] [vscode-azurecontainerapps]: Couldn't find message for key containerApps.walkthrough.deployWorkspaceProject.
2024-12-12 16:09:37.507 [warning] [vscode-azurecontainerapps]: Couldn't find message for key containerApps.walkthrough.cleanUpResources.
2024-12-12 16:09:37.611 [warning] [vscode-azurecontainerapps]: Couldn't find message for key containerApps.walkthrough.addWorkspaceProject.
2024-12-12 16:09:37.611 [warning] [vscode-azurecontainerapps]: Couldn't find message for key containerApps.walkthrough.azureSignIn.
2024-12-12 16:09:37.611 [warning] [vscode-azurecontainerapps]: Couldn't find message for key containerApps.walkthrough.deployWorkspaceProject.
2024-12-12 16:09:37.611 [warning] [vscode-azurecontainerapps]: Couldn't find message for key containerApps.walkthrough.cleanUpResources.
2024-12-12 16:09:37.620 [error] [/home/mpeters/.vscode/extensions/github.vscode-pull-request-github-0.102.0]: Extension is not compatible with Code 1.95.3. Extension requires: ^1.96.0.
2024-12-12 16:09:37.621 [error] [/home/mpeters/.vscode/extensions/ms-toolsai.jupyter-2024.11.0-linux-x64]: Extension is not compatible with Code 1.95.3. Extension requires: ^1.96.0.
2024-12-12 16:09:37.633 [error] [uncaught exception in sharedProcess]: Error: ENOENT: no such file or directory, stat '/home/mpeters/.vscode/extensions/extensions.json.vsctmp': EntryNotFound (FileSystemError): Error: ENOENT: no such file or directory, stat '/home/mpeters/.vscode/extensions/extensions.json.vsctmp'
    at hm.create (file:///usr/share/code/resources/app/out/vs/code/electron-utility/sharedProcess/sharedProcessMain.js:35:39254)
    at Es (file:///usr/share/code/resources/app/out/vs/code/electron-utility/sharedProcess/sharedProcessMain.js:35:39361)
    at Fr.ib (file:///usr/share/code/resources/app/out/vs/code/electron-utility/sharedProcess/sharedProcessMain.js:71:22677)
    at Fr.stat (file:///usr/share/code/resources/app/out/vs/code/electron-utility/sharedProcess/sharedProcessMain.js:71:16010)
    at async Zl.stat (file:///usr/share/code/resources/app/out/vs/code/electron-utility/sharedProcess/sharedProcessMain.js:70:84491)
    at async Jl.yb (file:///usr/share/code/resources/app/out/vs/code/electron-utility/sharedProcess/sharedProcessMain.js:70:66605)
2024-12-12 16:09:37.635 [error] Error while installing the extension ms-toolsai.jupyter Cannot read the extension from /home/mpeters/.vscode/extensions/ms-toolsai.jupyter-2024.11.0-linux-x64 vscode-userdata:/home/mpeters/.vscode/extensions/extensions.json
2024-12-12 16:09:37.639 [warning] [vscode-azurecontainerapps]: Couldn't find message for key containerApps.walkthrough.addWorkspaceProject.
2024-12-12 16:09:37.639 [warning] [vscode-azurecontainerapps]: Couldn't find message for key containerApps.walkthrough.azureSignIn.
2024-12-12 16:09:37.639 [warning] [vscode-azurecontainerapps]: Couldn't find message for key containerApps.walkthrough.deployWorkspaceProject.
2024-12-12 16:09:37.639 [warning] [vscode-azurecontainerapps]: Couldn't find message for key containerApps.walkthrough.cleanUpResources.
2024-12-12 16:09:37.698 [warning] [vscode-azurecontainerapps]: Couldn't find message for key containerApps.walkthrough.addWorkspaceProject.
2024-12-12 16:09:37.698 [warning] [vscode-azurecontainerapps]: Couldn't find message for key containerApps.walkthrough.azureSignIn.
2024-12-12 16:09:37.698 [warning] [vscode-azurecontainerapps]: Couldn't find message for key containerApps.walkthrough.deployWorkspaceProject.
2024-12-12 16:09:37.698 [warning] [vscode-azurecontainerapps]: Couldn't find message for key containerApps.walkthrough.cleanUpResources.
2024-12-12 16:09:37.756 [warning] [vscode-azurecontainerapps]: Couldn't find message for key containerApps.walkthrough.addWorkspaceProject.
2024-12-12 16:09:37.756 [warning] [vscode-azurecontainerapps]: Couldn't find message for key containerApps.walkthrough.azureSignIn.
2024-12-12 16:09:37.756 [warning] [vscode-azurecontainerapps]: Couldn't find message for key containerApps.walkthrough.deployWorkspaceProject.
2024-12-12 16:09:37.756 [warning] [vscode-azurecontainerapps]: Couldn't find message for key containerApps.walkthrough.cleanUpResources.
2024-12-12 16:09:37.763 [error] [/home/mpeters/.vscode/extensions/github.vscode-pull-request-github-0.102.0]: Extension is not compatible with Code 1.95.3. Extension requires: ^1.96.0.
2024-12-12 16:09:37.764 [error] [/home/mpeters/.vscode/extensions/ms-toolsai.jupyter-2024.11.0-linux-x64]: Extension is not compatible with Code 1.95.3. Extension requires: ^1.96.0.
2024-12-12 16:09:37.766 [error] Error while installing the extension github.vscode-pull-request-github Cannot read the extension from /home/mpeters/.vscode/extensions/github.vscode-pull-request-github-0.102.0 vscode-userdata:/home/mpeters/.vscode/extensions/extensions.json
2024-12-12 16:09:37.793 [error] [uncaught exception in sharedProcess]: Error: ENOENT: no such file or directory, stat '/home/mpeters/.vscode/extensions/extensions.json.vsctmp': EntryNotFound (FileSystemError): Error: ENOENT: no such file or directory, stat '/home/mpeters/.vscode/extensions/extensions.json.vsctmp'
    at hm.create (file:///usr/share/code/resources/app/out/vs/code/electron-utility/sharedProcess/sharedProcessMain.js:35:39254)
    at Es (file:///usr/share/code/resources/app/out/vs/code/electron-utility/sharedProcess/sharedProcessMain.js:35:39361)
    at Fr.ib (file:///usr/share/code/resources/app/out/vs/code/electron-utility/sharedProcess/sharedProcessMain.js:71:22677)
    at Fr.stat (file:///usr/share/code/resources/app/out/vs/code/electron-utility/sharedProcess/sharedProcessMain.js:71:16010)
    at async Zl.stat (file:///usr/share/code/resources/app/out/vs/code/electron-utility/sharedProcess/sharedProcessMain.js:70:84491)
    at async Jl.yb (file:///usr/share/code/resources/app/out/vs/code/electron-utility/sharedProcess/sharedProcessMain.js:70:66605)
2024-12-12 16:09:48.693 [warning] [vscode-azurecontainerapps]: Couldn't find message for key containerApps.walkthrough.addWorkspaceProject.
2024-12-12 16:09:48.693 [warning] [vscode-azurecontainerapps]: Couldn't find message for key containerApps.walkthrough.azureSignIn.
2024-12-12 16:09:48.694 [warning] [vscode-azurecontainerapps]: Couldn't find message for key containerApps.walkthrough.deployWorkspaceProject.
2024-12-12 16:09:48.694 [warning] [vscode-azurecontainerapps]: Couldn't find message for key containerApps.walkthrough.cleanUpResources.
2024-12-12 16:10:45.809 [info] Uninstalling extension from the profile: ms-toolsai.jupyter@2024.11.0 vscode-userdata:/home/mpeters/.vscode/extensions/extensions.json
2024-12-12 16:10:45.809 [info] Uninstalling extension from the profile: ms-toolsai.jupyter-keymap@1.1.2 vscode-userdata:/home/mpeters/.vscode/extensions/extensions.json
2024-12-12 16:10:45.809 [info] Uninstalling extension from the profile: ms-toolsai.jupyter-renderers@1.0.21 vscode-userdata:/home/mpeters/.vscode/extensions/extensions.json
2024-12-12 16:10:45.810 [info] Uninstalling extension from the profile: ms-toolsai.vscode-jupyter-cell-tags@0.1.9 vscode-userdata:/home/mpeters/.vscode/extensions/extensions.json
2024-12-12 16:10:45.810 [info] Uninstalling extension from the profile: ms-toolsai.vscode-jupyter-slideshow@0.1.6 vscode-userdata:/home/mpeters/.vscode/extensions/extensions.json
2024-12-12 16:10:45.810 [info] Uninstalling extension from the profile: databricks.databricks@2.4.8 vscode-userdata:/home/mpeters/.vscode/extensions/extensions.json
2024-12-12 16:10:45.857 [warning] [vscode-azurecontainerapps]: Couldn't find message for key containerApps.walkthrough.addWorkspaceProject.
2024-12-12 16:10:45.857 [warning] [vscode-azurecontainerapps]: Couldn't find message for key containerApps.walkthrough.azureSignIn.
2024-12-12 16:10:45.857 [warning] [vscode-azurecontainerapps]: Couldn't find message for key containerApps.walkthrough.deployWorkspaceProject.
2024-12-12 16:10:45.857 [warning] [vscode-azurecontainerapps]: Couldn't find message for key containerApps.walkthrough.cleanUpResources.
2024-12-12 16:10:45.867 [error] [/home/mpeters/.vscode/extensions/github.vscode-pull-request-github-0.102.0]: Extension is not compatible with Code 1.95.3. Extension requires: ^1.96.0.
2024-12-12 16:10:45.868 [error] [/home/mpeters/.vscode/extensions/ms-toolsai.jupyter-2024.11.0-linux-x64]: Extension is not compatible with Code 1.95.3. Extension requires: ^1.96.0.
2024-12-12 16:10:45.880 [info] Extensions is already requested to uninstall ms-toolsai.jupyter-keymap
2024-12-12 16:10:45.880 [info] Extensions is already requested to uninstall ms-toolsai.jupyter-renderers
2024-12-12 16:10:45.880 [info] Extensions is already requested to uninstall ms-toolsai.vscode-jupyter-cell-tags
2024-12-12 16:10:45.880 [info] Extensions is already requested to uninstall ms-toolsai.vscode-jupyter-slideshow
2024-12-12 16:10:45.897 [error] [/home/mpeters/.vscode/extensions/ms-toolsai.jupyter-2024.11.0-linux-x64]: Extension is not compatible with Code 1.95.3. Extension requires: ^1.96.0.
2024-12-12 16:10:45.899 [info] Marked extension as uninstalled ms-toolsai.jupyter-2024.9.1-linux-x64
2024-12-12 16:10:45.899 [info] Marked extension as uninstalled ms-toolsai.jupyter-2024.11.0-linux-x64
2024-12-12 16:10:45.900 [info] Marked extension as uninstalled ms-toolsai.jupyter-2024.10.0-linux-x64
2024-12-12 16:10:45.906 [info] Marked extension as uninstalled ms-toolsai.jupyter-keymap-1.1.2
2024-12-12 16:10:45.914 [info] Marked extension as uninstalled ms-toolsai.jupyter-renderers-1.0.19
2024-12-12 16:10:45.914 [info] Marked extension as uninstalled ms-toolsai.jupyter-renderers-1.0.21
2024-12-12 16:10:45.921 [info] Marked extension as uninstalled ms-toolsai.vscode-jupyter-cell-tags-0.1.9
2024-12-12 16:10:45.929 [info] Marked extension as uninstalled ms-toolsai.vscode-jupyter-slideshow-0.1.6
2024-12-12 16:10:45.935 [info] Marked extension as uninstalled databricks.databricks-2.4.8-linux-x64
2024-12-12 16:10:45.959 [error] [uncaught exception in sharedProcess]: Error: ENOENT: no such file or directory, stat '/home/mpeters/.vscode/extensions/extensions.json.vsctmp': EntryNotFound (FileSystemError): Error: ENOENT: no such file or directory, stat '/home/mpeters/.vscode/extensions/extensions.json.vsctmp'
    at hm.create (file:///usr/share/code/resources/app/out/vs/code/electron-utility/sharedProcess/sharedProcessMain.js:35:39254)
    at Es (file:///usr/share/code/resources/app/out/vs/code/electron-utility/sharedProcess/sharedProcessMain.js:35:39361)
    at Fr.ib (file:///usr/share/code/resources/app/out/vs/code/electron-utility/sharedProcess/sharedProcessMain.js:71:22677)
    at Fr.stat (file:///usr/share/code/resources/app/out/vs/code/electron-utility/sharedProcess/sharedProcessMain.js:71:16010)
    at async Zl.stat (file:///usr/share/code/resources/app/out/vs/code/electron-utility/sharedProcess/sharedProcessMain.js:70:84491)
    at async Jl.yb (file:///usr/share/code/resources/app/out/vs/code/electron-utility/sharedProcess/sharedProcessMain.js:70:66605)
2024-12-12 16:10:46.115 [info] Successfully uninstalled extension from the profile ms-toolsai.jupyter@2024.11.0 vscode-userdata:/home/mpeters/.vscode/extensions/extensions.json
2024-12-12 16:10:46.115 [info] Successfully uninstalled extension from the profile ms-toolsai.jupyter-keymap@1.1.2 vscode-userdata:/home/mpeters/.vscode/extensions/extensions.json
2024-12-12 16:10:46.115 [info] Successfully uninstalled extension from the profile ms-toolsai.jupyter-renderers@1.0.21 vscode-userdata:/home/mpeters/.vscode/extensions/extensions.json
2024-12-12 16:10:46.115 [info] Successfully uninstalled extension from the profile ms-toolsai.vscode-jupyter-cell-tags@0.1.9 vscode-userdata:/home/mpeters/.vscode/extensions/extensions.json
2024-12-12 16:10:46.116 [info] Successfully uninstalled extension from the profile ms-toolsai.vscode-jupyter-slideshow@0.1.6 vscode-userdata:/home/mpeters/.vscode/extensions/extensions.json
2024-12-12 16:10:46.117 [info] Successfully uninstalled extension from the profile databricks.databricks@2.4.8 vscode-userdata:/home/mpeters/.vscode/extensions/extensions.json
2024-12-12 16:10:46.195 [warning] [vscode-azurecontainerapps]: Couldn't find message for key containerApps.walkthrough.addWorkspaceProject.
2024-12-12 16:10:46.196 [warning] [vscode-azurecontainerapps]: Couldn't find message for key containerApps.walkthrough.azureSignIn.
2024-12-12 16:10:46.196 [warning] [vscode-azurecontainerapps]: Couldn't find message for key containerApps.walkthrough.deployWorkspaceProject.
2024-12-12 16:10:46.196 [warning] [vscode-azurecontainerapps]: Couldn't find message for key containerApps.walkthrough.cleanUpResources.
2024-12-12 16:10:46.224 [error] [/home/mpeters/.vscode/extensions/github.vscode-pull-request-github-0.102.0]: Extension is not compatible with Code 1.95.3. Extension requires: ^1.96.0.
