2024-12-13 11:28:12.643 [info] Reading sessions from keychain...
2024-12-13 11:28:12.643 [info] Getting sessions for all scopes...
2024-12-13 11:28:12.643 [info] Getting sessions for all scopes...
2024-12-13 11:28:12.643 [info] Getting sessions for all scopes...
2024-12-13 11:28:12.643 [info] Getting sessions for all scopes...
2024-12-13 11:28:12.643 [info] Getting sessions for all scopes...
2024-12-13 11:28:12.643 [info] Getting sessions for all scopes...
2024-12-13 11:28:12.643 [info] Getting sessions for all scopes...
2024-12-13 11:28:12.643 [info] Getting sessions for all scopes...
2024-12-13 11:28:12.643 [info] Got 0 sessions for ...
2024-12-13 11:28:12.643 [info] Got 0 sessions for ...
2024-12-13 11:28:12.643 [info] Got 0 sessions for ...
2024-12-13 11:28:12.643 [info] Got 0 sessions for ...
2024-12-13 11:28:12.643 [info] Got 0 sessions for ...
2024-12-13 11:28:12.643 [info] Got 0 sessions for ...
2024-12-13 11:28:12.643 [info] Got 0 sessions for ...
2024-12-13 11:28:12.643 [info] Got 0 sessions for ...
2024-12-13 11:28:14.089 [info] Getting sessions for all scopes...
2024-12-13 11:28:14.089 [info] Got 0 sessions for ...
2024-12-13 11:28:19.427 [info] Getting sessions for read:user,repo,user:email...
2024-12-13 11:28:19.427 [info] Got 0 sessions for read:user,repo,user:email...
2024-12-13 11:28:19.435 [info] Getting sessions for project,read:org,read:user,repo,user:email,workflow...
2024-12-13 11:28:19.435 [info] Got 0 sessions for project,read:org,read:user,repo,user:email,workflow...
2024-12-13 11:28:19.531 [info] Getting sessions for read:user,repo,user:email,workflow...
2024-12-13 11:28:19.531 [info] Got 0 sessions for read:user,repo,user:email,workflow...
2024-12-13 11:28:19.591 [info] Getting sessions for read:user,repo,user:email...
2024-12-13 11:28:19.591 [info] Got 0 sessions for read:user,repo,user:email...
2024-12-13 11:28:19.640 [info] Getting sessions for read:user,repo,user:email,workflow...
2024-12-13 11:28:19.640 [info] Got 0 sessions for read:user,repo,user:email,workflow...
2024-12-13 11:28:32.670 [info] Logging in with 'any' account...
2024-12-13 11:28:32.670 [info] Logging in for the following scopes: read:user repo user:email workflow
2024-12-13 11:28:32.688 [info] Trying without local server... (read:user repo user:email workflow)
