2024-12-13 11:07:26.368 [info] Reading sessions from keychain...
2024-12-13 11:07:26.368 [info] Getting sessions for all scopes...
2024-12-13 11:07:26.368 [info] Getting sessions for all scopes...
2024-12-13 11:07:26.368 [info] Getting sessions for all scopes...
2024-12-13 11:07:26.368 [info] Getting sessions for all scopes...
2024-12-13 11:07:26.368 [info] Getting sessions for all scopes...
2024-12-13 11:07:26.368 [info] Getting sessions for all scopes...
2024-12-13 11:07:26.368 [info] Getting sessions for all scopes...
2024-12-13 11:07:26.368 [info] Got 0 sessions for ...
2024-12-13 11:07:26.368 [info] Got 0 sessions for ...
2024-12-13 11:07:26.368 [info] Got 0 sessions for ...
2024-12-13 11:07:26.368 [info] Got 0 sessions for ...
2024-12-13 11:07:26.368 [info] Got 0 sessions for ...
2024-12-13 11:07:26.368 [info] Got 0 sessions for ...
2024-12-13 11:07:26.368 [info] Got 0 sessions for ...
2024-12-13 11:07:26.849 [info] Getting sessions for all scopes...
2024-12-13 11:07:26.849 [info] Got 0 sessions for ...
2024-12-13 11:07:37.212 [info] Getting sessions for read:user,repo,user:email...
2024-12-13 11:07:37.212 [info] Got 0 sessions for read:user,repo,user:email...
2024-12-13 11:07:37.233 [info] Getting sessions for project,read:org,read:user,repo,user:email,workflow...
2024-12-13 11:07:37.234 [info] Got 0 sessions for project,read:org,read:user,repo,user:email,workflow...
2024-12-13 11:07:37.291 [info] Getting sessions for read:user,repo,user:email,workflow...
2024-12-13 11:07:37.291 [info] Got 0 sessions for read:user,repo,user:email,workflow...
2024-12-13 11:07:37.459 [info] Getting sessions for read:user,repo,user:email...
2024-12-13 11:07:37.459 [info] Got 0 sessions for read:user,repo,user:email...
2024-12-13 11:07:37.588 [info] Getting sessions for read:user,repo,user:email,workflow...
2024-12-13 11:07:37.588 [info] Got 0 sessions for read:user,repo,user:email,workflow...
2024-12-13 11:09:33.062 [info] Getting sessions for user:email...
2024-12-13 11:09:33.062 [info] Got 0 sessions for user:email...
2024-12-13 11:09:35.030 [info] Logging in with 'any' account...
2024-12-13 11:09:35.030 [info] Logging in for the following scopes: user:email
2024-12-13 11:09:35.051 [info] Trying without local server... (user:email)
