2024-12-11 08:16:11.028 [info] Configuration changed
2024-12-11 08:16:11.186 [info] Configuration changed
2024-12-11 08:16:51.908 [info] Configuration changed
2024-12-11 08:16:54.119 [info] Configuration changed
2024-12-11 08:16:54.338 [info] Configuration changed
2024-12-11 08:17:00.814 [info] Active editor: output:extension-output-ms-dotnettools.vscode-dotnet-runtime-%231-.NET%20Install%20Tool
2024-12-11 08:17:03.158 [info] Active editor: vscode-notebook-cell:/home/mpeters/projects/AOC/2024/_1/main.py#W0sZmlsZQ%3D%3D
2024-12-11 08:17:09.852 [info] extension-output-ms-dotnettools.vscode-dotnet-runtime-#1-.NET Install Tool closed
2024-12-11 08:17:21.701 [info] Executing :w
2024-12-11 08:18:34.144 [info] Executing :w
2024-12-11 08:19:01.251 [info] Executing :w
2024-12-11 08:20:26.699 [info] Executing :w
2024-12-11 08:20:37.589 [info] Executing :w
2024-12-11 08:21:26.204 [info] Executing :w
2024-12-11 08:23:32.732 [info] Executing :w
2024-12-11 08:24:12.862 [info] Executing :w
2024-12-11 08:24:20.605 [info] Executing :w
2024-12-11 08:29:58.257 [info] Executing :w
2024-12-11 08:30:15.945 [info] Executing :w
2024-12-11 08:31:47.695 [info] Executing :w
