[2024-12-13 11:18:03.083] Starting Git Graph ...
[2024-12-13 11:18:03.089] Using git (version: 2.45.2)
[2024-12-13 11:18:03.097] Started Git Graph - Ready to use!
[2024-12-13 11:18:03.098] Searching workspace for new repos ...
[2024-12-13 11:18:03.101] > git rev-parse --show-toplevel
[2024-12-13 11:18:03.103] Completed searching workspace for new repos
[2024-12-13 11:18:03.834] Successfully set Visual Studio Code Context "git-graph:codiconsSupported" to "true"
[2024-12-13 11:18:06.845] > git rev-parse --show-toplevel
[2024-12-13 11:18:06.850] > git rev-parse --show-toplevel
[2024-12-13 11:18:06.855] > git rev-parse --show-toplevel
[2024-12-13 11:18:06.861] > git rev-parse --show-toplevel
[2024-12-13 11:18:06.866] > git rev-parse --show-toplevel
[2024-12-13 11:18:06.873] > git rev-parse --show-toplevel
[2024-12-13 11:18:06.878] > git rev-parse --show-toplevel
[2024-12-13 11:18:06.882] > git rev-parse --show-toplevel
[2024-12-13 11:18:06.887] > git rev-parse --show-toplevel
[2024-12-13 11:18:11.089] > git rev-parse --show-toplevel
[2024-12-13 11:18:11.098] > git rev-parse --show-toplevel
[2024-12-13 11:18:11.106] > git rev-parse --show-toplevel
[2024-12-13 11:18:11.115] > git rev-parse --show-toplevel
[2024-12-13 11:18:11.126] > git rev-parse --show-toplevel
