2024-12-13 07:08:32.736 [info] Reading sessions from keychain...
2024-12-13 07:08:32.736 [info] Getting sessions for all scopes...
2024-12-13 07:08:32.736 [info] Getting sessions for all scopes...
2024-12-13 07:08:32.736 [info] Getting sessions for all scopes...
2024-12-13 07:08:32.736 [info] Getting sessions for all scopes...
2024-12-13 07:08:32.736 [info] Getting sessions for all scopes...
2024-12-13 07:08:32.736 [info] Getting sessions for all scopes...
2024-12-13 07:08:32.736 [info] Getting sessions for all scopes...
2024-12-13 07:08:32.828 [info] Got 0 sessions for ...
2024-12-13 07:08:32.828 [info] Got 0 sessions for ...
2024-12-13 07:08:32.828 [info] Got 0 sessions for ...
2024-12-13 07:08:32.828 [info] Got 0 sessions for ...
2024-12-13 07:08:32.828 [info] Got 0 sessions for ...
2024-12-13 07:08:32.828 [info] Got 0 sessions for ...
2024-12-13 07:08:32.828 [info] Got 0 sessions for ...
2024-12-13 07:08:33.427 [info] Getting sessions for all scopes...
2024-12-13 07:08:33.427 [info] Got 0 sessions for ...
2024-12-13 07:08:34.409 [info] Getting sessions for all scopes...
2024-12-13 07:08:34.409 [info] Got 0 sessions for ...
2024-12-13 07:08:38.516 [info] Getting sessions for read:user,repo,user:email...
2024-12-13 07:08:38.516 [info] Got 0 sessions for read:user,repo,user:email...
2024-12-13 07:08:38.543 [info] Getting sessions for project,read:org,read:user,repo,user:email,workflow...
2024-12-13 07:08:38.543 [info] Got 0 sessions for project,read:org,read:user,repo,user:email,workflow...
2024-12-13 07:08:38.617 [info] Getting sessions for read:user,repo,user:email,workflow...
2024-12-13 07:08:38.617 [info] Got 0 sessions for read:user,repo,user:email,workflow...
2024-12-13 07:08:38.644 [info] Getting sessions for read:user,repo,user:email...
2024-12-13 07:08:38.644 [info] Got 0 sessions for read:user,repo,user:email...
2024-12-13 07:08:38.648 [info] Getting sessions for read:user,repo,user:email,workflow...
2024-12-13 07:08:38.648 [info] Got 0 sessions for read:user,repo,user:email,workflow...
