2024-12-13 07:08:53.579 [info] Executing :w
2024-12-13 07:09:03.368 [info] Executing :w
2024-12-13 07:09:13.249 [info] Executing :w
2024-12-13 07:09:26.424 [info] Executing :w
2024-12-13 07:09:32.480 [info] Executing :w
2024-12-13 07:10:15.107 [info] Active editor: file:///home/mpeters/projects/AOC/2024/_4/main.py
2024-12-13 07:11:04.577 [info] /home/mpeters/projects/AOC/2024/_4/~/.vscode/User/settings.json closed
2024-12-13 07:11:04.590 [info] Configuration changed
2024-12-13 07:11:47.685 [info] /home/mpeters/projects/AOC/2024/_4/~/.vscode/User/settings.json closed
2024-12-13 07:11:47.715 [info] Configuration changed
2024-12-13 07:12:12.680 [info] /home/mpeters/projects/AOC/2024/_4/~/.vscode/User/settings.json closed
2024-12-13 07:12:12.702 [info] Configuration changed
2024-12-13 07:12:16.006 [info] /home/mpeters/projects/AOC/2024/_4/~/.vscode/User/settings.json closed
2024-12-13 07:12:16.029 [info] Configuration changed
2024-12-13 07:12:51.077 [info] Active editor: file:///home/mpeters/projects/AOC/2024/_4/main.py
2024-12-13 07:12:54.046 [info] Executing :w
2024-12-13 07:13:52.348 [info] Executing :w
2024-12-13 07:14:01.795 [info] Active editor: file:///home/mpeters/projects/AOC/2024/_4/.vscode/settings.json
2024-12-13 07:14:51.075 [info] Executing :w
2024-12-13 07:14:51.402 [info] Configuration changed
2024-12-13 07:15:03.320 [info] Executing :w
2024-12-13 07:15:03.585 [info] Configuration changed
2024-12-13 07:15:07.526 [info] Active editor: file:///home/mpeters/projects/AOC/2024/_4/main.py
2024-12-13 07:15:10.168 [info] Executing :w
2024-12-13 07:15:15.356 [info] Active editor: file:///home/mpeters/projects/AOC/2024/_4/.vscode/settings.json
2024-12-13 07:15:29.611 [info] Executing :w
2024-12-13 07:15:29.822 [info] Configuration changed
2024-12-13 07:15:32.743 [info] Executing :w
2024-12-13 07:15:36.155 [info] Active editor: file:///home/mpeters/projects/AOC/2024/_4/main.py
2024-12-13 07:15:38.938 [info] Executing :w
2024-12-13 07:15:42.144 [info] Executing :w
2024-12-13 07:16:13.354 [info] Active editor: file:///home/mpeters/projects/AOC/2024/_4/.vscode/settings.json
2024-12-13 07:17:48.843 [info] Executing :w
2024-12-13 07:17:49.120 [info] Configuration changed
2024-12-13 07:17:50.793 [info] Active editor: file:///home/mpeters/projects/AOC/2024/_4/main.py
2024-12-13 07:17:52.842 [info] Executing :w
2024-12-13 07:17:56.921 [info] Executing :w
2024-12-13 07:18:54.673 [info] Executing :w
2024-12-13 07:19:01.139 [info] Executing :w
2024-12-13 07:19:49.449 [info] Executing :w
2024-12-13 07:20:05.688 [info] Executing :w
2024-12-13 07:21:11.868 [info] Executing :w
2024-12-13 07:21:50.403 [info] Executing :w
2024-12-13 07:22:22.215 [info] Executing :w
2024-12-13 07:22:31.868 [info] Executing :w
2024-12-13 07:24:21.456 [info] Executing :w
2024-12-13 07:24:29.893 [info] Executing :w
2024-12-13 07:27:44.310 [info] Executing :w
2024-12-13 07:27:55.276 [info] Executing :w
2024-12-13 07:29:49.873 [info] Executing :w
2024-12-13 07:30:21.780 [info] Executing :w
2024-12-13 07:31:30.255 [info] Executing :w
2024-12-13 07:37:44.111 [info] Executing :w
2024-12-13 07:39:16.718 [info] Executing :w
2024-12-13 07:39:45.199 [info] Executing :w
2024-12-13 07:40:22.475 [info] Executing :w
2024-12-13 07:40:34.860 [info] Executing :w
2024-12-13 07:41:35.687 [info] Executing :w
2024-12-13 07:42:14.430 [info] Executing :w
2024-12-13 07:43:02.611 [info] Executing :w
2024-12-13 07:44:41.519 [info] Executing :w
2024-12-13 07:45:05.356 [info] Executing :w
2024-12-13 07:45:17.258 [info] Executing :w
2024-12-13 07:46:19.183 [info] Executing :w
2024-12-13 07:46:35.990 [info] Executing :w
2024-12-13 07:46:59.130 [info] Executing :w
2024-12-13 07:47:55.651 [info] Executing :w
2024-12-13 07:48:40.898 [info] Executing :w
2024-12-13 07:54:05.722 [info] Executing :w
2024-12-13 07:54:53.422 [info] Executing :w
2024-12-13 07:55:15.893 [info] Executing :w
2024-12-13 07:56:04.521 [info] Executing :w
2024-12-13 07:56:16.930 [info] Executing :w
2024-12-13 07:57:18.371 [info] Executing :w
2024-12-13 07:58:35.360 [info] Executing :w
2024-12-13 07:58:55.164 [info] Executing :w
2024-12-13 08:04:38.653 [info] Executing :w
2024-12-13 08:06:03.249 [info] Executing :w
2024-12-13 08:06:38.882 [info] Executing :w
2024-12-13 08:09:05.061 [info] Executing :w
2024-12-13 08:10:50.191 [info] Executing :w
2024-12-13 08:11:05.065 [info] Executing :w
2024-12-13 08:14:30.695 [info] Executing :w
2024-12-13 08:15:04.418 [info] Executing :w
2024-12-13 08:16:40.764 [info] Executing :w
2024-12-13 08:17:03.873 [info] Executing :w
2024-12-13 08:18:51.617 [info] Executing :w
2024-12-13 08:20:50.910 [info] Executing :w
2024-12-13 08:21:48.543 [info] Executing :w
2024-12-13 08:22:49.370 [info] Executing :w
2024-12-13 08:22:59.534 [info] Executing :w
2024-12-13 08:24:22.809 [info] Executing :w
2024-12-13 08:24:25.919 [info] Executing :w
2024-12-13 08:26:42.944 [info] Executing :w
2024-12-13 08:27:55.637 [info] Executing :w
2024-12-13 08:28:08.975 [info] Active editor: output:tasks
2024-12-13 08:28:18.497 [info] Active editor: file:///home/mpeters/projects/AOC/2024/_4/main.py
2024-12-13 08:28:18.520 [info] tasks closed
2024-12-13 08:30:46.074 [info] Executing :w
2024-12-13 08:31:35.023 [info] Executing :w
2024-12-13 08:32:37.761 [info] Executing :w
2024-12-13 08:35:26.446 [info] Executing :w
2024-12-13 08:39:33.754 [info] Executing :w
2024-12-13 08:45:21.891 [info] Executing :w
