2024-12-11 22:41:18.103 [error] [/home/mpeters/.vscode/extensions/github.vscode-pull-request-github-0.102.0]: Extension is not compatible with Code 1.95.3. Extension requires: ^1.96.0.
2024-12-11 22:41:18.110 [warning] [vscode-azurecontainerapps]: Couldn't find message for key containerApps.walkthrough.addWorkspaceProject.
2024-12-11 22:41:18.110 [warning] [vscode-azurecontainerapps]: Couldn't find message for key containerApps.walkthrough.azureSignIn.
2024-12-11 22:41:18.110 [warning] [vscode-azurecontainerapps]: Couldn't find message for key containerApps.walkthrough.deployWorkspaceProject.
2024-12-11 22:41:18.111 [warning] [vscode-azurecontainerapps]: Couldn't find message for key containerApps.walkthrough.cleanUpResources.
2024-12-11 22:41:18.134 [error] [/home/mpeters/.vscode/extensions/ms-toolsai.jupyter-2024.11.0-linux-x64]: Extension is not compatible with Code 1.95.3. Extension requires: ^1.96.0.
2024-12-11 22:41:18.237 [warning] [vscode-azurecontainerapps]: Couldn't find message for key containerApps.walkthrough.addWorkspaceProject.
2024-12-11 22:41:18.239 [warning] [vscode-azurecontainerapps]: Couldn't find message for key containerApps.walkthrough.azureSignIn.
2024-12-11 22:41:18.239 [warning] [vscode-azurecontainerapps]: Couldn't find message for key containerApps.walkthrough.deployWorkspaceProject.
2024-12-11 22:41:18.240 [warning] [vscode-azurecontainerapps]: Couldn't find message for key containerApps.walkthrough.cleanUpResources.
2024-12-11 22:41:18.271 [error] [/home/mpeters/.vscode/extensions/github.vscode-pull-request-github-0.102.0]: Extension is not compatible with Code 1.95.3. Extension requires: ^1.96.0.
2024-12-11 22:41:18.274 [error] [/home/mpeters/.vscode/extensions/ms-toolsai.jupyter-2024.11.0-linux-x64]: Extension is not compatible with Code 1.95.3. Extension requires: ^1.96.0.
2024-12-11 22:41:18.457 [warning] [vscode-azurecontainerapps]: Couldn't find message for key containerApps.walkthrough.addWorkspaceProject.
2024-12-11 22:41:18.457 [warning] [vscode-azurecontainerapps]: Couldn't find message for key containerApps.walkthrough.azureSignIn.
2024-12-11 22:41:18.458 [warning] [vscode-azurecontainerapps]: Couldn't find message for key containerApps.walkthrough.deployWorkspaceProject.
2024-12-11 22:41:18.458 [warning] [vscode-azurecontainerapps]: Couldn't find message for key containerApps.walkthrough.cleanUpResources.
2024-12-11 22:41:18.496 [error] [/home/mpeters/.vscode/extensions/github.vscode-pull-request-github-0.102.0]: Extension is not compatible with Code 1.95.3. Extension requires: ^1.96.0.
2024-12-11 22:41:18.498 [error] [/home/mpeters/.vscode/extensions/ms-toolsai.jupyter-2024.11.0-linux-x64]: Extension is not compatible with Code 1.95.3. Extension requires: ^1.96.0.
2024-12-11 22:41:18.607 [error] [/home/mpeters/.vscode/extensions/github.vscode-pull-request-github-0.102.0]: Extension is not compatible with Code 1.95.3. Extension requires: ^1.96.0.
2024-12-11 22:41:18.611 [warning] [vscode-azurecontainerapps]: Couldn't find message for key containerApps.walkthrough.addWorkspaceProject.
2024-12-11 22:41:18.612 [warning] [vscode-azurecontainerapps]: Couldn't find message for key containerApps.walkthrough.azureSignIn.
2024-12-11 22:41:18.612 [warning] [vscode-azurecontainerapps]: Couldn't find message for key containerApps.walkthrough.deployWorkspaceProject.
2024-12-11 22:41:18.612 [warning] [vscode-azurecontainerapps]: Couldn't find message for key containerApps.walkthrough.cleanUpResources.
2024-12-11 22:41:18.627 [error] [/home/mpeters/.vscode/extensions/ms-toolsai.jupyter-2024.11.0-linux-x64]: Extension is not compatible with Code 1.95.3. Extension requires: ^1.96.0.
2024-12-11 22:41:18.923 [info] Deleted uninstalled extension from disk ms-python.debugpy /home/mpeters/.vscode/extensions/ms-python.debugpy-2024.12.0-linux-x64
2024-12-11 22:41:19.109 [warning] [vscode-azurecontainerapps]: Couldn't find message for key containerApps.walkthrough.addWorkspaceProject.
2024-12-11 22:41:19.109 [warning] [vscode-azurecontainerapps]: Couldn't find message for key containerApps.walkthrough.azureSignIn.
2024-12-11 22:41:19.110 [warning] [vscode-azurecontainerapps]: Couldn't find message for key containerApps.walkthrough.deployWorkspaceProject.
2024-12-11 22:41:19.110 [warning] [vscode-azurecontainerapps]: Couldn't find message for key containerApps.walkthrough.cleanUpResources.
2024-12-11 22:41:19.128 [error] [/home/mpeters/.vscode/extensions/github.vscode-pull-request-github-0.102.0]: Extension is not compatible with Code 1.95.3. Extension requires: ^1.96.0.
2024-12-11 22:41:19.130 [error] [/home/mpeters/.vscode/extensions/ms-toolsai.jupyter-2024.11.0-linux-x64]: Extension is not compatible with Code 1.95.3. Extension requires: ^1.96.0.
2024-12-11 22:41:19.513 [warning] [vscode-azurecontainerapps]: Couldn't find message for key containerApps.walkthrough.addWorkspaceProject.
2024-12-11 22:41:19.514 [warning] [vscode-azurecontainerapps]: Couldn't find message for key containerApps.walkthrough.azureSignIn.
2024-12-11 22:41:19.514 [warning] [vscode-azurecontainerapps]: Couldn't find message for key containerApps.walkthrough.deployWorkspaceProject.
2024-12-11 22:41:19.514 [warning] [vscode-azurecontainerapps]: Couldn't find message for key containerApps.walkthrough.cleanUpResources.
2024-12-11 22:41:19.532 [error] [/home/mpeters/.vscode/extensions/github.vscode-pull-request-github-0.102.0]: Extension is not compatible with Code 1.95.3. Extension requires: ^1.96.0.
2024-12-11 22:41:19.536 [error] [/home/mpeters/.vscode/extensions/ms-toolsai.jupyter-2024.11.0-linux-x64]: Extension is not compatible with Code 1.95.3. Extension requires: ^1.96.0.
2024-12-11 22:41:19.729 [warning] [vscode-azurecontainerapps]: Couldn't find message for key containerApps.walkthrough.addWorkspaceProject.
2024-12-11 22:41:19.729 [warning] [vscode-azurecontainerapps]: Couldn't find message for key containerApps.walkthrough.azureSignIn.
2024-12-11 22:41:19.730 [warning] [vscode-azurecontainerapps]: Couldn't find message for key containerApps.walkthrough.deployWorkspaceProject.
2024-12-11 22:41:19.730 [warning] [vscode-azurecontainerapps]: Couldn't find message for key containerApps.walkthrough.cleanUpResources.
2024-12-11 22:41:19.749 [error] [/home/mpeters/.vscode/extensions/github.vscode-pull-request-github-0.102.0]: Extension is not compatible with Code 1.95.3. Extension requires: ^1.96.0.
2024-12-11 22:41:19.751 [error] [/home/mpeters/.vscode/extensions/ms-toolsai.jupyter-2024.11.0-linux-x64]: Extension is not compatible with Code 1.95.3. Extension requires: ^1.96.0.
2024-12-11 22:41:20.248 [warning] [vscode-azurecontainerapps]: Couldn't find message for key containerApps.walkthrough.addWorkspaceProject.
2024-12-11 22:41:20.250 [warning] [vscode-azurecontainerapps]: Couldn't find message for key containerApps.walkthrough.azureSignIn.
2024-12-11 22:41:20.250 [warning] [vscode-azurecontainerapps]: Couldn't find message for key containerApps.walkthrough.deployWorkspaceProject.
2024-12-11 22:41:20.251 [warning] [vscode-azurecontainerapps]: Couldn't find message for key containerApps.walkthrough.cleanUpResources.
2024-12-11 22:41:20.271 [error] [/home/mpeters/.vscode/extensions/github.vscode-pull-request-github-0.102.0]: Extension is not compatible with Code 1.95.3. Extension requires: ^1.96.0.
2024-12-11 22:41:20.275 [error] [/home/mpeters/.vscode/extensions/ms-toolsai.jupyter-2024.11.0-linux-x64]: Extension is not compatible with Code 1.95.3. Extension requires: ^1.96.0.
2024-12-11 22:41:20.729 [warning] [vscode-azurecontainerapps]: Couldn't find message for key containerApps.walkthrough.addWorkspaceProject.
2024-12-11 22:41:20.730 [warning] [vscode-azurecontainerapps]: Couldn't find message for key containerApps.walkthrough.azureSignIn.
2024-12-11 22:41:20.735 [warning] [vscode-azurecontainerapps]: Couldn't find message for key containerApps.walkthrough.deployWorkspaceProject.
2024-12-11 22:41:20.736 [warning] [vscode-azurecontainerapps]: Couldn't find message for key containerApps.walkthrough.cleanUpResources.
2024-12-11 22:41:20.772 [error] [/home/mpeters/.vscode/extensions/github.vscode-pull-request-github-0.102.0]: Extension is not compatible with Code 1.95.3. Extension requires: ^1.96.0.
2024-12-11 22:41:20.774 [error] [/home/mpeters/.vscode/extensions/ms-toolsai.jupyter-2024.11.0-linux-x64]: Extension is not compatible with Code 1.95.3. Extension requires: ^1.96.0.
2024-12-11 22:41:21.053 [warning] [vscode-azurecontainerapps]: Couldn't find message for key containerApps.walkthrough.addWorkspaceProject.
2024-12-11 22:41:21.054 [warning] [vscode-azurecontainerapps]: Couldn't find message for key containerApps.walkthrough.azureSignIn.
2024-12-11 22:41:21.054 [warning] [vscode-azurecontainerapps]: Couldn't find message for key containerApps.walkthrough.deployWorkspaceProject.
2024-12-11 22:41:21.055 [warning] [vscode-azurecontainerapps]: Couldn't find message for key containerApps.walkthrough.cleanUpResources.
2024-12-11 22:41:21.081 [error] [/home/mpeters/.vscode/extensions/github.vscode-pull-request-github-0.102.0]: Extension is not compatible with Code 1.95.3. Extension requires: ^1.96.0.
2024-12-11 22:41:21.084 [error] [/home/mpeters/.vscode/extensions/ms-toolsai.jupyter-2024.11.0-linux-x64]: Extension is not compatible with Code 1.95.3. Extension requires: ^1.96.0.
2024-12-11 22:41:21.427 [warning] [vscode-azurecontainerapps]: Couldn't find message for key containerApps.walkthrough.addWorkspaceProject.
2024-12-11 22:41:21.427 [warning] [vscode-azurecontainerapps]: Couldn't find message for key containerApps.walkthrough.azureSignIn.
2024-12-11 22:41:21.428 [warning] [vscode-azurecontainerapps]: Couldn't find message for key containerApps.walkthrough.deployWorkspaceProject.
2024-12-11 22:41:21.428 [warning] [vscode-azurecontainerapps]: Couldn't find message for key containerApps.walkthrough.cleanUpResources.
2024-12-11 22:41:21.458 [error] [/home/mpeters/.vscode/extensions/github.vscode-pull-request-github-0.102.0]: Extension is not compatible with Code 1.95.3. Extension requires: ^1.96.0.
2024-12-11 22:41:21.460 [error] [/home/mpeters/.vscode/extensions/ms-toolsai.jupyter-2024.11.0-linux-x64]: Extension is not compatible with Code 1.95.3. Extension requires: ^1.96.0.
2024-12-11 22:41:21.762 [warning] [vscode-azurecontainerapps]: Couldn't find message for key containerApps.walkthrough.addWorkspaceProject.
2024-12-11 22:41:21.762 [warning] [vscode-azurecontainerapps]: Couldn't find message for key containerApps.walkthrough.azureSignIn.
2024-12-11 22:41:21.763 [warning] [vscode-azurecontainerapps]: Couldn't find message for key containerApps.walkthrough.deployWorkspaceProject.
2024-12-11 22:41:21.763 [warning] [vscode-azurecontainerapps]: Couldn't find message for key containerApps.walkthrough.cleanUpResources.
2024-12-11 22:41:21.800 [error] [/home/mpeters/.vscode/extensions/ms-toolsai.jupyter-2024.11.0-linux-x64]: Extension is not compatible with Code 1.95.3. Extension requires: ^1.96.0.
2024-12-11 22:41:21.803 [error] [/home/mpeters/.vscode/extensions/github.vscode-pull-request-github-0.102.0]: Extension is not compatible with Code 1.95.3. Extension requires: ^1.96.0.
2024-12-11 22:41:22.711 [warning] [vscode-azurecontainerapps]: Couldn't find message for key containerApps.walkthrough.addWorkspaceProject.
2024-12-11 22:41:22.711 [warning] [vscode-azurecontainerapps]: Couldn't find message for key containerApps.walkthrough.azureSignIn.
2024-12-11 22:41:22.712 [warning] [vscode-azurecontainerapps]: Couldn't find message for key containerApps.walkthrough.deployWorkspaceProject.
2024-12-11 22:41:22.712 [warning] [vscode-azurecontainerapps]: Couldn't find message for key containerApps.walkthrough.cleanUpResources.
2024-12-11 22:41:22.736 [error] [/home/mpeters/.vscode/extensions/github.vscode-pull-request-github-0.102.0]: Extension is not compatible with Code 1.95.3. Extension requires: ^1.96.0.
2024-12-11 22:41:22.737 [error] [/home/mpeters/.vscode/extensions/ms-toolsai.jupyter-2024.11.0-linux-x64]: Extension is not compatible with Code 1.95.3. Extension requires: ^1.96.0.
2024-12-11 22:41:23.283 [warning] [vscode-azurecontainerapps]: Couldn't find message for key containerApps.walkthrough.addWorkspaceProject.
2024-12-11 22:41:23.283 [warning] [vscode-azurecontainerapps]: Couldn't find message for key containerApps.walkthrough.azureSignIn.
2024-12-11 22:41:23.284 [warning] [vscode-azurecontainerapps]: Couldn't find message for key containerApps.walkthrough.deployWorkspaceProject.
2024-12-11 22:41:23.284 [warning] [vscode-azurecontainerapps]: Couldn't find message for key containerApps.walkthrough.cleanUpResources.
2024-12-11 22:41:23.303 [error] [/home/mpeters/.vscode/extensions/github.vscode-pull-request-github-0.102.0]: Extension is not compatible with Code 1.95.3. Extension requires: ^1.96.0.
2024-12-11 22:41:23.306 [error] [/home/mpeters/.vscode/extensions/ms-toolsai.jupyter-2024.11.0-linux-x64]: Extension is not compatible with Code 1.95.3. Extension requires: ^1.96.0.
2024-12-11 22:41:50.234 [info] Getting Manifest... github.vscode-pull-request-github
2024-12-11 22:41:50.236 [info] Getting Manifest... ms-toolsai.jupyter
2024-12-11 22:41:50.485 [info] Installing extension: github.vscode-pull-request-github {"productVersion":{"version":"1.96.0","date":"2024-12-11T02:30:41.583Z"},"pinned":false,"operation":3,"isApplicationScoped":false,"profileLocation":{"$mid":1,"external":"vscode-userdata:/home/mpeters/.vscode/extensions/extensions.json","path":"/home/mpeters/.vscode/extensions/extensions.json","scheme":"vscode-userdata"},"installOnlyNewlyAddedFromExtensionPack":true}
2024-12-11 22:41:50.493 [info] Installing extension: ms-toolsai.jupyter {"productVersion":{"version":"1.96.0","date":"2024-12-11T02:30:41.583Z"},"pinned":false,"operation":3,"isApplicationScoped":false,"profileLocation":{"$mid":1,"external":"vscode-userdata:/home/mpeters/.vscode/extensions/extensions.json","path":"/home/mpeters/.vscode/extensions/extensions.json","scheme":"vscode-userdata"},"installOnlyNewlyAddedFromExtensionPack":true}
2024-12-11 22:41:50.666 [warning] [vscode-azurecontainerapps]: Couldn't find message for key containerApps.walkthrough.addWorkspaceProject.
2024-12-11 22:41:50.667 [warning] [vscode-azurecontainerapps]: Couldn't find message for key containerApps.walkthrough.azureSignIn.
2024-12-11 22:41:50.667 [warning] [vscode-azurecontainerapps]: Couldn't find message for key containerApps.walkthrough.deployWorkspaceProject.
2024-12-11 22:41:50.667 [warning] [vscode-azurecontainerapps]: Couldn't find message for key containerApps.walkthrough.cleanUpResources.
2024-12-11 22:41:50.945 [warning] [vscode-azurecontainerapps]: Couldn't find message for key containerApps.walkthrough.addWorkspaceProject.
2024-12-11 22:41:50.945 [warning] [vscode-azurecontainerapps]: Couldn't find message for key containerApps.walkthrough.azureSignIn.
2024-12-11 22:41:50.946 [warning] [vscode-azurecontainerapps]: Couldn't find message for key containerApps.walkthrough.deployWorkspaceProject.
2024-12-11 22:41:50.946 [warning] [vscode-azurecontainerapps]: Couldn't find message for key containerApps.walkthrough.cleanUpResources.
2024-12-11 22:41:51.159 [warning] [vscode-azurecontainerapps]: Couldn't find message for key containerApps.walkthrough.addWorkspaceProject.
2024-12-11 22:41:51.159 [warning] [vscode-azurecontainerapps]: Couldn't find message for key containerApps.walkthrough.azureSignIn.
2024-12-11 22:41:51.160 [warning] [vscode-azurecontainerapps]: Couldn't find message for key containerApps.walkthrough.deployWorkspaceProject.
2024-12-11 22:41:51.160 [warning] [vscode-azurecontainerapps]: Couldn't find message for key containerApps.walkthrough.cleanUpResources.
2024-12-11 22:41:51.490 [error] [uncaught exception in sharedProcess]: Error: ENOENT: no such file or directory, stat '/home/mpeters/.vscode/extensions/extensions.json.vsctmp': EntryNotFound (FileSystemError): Error: ENOENT: no such file or directory, stat '/home/mpeters/.vscode/extensions/extensions.json.vsctmp'
    at hm.create (file:///usr/share/code/resources/app/out/vs/code/electron-utility/sharedProcess/sharedProcessMain.js:35:39254)
    at Es (file:///usr/share/code/resources/app/out/vs/code/electron-utility/sharedProcess/sharedProcessMain.js:35:39361)
    at Fr.ib (file:///usr/share/code/resources/app/out/vs/code/electron-utility/sharedProcess/sharedProcessMain.js:71:22677)
    at Fr.stat (file:///usr/share/code/resources/app/out/vs/code/electron-utility/sharedProcess/sharedProcessMain.js:71:16010)
    at async Zl.stat (file:///usr/share/code/resources/app/out/vs/code/electron-utility/sharedProcess/sharedProcessMain.js:70:84491)
    at async Jl.yb (file:///usr/share/code/resources/app/out/vs/code/electron-utility/sharedProcess/sharedProcessMain.js:70:66605)
2024-12-11 22:41:51.529 [warning] [vscode-azurecontainerapps]: Couldn't find message for key containerApps.walkthrough.addWorkspaceProject.
2024-12-11 22:41:51.529 [warning] [vscode-azurecontainerapps]: Couldn't find message for key containerApps.walkthrough.azureSignIn.
2024-12-11 22:41:51.530 [warning] [vscode-azurecontainerapps]: Couldn't find message for key containerApps.walkthrough.deployWorkspaceProject.
2024-12-11 22:41:51.530 [warning] [vscode-azurecontainerapps]: Couldn't find message for key containerApps.walkthrough.cleanUpResources.
2024-12-11 22:41:51.574 [error] [/home/mpeters/.vscode/extensions/github.vscode-pull-request-github-0.102.0]: Extension is not compatible with Code 1.95.3. Extension requires: ^1.96.0.
2024-12-11 22:41:51.576 [error] [/home/mpeters/.vscode/extensions/ms-toolsai.jupyter-2024.11.0-linux-x64]: Extension is not compatible with Code 1.95.3. Extension requires: ^1.96.0.
2024-12-11 22:41:51.595 [error] Error while installing the extension ms-toolsai.jupyter Cannot read the extension from /home/mpeters/.vscode/extensions/ms-toolsai.jupyter-2024.11.0-linux-x64 vscode-userdata:/home/mpeters/.vscode/extensions/extensions.json
2024-12-11 22:41:51.596 [warning] [vscode-azurecontainerapps]: Couldn't find message for key containerApps.walkthrough.addWorkspaceProject.
2024-12-11 22:41:51.597 [warning] [vscode-azurecontainerapps]: Couldn't find message for key containerApps.walkthrough.azureSignIn.
2024-12-11 22:41:51.597 [warning] [vscode-azurecontainerapps]: Couldn't find message for key containerApps.walkthrough.deployWorkspaceProject.
2024-12-11 22:41:51.598 [warning] [vscode-azurecontainerapps]: Couldn't find message for key containerApps.walkthrough.cleanUpResources.
2024-12-11 22:41:51.614 [error] [/home/mpeters/.vscode/extensions/ms-toolsai.jupyter-2024.11.0-linux-x64]: Extension is not compatible with Code 1.95.3. Extension requires: ^1.96.0.
2024-12-11 22:41:51.617 [error] [/home/mpeters/.vscode/extensions/github.vscode-pull-request-github-0.102.0]: Extension is not compatible with Code 1.95.3. Extension requires: ^1.96.0.
2024-12-11 22:41:51.624 [error] Error while installing the extension github.vscode-pull-request-github Cannot read the extension from /home/mpeters/.vscode/extensions/github.vscode-pull-request-github-0.102.0 vscode-userdata:/home/mpeters/.vscode/extensions/extensions.json
2024-12-11 22:46:23.657 [warning] [vscode-azurecontainerapps]: Couldn't find message for key containerApps.walkthrough.addWorkspaceProject.
2024-12-11 22:46:23.657 [warning] [vscode-azurecontainerapps]: Couldn't find message for key containerApps.walkthrough.azureSignIn.
2024-12-11 22:46:23.657 [warning] [vscode-azurecontainerapps]: Couldn't find message for key containerApps.walkthrough.deployWorkspaceProject.
2024-12-11 22:46:23.658 [warning] [vscode-azurecontainerapps]: Couldn't find message for key containerApps.walkthrough.cleanUpResources.
2024-12-11 22:46:23.680 [error] [/home/mpeters/.vscode/extensions/github.vscode-pull-request-github-0.102.0]: Extension is not compatible with Code 1.95.3. Extension requires: ^1.96.0.
2024-12-11 22:46:23.681 [error] [/home/mpeters/.vscode/extensions/ms-toolsai.jupyter-2024.11.0-linux-x64]: Extension is not compatible with Code 1.95.3. Extension requires: ^1.96.0.
2024-12-11 22:51:24.058 [warning] [vscode-azurecontainerapps]: Couldn't find message for key containerApps.walkthrough.addWorkspaceProject.
2024-12-11 22:51:24.058 [warning] [vscode-azurecontainerapps]: Couldn't find message for key containerApps.walkthrough.azureSignIn.
2024-12-11 22:51:24.059 [warning] [vscode-azurecontainerapps]: Couldn't find message for key containerApps.walkthrough.deployWorkspaceProject.
2024-12-11 22:51:24.059 [warning] [vscode-azurecontainerapps]: Couldn't find message for key containerApps.walkthrough.cleanUpResources.
2024-12-11 22:51:24.085 [error] [/home/mpeters/.vscode/extensions/github.vscode-pull-request-github-0.102.0]: Extension is not compatible with Code 1.95.3. Extension requires: ^1.96.0.
2024-12-11 22:51:24.087 [error] [/home/mpeters/.vscode/extensions/ms-toolsai.jupyter-2024.11.0-linux-x64]: Extension is not compatible with Code 1.95.3. Extension requires: ^1.96.0.
2024-12-11 22:56:24.438 [warning] [vscode-azurecontainerapps]: Couldn't find message for key containerApps.walkthrough.addWorkspaceProject.
2024-12-11 22:56:24.439 [warning] [vscode-azurecontainerapps]: Couldn't find message for key containerApps.walkthrough.azureSignIn.
2024-12-11 22:56:24.439 [warning] [vscode-azurecontainerapps]: Couldn't find message for key containerApps.walkthrough.deployWorkspaceProject.
2024-12-11 22:56:24.441 [warning] [vscode-azurecontainerapps]: Couldn't find message for key containerApps.walkthrough.cleanUpResources.
2024-12-11 22:56:24.469 [error] [/home/mpeters/.vscode/extensions/github.vscode-pull-request-github-0.102.0]: Extension is not compatible with Code 1.95.3. Extension requires: ^1.96.0.
2024-12-11 22:56:24.472 [error] [/home/mpeters/.vscode/extensions/ms-toolsai.jupyter-2024.11.0-linux-x64]: Extension is not compatible with Code 1.95.3. Extension requires: ^1.96.0.
2024-12-11 23:01:24.813 [warning] [vscode-azurecontainerapps]: Couldn't find message for key containerApps.walkthrough.addWorkspaceProject.
2024-12-11 23:01:24.813 [warning] [vscode-azurecontainerapps]: Couldn't find message for key containerApps.walkthrough.azureSignIn.
2024-12-11 23:01:24.814 [warning] [vscode-azurecontainerapps]: Couldn't find message for key containerApps.walkthrough.deployWorkspaceProject.
2024-12-11 23:01:24.814 [warning] [vscode-azurecontainerapps]: Couldn't find message for key containerApps.walkthrough.cleanUpResources.
2024-12-11 23:01:24.838 [error] [/home/mpeters/.vscode/extensions/ms-toolsai.jupyter-2024.11.0-linux-x64]: Extension is not compatible with Code 1.95.3. Extension requires: ^1.96.0.
2024-12-11 23:01:24.842 [error] [/home/mpeters/.vscode/extensions/github.vscode-pull-request-github-0.102.0]: Extension is not compatible with Code 1.95.3. Extension requires: ^1.96.0.
2024-12-11 23:06:31.466 [warning] [vscode-azurecontainerapps]: Couldn't find message for key containerApps.walkthrough.addWorkspaceProject.
2024-12-11 23:06:31.486 [warning] [vscode-azurecontainerapps]: Couldn't find message for key containerApps.walkthrough.azureSignIn.
2024-12-11 23:06:31.503 [warning] [vscode-azurecontainerapps]: Couldn't find message for key containerApps.walkthrough.deployWorkspaceProject.
2024-12-11 23:06:31.519 [warning] [vscode-azurecontainerapps]: Couldn't find message for key containerApps.walkthrough.cleanUpResources.
2024-12-11 23:06:32.991 [error] [/home/mpeters/.vscode/extensions/github.vscode-pull-request-github-0.102.0]: Extension is not compatible with Code 1.95.3. Extension requires: ^1.96.0.
2024-12-11 23:06:33.071 [error] [/home/mpeters/.vscode/extensions/ms-toolsai.jupyter-2024.11.0-linux-x64]: Extension is not compatible with Code 1.95.3. Extension requires: ^1.96.0.
2024-12-12 06:40:21.259 [warning] [vscode-azurecontainerapps]: Couldn't find message for key containerApps.walkthrough.addWorkspaceProject.
2024-12-12 06:40:21.259 [warning] [vscode-azurecontainerapps]: Couldn't find message for key containerApps.walkthrough.azureSignIn.
2024-12-12 06:40:21.259 [warning] [vscode-azurecontainerapps]: Couldn't find message for key containerApps.walkthrough.deployWorkspaceProject.
2024-12-12 06:40:21.259 [warning] [vscode-azurecontainerapps]: Couldn't find message for key containerApps.walkthrough.cleanUpResources.
2024-12-12 06:40:21.273 [error] [/home/mpeters/.vscode/extensions/ms-toolsai.jupyter-2024.11.0-linux-x64]: Extension is not compatible with Code 1.95.3. Extension requires: ^1.96.0.
2024-12-12 06:40:21.274 [error] [/home/mpeters/.vscode/extensions/github.vscode-pull-request-github-0.102.0]: Extension is not compatible with Code 1.95.3. Extension requires: ^1.96.0.
2024-12-12 06:45:21.594 [warning] [vscode-azurecontainerapps]: Couldn't find message for key containerApps.walkthrough.addWorkspaceProject.
2024-12-12 06:45:21.595 [warning] [vscode-azurecontainerapps]: Couldn't find message for key containerApps.walkthrough.azureSignIn.
2024-12-12 06:45:21.596 [warning] [vscode-azurecontainerapps]: Couldn't find message for key containerApps.walkthrough.deployWorkspaceProject.
2024-12-12 06:45:21.596 [warning] [vscode-azurecontainerapps]: Couldn't find message for key containerApps.walkthrough.cleanUpResources.
2024-12-12 06:45:21.644 [error] [/home/mpeters/.vscode/extensions/github.vscode-pull-request-github-0.102.0]: Extension is not compatible with Code 1.95.3. Extension requires: ^1.96.0.
2024-12-12 06:45:21.648 [error] [/home/mpeters/.vscode/extensions/ms-toolsai.jupyter-2024.11.0-linux-x64]: Extension is not compatible with Code 1.95.3. Extension requires: ^1.96.0.
2024-12-12 06:50:21.963 [warning] [vscode-azurecontainerapps]: Couldn't find message for key containerApps.walkthrough.addWorkspaceProject.
2024-12-12 06:50:21.964 [warning] [vscode-azurecontainerapps]: Couldn't find message for key containerApps.walkthrough.azureSignIn.
2024-12-12 06:50:21.964 [warning] [vscode-azurecontainerapps]: Couldn't find message for key containerApps.walkthrough.deployWorkspaceProject.
2024-12-12 06:50:21.964 [warning] [vscode-azurecontainerapps]: Couldn't find message for key containerApps.walkthrough.cleanUpResources.
2024-12-12 06:50:21.982 [error] [/home/mpeters/.vscode/extensions/github.vscode-pull-request-github-0.102.0]: Extension is not compatible with Code 1.95.3. Extension requires: ^1.96.0.
2024-12-12 06:50:21.983 [error] [/home/mpeters/.vscode/extensions/ms-toolsai.jupyter-2024.11.0-linux-x64]: Extension is not compatible with Code 1.95.3. Extension requires: ^1.96.0.
2024-12-12 06:55:22.440 [warning] [vscode-azurecontainerapps]: Couldn't find message for key containerApps.walkthrough.addWorkspaceProject.
2024-12-12 06:55:22.441 [warning] [vscode-azurecontainerapps]: Couldn't find message for key containerApps.walkthrough.azureSignIn.
2024-12-12 06:55:22.441 [warning] [vscode-azurecontainerapps]: Couldn't find message for key containerApps.walkthrough.deployWorkspaceProject.
2024-12-12 06:55:22.441 [warning] [vscode-azurecontainerapps]: Couldn't find message for key containerApps.walkthrough.cleanUpResources.
2024-12-12 06:55:22.465 [error] [/home/mpeters/.vscode/extensions/github.vscode-pull-request-github-0.102.0]: Extension is not compatible with Code 1.95.3. Extension requires: ^1.96.0.
2024-12-12 06:55:22.467 [error] [/home/mpeters/.vscode/extensions/ms-toolsai.jupyter-2024.11.0-linux-x64]: Extension is not compatible with Code 1.95.3. Extension requires: ^1.96.0.
2024-12-12 07:00:22.945 [warning] [vscode-azurecontainerapps]: Couldn't find message for key containerApps.walkthrough.addWorkspaceProject.
2024-12-12 07:00:22.945 [warning] [vscode-azurecontainerapps]: Couldn't find message for key containerApps.walkthrough.azureSignIn.
2024-12-12 07:00:22.945 [warning] [vscode-azurecontainerapps]: Couldn't find message for key containerApps.walkthrough.deployWorkspaceProject.
2024-12-12 07:00:22.945 [warning] [vscode-azurecontainerapps]: Couldn't find message for key containerApps.walkthrough.cleanUpResources.
2024-12-12 07:00:22.962 [error] [/home/mpeters/.vscode/extensions/ms-toolsai.jupyter-2024.11.0-linux-x64]: Extension is not compatible with Code 1.95.3. Extension requires: ^1.96.0.
2024-12-12 07:00:22.965 [error] [/home/mpeters/.vscode/extensions/github.vscode-pull-request-github-0.102.0]: Extension is not compatible with Code 1.95.3. Extension requires: ^1.96.0.
2024-12-12 07:05:23.507 [warning] [vscode-azurecontainerapps]: Couldn't find message for key containerApps.walkthrough.addWorkspaceProject.
2024-12-12 07:05:23.508 [warning] [vscode-azurecontainerapps]: Couldn't find message for key containerApps.walkthrough.azureSignIn.
2024-12-12 07:05:23.509 [warning] [vscode-azurecontainerapps]: Couldn't find message for key containerApps.walkthrough.deployWorkspaceProject.
2024-12-12 07:05:23.510 [warning] [vscode-azurecontainerapps]: Couldn't find message for key containerApps.walkthrough.cleanUpResources.
2024-12-12 07:05:23.578 [error] [/home/mpeters/.vscode/extensions/github.vscode-pull-request-github-0.102.0]: Extension is not compatible with Code 1.95.3. Extension requires: ^1.96.0.
2024-12-12 07:05:23.581 [error] [/home/mpeters/.vscode/extensions/ms-toolsai.jupyter-2024.11.0-linux-x64]: Extension is not compatible with Code 1.95.3. Extension requires: ^1.96.0.
2024-12-12 07:10:24.570 [warning] [vscode-azurecontainerapps]: Couldn't find message for key containerApps.walkthrough.addWorkspaceProject.
2024-12-12 07:10:24.572 [warning] [vscode-azurecontainerapps]: Couldn't find message for key containerApps.walkthrough.azureSignIn.
2024-12-12 07:10:24.573 [warning] [vscode-azurecontainerapps]: Couldn't find message for key containerApps.walkthrough.deployWorkspaceProject.
2024-12-12 07:10:24.574 [warning] [vscode-azurecontainerapps]: Couldn't find message for key containerApps.walkthrough.cleanUpResources.
2024-12-12 07:10:24.663 [error] [/home/mpeters/.vscode/extensions/github.vscode-pull-request-github-0.102.0]: Extension is not compatible with Code 1.95.3. Extension requires: ^1.96.0.
2024-12-12 07:10:24.669 [error] [/home/mpeters/.vscode/extensions/ms-toolsai.jupyter-2024.11.0-linux-x64]: Extension is not compatible with Code 1.95.3. Extension requires: ^1.96.0.
2024-12-12 07:15:25.682 [warning] [vscode-azurecontainerapps]: Couldn't find message for key containerApps.walkthrough.addWorkspaceProject.
2024-12-12 07:15:25.684 [warning] [vscode-azurecontainerapps]: Couldn't find message for key containerApps.walkthrough.azureSignIn.
2024-12-12 07:15:25.685 [warning] [vscode-azurecontainerapps]: Couldn't find message for key containerApps.walkthrough.deployWorkspaceProject.
2024-12-12 07:15:25.686 [warning] [vscode-azurecontainerapps]: Couldn't find message for key containerApps.walkthrough.cleanUpResources.
2024-12-12 07:15:25.753 [error] [/home/mpeters/.vscode/extensions/github.vscode-pull-request-github-0.102.0]: Extension is not compatible with Code 1.95.3. Extension requires: ^1.96.0.
2024-12-12 07:15:25.761 [error] [/home/mpeters/.vscode/extensions/ms-toolsai.jupyter-2024.11.0-linux-x64]: Extension is not compatible with Code 1.95.3. Extension requires: ^1.96.0.
