2024-12-13 11:05:13.898 [info] Reading sessions from keychain...
2024-12-13 11:05:13.898 [info] Getting sessions for all scopes...
2024-12-13 11:05:13.898 [info] Getting sessions for all scopes...
2024-12-13 11:05:13.898 [info] Getting sessions for all scopes...
2024-12-13 11:05:13.898 [info] Getting sessions for all scopes...
2024-12-13 11:05:13.898 [info] Getting sessions for all scopes...
2024-12-13 11:05:13.898 [info] Getting sessions for all scopes...
2024-12-13 11:05:13.898 [info] Getting sessions for all scopes...
2024-12-13 11:05:13.898 [info] Got 0 sessions for ...
2024-12-13 11:05:13.898 [info] Got 0 sessions for ...
2024-12-13 11:05:13.898 [info] Got 0 sessions for ...
2024-12-13 11:05:13.898 [info] Got 0 sessions for ...
2024-12-13 11:05:13.898 [info] Got 0 sessions for ...
2024-12-13 11:05:13.898 [info] Got 0 sessions for ...
2024-12-13 11:05:13.898 [info] Got 0 sessions for ...
2024-12-13 11:05:14.547 [info] Getting sessions for all scopes...
2024-12-13 11:05:14.547 [info] Got 0 sessions for ...
2024-12-13 11:05:18.301 [info] Getting sessions for read:user,repo,user:email...
2024-12-13 11:05:18.301 [info] Got 0 sessions for read:user,repo,user:email...
2024-12-13 11:05:18.324 [info] Getting sessions for project,read:org,read:user,repo,user:email,workflow...
2024-12-13 11:05:18.324 [info] Got 0 sessions for project,read:org,read:user,repo,user:email,workflow...
2024-12-13 11:05:18.358 [info] Getting sessions for read:user,repo,user:email,workflow...
2024-12-13 11:05:18.358 [info] Got 0 sessions for read:user,repo,user:email,workflow...
2024-12-13 11:05:18.730 [info] Getting sessions for read:user,repo,user:email...
2024-12-13 11:05:18.730 [info] Got 0 sessions for read:user,repo,user:email...
2024-12-13 11:05:19.594 [info] Getting sessions for read:user,repo,user:email,workflow...
2024-12-13 11:05:19.594 [info] Got 0 sessions for read:user,repo,user:email,workflow...
2024-12-13 11:06:02.926 [info] Getting sessions for user:email...
2024-12-13 11:06:02.926 [info] Got 0 sessions for user:email...
2024-12-13 11:06:04.926 [info] Logging in with 'any' account...
2024-12-13 11:06:04.927 [info] Logging in for the following scopes: user:email
2024-12-13 11:06:04.945 [info] Trying without local server... (user:email)
