2024-12-12 16:11:19.219 [info] [main] Log level: Info
2024-12-12 16:11:19.219 [info] [main] Validating found git in: "git"
2024-12-12 16:11:19.219 [info] [main] Using git "2.45.2" from "git"
2024-12-12 16:11:19.219 [info] [Model][doInitialScan] Initial repository scan started
2024-12-12 16:11:19.219 [info] > git rev-parse --show-toplevel [3ms]
2024-12-12 16:11:19.219 [info] fatal: not a git repository (or any of the parent directories): .git
2024-12-12 16:11:19.219 [info] > git rev-parse --show-toplevel [1ms]
2024-12-12 16:11:19.219 [info] fatal: not a git repository (or any of the parent directories): .git
2024-12-12 16:11:19.219 [info] [Model][doInitialScan] Initial repository scan completed - repositories (0), closed repositories (0), parent repositories (0), unsafe repositories (0)
2024-12-12 16:11:19.219 [info] > git rev-parse --show-toplevel [18ms]
2024-12-12 16:11:19.219 [info] fatal: not a git repository (or any of the parent directories): .git
2024-12-12 16:11:19.237 [info] > git rev-parse --show-toplevel [79ms]
2024-12-12 16:11:19.237 [info] fatal: not a git repository (or any of the parent directories): .git
2024-12-12 16:11:20.262 [info] > git rev-parse --show-toplevel [284ms]
2024-12-12 16:11:20.263 [info] fatal: not a git repository (or any of the parent directories): .git
2024-12-12 16:11:20.408 [info] > git rev-parse --show-toplevel [19ms]
2024-12-12 16:11:20.408 [info] fatal: not a git repository (or any of the parent directories): .git
2024-12-12 16:11:20.461 [info] > git rev-parse --show-toplevel [43ms]
2024-12-12 16:11:20.461 [info] fatal: not a git repository (or any of the parent directories): .git
2024-12-12 16:11:20.684 [info] > git rev-parse --show-toplevel [3ms]
2024-12-12 16:11:20.684 [info] fatal: not a git repository (or any of the parent directories): .git
2024-12-12 16:11:42.832 [info] > git rev-parse --show-toplevel [2ms]
2024-12-12 16:11:42.832 [info] fatal: not a git repository (or any of the parent directories): .git
