2024-12-12 16:13:20.672 [info] Revived process, old id 5ff2b6102d69df9d134045b17113f36e-1 -> new id 1
2024-12-12 16:13:20.672 [info] Revived process, old id 5ff2b6102d69df9d134045b17113f36e-2 -> new id 2
2024-12-12 16:13:20.672 [info] Revived process, old id 5ff2b6102d69df9d134045b17113f36e-3 -> new id 3
2024-12-12 16:13:20.672 [info] Revived process, old id 5ff2b6102d69df9d134045b17113f36e-4 -> new id 4
2024-12-12 16:13:21.027 [info] Expanding terminal instance, old id 5ff2b6102d69df9d134045b17113f36e-1 -> new id 1
2024-12-12 16:13:21.027 [info] Expanding terminal instance, old id 5ff2b6102d69df9d134045b17113f36e-2 -> new id 2
2024-12-12 16:13:21.027 [info] Expanding terminal instance, old id 5ff2b6102d69df9d134045b17113f36e-3 -> new id 3
2024-12-12 16:13:21.027 [info] Expanding terminal instance, old id 5ff2b6102d69df9d134045b17113f36e-4 -> new id 4
2024-12-12 16:13:21.684 [warning] Persistent process "1": Process had no disconnect runners but was an orphan
2024-12-12 16:13:21.685 [info] Persistent process reconnection "1"
2024-12-12 16:13:21.685 [warning] Persistent process "2": Process had no disconnect runners but was an orphan
2024-12-12 16:13:21.685 [info] Persistent process reconnection "2"
2024-12-12 16:13:21.685 [warning] Persistent process "3": Process had no disconnect runners but was an orphan
2024-12-12 16:13:21.685 [info] Persistent process reconnection "3"
2024-12-12 16:13:21.686 [warning] Persistent process "4": Process had no disconnect runners but was an orphan
2024-12-12 16:13:21.686 [info] Persistent process reconnection "4"
2024-12-12 16:13:21.749 [info] Persistent process "1": Replaying 6981 chars and 1 size events
2024-12-12 16:13:21.752 [info] Persistent process "2": Replaying 7047 chars and 1 size events
2024-12-12 16:13:21.758 [info] Persistent process "4": Replaying 6962 chars and 1 size events
2024-12-12 16:13:21.763 [info] Persistent process "3": Replaying 6908 chars and 1 size events
