2024-12-13 07:00:09.050 [info] Added views:outline in workbench.view.explorer
2024-12-13 07:00:09.050 [info] Added views:workbench.view.search in workbench.view.search
2024-12-13 07:00:09.050 [info] Added views:workbench.scm in workbench.view.scm
2024-12-13 07:00:09.050 [info] Added views:workbench.panel.markers.view in workbench.panel.markers
2024-12-13 07:00:09.050 [info] Added views:workbench.panel.output in workbench.panel.output
2024-12-13 07:00:09.050 [info] Added views:terminal in terminal
2024-12-13 07:00:09.050 [info] Added views:timeline in workbench.view.explorer
2024-12-13 07:00:09.050 [info] Added views:workbench.explorer.fileView in workbench.view.explorer
2024-12-13 07:00:09.383 [info] Added views:workbench.debug.welcome in workbench.view.debug
2024-12-13 07:00:10.076 [info] Added views:gitlens.views.home,gitlens.views.launchpad,gitlens.views.workspaces in workbench.view.extension.gitlens
2024-12-13 07:00:10.076 [info] Added views:gitlens.views.commitDetails,gitlens.views.lineHistory,gitlens.views.fileHistory,gitlens.views.searchAndCompare in workbench.view.extension.gitlensInspect
2024-12-13 07:00:10.077 [info] Added views:gitlens.views.scm.grouped in workbench.view.scm
2024-12-13 07:00:10.087 [info] Added views:azureStorage in workbench.view.explorer
2024-12-13 07:00:10.087 [info] Added views:pr:github,issues:github in workbench.view.extension.github-pull-requests
2024-12-13 07:00:10.088 [info] Added views:azureResourceGroups,azureWorkspace,ms-azuretools.helpAndFeedback in workbench.view.extension.azure
2024-12-13 07:00:10.088 [info] Added views:azureActivityLog in workbench.view.extension.azurePanel
2024-12-13 07:00:10.089 [info] Added views:dockerContainers,dockerImages,dockerRegistries,dockerNetworks,dockerVolumes,vscode-docker.views.dockerContexts,vscode-docker.views.help in workbench.view.extension.dockerView
2024-12-13 07:00:10.089 [info] Added views:extension.vsKubernetesExplorer,extension.vsKubernetesHelmRepoExplorer,kubernetes.cloudExplorer in workbench.view.extension.kubernetesView
2024-12-13 07:00:10.431 [info] Added views:workbench.panel.repl.view in workbench.panel.repl
2024-12-13 07:00:10.896 [info] Added views:workbench.view.testing in workbench.view.extension.test
2024-12-13 07:00:11.417 [info] Added views:~remote.forwardedPorts in ~remote.forwardedPortsContainer
2024-12-13 07:00:13.253 [info] Removed views:gitlens.views.searchAndCompare,gitlens.views.fileHistory,gitlens.views.lineHistory,gitlens.views.commitDetails from workbench.view.extension.gitlensInspect
2024-12-13 07:00:13.254 [info] Removed views:gitlens.views.scm.grouped from workbench.view.scm
2024-12-13 07:00:13.377 [info] Added views:gitlens.views.drafts in workbench.view.extension.gitlens
2024-12-13 07:00:41.483 [info] Added views:ansible-creator,lightspeed-explorer-webview,lightspeed-feedback-webview in workbench.view.extension.ansible-explorer
2024-12-13 07:03:11.980 [info] Removed views:workbench.view.testing from workbench.view.extension.test
