2024-12-13 07:00:11.902 [info] Name: Black Formatter
2024-12-13 07:00:11.902 [info] Module: black
2024-12-13 07:00:11.902 [info] Default formatter is set to null for workspace /home/mpeters/projects/AOC/2024/_4
2024-12-13 07:00:11.902 [warning] Black Formatter is NOT set as the default formatter for workspace /home/mpeters/projects/AOC/2024/_4
2024-12-13 07:00:11.902 [warning] To set Black Formatter as the default formatter, add the following to your settings.json file:
2024-12-13 07:00:11.902 [warning] 
"[python]": {
    "editor.defaultFormatter": "ms-python.black-formatter"
}
2024-12-13 07:00:11.902 [info] Python extension loading
2024-12-13 07:00:11.902 [info] Waiting for interpreter from python extension.
2024-12-13 07:00:11.968 [info] No interpreter found from setting black-formatter.interpreter
2024-12-13 07:00:11.968 [info] Getting interpreter from ms-python.python extension for workspace /home/mpeters/projects/AOC/2024/_4
2024-12-13 07:00:11.969 [info] Python extension loaded
2024-12-13 07:00:11.972 [info] Interpreter from ms-python.python extension for /home/mpeters/projects/AOC/2024/_4: /home/mpeters/home/bin/python
2024-12-13 07:00:11.972 [info] Workspace settings for /home/mpeters/projects/AOC/2024/_4 (client side): {
    "cwd": "/home/mpeters/projects/AOC/2024/_4",
    "workspace": "file:///home/mpeters/projects/AOC/2024/_4",
    "args": [],
    "path": [],
    "interpreter": [
        "/home/mpeters/home/bin/python"
    ],
    "importStrategy": "useBundled",
    "showNotifications": "off"
}
2024-12-13 07:00:11.973 [info] No interpreter found from setting black-formatter.interpreter
2024-12-13 07:00:11.973 [info] Getting interpreter from ms-python.python extension for workspace /home/mpeters/projects/AOC/2024/_4
2024-12-13 07:00:12.014 [info] Interpreter from ms-python.python extension for /home/mpeters/projects/AOC/2024/_4: /home/mpeters/home/bin/python
2024-12-13 07:00:12.014 [info] Workspace settings for /home/mpeters/projects/AOC/2024/_4 (client side): {
    "cwd": "/home/mpeters/projects/AOC/2024/_4",
    "workspace": "file:///home/mpeters/projects/AOC/2024/_4",
    "args": [],
    "path": [],
    "interpreter": [
        "/home/mpeters/home/bin/python"
    ],
    "importStrategy": "useBundled",
    "showNotifications": "off"
}
2024-12-13 07:00:12.015 [info] Global settings (client side): {
    "cwd": "/home/mpeters/projects/AOC/2024/_4",
    "workspace": "/home/mpeters/projects/AOC/2024/_4",
    "args": [],
    "path": [],
    "interpreter": [],
    "importStrategy": "useBundled",
    "showNotifications": "off"
}
2024-12-13 07:00:12.036 [info] Server run command: /home/mpeters/home/bin/python /home/mpeters/.vscode/extensions/ms-python.black-formatter-2024.4.0/bundled/tool/lsp_server.py
2024-12-13 07:00:12.038 [info] Server: Start requested.
2024-12-13 07:00:13.958 [info] CWD Server: /home/mpeters/projects/AOC/2024/_4
2024-12-13 07:00:13.958 [info] Settings received on server:
[
    {
        "cwd": "/home/mpeters/projects/AOC/2024/_4",
        "workspace": "file:///home/mpeters/projects/AOC/2024/_4",
        "args": [],
        "path": [],
        "interpreter": [
            "/home/mpeters/home/bin/python"
        ],
        "importStrategy": "useBundled",
        "showNotifications": "off"
    }
]

2024-12-13 07:00:13.959 [info] Global settings received on server:
{
    "cwd": "/home/mpeters/projects/AOC/2024/_4",
    "workspace": "/home/mpeters/projects/AOC/2024/_4",
    "args": [],
    "path": [],
    "interpreter": [],
    "importStrategy": "useBundled",
    "showNotifications": "off"
}

2024-12-13 07:00:13.959 [info] sys.path used to run Server:
   /home/mpeters/.vscode/extensions/ms-python.black-formatter-2024.4.0/bundled/libs
   /home/mpeters/.vscode/extensions/ms-python.black-formatter-2024.4.0/bundled/tool
   /usr/lib/python312.zip
   /usr/lib/python3.12
   /usr/lib/python3.12/lib-dynload
   /home/mpeters/home/lib/python3.12/site-packages
2024-12-13 07:00:13.962 [info] /home/mpeters/home/bin/python -m black --version
2024-12-13 07:00:13.962 [info] CWD formatter: /home/mpeters/projects/AOC/2024/_4
2024-12-13 07:00:14.112 [info] Version info for formatter running for /home/mpeters/projects/AOC/2024/_4:
black, 24.8.0 (compiled: no)
Python (CPython) 3.12.7

2024-12-13 07:00:14.112 [info] SUPPORTED black>=22.3.0
FOUND black==24.8.0

