2024-12-13 07:08:30.327 [warning] Via 'product.json#extensionEnabledApiProposals' extension 'ms-vscode.vscode-selfhost-test-provider' wants API proposal 'attributableCoverage' but that proposal DOES NOT EXIST. Likely, the proposal has been finalized (check 'vscode.d.ts') or was abandoned.
2024-12-13 07:08:30.327 [warning] Via 'product.json#extensionEnabledApiProposals' extension 'ms-python.python' wants API proposal 'contribIssueReporter' but that proposal DOES NOT EXIST. Likely, the proposal has been finalized (check 'vscode.d.ts') or was abandoned.
2024-12-13 07:08:30.327 [warning] Via 'product.json#extensionEnabledApiProposals' extension 'ms-python.debugpy' wants API proposal 'contribIssueReporter' but that proposal DOES NOT EXIST. Likely, the proposal has been finalized (check 'vscode.d.ts') or was abandoned.
2024-12-13 07:08:30.949 [info] Started local extension host with pid 189020.
2024-12-13 07:08:31.410 [warning] [vscode-azurecontainerapps]: Couldn't find message for key containerApps.walkthrough.addWorkspaceProject.
2024-12-13 07:08:31.411 [warning] [vscode-azurecontainerapps]: Couldn't find message for key containerApps.walkthrough.azureSignIn.
2024-12-13 07:08:31.411 [warning] [vscode-azurecontainerapps]: Couldn't find message for key containerApps.walkthrough.deployWorkspaceProject.
2024-12-13 07:08:31.411 [warning] [vscode-azurecontainerapps]: Couldn't find message for key containerApps.walkthrough.cleanUpResources.
2024-12-13 07:08:31.820 [warning] [redhat.vscode-yaml]: Cannot register 'redhat.telemetry.enabled'. This property is already registered.
2024-12-13 07:08:33.332 [info] Settings Sync: Account status changed from uninitialized to unavailable
2024-12-13 07:08:34.262 [info] [perf] Render performance baseline is 44ms
2024-12-13 07:10:08.343 [error] Unable to resolve nonexistent file 'vscode-userdata:/home/mpeters/projects/AOC/2024/_4/~/.vscode/User/globalStorage/ms-python.pylint': Error: Unable to resolve nonexistent file 'vscode-userdata:/home/mpeters/projects/AOC/2024/_4/~/.vscode/User/globalStorage/ms-python.pylint'
    at Uot.resolve (vscode-file://vscode-app/usr/share/code/resources/app/out/vs/workbench/workbench.desktop.main.js:3109:60549)
    at async OTt (vscode-file://vscode-app/usr/share/code/resources/app/out/vs/workbench/workbench.desktop.main.js:480:44682)
2024-12-13 07:10:25.008 [warning] Settings pattern "issueReporter.*" doesn't match any settings
2024-12-13 07:11:06.959 [warning] Settings pattern "issueReporter.*" doesn't match any settings
2024-12-13 07:17:35.728 [error] Platform connection has not been configured: Error: Platform connection has not been configured
	at PlatformStore.getConnection (/home/mpeters/.vscode/extensions/42crunch.vscode-openapi-4.26.1/out/platform/stores/platform-store.js:83:19)
	at PlatformStore.getDataDictionaryFormats (/home/mpeters/.vscode/extensions/42crunch.vscode-openapi-4.26.1/out/platform/stores/platform-store.js:250:76)
	at DataDictionaryCompletionProvider.provideCompletionItems (/home/mpeters/.vscode/extensions/42crunch.vscode-openapi-4.26.1/out/platform/data-dictionary/completion.js:45:42)
	at dI.provideCompletionItems (file:///usr/share/code/resources/app/out/vs/workbench/api/node/extensionHostProcess.js:138:140624)
	at file:///usr/share/code/resources/app/out/vs/workbench/api/node/extensionHostProcess.js:138:163861
	at qt.s (file:///usr/share/code/resources/app/out/vs/workbench/api/node/extensionHostProcess.js:138:155148)
	at qt.$provideCompletionItems (file:///usr/share/code/resources/app/out/vs/workbench/api/node/extensionHostProcess.js:138:163849)
	at Dy.S (file:///usr/share/code/resources/app/out/vs/workbench/api/node/extensionHostProcess.js:32:115275)
	at Dy.Q (file:///usr/share/code/resources/app/out/vs/workbench/api/node/extensionHostProcess.js:32:115055)
	at Dy.M (file:///usr/share/code/resources/app/out/vs/workbench/api/node/extensionHostProcess.js:32:114106)
	at Dy.L (file:///usr/share/code/resources/app/out/vs/workbench/api/node/extensionHostProcess.js:32:113249)
	at kh.value (file:///usr/share/code/resources/app/out/vs/workbench/api/node/extensionHostProcess.js:32:112046)
	at P.B (file:///usr/share/code/resources/app/out/vs/workbench/api/node/extensionHostProcess.js:30:746)
	at P.fire (file:///usr/share/code/resources/app/out/vs/workbench/api/node/extensionHostProcess.js:30:964)
	at Vn.fire (file:///usr/share/code/resources/app/out/vs/workbench/api/node/extensionHostProcess.js:32:9457)
	at kh.value (file:///usr/share/code/resources/app/out/vs/workbench/api/node/extensionHostProcess.js:175:13296)
	at P.B (file:///usr/share/code/resources/app/out/vs/workbench/api/node/extensionHostProcess.js:30:746)
	at P.fire (file:///usr/share/code/resources/app/out/vs/workbench/api/node/extensionHostProcess.js:30:964)
	at Vn.fire (file:///usr/share/code/resources/app/out/vs/workbench/api/node/extensionHostProcess.js:32:9457)
	at MessagePortMain.<anonymous> (file:///usr/share/code/resources/app/out/vs/workbench/api/node/extensionHostProcess.js:175:11588)
	at MessagePortMain.emit (node:events:518:28)
	at MessagePortMain._internalPort.emit (node:electron/js2c/utility_init:2:2949)
2024-12-13 08:26:57.436 [error] Invalid debug adapter: Error: Invalid debug adapter
    at mVt.p (vscode-file://vscode-app/usr/share/code/resources/app/out/vs/workbench/workbench.desktop.main.js:748:95)
    at mVt.$acceptDAExit (vscode-file://vscode-app/usr/share/code/resources/app/out/vs/workbench/workbench.desktop.main.js:748:35)
    at Fdt.S (vscode-file://vscode-app/usr/share/code/resources/app/out/vs/workbench/workbench.desktop.main.js:3145:41680)
    at Fdt.Q (vscode-file://vscode-app/usr/share/code/resources/app/out/vs/workbench/workbench.desktop.main.js:3145:41458)
    at Fdt.M (vscode-file://vscode-app/usr/share/code/resources/app/out/vs/workbench/workbench.desktop.main.js:3145:40546)
    at Fdt.L (vscode-file://vscode-app/usr/share/code/resources/app/out/vs/workbench/workbench.desktop.main.js:3145:39783)
    at aee.value (vscode-file://vscode-app/usr/share/code/resources/app/out/vs/workbench/workbench.desktop.main.js:3145:38444)
    at x.B (vscode-file://vscode-app/usr/share/code/resources/app/out/vs/workbench/workbench.desktop.main.js:30:748)
    at x.fire (vscode-file://vscode-app/usr/share/code/resources/app/out/vs/workbench/workbench.desktop.main.js:30:967)
    at K6.fire (vscode-file://vscode-app/usr/share/code/resources/app/out/vs/workbench/workbench.desktop.main.js:762:10348)
2024-12-13 08:27:31.044 [error] Server[pid=225083] disconnected unexpectedly: CodeExpectedError: Server[pid=225083] disconnected unexpectedly
    at EYe.Q (vscode-file://vscode-app/usr/share/code/resources/app/out/vs/workbench/workbench.desktop.main.js:2161:15459)
    at vscode-file://vscode-app/usr/share/code/resources/app/out/vs/workbench/workbench.desktop.main.js:2161:15037
    at async IYe.cb (vscode-file://vscode-app/usr/share/code/resources/app/out/vs/workbench/workbench.desktop.main.js:2161:30513)
2024-12-13 08:27:31.669 [error] Invalid debug adapter: Error: Invalid debug adapter
    at mVt.p (vscode-file://vscode-app/usr/share/code/resources/app/out/vs/workbench/workbench.desktop.main.js:748:95)
    at mVt.$acceptDAExit (vscode-file://vscode-app/usr/share/code/resources/app/out/vs/workbench/workbench.desktop.main.js:748:35)
    at Fdt.S (vscode-file://vscode-app/usr/share/code/resources/app/out/vs/workbench/workbench.desktop.main.js:3145:41680)
    at Fdt.Q (vscode-file://vscode-app/usr/share/code/resources/app/out/vs/workbench/workbench.desktop.main.js:3145:41458)
    at Fdt.M (vscode-file://vscode-app/usr/share/code/resources/app/out/vs/workbench/workbench.desktop.main.js:3145:40546)
    at Fdt.L (vscode-file://vscode-app/usr/share/code/resources/app/out/vs/workbench/workbench.desktop.main.js:3145:39783)
    at aee.value (vscode-file://vscode-app/usr/share/code/resources/app/out/vs/workbench/workbench.desktop.main.js:3145:38444)
    at x.B (vscode-file://vscode-app/usr/share/code/resources/app/out/vs/workbench/workbench.desktop.main.js:30:748)
    at x.fire (vscode-file://vscode-app/usr/share/code/resources/app/out/vs/workbench/workbench.desktop.main.js:30:967)
    at K6.fire (vscode-file://vscode-app/usr/share/code/resources/app/out/vs/workbench/workbench.desktop.main.js:762:10348)
2024-12-13 08:28:19.382 [error] Server[pid=225592] disconnected unexpectedly: CodeExpectedError: Server[pid=225592] disconnected unexpectedly
    at EYe.Q (vscode-file://vscode-app/usr/share/code/resources/app/out/vs/workbench/workbench.desktop.main.js:2161:15459)
    at vscode-file://vscode-app/usr/share/code/resources/app/out/vs/workbench/workbench.desktop.main.js:2161:15037
    at async IYe.cb (vscode-file://vscode-app/usr/share/code/resources/app/out/vs/workbench/workbench.desktop.main.js:2161:30513)
2024-12-13 08:28:20.017 [error] Invalid debug adapter: Error: Invalid debug adapter
    at mVt.p (vscode-file://vscode-app/usr/share/code/resources/app/out/vs/workbench/workbench.desktop.main.js:748:95)
    at mVt.$acceptDAExit (vscode-file://vscode-app/usr/share/code/resources/app/out/vs/workbench/workbench.desktop.main.js:748:35)
    at Fdt.S (vscode-file://vscode-app/usr/share/code/resources/app/out/vs/workbench/workbench.desktop.main.js:3145:41680)
    at Fdt.Q (vscode-file://vscode-app/usr/share/code/resources/app/out/vs/workbench/workbench.desktop.main.js:3145:41458)
    at Fdt.M (vscode-file://vscode-app/usr/share/code/resources/app/out/vs/workbench/workbench.desktop.main.js:3145:40546)
    at Fdt.L (vscode-file://vscode-app/usr/share/code/resources/app/out/vs/workbench/workbench.desktop.main.js:3145:39783)
    at aee.value (vscode-file://vscode-app/usr/share/code/resources/app/out/vs/workbench/workbench.desktop.main.js:3145:38444)
    at x.B (vscode-file://vscode-app/usr/share/code/resources/app/out/vs/workbench/workbench.desktop.main.js:30:748)
    at x.fire (vscode-file://vscode-app/usr/share/code/resources/app/out/vs/workbench/workbench.desktop.main.js:30:967)
    at K6.fire (vscode-file://vscode-app/usr/share/code/resources/app/out/vs/workbench/workbench.desktop.main.js:762:10348)
2024-12-13 08:29:08.489 [error] Invalid debug adapter: Error: Invalid debug adapter
    at mVt.p (vscode-file://vscode-app/usr/share/code/resources/app/out/vs/workbench/workbench.desktop.main.js:748:95)
    at mVt.$acceptDAExit (vscode-file://vscode-app/usr/share/code/resources/app/out/vs/workbench/workbench.desktop.main.js:748:35)
    at Fdt.S (vscode-file://vscode-app/usr/share/code/resources/app/out/vs/workbench/workbench.desktop.main.js:3145:41680)
    at Fdt.Q (vscode-file://vscode-app/usr/share/code/resources/app/out/vs/workbench/workbench.desktop.main.js:3145:41458)
    at Fdt.M (vscode-file://vscode-app/usr/share/code/resources/app/out/vs/workbench/workbench.desktop.main.js:3145:40546)
    at Fdt.L (vscode-file://vscode-app/usr/share/code/resources/app/out/vs/workbench/workbench.desktop.main.js:3145:39783)
    at aee.value (vscode-file://vscode-app/usr/share/code/resources/app/out/vs/workbench/workbench.desktop.main.js:3145:38444)
    at x.B (vscode-file://vscode-app/usr/share/code/resources/app/out/vs/workbench/workbench.desktop.main.js:30:748)
    at x.fire (vscode-file://vscode-app/usr/share/code/resources/app/out/vs/workbench/workbench.desktop.main.js:30:967)
    at K6.fire (vscode-file://vscode-app/usr/share/code/resources/app/out/vs/workbench/workbench.desktop.main.js:762:10348)
2024-12-13 08:30:50.324 [error] Server[pid=226821] disconnected unexpectedly: CodeExpectedError: Server[pid=226821] disconnected unexpectedly
    at EYe.Q (vscode-file://vscode-app/usr/share/code/resources/app/out/vs/workbench/workbench.desktop.main.js:2161:15459)
    at vscode-file://vscode-app/usr/share/code/resources/app/out/vs/workbench/workbench.desktop.main.js:2161:15037
    at async IYe.cb (vscode-file://vscode-app/usr/share/code/resources/app/out/vs/workbench/workbench.desktop.main.js:2161:30513)
2024-12-13 08:30:50.936 [error] Invalid debug adapter: Error: Invalid debug adapter
    at mVt.p (vscode-file://vscode-app/usr/share/code/resources/app/out/vs/workbench/workbench.desktop.main.js:748:95)
    at mVt.$acceptDAExit (vscode-file://vscode-app/usr/share/code/resources/app/out/vs/workbench/workbench.desktop.main.js:748:35)
    at Fdt.S (vscode-file://vscode-app/usr/share/code/resources/app/out/vs/workbench/workbench.desktop.main.js:3145:41680)
    at Fdt.Q (vscode-file://vscode-app/usr/share/code/resources/app/out/vs/workbench/workbench.desktop.main.js:3145:41458)
    at Fdt.M (vscode-file://vscode-app/usr/share/code/resources/app/out/vs/workbench/workbench.desktop.main.js:3145:40546)
    at Fdt.L (vscode-file://vscode-app/usr/share/code/resources/app/out/vs/workbench/workbench.desktop.main.js:3145:39783)
    at aee.value (vscode-file://vscode-app/usr/share/code/resources/app/out/vs/workbench/workbench.desktop.main.js:3145:38444)
    at x.B (vscode-file://vscode-app/usr/share/code/resources/app/out/vs/workbench/workbench.desktop.main.js:30:748)
    at x.fire (vscode-file://vscode-app/usr/share/code/resources/app/out/vs/workbench/workbench.desktop.main.js:30:967)
    at K6.fire (vscode-file://vscode-app/usr/share/code/resources/app/out/vs/workbench/workbench.desktop.main.js:762:10348)
2024-12-13 08:32:10.615 [error] Invalid debug adapter: Error: Invalid debug adapter
    at mVt.p (vscode-file://vscode-app/usr/share/code/resources/app/out/vs/workbench/workbench.desktop.main.js:748:95)
    at mVt.$acceptDAExit (vscode-file://vscode-app/usr/share/code/resources/app/out/vs/workbench/workbench.desktop.main.js:748:35)
    at Fdt.S (vscode-file://vscode-app/usr/share/code/resources/app/out/vs/workbench/workbench.desktop.main.js:3145:41680)
    at Fdt.Q (vscode-file://vscode-app/usr/share/code/resources/app/out/vs/workbench/workbench.desktop.main.js:3145:41458)
    at Fdt.M (vscode-file://vscode-app/usr/share/code/resources/app/out/vs/workbench/workbench.desktop.main.js:3145:40546)
    at Fdt.L (vscode-file://vscode-app/usr/share/code/resources/app/out/vs/workbench/workbench.desktop.main.js:3145:39783)
    at aee.value (vscode-file://vscode-app/usr/share/code/resources/app/out/vs/workbench/workbench.desktop.main.js:3145:38444)
    at x.B (vscode-file://vscode-app/usr/share/code/resources/app/out/vs/workbench/workbench.desktop.main.js:30:748)
    at x.fire (vscode-file://vscode-app/usr/share/code/resources/app/out/vs/workbench/workbench.desktop.main.js:30:967)
    at K6.fire (vscode-file://vscode-app/usr/share/code/resources/app/out/vs/workbench/workbench.desktop.main.js:762:10348)
2024-12-13 08:34:21.768 [error] Invalid debug adapter: Error: Invalid debug adapter
    at mVt.p (vscode-file://vscode-app/usr/share/code/resources/app/out/vs/workbench/workbench.desktop.main.js:748:95)
    at mVt.$acceptDAExit (vscode-file://vscode-app/usr/share/code/resources/app/out/vs/workbench/workbench.desktop.main.js:748:35)
    at Fdt.S (vscode-file://vscode-app/usr/share/code/resources/app/out/vs/workbench/workbench.desktop.main.js:3145:41680)
    at Fdt.Q (vscode-file://vscode-app/usr/share/code/resources/app/out/vs/workbench/workbench.desktop.main.js:3145:41458)
    at Fdt.M (vscode-file://vscode-app/usr/share/code/resources/app/out/vs/workbench/workbench.desktop.main.js:3145:40546)
    at Fdt.L (vscode-file://vscode-app/usr/share/code/resources/app/out/vs/workbench/workbench.desktop.main.js:3145:39783)
    at aee.value (vscode-file://vscode-app/usr/share/code/resources/app/out/vs/workbench/workbench.desktop.main.js:3145:38444)
    at x.B (vscode-file://vscode-app/usr/share/code/resources/app/out/vs/workbench/workbench.desktop.main.js:30:748)
    at x.fire (vscode-file://vscode-app/usr/share/code/resources/app/out/vs/workbench/workbench.desktop.main.js:30:967)
    at K6.fire (vscode-file://vscode-app/usr/share/code/resources/app/out/vs/workbench/workbench.desktop.main.js:762:10348)
2024-12-13 08:35:29.359 [error] Invalid debug adapter: Error: Invalid debug adapter
    at mVt.p (vscode-file://vscode-app/usr/share/code/resources/app/out/vs/workbench/workbench.desktop.main.js:748:95)
    at mVt.$acceptDAExit (vscode-file://vscode-app/usr/share/code/resources/app/out/vs/workbench/workbench.desktop.main.js:748:35)
    at Fdt.S (vscode-file://vscode-app/usr/share/code/resources/app/out/vs/workbench/workbench.desktop.main.js:3145:41680)
    at Fdt.Q (vscode-file://vscode-app/usr/share/code/resources/app/out/vs/workbench/workbench.desktop.main.js:3145:41458)
    at Fdt.M (vscode-file://vscode-app/usr/share/code/resources/app/out/vs/workbench/workbench.desktop.main.js:3145:40546)
    at Fdt.L (vscode-file://vscode-app/usr/share/code/resources/app/out/vs/workbench/workbench.desktop.main.js:3145:39783)
    at aee.value (vscode-file://vscode-app/usr/share/code/resources/app/out/vs/workbench/workbench.desktop.main.js:3145:38444)
    at x.B (vscode-file://vscode-app/usr/share/code/resources/app/out/vs/workbench/workbench.desktop.main.js:30:748)
    at x.fire (vscode-file://vscode-app/usr/share/code/resources/app/out/vs/workbench/workbench.desktop.main.js:30:967)
    at K6.fire (vscode-file://vscode-app/usr/share/code/resources/app/out/vs/workbench/workbench.desktop.main.js:762:10348)
2024-12-13 08:38:51.165 [error] Invalid debug adapter: Error: Invalid debug adapter
    at mVt.p (vscode-file://vscode-app/usr/share/code/resources/app/out/vs/workbench/workbench.desktop.main.js:748:95)
    at mVt.$acceptDAExit (vscode-file://vscode-app/usr/share/code/resources/app/out/vs/workbench/workbench.desktop.main.js:748:35)
    at Fdt.S (vscode-file://vscode-app/usr/share/code/resources/app/out/vs/workbench/workbench.desktop.main.js:3145:41680)
    at Fdt.Q (vscode-file://vscode-app/usr/share/code/resources/app/out/vs/workbench/workbench.desktop.main.js:3145:41458)
    at Fdt.M (vscode-file://vscode-app/usr/share/code/resources/app/out/vs/workbench/workbench.desktop.main.js:3145:40546)
    at Fdt.L (vscode-file://vscode-app/usr/share/code/resources/app/out/vs/workbench/workbench.desktop.main.js:3145:39783)
    at aee.value (vscode-file://vscode-app/usr/share/code/resources/app/out/vs/workbench/workbench.desktop.main.js:3145:38444)
    at x.B (vscode-file://vscode-app/usr/share/code/resources/app/out/vs/workbench/workbench.desktop.main.js:30:748)
    at x.fire (vscode-file://vscode-app/usr/share/code/resources/app/out/vs/workbench/workbench.desktop.main.js:30:967)
    at K6.fire (vscode-file://vscode-app/usr/share/code/resources/app/out/vs/workbench/workbench.desktop.main.js:762:10348)
2024-12-13 08:39:36.873 [error] Invalid debug adapter: Error: Invalid debug adapter
    at mVt.p (vscode-file://vscode-app/usr/share/code/resources/app/out/vs/workbench/workbench.desktop.main.js:748:95)
    at mVt.$acceptDAExit (vscode-file://vscode-app/usr/share/code/resources/app/out/vs/workbench/workbench.desktop.main.js:748:35)
    at Fdt.S (vscode-file://vscode-app/usr/share/code/resources/app/out/vs/workbench/workbench.desktop.main.js:3145:41680)
    at Fdt.Q (vscode-file://vscode-app/usr/share/code/resources/app/out/vs/workbench/workbench.desktop.main.js:3145:41458)
    at Fdt.M (vscode-file://vscode-app/usr/share/code/resources/app/out/vs/workbench/workbench.desktop.main.js:3145:40546)
    at Fdt.L (vscode-file://vscode-app/usr/share/code/resources/app/out/vs/workbench/workbench.desktop.main.js:3145:39783)
    at aee.value (vscode-file://vscode-app/usr/share/code/resources/app/out/vs/workbench/workbench.desktop.main.js:3145:38444)
    at x.B (vscode-file://vscode-app/usr/share/code/resources/app/out/vs/workbench/workbench.desktop.main.js:30:748)
    at x.fire (vscode-file://vscode-app/usr/share/code/resources/app/out/vs/workbench/workbench.desktop.main.js:30:967)
    at K6.fire (vscode-file://vscode-app/usr/share/code/resources/app/out/vs/workbench/workbench.desktop.main.js:762:10348)
2024-12-13 08:42:53.644 [error] Invalid debug adapter: Error: Invalid debug adapter
    at mVt.p (vscode-file://vscode-app/usr/share/code/resources/app/out/vs/workbench/workbench.desktop.main.js:748:95)
    at mVt.$acceptDAExit (vscode-file://vscode-app/usr/share/code/resources/app/out/vs/workbench/workbench.desktop.main.js:748:35)
    at Fdt.S (vscode-file://vscode-app/usr/share/code/resources/app/out/vs/workbench/workbench.desktop.main.js:3145:41680)
    at Fdt.Q (vscode-file://vscode-app/usr/share/code/resources/app/out/vs/workbench/workbench.desktop.main.js:3145:41458)
    at Fdt.M (vscode-file://vscode-app/usr/share/code/resources/app/out/vs/workbench/workbench.desktop.main.js:3145:40546)
    at Fdt.L (vscode-file://vscode-app/usr/share/code/resources/app/out/vs/workbench/workbench.desktop.main.js:3145:39783)
    at aee.value (vscode-file://vscode-app/usr/share/code/resources/app/out/vs/workbench/workbench.desktop.main.js:3145:38444)
    at x.B (vscode-file://vscode-app/usr/share/code/resources/app/out/vs/workbench/workbench.desktop.main.js:30:748)
    at x.fire (vscode-file://vscode-app/usr/share/code/resources/app/out/vs/workbench/workbench.desktop.main.js:30:967)
    at K6.fire (vscode-file://vscode-app/usr/share/code/resources/app/out/vs/workbench/workbench.desktop.main.js:762:10348)
2024-12-13 08:44:53.358 [error] Invalid debug adapter: Error: Invalid debug adapter
    at mVt.p (vscode-file://vscode-app/usr/share/code/resources/app/out/vs/workbench/workbench.desktop.main.js:748:95)
    at mVt.$acceptDAExit (vscode-file://vscode-app/usr/share/code/resources/app/out/vs/workbench/workbench.desktop.main.js:748:35)
    at Fdt.S (vscode-file://vscode-app/usr/share/code/resources/app/out/vs/workbench/workbench.desktop.main.js:3145:41680)
    at Fdt.Q (vscode-file://vscode-app/usr/share/code/resources/app/out/vs/workbench/workbench.desktop.main.js:3145:41458)
    at Fdt.M (vscode-file://vscode-app/usr/share/code/resources/app/out/vs/workbench/workbench.desktop.main.js:3145:40546)
    at Fdt.L (vscode-file://vscode-app/usr/share/code/resources/app/out/vs/workbench/workbench.desktop.main.js:3145:39783)
    at aee.value (vscode-file://vscode-app/usr/share/code/resources/app/out/vs/workbench/workbench.desktop.main.js:3145:38444)
    at x.B (vscode-file://vscode-app/usr/share/code/resources/app/out/vs/workbench/workbench.desktop.main.js:30:748)
    at x.fire (vscode-file://vscode-app/usr/share/code/resources/app/out/vs/workbench/workbench.desktop.main.js:30:967)
    at K6.fire (vscode-file://vscode-app/usr/share/code/resources/app/out/vs/workbench/workbench.desktop.main.js:762:10348)
