2024-12-13 07:08:30.720 [info] Added views:outline in workbench.view.explorer
2024-12-13 07:08:30.720 [info] Added views:workbench.view.search in workbench.view.search
2024-12-13 07:08:30.720 [info] Added views:workbench.scm in workbench.view.scm
2024-12-13 07:08:30.720 [info] Added views:workbench.panel.markers.view in workbench.panel.markers
2024-12-13 07:08:30.720 [info] Added views:workbench.panel.output in workbench.panel.output
2024-12-13 07:08:30.720 [info] Added views:terminal in terminal
2024-12-13 07:08:30.720 [info] Added views:timeline in workbench.view.explorer
2024-12-13 07:08:30.720 [info] Added views:workbench.explorer.fileView in workbench.view.explorer
2024-12-13 07:08:31.027 [info] Added views:workbench.debug.welcome in workbench.view.debug
2024-12-13 07:08:31.918 [info] Added views:openapiNotSelectedOutline in workbench.view.extension.openapi-explorer
2024-12-13 07:08:31.919 [info] Added views:configurationView in workbench.view.extension.databricksBar
2024-12-13 07:08:31.919 [info] Added views:workspaceEnvironments,pythonEnvironments in workbench.view.extension.package-explorer
2024-12-13 07:08:31.920 [info] Added views:gitlens.views.home,gitlens.views.launchpad,gitlens.views.workspaces in workbench.view.extension.gitlens
2024-12-13 07:08:31.920 [info] Added views:gitlens.views.commitDetails,gitlens.views.lineHistory,gitlens.views.fileHistory,gitlens.views.searchAndCompare in workbench.view.extension.gitlensInspect
2024-12-13 07:08:31.921 [info] Added views:gitlens.views.scm.grouped in workbench.view.scm
2024-12-13 07:08:31.931 [info] Added views:azureStorage in workbench.view.explorer
2024-12-13 07:08:31.932 [info] Added views:pr:github,issues:github in workbench.view.extension.github-pull-requests
2024-12-13 07:08:31.933 [info] Added views:azureResourceGroups,azureWorkspace,ms-azuretools.helpAndFeedback in workbench.view.extension.azure
2024-12-13 07:08:31.934 [info] Added views:azureActivityLog in workbench.view.extension.azurePanel
2024-12-13 07:08:31.934 [info] Added views:dockerContainers,dockerImages,dockerRegistries,dockerNetworks,dockerVolumes,vscode-docker.views.dockerContexts,vscode-docker.views.help in workbench.view.extension.dockerView
2024-12-13 07:08:31.935 [info] Added views:extension.vsKubernetesExplorer,extension.vsKubernetesHelmRepoExplorer,kubernetes.cloudExplorer in workbench.view.extension.kubernetesView
2024-12-13 07:08:31.937 [info] Added views:targetsContainers,devVolumes in workbench.view.remote
2024-12-13 07:08:31.938 [info] Added views:ansible-creator,lightspeed-explorer-webview,lightspeed-feedback-webview in workbench.view.extension.ansible-explorer
2024-12-13 07:08:32.356 [info] Added views:workbench.panel.repl.view in workbench.panel.repl
2024-12-13 07:08:32.797 [info] Added views:workbench.view.testing in workbench.view.extension.test
2024-12-13 07:08:33.264 [info] Added views:~remote.forwardedPorts in ~remote.forwardedPortsContainer
2024-12-13 07:08:38.261 [info] Removed views:gitlens.views.searchAndCompare,gitlens.views.fileHistory,gitlens.views.lineHistory,gitlens.views.commitDetails from workbench.view.extension.gitlensInspect
2024-12-13 07:08:38.262 [info] Removed views:gitlens.views.scm.grouped from workbench.view.scm
2024-12-13 07:08:38.388 [info] Added views:gitlens.views.drafts in workbench.view.extension.gitlens
2024-12-13 07:09:51.581 [info] Added views:workbench.views.extensions.installed,workbench.views.extensions.popular,extensions.recommendedList in workbench.view.extensions
2024-12-13 07:09:51.582 [info] Removed views:workbench.views.extensions.popular from workbench.view.extensions
2024-12-13 07:10:03.922 [info] Removed views:extensions.recommendedList,workbench.views.extensions.installed from workbench.view.extensions
2024-12-13 07:10:03.930 [info] Added views:workbench.views.extensions.marketplace in workbench.view.extensions
2024-12-13 08:26:47.037 [info] Added views:workbench.debug.breakPointsView in workbench.view.debug
2024-12-13 08:26:56.671 [info] Removed views:workbench.debug.welcome from workbench.view.debug
2024-12-13 08:26:56.693 [info] Added views:workbench.debug.variablesView,workbench.debug.watchExpressionsView,workbench.debug.callStackView in workbench.view.debug
2024-12-13 08:26:57.385 [info] Removed views:workbench.debug.callStackView,workbench.debug.watchExpressionsView,workbench.debug.variablesView from workbench.view.debug
2024-12-13 08:26:57.407 [info] Added views:workbench.debug.welcome in workbench.view.debug
2024-12-13 08:27:30.908 [info] Removed views:workbench.debug.welcome from workbench.view.debug
2024-12-13 08:27:30.936 [info] Added views:workbench.debug.variablesView,workbench.debug.watchExpressionsView,workbench.debug.callStackView in workbench.view.debug
2024-12-13 08:27:31.588 [info] Removed views:workbench.debug.callStackView,workbench.debug.watchExpressionsView,workbench.debug.variablesView from workbench.view.debug
2024-12-13 08:27:31.614 [info] Added views:workbench.debug.welcome in workbench.view.debug
2024-12-13 08:28:19.242 [info] Removed views:workbench.debug.welcome from workbench.view.debug
2024-12-13 08:28:19.269 [info] Added views:workbench.debug.variablesView,workbench.debug.watchExpressionsView,workbench.debug.callStackView in workbench.view.debug
2024-12-13 08:28:19.938 [info] Removed views:workbench.debug.callStackView,workbench.debug.watchExpressionsView,workbench.debug.variablesView from workbench.view.debug
2024-12-13 08:28:19.961 [info] Added views:workbench.debug.welcome in workbench.view.debug
2024-12-13 08:29:07.692 [info] Removed views:workbench.debug.welcome from workbench.view.debug
2024-12-13 08:29:07.711 [info] Added views:workbench.debug.variablesView,workbench.debug.watchExpressionsView,workbench.debug.callStackView in workbench.view.debug
2024-12-13 08:29:08.411 [info] Removed views:workbench.debug.callStackView,workbench.debug.watchExpressionsView,workbench.debug.variablesView from workbench.view.debug
2024-12-13 08:29:08.436 [info] Added views:workbench.debug.welcome in workbench.view.debug
2024-12-13 08:30:50.169 [info] Removed views:workbench.debug.welcome from workbench.view.debug
2024-12-13 08:30:50.193 [info] Added views:workbench.debug.variablesView,workbench.debug.watchExpressionsView,workbench.debug.callStackView in workbench.view.debug
2024-12-13 08:30:50.886 [info] Removed views:workbench.debug.callStackView,workbench.debug.watchExpressionsView,workbench.debug.variablesView from workbench.view.debug
2024-12-13 08:30:50.906 [info] Added views:workbench.debug.welcome in workbench.view.debug
2024-12-13 08:31:41.901 [info] Removed views:workbench.debug.welcome from workbench.view.debug
2024-12-13 08:31:41.917 [info] Added views:workbench.debug.variablesView,workbench.debug.watchExpressionsView,workbench.debug.callStackView in workbench.view.debug
2024-12-13 08:32:10.569 [info] Removed views:workbench.debug.callStackView,workbench.debug.watchExpressionsView,workbench.debug.variablesView from workbench.view.debug
2024-12-13 08:32:10.588 [info] Added views:workbench.debug.welcome in workbench.view.debug
2024-12-13 08:33:01.580 [info] Removed views:workbench.debug.welcome from workbench.view.debug
2024-12-13 08:33:01.600 [info] Added views:workbench.debug.variablesView,workbench.debug.watchExpressionsView,workbench.debug.callStackView in workbench.view.debug
2024-12-13 08:34:21.703 [info] Removed views:workbench.debug.callStackView,workbench.debug.watchExpressionsView,workbench.debug.variablesView from workbench.view.debug
2024-12-13 08:34:21.723 [info] Added views:workbench.debug.welcome in workbench.view.debug
2024-12-13 08:34:42.752 [info] Removed views:workbench.debug.welcome from workbench.view.debug
2024-12-13 08:34:42.769 [info] Added views:workbench.debug.variablesView,workbench.debug.watchExpressionsView,workbench.debug.callStackView in workbench.view.debug
2024-12-13 08:35:29.291 [info] Removed views:workbench.debug.callStackView,workbench.debug.watchExpressionsView,workbench.debug.variablesView from workbench.view.debug
2024-12-13 08:35:29.310 [info] Added views:workbench.debug.welcome in workbench.view.debug
2024-12-13 08:35:32.222 [info] Removed views:workbench.debug.welcome from workbench.view.debug
2024-12-13 08:35:32.243 [info] Added views:workbench.debug.variablesView,workbench.debug.watchExpressionsView,workbench.debug.callStackView in workbench.view.debug
2024-12-13 08:38:51.073 [info] Removed views:workbench.debug.callStackView,workbench.debug.watchExpressionsView,workbench.debug.variablesView from workbench.view.debug
2024-12-13 08:38:51.095 [info] Added views:workbench.debug.welcome in workbench.view.debug
2024-12-13 08:39:08.064 [info] Removed views:workbench.debug.welcome from workbench.view.debug
2024-12-13 08:39:08.090 [info] Added views:workbench.debug.variablesView,workbench.debug.watchExpressionsView,workbench.debug.callStackView in workbench.view.debug
2024-12-13 08:39:36.764 [info] Removed views:workbench.debug.callStackView,workbench.debug.watchExpressionsView,workbench.debug.variablesView from workbench.view.debug
2024-12-13 08:39:36.786 [info] Added views:workbench.debug.welcome in workbench.view.debug
2024-12-13 08:39:39.750 [info] Removed views:workbench.debug.welcome from workbench.view.debug
2024-12-13 08:39:39.768 [info] Added views:workbench.debug.variablesView,workbench.debug.watchExpressionsView,workbench.debug.callStackView in workbench.view.debug
2024-12-13 08:42:53.600 [info] Removed views:workbench.debug.callStackView,workbench.debug.watchExpressionsView,workbench.debug.variablesView from workbench.view.debug
2024-12-13 08:42:53.619 [info] Added views:workbench.debug.welcome in workbench.view.debug
2024-12-13 08:43:34.900 [info] Removed views:workbench.debug.welcome from workbench.view.debug
2024-12-13 08:43:34.919 [info] Added views:workbench.debug.variablesView,workbench.debug.watchExpressionsView,workbench.debug.callStackView in workbench.view.debug
2024-12-13 08:44:53.282 [info] Removed views:workbench.debug.callStackView,workbench.debug.watchExpressionsView,workbench.debug.variablesView from workbench.view.debug
2024-12-13 08:44:53.306 [info] Added views:workbench.debug.welcome in workbench.view.debug
2024-12-13 08:51:56.566 [info] Removed views:workbench.view.testing from workbench.view.extension.test
