2024-12-11 22:38:43.970 [info] Started local extension host with pid 119425.
2024-12-11 22:38:44.764 [warning] [vscode-azurecontainerapps]: Couldn't find message for key containerApps.walkthrough.addWorkspaceProject.
2024-12-11 22:38:44.764 [warning] [vscode-azurecontainerapps]: Couldn't find message for key containerApps.walkthrough.azureSignIn.
2024-12-11 22:38:44.765 [warning] [vscode-azurecontainerapps]: Couldn't find message for key containerApps.walkthrough.deployWorkspaceProject.
2024-12-11 22:38:44.776 [warning] [vscode-azurecontainerapps]: Couldn't find message for key containerApps.walkthrough.cleanUpResources.
2024-12-11 22:38:44.819 [error] [/home/mpeters/.vscode/extensions/github.vscode-pull-request-github-0.102.0]: Extension is not compatible with Code 1.95.3. Extension requires: ^1.96.0.
2024-12-11 22:38:44.826 [error] [/home/mpeters/.vscode/extensions/ms-toolsai.jupyter-2024.11.0-linux-x64]: Extension is not compatible with Code 1.95.3. Extension requires: ^1.96.0.
2024-12-11 22:38:46.235 [info] Settings Sync: Updating due to initialize
2024-12-11 22:38:46.236 [info] Settings Sync: Updating authentication providers. Authentication Providers from store: [{"id":"github","scopes":["user:email"]},{"id":"microsoft","scopes":["openid","profile","email","offline_access"]}]
2024-12-11 22:38:46.236 [info] Settings Sync: Authentication providers updated []
2024-12-11 22:38:48.295 [info] Settings Sync: Updating authentication providers. Authentication Providers from store: [{"id":"github","scopes":["user:email"]},{"id":"microsoft","scopes":["openid","profile","email","offline_access"]}]
2024-12-11 22:38:48.296 [info] Settings Sync: Authentication providers updated ["github"]
2024-12-11 22:38:48.297 [info] Settings Sync: Updating authentication providers. Authentication Providers from store: [{"id":"github","scopes":["user:email"]},{"id":"microsoft","scopes":["openid","profile","email","offline_access"]}]
2024-12-11 22:38:48.297 [info] Settings Sync: Authentication providers updated ["github"]
2024-12-11 22:38:48.297 [info] Settings Sync: Updating authentication providers. Authentication Providers from store: [{"id":"github","scopes":["user:email"]},{"id":"microsoft","scopes":["openid","profile","email","offline_access"]}]
2024-12-11 22:38:48.298 [info] Settings Sync: Authentication providers updated ["github","microsoft"]
2024-12-11 22:38:48.298 [info] Settings Sync: Updating authentication providers. Authentication Providers from store: [{"id":"github","scopes":["user:email"]},{"id":"microsoft","scopes":["openid","profile","email","offline_access"]}]
2024-12-11 22:38:48.299 [info] Settings Sync: Authentication providers updated ["github","microsoft"]
2024-12-11 22:38:48.394 [info] Settings Sync: Updating due to declared authentication providers changed
2024-12-11 22:38:48.395 [info] Settings Sync: Updating authentication providers. Authentication Providers from store: [{"id":"github","scopes":["user:email"]},{"id":"microsoft","scopes":["openid","profile","email","offline_access"]}]
2024-12-11 22:38:48.396 [info] Settings Sync: Authentication providers updated ["github","microsoft"]
2024-12-11 22:38:48.397 [info] Settings Sync: Updating due to declared authentication providers changed
2024-12-11 22:38:48.398 [info] Settings Sync: Updating authentication providers. Authentication Providers from store: [{"id":"github","scopes":["user:email"]},{"id":"microsoft","scopes":["openid","profile","email","offline_access"]}]
2024-12-11 22:38:48.399 [info] Settings Sync: Authentication providers updated ["github","microsoft"]
2024-12-11 22:38:49.200 [error] ENOENT: no such file or directory, open '/home/mpeters/projects/AOC/2024/_3/~/.vscode/User/globalStorage/vscodevim.vim/.registers': Error: ENOENT: no such file or directory, open '/home/mpeters/projects/AOC/2024/_3/~/.vscode/User/globalStorage/vscodevim.vim/.registers'
2024-12-11 22:38:50.010 [info] [perf] Render performance baseline is 95ms
2024-12-11 22:39:18.578 [error] Cannot read the extension from /home/mpeters/.vscode/extensions/ms-toolsai.jupyter-2024.11.0-linux-x64: ScanningExtension: Cannot read the extension from /home/mpeters/.vscode/extensions/ms-toolsai.jupyter-2024.11.0-linux-x64
    at Kl.scanLocalExtension (file:///usr/share/code/resources/app/out/vs/code/electron-utility/sharedProcess/sharedProcessMain.js:70:73160)
2024-12-11 22:39:18.593 [error] Cannot read the extension from /home/mpeters/.vscode/extensions/github.vscode-pull-request-github-0.102.0: ScanningExtension: Cannot read the extension from /home/mpeters/.vscode/extensions/github.vscode-pull-request-github-0.102.0
    at Kl.scanLocalExtension (file:///usr/share/code/resources/app/out/vs/code/electron-utility/sharedProcess/sharedProcessMain.js:70:73160)
