2024-12-11 22:38:43.804 [info] Added views:outline in workbench.view.explorer
2024-12-11 22:38:43.804 [info] Added views:workbench.view.search in workbench.view.search
2024-12-11 22:38:43.804 [info] Added views:workbench.scm in workbench.view.scm
2024-12-11 22:38:43.804 [info] Added views:workbench.panel.markers.view in workbench.panel.markers
2024-12-11 22:38:43.804 [info] Added views:workbench.panel.output in workbench.panel.output
2024-12-11 22:38:43.804 [info] Added views:terminal in terminal
2024-12-11 22:38:43.804 [info] Added views:timeline in workbench.view.explorer
2024-12-11 22:38:43.804 [info] Added views:workbench.explorer.fileView in workbench.view.explorer
2024-12-11 22:38:45.028 [info] Added views:workbench.debug.variablesView,workbench.debug.watchExpressionsView,workbench.debug.callStackView,workbench.debug.breakPointsView in workbench.view.debug
2024-12-11 22:38:45.436 [info] Added views:gitlens.views.home,gitlens.views.launchpad,gitlens.views.workspaces in workbench.view.extension.gitlens
2024-12-11 22:38:45.439 [info] Added views:gitlens.views.commitDetails,gitlens.views.lineHistory,gitlens.views.fileHistory,gitlens.views.searchAndCompare in workbench.view.extension.gitlensInspect
2024-12-11 22:38:45.442 [info] Added views:gitlens.views.scm.grouped in workbench.view.scm
2024-12-11 22:38:45.445 [info] Added views:pr:github,issues:github in workbench.view.extension.github-pull-requests
2024-12-11 22:38:45.450 [info] Added views:dockerContainers,dockerImages,dockerRegistries,dockerNetworks,dockerVolumes,vscode-docker.views.dockerContexts,vscode-docker.views.help in workbench.view.extension.dockerView
2024-12-11 22:38:45.907 [info] Added views:workbench.panel.repl.view in workbench.panel.repl
2024-12-11 22:38:45.928 [info] Removed views:workbench.debug.breakPointsView,workbench.debug.callStackView,workbench.debug.watchExpressionsView,workbench.debug.variablesView from workbench.view.debug
2024-12-11 22:38:45.931 [info] Added views:workbench.debug.welcome in workbench.view.debug
2024-12-11 22:38:46.226 [info] Added views:~remote.forwardedPorts in ~remote.forwardedPortsContainer
2024-12-11 22:38:47.641 [info] Removed views:gitlens.views.workspaces from workbench.view.extension.gitlens
2024-12-11 22:38:47.761 [info] Removed views:gitlens.views.searchAndCompare,gitlens.views.fileHistory,gitlens.views.lineHistory,gitlens.views.commitDetails from workbench.view.extension.gitlensInspect
2024-12-11 22:38:47.761 [info] Removed views:gitlens.views.scm.grouped from workbench.view.scm
2024-12-11 22:38:56.116 [info] Added views:configurationView in workbench.view.extension.databricksBar
2024-12-11 22:38:56.132 [info] Added views:azureStorage in workbench.view.explorer
2024-12-11 22:38:56.136 [info] Added views:azureResourceGroups,azureWorkspace,ms-azuretools.helpAndFeedback in workbench.view.extension.azure
2024-12-11 22:38:56.137 [info] Added views:azureActivityLog in workbench.view.extension.azurePanel
2024-12-11 22:38:56.142 [info] Added views:extension.vsKubernetesExplorer,extension.vsKubernetesHelmRepoExplorer,kubernetes.cloudExplorer in workbench.view.extension.kubernetesView
2024-12-11 22:38:56.476 [info] Added views:gitlens.views.drafts,gitlens.views.workspaces in workbench.view.extension.gitlens
2024-12-11 22:39:14.109 [info] Added views:workbench.view.testing in workbench.view.extension.test
2024-12-11 22:41:06.149 [info] Removed views:workbench.view.testing from workbench.view.extension.test
