2024-12-13 08:53:36.866 [info] Reading sessions from keychain...
2024-12-13 08:53:36.866 [info] Getting sessions for all scopes...
2024-12-13 08:53:36.866 [info] Getting sessions for all scopes...
2024-12-13 08:53:36.866 [info] Getting sessions for all scopes...
2024-12-13 08:53:36.866 [info] Getting sessions for all scopes...
2024-12-13 08:53:36.866 [info] Getting sessions for all scopes...
2024-12-13 08:53:36.866 [info] Getting sessions for all scopes...
2024-12-13 08:53:36.866 [info] Getting sessions for all scopes...
2024-12-13 08:53:36.866 [info] Got 0 sessions for ...
2024-12-13 08:53:36.866 [info] Got 0 sessions for ...
2024-12-13 08:53:36.866 [info] Got 0 sessions for ...
2024-12-13 08:53:36.866 [info] Got 0 sessions for ...
2024-12-13 08:53:36.866 [info] Got 0 sessions for ...
2024-12-13 08:53:36.866 [info] Got 0 sessions for ...
2024-12-13 08:53:36.866 [info] Got 0 sessions for ...
2024-12-13 08:53:37.169 [info] Getting sessions for all scopes...
2024-12-13 08:53:37.169 [info] Got 0 sessions for ...
2024-12-13 08:53:38.902 [info] Getting sessions for all scopes...
2024-12-13 08:53:38.902 [info] Got 0 sessions for ...
2024-12-13 08:53:43.041 [info] Getting sessions for read:user,repo,user:email...
2024-12-13 08:53:43.041 [info] Got 0 sessions for read:user,repo,user:email...
2024-12-13 08:53:43.065 [info] Getting sessions for project,read:org,read:user,repo,user:email,workflow...
2024-12-13 08:53:43.065 [info] Got 0 sessions for project,read:org,read:user,repo,user:email,workflow...
2024-12-13 08:53:43.141 [info] Getting sessions for read:user,repo,user:email,workflow...
2024-12-13 08:53:43.141 [info] Got 0 sessions for read:user,repo,user:email,workflow...
2024-12-13 08:53:43.168 [info] Getting sessions for read:user,repo,user:email...
2024-12-13 08:53:43.168 [info] Got 0 sessions for read:user,repo,user:email...
2024-12-13 08:53:43.171 [info] Getting sessions for read:user,repo,user:email,workflow...
2024-12-13 08:53:43.171 [info] Got 0 sessions for read:user,repo,user:email,workflow...
