2024-12-11 08:15:58.619 [info] Started local extension host with pid 4316.
2024-12-11 08:15:59.158 [error] [/home/mpeters/.vscode/extensions/ms-toolsai.jupyter-renderers-1.0.21]: Extension is not compatible with Code 1.94.2. Extension requires: ^1.95.0.
2024-12-11 08:15:59.435 [warning] [vscode-azurecontainerapps]: Couldn't find message for key containerApps.walkthrough.addWorkspaceProject.
2024-12-11 08:15:59.435 [warning] [vscode-azurecontainerapps]: Couldn't find message for key containerApps.walkthrough.azureSignIn.
2024-12-11 08:15:59.436 [warning] [vscode-azurecontainerapps]: Couldn't find message for key containerApps.walkthrough.deployWorkspaceProject.
2024-12-11 08:15:59.436 [warning] [vscode-azurecontainerapps]: Couldn't find message for key containerApps.walkthrough.cleanUpResources.
2024-12-11 08:15:59.451 [error] [/home/mpeters/.vscode/extensions/github.vscode-pull-request-github-0.100.0]: Extension is not compatible with Code 1.94.2. Extension requires: ^1.95.0.
2024-12-11 08:15:59.451 [error] [/home/mpeters/.vscode/extensions/ms-toolsai.jupyter-2024.10.0-linux-x64]: Extension is not compatible with Code 1.94.2. Extension requires: ^1.95.0.
2024-12-11 08:15:59.463 [error] [/home/mpeters/.vscode/extensions/github.vscode-pull-request-github-0.100.3]: Extension is not compatible with Code 1.94.2. Extension requires: ^1.95.0.
2024-12-11 08:16:03.487 [info] [perf] Render performance baseline is 73ms
2024-12-11 08:16:03.987 [error] ENOENT: no such file or directory, open '/home/mpeters/projects/AOC/2024/_1/~/.vscode/User/globalStorage/vscodevim.vim/.registers': Error: ENOENT: no such file or directory, open '/home/mpeters/projects/AOC/2024/_1/~/.vscode/User/globalStorage/vscodevim.vim/.registers'
2024-12-11 08:16:38.100 [error] Cannot read the extension from /home/mpeters/.vscode/extensions/ms-toolsai.jupyter-renderers-1.0.21: ScanningExtension: Cannot read the extension from /home/mpeters/.vscode/extensions/ms-toolsai.jupyter-renderers-1.0.21
    at Ql.scanLocalExtension (file:///usr/share/code/resources/app/out/vs/code/electron-utility/sharedProcess/sharedProcessMain.js:70:73154)
2024-12-11 08:16:38.118 [error] Cannot read the extension from /home/mpeters/.vscode/extensions/ms-toolsai.jupyter-2024.10.0-linux-x64: ScanningExtension: Cannot read the extension from /home/mpeters/.vscode/extensions/ms-toolsai.jupyter-2024.10.0-linux-x64
    at Ql.scanLocalExtension (file:///usr/share/code/resources/app/out/vs/code/electron-utility/sharedProcess/sharedProcessMain.js:70:73154)
2024-12-11 08:16:38.120 [error] Cannot read the extension from /home/mpeters/.vscode/extensions/github.vscode-pull-request-github-0.100.3: ScanningExtension: Cannot read the extension from /home/mpeters/.vscode/extensions/github.vscode-pull-request-github-0.100.3
    at Ql.scanLocalExtension (file:///usr/share/code/resources/app/out/vs/code/electron-utility/sharedProcess/sharedProcessMain.js:70:73154)
2024-12-11 08:16:38.120 [error] Cannot read the extension from /home/mpeters/.vscode/extensions/ms-toolsai.jupyter-renderers-1.0.21: ScanningExtension: Cannot read the extension from /home/mpeters/.vscode/extensions/ms-toolsai.jupyter-renderers-1.0.21
    at Ql.scanLocalExtension (file:///usr/share/code/resources/app/out/vs/code/electron-utility/sharedProcess/sharedProcessMain.js:70:73154)
2024-12-11 08:16:56.349 [error] [Extension Host] (node:4316) [DEP0005] DeprecationWarning: Buffer() is deprecated due to security and usability issues. Please use the Buffer.alloc(), Buffer.allocUnsafe(), or Buffer.from() methods instead.
(Use `exe --trace-deprecation ...` to show where the warning was created)
