[2024-12-11 09:28:23.128] Starting Git Graph ...
[2024-12-11 09:28:23.164] Using git (version: 2.45.2)
[2024-12-11 09:28:23.195] Started Git Graph - Ready to use!
[2024-12-11 09:28:23.198] Searching workspace for new repos ...
[2024-12-11 09:28:23.211] > git rev-parse --show-toplevel
[2024-12-11 09:28:23.558] Completed searching workspace for new repos
[2024-12-11 09:28:23.565] Successfully set Visual Studio Code Context "git-graph:codiconsSupported" to "true"
[2024-12-11 09:28:26.263] > git rev-parse --show-toplevel
[2024-12-11 09:28:26.339] > git rev-parse --show-toplevel
[2024-12-11 09:28:26.350] > git rev-parse --show-toplevel
[2024-12-11 09:28:26.374] > git rev-parse --show-toplevel
[2024-12-11 09:28:26.386] > git rev-parse --show-toplevel
[2024-12-11 09:28:26.395] > git rev-parse --show-toplevel
[2024-12-11 09:28:30.208] > git rev-parse --show-toplevel
[2024-12-11 09:28:30.931] > git rev-parse --show-toplevel
[2024-12-11 09:28:33.484] > git rev-parse --show-toplevel
[2024-12-11 09:28:33.510] > git rev-parse --show-toplevel
[2024-12-11 09:28:33.658] > git rev-parse --show-toplevel
[2024-12-11 09:28:33.734] > git rev-parse --show-toplevel
[2024-12-11 09:28:33.761] > git rev-parse --show-toplevel
[2024-12-11 09:28:33.791] > git rev-parse --show-toplevel
