2024-12-11 09:23:14.606 [info] Added views:outline in workbench.view.explorer
2024-12-11 09:23:14.606 [info] Added views:workbench.view.search in workbench.view.search
2024-12-11 09:23:14.606 [info] Added views:workbench.scm in workbench.view.scm
2024-12-11 09:23:14.606 [info] Added views:workbench.panel.markers.view in workbench.panel.markers
2024-12-11 09:23:14.606 [info] Added views:workbench.panel.output in workbench.panel.output
2024-12-11 09:23:14.606 [info] Added views:terminal in terminal
2024-12-11 09:23:14.606 [info] Added views:timeline in workbench.view.explorer
2024-12-11 09:23:14.606 [info] Added views:workbench.debug.welcome in workbench.view.debug
2024-12-11 09:23:14.607 [info] Added views:workbench.explorer.fileView in workbench.view.explorer
2024-12-11 09:23:15.761 [info] Added views:configurationView in workbench.view.extension.databricksBar
2024-12-11 09:23:15.762 [info] Added views:gitlens.views.home,gitlens.views.launchpad,gitlens.views.workspaces in workbench.view.extension.gitlens
2024-12-11 09:23:15.763 [info] Added views:gitlens.views.commitDetails,gitlens.views.lineHistory,gitlens.views.fileHistory,gitlens.views.searchAndCompare in workbench.view.extension.gitlensInspect
2024-12-11 09:23:15.764 [info] Added views:gitlens.views.scm.grouped in workbench.view.scm
2024-12-11 09:23:15.777 [info] Added views:azureStorage in workbench.view.explorer
2024-12-11 09:23:15.778 [info] Added views:pr:github,issues:github in workbench.view.extension.github-pull-requests
2024-12-11 09:23:15.779 [info] Added views:azureResourceGroups,azureWorkspace,ms-azuretools.helpAndFeedback in workbench.view.extension.azure
2024-12-11 09:23:15.780 [info] Added views:azureActivityLog in workbench.view.extension.azurePanel
2024-12-11 09:23:15.781 [info] Added views:dockerContainers,dockerImages,dockerRegistries,dockerNetworks,dockerVolumes,vscode-docker.views.dockerContexts,vscode-docker.views.help in workbench.view.extension.dockerView
2024-12-11 09:23:15.782 [info] Added views:extension.vsKubernetesExplorer,extension.vsKubernetesHelmRepoExplorer,kubernetes.cloudExplorer in workbench.view.extension.kubernetesView
2024-12-11 09:23:16.385 [info] Added views:workbench.panel.repl.view in workbench.panel.repl
2024-12-11 09:23:19.613 [info] Added views:workbench.view.testing in workbench.view.extension.test
2024-12-11 09:23:20.077 [info] Added views:~remote.forwardedPorts in ~remote.forwardedPortsContainer
2024-12-11 09:23:23.142 [info] Removed views:gitlens.views.searchAndCompare,gitlens.views.fileHistory,gitlens.views.lineHistory,gitlens.views.commitDetails from workbench.view.extension.gitlensInspect
2024-12-11 09:23:23.149 [info] Removed views:gitlens.views.scm.grouped from workbench.view.scm
2024-12-11 09:23:23.535 [info] Added views:gitlens.views.drafts in workbench.view.extension.gitlens
2024-12-11 09:24:37.840 [info] Added views:workbench.views.extensions.installed,workbench.views.extensions.popular,extensions.recommendedList in workbench.view.extensions
2024-12-11 09:24:37.850 [info] Removed views:workbench.views.extensions.popular from workbench.view.extensions
2024-12-11 09:25:03.193 [info] Removed views:workbench.view.testing from workbench.view.extension.test
2024-12-11 09:25:03.976 [info] Removed views:workbench.panel.repl.view from workbench.panel.repl
2024-12-11 09:25:04.650 [info] Added views:workbench.panel.repl.view in workbench.panel.repl
2024-12-11 09:25:07.358 [info] Added views:workbench.view.testing in workbench.view.extension.test
2024-12-11 09:25:25.460 [info] Removed views:extensions.recommendedList,workbench.views.extensions.installed from workbench.view.extensions
2024-12-11 09:25:25.477 [info] Added views:workbench.views.extensions.marketplace in workbench.view.extensions
2024-12-11 09:27:56.291 [info] Removed views:workbench.view.testing from workbench.view.extension.test
