2024-12-12 16:15:18.194 [info] Reading sessions from keychain...
2024-12-12 16:15:18.194 [info] Getting sessions for all scopes...
2024-12-12 16:15:18.194 [info] Getting sessions for all scopes...
2024-12-12 16:15:18.194 [info] Getting sessions for all scopes...
2024-12-12 16:15:18.194 [info] Getting sessions for all scopes...
2024-12-12 16:15:18.194 [info] Getting sessions for all scopes...
2024-12-12 16:15:18.194 [info] Getting sessions for all scopes...
2024-12-12 16:15:18.194 [info] Getting sessions for all scopes...
2024-12-12 16:15:18.359 [info] Got 0 sessions for ...
2024-12-12 16:15:18.359 [info] Got 0 sessions for ...
2024-12-12 16:15:18.359 [info] Got 0 sessions for ...
2024-12-12 16:15:18.359 [info] Got 0 sessions for ...
2024-12-12 16:15:18.359 [info] Got 0 sessions for ...
2024-12-12 16:15:18.359 [info] Got 0 sessions for ...
2024-12-12 16:15:18.359 [info] Got 0 sessions for ...
2024-12-12 16:15:18.564 [info] Getting sessions for all scopes...
2024-12-12 16:15:18.564 [info] Got 0 sessions for ...
2024-12-12 16:15:20.243 [info] Getting sessions for all scopes...
2024-12-12 16:15:20.243 [info] Got 0 sessions for ...
2024-12-12 16:15:20.504 [info] Getting sessions for read:user,repo,user:email...
2024-12-12 16:15:20.504 [info] Got 0 sessions for read:user,repo,user:email...
2024-12-12 16:15:20.522 [info] Getting sessions for project,read:org,read:user,repo,user:email,workflow...
2024-12-12 16:15:20.522 [info] Got 0 sessions for project,read:org,read:user,repo,user:email,workflow...
2024-12-12 16:15:20.890 [info] Getting sessions for read:user,repo,user:email,workflow...
2024-12-12 16:15:20.890 [info] Got 0 sessions for read:user,repo,user:email,workflow...
2024-12-12 16:15:20.946 [info] Getting sessions for read:user,repo,user:email...
2024-12-12 16:15:20.946 [info] Got 0 sessions for read:user,repo,user:email...
2024-12-12 16:15:20.973 [info] Getting sessions for read:user,repo,user:email,workflow...
2024-12-12 16:15:20.973 [info] Got 0 sessions for read:user,repo,user:email,workflow...
2024-12-12 16:15:48.108 [info] Reading sessions from keychain...
2024-12-12 16:15:48.108 [info] Getting sessions for all scopes...
2024-12-12 16:15:48.108 [info] Getting sessions for all scopes...
2024-12-12 16:15:48.108 [info] Getting sessions for all scopes...
2024-12-12 16:15:48.108 [info] Got 0 sessions for ...
2024-12-12 16:15:48.108 [info] Got 0 sessions for ...
2024-12-12 16:15:48.108 [info] Got 0 sessions for ...
2024-12-12 16:15:48.108 [info] Getting sessions for all scopes...
2024-12-12 16:15:48.108 [info] Got 0 sessions for ...
2024-12-12 16:15:48.108 [info] Getting sessions for all scopes...
2024-12-12 16:15:48.108 [info] Got 0 sessions for ...
2024-12-12 16:15:48.108 [info] Getting sessions for all scopes...
2024-12-12 16:15:48.108 [info] Got 0 sessions for ...
2024-12-12 16:15:48.108 [info] Getting sessions for all scopes...
2024-12-12 16:15:48.108 [info] Got 0 sessions for ...
2024-12-12 16:15:48.108 [info] Getting sessions for all scopes...
2024-12-12 16:15:48.108 [info] Got 0 sessions for ...
2024-12-12 16:15:48.573 [info] Getting sessions for all scopes...
2024-12-12 16:15:48.573 [info] Got 0 sessions for ...
2024-12-12 16:15:50.419 [info] Getting sessions for read:user,repo,user:email...
2024-12-12 16:15:50.419 [info] Got 0 sessions for read:user,repo,user:email...
2024-12-12 16:15:50.437 [info] Getting sessions for project,read:org,read:user,repo,user:email,workflow...
2024-12-12 16:15:50.437 [info] Got 0 sessions for project,read:org,read:user,repo,user:email,workflow...
2024-12-12 16:15:50.480 [info] Getting sessions for read:user,repo,user:email,workflow...
2024-12-12 16:15:50.480 [info] Got 0 sessions for read:user,repo,user:email,workflow...
2024-12-12 16:15:50.489 [info] Getting sessions for read:user,repo,user:email...
2024-12-12 16:15:50.489 [info] Got 0 sessions for read:user,repo,user:email...
2024-12-12 16:15:50.521 [info] Getting sessions for read:user,repo,user:email,workflow...
2024-12-12 16:15:50.521 [info] Got 0 sessions for read:user,repo,user:email,workflow...
2024-12-12 16:15:50.758 [info] Getting sessions for all scopes...
2024-12-12 16:15:50.758 [info] Got 0 sessions for ...
2024-12-12 16:16:14.609 [info] Reading sessions from keychain...
2024-12-12 16:16:14.609 [info] Getting sessions for all scopes...
2024-12-12 16:16:14.609 [info] Got 0 sessions for ...
2024-12-12 16:16:14.609 [info] Getting sessions for all scopes...
2024-12-12 16:16:14.609 [info] Got 0 sessions for ...
2024-12-12 16:16:14.609 [info] Getting sessions for all scopes...
2024-12-12 16:16:14.609 [info] Got 0 sessions for ...
2024-12-12 16:16:16.228 [info] Getting sessions for read:user,repo,user:email...
2024-12-12 16:16:16.228 [info] Got 0 sessions for read:user,repo,user:email...
2024-12-12 16:16:16.241 [info] Getting sessions for project,read:org,read:user,repo,user:email,workflow...
2024-12-12 16:16:16.241 [info] Got 0 sessions for project,read:org,read:user,repo,user:email,workflow...
2024-12-12 16:16:16.246 [info] Getting sessions for read:user,repo,user:email,workflow...
2024-12-12 16:16:16.246 [info] Got 0 sessions for read:user,repo,user:email,workflow...
2024-12-12 16:16:16.292 [info] Getting sessions for read:user,repo,user:email...
2024-12-12 16:16:16.292 [info] Got 0 sessions for read:user,repo,user:email...
2024-12-12 16:16:16.340 [info] Getting sessions for read:user,repo,user:email,workflow...
2024-12-12 16:16:16.340 [info] Got 0 sessions for read:user,repo,user:email,workflow...
