2024-12-13 11:35:19.669 [trace] sharedProcess configuration {"machineId":"ffa81ed5c4f5c0b60b72b4a059b82a2adb6b158f47bf650c3064f4ddd9344d53","sqmId":"","devDeviceId":"18d1e338-606f-46cf-96cc-2b9dbc41dfab","codeCachePath":"/home/mpeters/projects/AOC/2024/_4_2/~/.vscode/CachedData/138f619c86f1199955d53b4166bef66ef252935c","profiles":{"home":{"scheme":"vscode-userdata","authority":"","path":"/home/mpeters/projects/AOC/2024/_4_2/~/.vscode/User/profiles","query":"","fragment":"","_formatted":null,"_fsPath":null},"all":[{"id":"__default__profile__","name":"Default","location":{"scheme":"vscode-userdata","authority":"","path":"/home/mpeters/projects/AOC/2024/_4_2/~/.vscode/User","query":"","fragment":"","_formatted":null,"_fsPath":null},"isDefault":true,"globalStorageHome":{"scheme":"vscode-userdata","authority":"","path":"/home/mpeters/projects/AOC/2024/_4_2/~/.vscode/User/globalStorage","query":"","fragment":"","_formatted":null,"_fsPath":null},"settingsResource":{"scheme":"vscode-userdata","authority":"","path":"/home/mpeters/projects/AOC/2024/_4_2/~/.vscode/User/settings.json","query":"","fragment":"","_formatted":null,"_fsPath":null},"keybindingsResource":{"scheme":"vscode-userdata","authority":"","path":"/home/mpeters/projects/AOC/2024/_4_2/~/.vscode/User/keybindings.json","query":"","fragment":"","_formatted":null,"_fsPath":null},"tasksResource":{"scheme":"vscode-userdata","authority":"","path":"/home/mpeters/projects/AOC/2024/_4_2/~/.vscode/User/tasks.json","query":"","fragment":"","_formatted":null,"_fsPath":null},"snippetsHome":{"scheme":"vscode-userdata","authority":"","path":"/home/mpeters/projects/AOC/2024/_4_2/~/.vscode/User/snippets","query":"","fragment":"","_formatted":null,"_fsPath":null},"extensionsResource":{"scheme":"vscode-userdata","authority":"","path":"/home/mpeters/.vscode/extensions/extensions.json","query":"","fragment":"","_formatted":null,"_fsPath":null},"cacheHome":{"scheme":"file","authority":"","path":"/home/mpeters/projects/AOC/2024/_4_2/~/.vscode/CachedProfilesData/__default__profile__","query":"","fragment":"","_formatted":null,"_fsPath":null},"workspaces":[{"scheme":"file","authority":"","path":"/home/mpeters/projects/AOC/2024/_4_2","query":"","fragment":"","_formatted":"file:///home/mpeters/projects/AOC/2024/_4_2","_fsPath":null}]}]},"args":{"_":["/home/mpeters/projects/AOC/2024/_4_2"],"diff":false,"merge":false,"add":false,"goto":false,"new-window":false,"reuse-window":false,"wait":false,"user-data-dir":"~/.vscode","help":false,"list-extensions":false,"show-versions":false,"pre-release":false,"update-extensions":false,"version":false,"verbose":true,"status":false,"prof-startup":false,"no-cached-data":false,"prof-v8-extensions":false,"disable-extensions":false,"disable-lcd-text":false,"disable-gpu":false,"disable-chromium-sandbox":false,"sandbox":false,"telemetry":false,"debugRenderer":false,"enable-smoke-test-driver":false,"logExtensionHostCommunication":false,"skip-release-notes":false,"skip-welcome":false,"disable-telemetry":false,"disable-updates":false,"use-inmemory-secretstorage":false,"disable-workspace-trust":false,"disable-crash-reporter":false,"crash-reporter-id":"4f65dc9a-8748-4a3c-be40-47b773154170","skip-add-to-recently-opened":false,"open-url":false,"file-write":false,"file-chmod":false,"force":false,"do-not-sync":false,"trace":false,"preserve-env":false,"force-user-env":false,"force-disable-user-env":false,"open-devtools":false,"disable-gpu-sandbox":false,"__enable-file-policy":false,"enable-coi":false,"no-proxy-server":false,"no-sandbox":false,"nolazy":false,"force-renderer-accessibility":false,"ignore-certificate-errors":false,"allow-insecure-localhost":false,"disable-dev-shm-usage":false,"profile-temp":false,"logsPath":"/home/mpeters/projects/AOC/2024/_4_2/~/.vscode/logs/20241213T113518"},"logLevel":1,"loggers":[{"resource":{"scheme":"file","authority":"","path":"/home/mpeters/projects/AOC/2024/_4_2/~/.vscode/logs/20241213T113518/main.log","query":"","fragment":"","_formatted":"file:///home/mpeters/projects/AOC/2024/_4_2/~/.vscode/logs/20241213T113518/main.log","_fsPath":"/home/mpeters/projects/AOC/2024/_4_2/~/.vscode/logs/20241213T113518/main.log"},"id":"main","name":"Main"}]}
2024-12-13 11:35:19.672 [trace] Started scanning system extensions
2024-12-13 11:35:19.672 [trace] Started scanning user extensions {"$mid":1,"external":"vscode-userdata:/home/mpeters/.vscode/extensions/extensions.json","path":"/home/mpeters/.vscode/extensions/extensions.json","scheme":"vscode-userdata"}
2024-12-13 11:35:19.672 [trace] ExtensionManagementService#cleanUp
2024-12-13 11:35:19.672 [trace] ExtensionManagementService#removeTempDeleteFolders
2024-12-13 11:35:19.672 [trace] ExtensionManagementService.updateControlCache
2024-12-13 11:35:19.673 [trace] resolveShellEnv(): skipped (VSCODE_CLI is set)
2024-12-13 11:35:19.673 [trace] [network] #1: https://main.vscode-cdn.net/extensions/marketplace.json - begin GET {}
2024-12-13 11:35:19.691 [trace] Extension VSIX downloads cache dir does not exist
2024-12-13 11:35:19.725 [trace] [File Watcher (node.js)] Request to start watching: /home/mpeters/.vscode/extensions (excludes: <none>, includes: <all>, filter: <none>, correlationId: <none>)
2024-12-13 11:35:19.726 [debug] Writing language packs {}
2024-12-13 11:35:19.726 [debug] No uninstalled extensions found.
2024-12-13 11:35:19.726 [trace] Started scanning user extensions {"$mid":1,"fsPath":"/home/mpeters/.vscode/extensions","external":"file:///home/mpeters/.vscode/extensions","path":"/home/mpeters/.vscode/extensions","scheme":"file"}
2024-12-13 11:35:19.821 [trace] Started scanning user extensions {"$mid":1,"fsPath":"/home/mpeters/.vscode/extensions","external":"file:///home/mpeters/.vscode/extensions","path":"/home/mpeters/.vscode/extensions","scheme":"file"}
2024-12-13 11:35:19.947 [trace] [File Watcher (node.js)] Started watching: '/home/mpeters/.vscode/extensions'
2024-12-13 11:35:20.086 [trace] [network] #1: https://main.vscode-cdn.net/extensions/marketplace.json - end GET 200 {"accept-ranges":"bytes","cache-control":"max-age=3600","content-length":"45395","content-type":"application/json","cross-origin-resource-policy":"cross-origin","date":"Fri, 13 Dec 2024 19:35:20 GMT","etag":"0x8DD18FB1DB889BC","last-modified":"Tue, 10 Dec 2024 09:14:57 GMT","vary":"Origin","x-azure-ref":"20241213T193520Z-r158d6ff7cbsss8qhC1CO1hfdn00000003e0000000007rbv","x-cache":"TCP_HIT","x-fd-int-roxy-purgeid":"0","x-ms-blob-type":"BlockBlob","x-ms-lease-status":"unlocked","x-ms-request-id":"c3e5b0b9-801e-0029-43b5-4c13a2000000","x-ms-version":"2009-09-19"}
2024-12-13 11:35:20.134 [trace] Started scanning user extensions {"$mid":1,"external":"vscode-userdata:/home/mpeters/.vscode/extensions/extensions.json","path":"/home/mpeters/.vscode/extensions/extensions.json","scheme":"vscode-userdata"}
2024-12-13 11:35:20.143 [warning] [vscode-azurecontainerapps]: Couldn't find message for key containerApps.walkthrough.addWorkspaceProject.
2024-12-13 11:35:20.144 [warning] [vscode-azurecontainerapps]: Couldn't find message for key containerApps.walkthrough.azureSignIn.
2024-12-13 11:35:20.144 [warning] [vscode-azurecontainerapps]: Couldn't find message for key containerApps.walkthrough.deployWorkspaceProject.
2024-12-13 11:35:20.144 [warning] [vscode-azurecontainerapps]: Couldn't find message for key containerApps.walkthrough.cleanUpResources.
2024-12-13 11:35:20.216 [warning] [vscode-azurecontainerapps]: Couldn't find message for key containerApps.walkthrough.addWorkspaceProject.
2024-12-13 11:35:20.216 [warning] [vscode-azurecontainerapps]: Couldn't find message for key containerApps.walkthrough.azureSignIn.
2024-12-13 11:35:20.216 [warning] [vscode-azurecontainerapps]: Couldn't find message for key containerApps.walkthrough.deployWorkspaceProject.
2024-12-13 11:35:20.216 [warning] [vscode-azurecontainerapps]: Couldn't find message for key containerApps.walkthrough.cleanUpResources.
2024-12-13 11:35:20.262 [trace] Scanned system extensions: 90
2024-12-13 11:35:20.270 [warning] [vscode-azurecontainerapps]: Couldn't find message for key containerApps.walkthrough.addWorkspaceProject.
2024-12-13 11:35:20.270 [warning] [vscode-azurecontainerapps]: Couldn't find message for key containerApps.walkthrough.azureSignIn.
2024-12-13 11:35:20.270 [warning] [vscode-azurecontainerapps]: Couldn't find message for key containerApps.walkthrough.deployWorkspaceProject.
2024-12-13 11:35:20.270 [warning] [vscode-azurecontainerapps]: Couldn't find message for key containerApps.walkthrough.cleanUpResources.
2024-12-13 11:35:20.288 [debug] ComputeTargetPlatform: linux-x64
2024-12-13 11:35:20.289 [debug] Overwriting user extension /home/mpeters/.vscode/extensions/github.vscode-pull-request-github-0.98.0 with /home/mpeters/.vscode/extensions/github.vscode-pull-request-github-0.100.0.
2024-12-13 11:35:20.289 [debug] Overwriting user extension /home/mpeters/.vscode/extensions/github.vscode-pull-request-github-0.100.0 with /home/mpeters/.vscode/extensions/github.vscode-pull-request-github-0.100.3.
2024-12-13 11:35:20.289 [debug] Overwriting user extension /home/mpeters/.vscode/extensions/github.vscode-pull-request-github-0.100.3 with /home/mpeters/.vscode/extensions/github.vscode-pull-request-github-0.102.0.
2024-12-13 11:35:20.289 [debug] Overwriting user extension /home/mpeters/.vscode/extensions/github.vscode-pull-request-github-0.100.0 with /home/mpeters/.vscode/extensions/github.vscode-pull-request-github-0.100.3.
2024-12-13 11:35:20.289 [debug] Overwriting user extension /home/mpeters/.vscode/extensions/github.vscode-pull-request-github-0.100.3 with /home/mpeters/.vscode/extensions/github.vscode-pull-request-github-0.102.0.
2024-12-13 11:35:20.289 [debug] Skipping extension /home/mpeters/.vscode/extensions/github.vscode-pull-request-github-0.98.0 with lower version 0.98.0 in favour of /home/mpeters/.vscode/extensions/github.vscode-pull-request-github-0.102.0 with version 0.102.0
2024-12-13 11:35:20.290 [trace] Scanned user extensions: 68
2024-12-13 11:35:20.290 [trace] Scanned user extensions: 68
2024-12-13 11:35:20.363 [trace] Started scanning system extensions
2024-12-13 11:35:20.363 [trace] Started scanning user extensions {"$mid":1,"external":"vscode-userdata:/home/mpeters/.vscode/extensions/extensions.json","path":"/home/mpeters/.vscode/extensions/extensions.json","scheme":"vscode-userdata"}
2024-12-13 11:35:20.367 [trace] Scanned user extensions: 71
2024-12-13 11:35:20.705 [debug] Using cached extensions scan result system file:///usr/share/code/resources/app/extensions
2024-12-13 11:35:20.705 [trace] Scanned system extensions: 90
2024-12-13 11:35:20.718 [warning] [vscode-azurecontainerapps]: Couldn't find message for key containerApps.walkthrough.addWorkspaceProject.
2024-12-13 11:35:20.718 [warning] [vscode-azurecontainerapps]: Couldn't find message for key containerApps.walkthrough.azureSignIn.
2024-12-13 11:35:20.718 [warning] [vscode-azurecontainerapps]: Couldn't find message for key containerApps.walkthrough.deployWorkspaceProject.
2024-12-13 11:35:20.718 [warning] [vscode-azurecontainerapps]: Couldn't find message for key containerApps.walkthrough.cleanUpResources.
2024-12-13 11:35:20.736 [debug] Writing language packs {}
2024-12-13 11:35:20.740 [debug] Overwriting user extension /home/mpeters/.vscode/extensions/github.vscode-pull-request-github-0.98.0 with /home/mpeters/.vscode/extensions/github.vscode-pull-request-github-0.100.0.
2024-12-13 11:35:20.740 [debug] Overwriting user extension /home/mpeters/.vscode/extensions/github.vscode-pull-request-github-0.100.0 with /home/mpeters/.vscode/extensions/github.vscode-pull-request-github-0.100.3.
2024-12-13 11:35:20.740 [debug] Overwriting user extension /home/mpeters/.vscode/extensions/github.vscode-pull-request-github-0.100.3 with /home/mpeters/.vscode/extensions/github.vscode-pull-request-github-0.102.0.
2024-12-13 11:35:20.740 [trace] Scanned user extensions: 68
2024-12-13 11:35:20.802 [warning] [vscode-azurecontainerapps]: Couldn't find message for key containerApps.walkthrough.addWorkspaceProject.
2024-12-13 11:35:20.802 [warning] [vscode-azurecontainerapps]: Couldn't find message for key containerApps.walkthrough.azureSignIn.
2024-12-13 11:35:20.802 [warning] [vscode-azurecontainerapps]: Couldn't find message for key containerApps.walkthrough.deployWorkspaceProject.
2024-12-13 11:35:20.803 [warning] [vscode-azurecontainerapps]: Couldn't find message for key containerApps.walkthrough.cleanUpResources.
2024-12-13 11:35:20.822 [debug] Overwriting user extension /home/mpeters/.vscode/extensions/github.vscode-pull-request-github-0.98.0 with /home/mpeters/.vscode/extensions/github.vscode-pull-request-github-0.100.0.
2024-12-13 11:35:20.823 [debug] Overwriting user extension /home/mpeters/.vscode/extensions/github.vscode-pull-request-github-0.100.0 with /home/mpeters/.vscode/extensions/github.vscode-pull-request-github-0.100.3.
2024-12-13 11:35:20.823 [debug] Overwriting user extension /home/mpeters/.vscode/extensions/github.vscode-pull-request-github-0.100.3 with /home/mpeters/.vscode/extensions/github.vscode-pull-request-github-0.102.0.
2024-12-13 11:35:20.823 [trace] Scanned user extensions: 68
2024-12-13 11:35:20.872 [trace] Started scanning system extensions
2024-12-13 11:35:20.873 [trace] Started scanning user extensions {"$mid":1,"external":"vscode-userdata:/home/mpeters/.vscode/extensions/extensions.json","path":"/home/mpeters/.vscode/extensions/extensions.json","scheme":"vscode-userdata"}
2024-12-13 11:35:20.887 [debug] Using cached extensions scan result system file:///usr/share/code/resources/app/extensions
2024-12-13 11:35:20.888 [trace] Scanned system extensions: 90
2024-12-13 11:35:20.971 [warning] [vscode-azurecontainerapps]: Couldn't find message for key containerApps.walkthrough.addWorkspaceProject.
2024-12-13 11:35:20.972 [warning] [vscode-azurecontainerapps]: Couldn't find message for key containerApps.walkthrough.azureSignIn.
2024-12-13 11:35:20.973 [warning] [vscode-azurecontainerapps]: Couldn't find message for key containerApps.walkthrough.deployWorkspaceProject.
2024-12-13 11:35:20.973 [warning] [vscode-azurecontainerapps]: Couldn't find message for key containerApps.walkthrough.cleanUpResources.
2024-12-13 11:35:20.973 [debug] Overwriting user extension /home/mpeters/.vscode/extensions/github.vscode-pull-request-github-0.98.0 with /home/mpeters/.vscode/extensions/github.vscode-pull-request-github-0.100.0.
2024-12-13 11:35:20.973 [debug] Overwriting user extension /home/mpeters/.vscode/extensions/github.vscode-pull-request-github-0.100.0 with /home/mpeters/.vscode/extensions/github.vscode-pull-request-github-0.100.3.
2024-12-13 11:35:20.973 [debug] Overwriting user extension /home/mpeters/.vscode/extensions/github.vscode-pull-request-github-0.100.3 with /home/mpeters/.vscode/extensions/github.vscode-pull-request-github-0.102.0.
2024-12-13 11:35:20.974 [trace] Scanned user extensions: 68
2024-12-13 11:35:21.084 [trace] Started scanning system extensions
2024-12-13 11:35:21.084 [trace] Started scanning user extensions {"$mid":1,"external":"vscode-userdata:/home/mpeters/.vscode/extensions/extensions.json","path":"/home/mpeters/.vscode/extensions/extensions.json","scheme":"vscode-userdata"}
2024-12-13 11:35:21.094 [debug] Using cached extensions scan result system file:///usr/share/code/resources/app/extensions
2024-12-13 11:35:21.094 [trace] Scanned system extensions: 90
2024-12-13 11:35:21.159 [warning] [vscode-azurecontainerapps]: Couldn't find message for key containerApps.walkthrough.addWorkspaceProject.
2024-12-13 11:35:21.159 [warning] [vscode-azurecontainerapps]: Couldn't find message for key containerApps.walkthrough.azureSignIn.
2024-12-13 11:35:21.159 [warning] [vscode-azurecontainerapps]: Couldn't find message for key containerApps.walkthrough.deployWorkspaceProject.
2024-12-13 11:35:21.160 [warning] [vscode-azurecontainerapps]: Couldn't find message for key containerApps.walkthrough.cleanUpResources.
2024-12-13 11:35:21.173 [debug] Overwriting user extension /home/mpeters/.vscode/extensions/github.vscode-pull-request-github-0.98.0 with /home/mpeters/.vscode/extensions/github.vscode-pull-request-github-0.100.0.
2024-12-13 11:35:21.173 [debug] Overwriting user extension /home/mpeters/.vscode/extensions/github.vscode-pull-request-github-0.100.0 with /home/mpeters/.vscode/extensions/github.vscode-pull-request-github-0.100.3.
2024-12-13 11:35:21.173 [debug] Overwriting user extension /home/mpeters/.vscode/extensions/github.vscode-pull-request-github-0.100.3 with /home/mpeters/.vscode/extensions/github.vscode-pull-request-github-0.102.0.
2024-12-13 11:35:21.174 [trace] Scanned user extensions: 68
2024-12-13 11:35:21.192 [trace] Started scanning system extensions
2024-12-13 11:35:21.193 [trace] Started scanning user extensions {"$mid":1,"external":"vscode-userdata:/home/mpeters/.vscode/extensions/extensions.json","path":"/home/mpeters/.vscode/extensions/extensions.json","scheme":"vscode-userdata"}
2024-12-13 11:35:21.287 [debug] Using cached extensions scan result system file:///usr/share/code/resources/app/extensions
2024-12-13 11:35:21.287 [trace] Scanned system extensions: 90
2024-12-13 11:35:21.362 [warning] [vscode-azurecontainerapps]: Couldn't find message for key containerApps.walkthrough.addWorkspaceProject.
2024-12-13 11:35:21.363 [warning] [vscode-azurecontainerapps]: Couldn't find message for key containerApps.walkthrough.azureSignIn.
2024-12-13 11:35:21.363 [warning] [vscode-azurecontainerapps]: Couldn't find message for key containerApps.walkthrough.deployWorkspaceProject.
2024-12-13 11:35:21.363 [warning] [vscode-azurecontainerapps]: Couldn't find message for key containerApps.walkthrough.cleanUpResources.
2024-12-13 11:35:21.376 [debug] Overwriting user extension /home/mpeters/.vscode/extensions/github.vscode-pull-request-github-0.98.0 with /home/mpeters/.vscode/extensions/github.vscode-pull-request-github-0.100.0.
2024-12-13 11:35:21.376 [debug] Overwriting user extension /home/mpeters/.vscode/extensions/github.vscode-pull-request-github-0.100.0 with /home/mpeters/.vscode/extensions/github.vscode-pull-request-github-0.100.3.
2024-12-13 11:35:21.376 [debug] Overwriting user extension /home/mpeters/.vscode/extensions/github.vscode-pull-request-github-0.100.3 with /home/mpeters/.vscode/extensions/github.vscode-pull-request-github-0.102.0.
2024-12-13 11:35:21.376 [trace] Scanned user extensions: 68
2024-12-13 11:35:21.552 [trace] Started scanning system extensions
2024-12-13 11:35:21.552 [trace] Started scanning user extensions {"$mid":1,"external":"vscode-userdata:/home/mpeters/.vscode/extensions/extensions.json","path":"/home/mpeters/.vscode/extensions/extensions.json","scheme":"vscode-userdata"}
2024-12-13 11:35:21.564 [debug] Using cached extensions scan result system file:///usr/share/code/resources/app/extensions
2024-12-13 11:35:21.565 [trace] Scanned system extensions: 90
2024-12-13 11:35:21.614 [warning] [vscode-azurecontainerapps]: Couldn't find message for key containerApps.walkthrough.addWorkspaceProject.
2024-12-13 11:35:21.614 [warning] [vscode-azurecontainerapps]: Couldn't find message for key containerApps.walkthrough.azureSignIn.
2024-12-13 11:35:21.614 [warning] [vscode-azurecontainerapps]: Couldn't find message for key containerApps.walkthrough.deployWorkspaceProject.
2024-12-13 11:35:21.615 [warning] [vscode-azurecontainerapps]: Couldn't find message for key containerApps.walkthrough.cleanUpResources.
2024-12-13 11:35:21.627 [debug] Overwriting user extension /home/mpeters/.vscode/extensions/github.vscode-pull-request-github-0.98.0 with /home/mpeters/.vscode/extensions/github.vscode-pull-request-github-0.100.0.
2024-12-13 11:35:21.627 [debug] Overwriting user extension /home/mpeters/.vscode/extensions/github.vscode-pull-request-github-0.100.0 with /home/mpeters/.vscode/extensions/github.vscode-pull-request-github-0.100.3.
2024-12-13 11:35:21.627 [debug] Overwriting user extension /home/mpeters/.vscode/extensions/github.vscode-pull-request-github-0.100.3 with /home/mpeters/.vscode/extensions/github.vscode-pull-request-github-0.102.0.
2024-12-13 11:35:21.627 [trace] Scanned user extensions: 68
2024-12-13 11:35:21.717 [trace] Started scanning system extensions
2024-12-13 11:35:21.717 [trace] Started scanning user extensions {"$mid":1,"external":"vscode-userdata:/home/mpeters/.vscode/extensions/extensions.json","path":"/home/mpeters/.vscode/extensions/extensions.json","scheme":"vscode-userdata"}
2024-12-13 11:35:21.731 [debug] Using cached extensions scan result system file:///usr/share/code/resources/app/extensions
2024-12-13 11:35:21.731 [trace] Scanned system extensions: 90
2024-12-13 11:35:21.760 [debug] ComputeTargetPlatform: linux-x64
2024-12-13 11:35:21.814 [warning] [vscode-azurecontainerapps]: Couldn't find message for key containerApps.walkthrough.addWorkspaceProject.
2024-12-13 11:35:21.814 [warning] [vscode-azurecontainerapps]: Couldn't find message for key containerApps.walkthrough.azureSignIn.
2024-12-13 11:35:21.814 [warning] [vscode-azurecontainerapps]: Couldn't find message for key containerApps.walkthrough.deployWorkspaceProject.
2024-12-13 11:35:21.814 [warning] [vscode-azurecontainerapps]: Couldn't find message for key containerApps.walkthrough.cleanUpResources.
2024-12-13 11:35:21.838 [trace] resolveShellEnv(): skipped (VSCODE_CLI is set)
2024-12-13 11:35:21.838 [trace] [network] #2: https://mobile.events.data.microsoft.com/OneCollector/1.0?cors=true&content-type=application/x-json-stream - begin POST {"Client-Id":"NO_AUTH","client-version":"1DS-Web-JS-3.2.13","apikey":"5bbf946d11a54f6783919c455abaddaf-fd62977b-c92d-4714-a45d-649d06980372-7168","upload-time":"1734118521834","time-delta-to-apply-millis":"use-collector-delta","cache-control":"no-cache, no-store","content-type":"application/x-json-stream","Content-Type":"application/json","Content-Length":"235268"}
2024-12-13 11:35:21.844 [debug] Overwriting user extension /home/mpeters/.vscode/extensions/github.vscode-pull-request-github-0.98.0 with /home/mpeters/.vscode/extensions/github.vscode-pull-request-github-0.100.0.
2024-12-13 11:35:21.844 [debug] Overwriting user extension /home/mpeters/.vscode/extensions/github.vscode-pull-request-github-0.100.0 with /home/mpeters/.vscode/extensions/github.vscode-pull-request-github-0.100.3.
2024-12-13 11:35:21.844 [debug] Overwriting user extension /home/mpeters/.vscode/extensions/github.vscode-pull-request-github-0.100.3 with /home/mpeters/.vscode/extensions/github.vscode-pull-request-github-0.102.0.
2024-12-13 11:35:21.845 [trace] Scanned user extensions: 68
2024-12-13 11:35:21.953 [trace] Started scanning user extensions {"$mid":1,"external":"vscode-userdata:/home/mpeters/.vscode/extensions/extensions.json","path":"/home/mpeters/.vscode/extensions/extensions.json","scheme":"vscode-userdata"}
2024-12-13 11:35:22.025 [warning] [vscode-azurecontainerapps]: Couldn't find message for key containerApps.walkthrough.addWorkspaceProject.
2024-12-13 11:35:22.025 [warning] [vscode-azurecontainerapps]: Couldn't find message for key containerApps.walkthrough.azureSignIn.
2024-12-13 11:35:22.026 [warning] [vscode-azurecontainerapps]: Couldn't find message for key containerApps.walkthrough.deployWorkspaceProject.
2024-12-13 11:35:22.026 [warning] [vscode-azurecontainerapps]: Couldn't find message for key containerApps.walkthrough.cleanUpResources.
2024-12-13 11:35:22.047 [debug] Overwriting user extension /home/mpeters/.vscode/extensions/github.vscode-pull-request-github-0.98.0 with /home/mpeters/.vscode/extensions/github.vscode-pull-request-github-0.100.0.
2024-12-13 11:35:22.047 [debug] Overwriting user extension /home/mpeters/.vscode/extensions/github.vscode-pull-request-github-0.100.0 with /home/mpeters/.vscode/extensions/github.vscode-pull-request-github-0.100.3.
2024-12-13 11:35:22.047 [debug] Overwriting user extension /home/mpeters/.vscode/extensions/github.vscode-pull-request-github-0.100.3 with /home/mpeters/.vscode/extensions/github.vscode-pull-request-github-0.102.0.
2024-12-13 11:35:22.047 [trace] Scanned user extensions: 68
2024-12-13 11:35:22.278 [trace] [network] #2: https://mobile.events.data.microsoft.com/OneCollector/1.0?cors=true&content-type=application/x-json-stream - end POST 200 {"access-control-allow-credentials":"true","access-control-allow-headers":"time-delta-millis","access-control-allow-methods":"POST","access-control-allow-origin":"*","access-control-expose-headers":"time-delta-millis","content-length":"11","content-type":"application/json","date":"Fri, 13 Dec 2024 19:35:21 GMT","server":"Microsoft-HTTPAPI/2.0","strict-transport-security":"max-age=31536000","time-delta-millis":"191"}
2024-12-13 11:35:22.669 [trace] Started scanning system extensions
2024-12-13 11:35:22.678 [trace] Started scanning user extensions {"$mid":1,"external":"vscode-userdata:/home/mpeters/.vscode/extensions/extensions.json","path":"/home/mpeters/.vscode/extensions/extensions.json","scheme":"vscode-userdata"}
2024-12-13 11:35:22.696 [debug] Using cached extensions scan result system file:///usr/share/code/resources/app/extensions
2024-12-13 11:35:22.697 [trace] Scanned system extensions: 90
2024-12-13 11:35:22.762 [warning] [vscode-azurecontainerapps]: Couldn't find message for key containerApps.walkthrough.addWorkspaceProject.
2024-12-13 11:35:22.762 [warning] [vscode-azurecontainerapps]: Couldn't find message for key containerApps.walkthrough.azureSignIn.
2024-12-13 11:35:22.763 [warning] [vscode-azurecontainerapps]: Couldn't find message for key containerApps.walkthrough.deployWorkspaceProject.
2024-12-13 11:35:22.763 [warning] [vscode-azurecontainerapps]: Couldn't find message for key containerApps.walkthrough.cleanUpResources.
2024-12-13 11:35:22.774 [debug] Overwriting user extension /home/mpeters/.vscode/extensions/github.vscode-pull-request-github-0.98.0 with /home/mpeters/.vscode/extensions/github.vscode-pull-request-github-0.100.0.
2024-12-13 11:35:22.776 [debug] Overwriting user extension /home/mpeters/.vscode/extensions/github.vscode-pull-request-github-0.100.0 with /home/mpeters/.vscode/extensions/github.vscode-pull-request-github-0.100.3.
2024-12-13 11:35:22.776 [debug] Overwriting user extension /home/mpeters/.vscode/extensions/github.vscode-pull-request-github-0.100.3 with /home/mpeters/.vscode/extensions/github.vscode-pull-request-github-0.102.0.
2024-12-13 11:35:22.776 [trace] Scanned user extensions: 68
2024-12-13 11:35:23.875 [trace] resolveShellEnv(): skipped (VSCODE_CLI is set)
2024-12-13 11:35:23.876 [trace] [network] #3: https://mobile.events.data.microsoft.com/OneCollector/1.0?cors=true&content-type=application/x-json-stream - begin POST {"Client-Id":"NO_AUTH","client-version":"1DS-Web-JS-3.2.13","apikey":"5bbf946d11a54f6783919c455abaddaf-fd62977b-c92d-4714-a45d-649d06980372-7168","upload-time":"1734118523870","time-delta-to-apply-millis":"191","cache-control":"no-cache, no-store","content-type":"application/x-json-stream","Content-Type":"application/json","Content-Length":"228390"}
2024-12-13 11:35:24.152 [trace] [network] #3: https://mobile.events.data.microsoft.com/OneCollector/1.0?cors=true&content-type=application/x-json-stream - end POST 200 {"access-control-allow-credentials":"true","access-control-allow-headers":"time-delta-millis","access-control-allow-methods":"POST","access-control-allow-origin":"*","access-control-expose-headers":"time-delta-millis","content-length":"11","content-type":"application/json","date":"Fri, 13 Dec 2024 19:35:23 GMT","server":"Microsoft-HTTPAPI/2.0","strict-transport-security":"max-age=31536000","time-delta-millis":"45"}
2024-12-13 11:35:26.570 [trace] resolveShellEnv(): skipped (VSCODE_CLI is set)
2024-12-13 11:35:26.571 [trace] [network] #4: https://mobile.events.data.microsoft.com/OneCollector/1.0?cors=true&content-type=application/x-json-stream - begin POST {"Client-Id":"NO_AUTH","client-version":"1DS-Web-JS-3.2.13","apikey":"5bbf946d11a54f6783919c455abaddaf-fd62977b-c92d-4714-a45d-649d06980372-7168","upload-time":"1734118526569","time-delta-to-apply-millis":"191","cache-control":"no-cache, no-store","content-type":"application/x-json-stream","Content-Type":"application/json","Content-Length":"21220"}
2024-12-13 11:35:26.653 [trace] [network] #4: https://mobile.events.data.microsoft.com/OneCollector/1.0?cors=true&content-type=application/x-json-stream - end POST 200 {"access-control-allow-credentials":"true","access-control-allow-headers":"time-delta-millis","access-control-allow-methods":"POST","access-control-allow-origin":"*","access-control-expose-headers":"time-delta-millis","content-length":"9","content-type":"application/json","date":"Fri, 13 Dec 2024 19:35:26 GMT","server":"Microsoft-HTTPAPI/2.0","strict-transport-security":"max-age=31536000","time-delta-millis":"49"}
2024-12-13 11:35:28.594 [trace] resolveShellEnv(): skipped (VSCODE_CLI is set)
2024-12-13 11:35:28.595 [trace] [network] #5: https://mobile.events.data.microsoft.com/OneCollector/1.0?cors=true&content-type=application/x-json-stream - begin POST {"Client-Id":"NO_AUTH","client-version":"1DS-Web-JS-3.2.13","apikey":"5bbf946d11a54f6783919c455abaddaf-fd62977b-c92d-4714-a45d-649d06980372-7168","upload-time":"1734118528593","time-delta-to-apply-millis":"191","cache-control":"no-cache, no-store","content-type":"application/x-json-stream","Content-Type":"application/json","Content-Length":"37240"}
2024-12-13 11:35:29.661 [trace] [logs cleanup]: Starting to clean up old logs.
2024-12-13 11:35:30.649 [trace] resolveShellEnv(): skipped (VSCODE_CLI is set)
2024-12-13 11:35:30.649 [trace] [network] #6: https://mobile.events.data.microsoft.com/OneCollector/1.0?cors=true&content-type=application/x-json-stream - begin POST {"Client-Id":"NO_AUTH","client-version":"1DS-Web-JS-3.2.13","apikey":"5bbf946d11a54f6783919c455abaddaf-fd62977b-c92d-4714-a45d-649d06980372-7168","upload-time":"1734118530647","time-delta-to-apply-millis":"191","cache-control":"no-cache, no-store","content-type":"application/x-json-stream","Content-Type":"application/json","Content-Length":"5070"}
2024-12-13 11:35:31.880 [trace] [network] #5: https://mobile.events.data.microsoft.com/OneCollector/1.0?cors=true&content-type=application/x-json-stream - end POST 200 {"access-control-allow-credentials":"true","access-control-allow-headers":"time-delta-millis","access-control-allow-methods":"POST","access-control-allow-origin":"*","access-control-expose-headers":"time-delta-millis","content-length":"10","content-type":"application/json","date":"Fri, 13 Dec 2024 19:35:31 GMT","server":"Microsoft-HTTPAPI/2.0","strict-transport-security":"max-age=31536000","time-delta-millis":"697"}
2024-12-13 11:35:32.443 [trace] [network] #6: https://mobile.events.data.microsoft.com/OneCollector/1.0?cors=true&content-type=application/x-json-stream - end POST 200 {"access-control-allow-credentials":"true","access-control-allow-headers":"time-delta-millis","access-control-allow-methods":"POST","access-control-allow-origin":"*","access-control-expose-headers":"time-delta-millis","content-length":"9","content-type":"application/json","date":"Fri, 13 Dec 2024 19:35:31 GMT","server":"Microsoft-HTTPAPI/2.0","strict-transport-security":"max-age=31536000","time-delta-millis":"1815"}
2024-12-13 11:35:36.105 [trace] resolveShellEnv(): skipped (VSCODE_CLI is set)
2024-12-13 11:35:36.105 [trace] [network] #7: https://mobile.events.data.microsoft.com/OneCollector/1.0?cors=true&content-type=application/x-json-stream - begin POST {"Client-Id":"NO_AUTH","client-version":"1DS-Web-JS-3.2.13","apikey":"5bbf946d11a54f6783919c455abaddaf-fd62977b-c92d-4714-a45d-649d06980372-7168","upload-time":"1734118536102","time-delta-to-apply-millis":"191","cache-control":"no-cache, no-store","content-type":"application/x-json-stream","Content-Type":"application/json","Content-Length":"2233"}
2024-12-13 11:35:36.172 [trace] [network] #7: https://mobile.events.data.microsoft.com/OneCollector/1.0?cors=true&content-type=application/x-json-stream - end POST 200 {"access-control-allow-credentials":"true","access-control-allow-headers":"time-delta-millis","access-control-allow-methods":"POST","access-control-allow-origin":"*","access-control-expose-headers":"time-delta-millis","content-length":"9","content-type":"application/json","date":"Fri, 13 Dec 2024 19:35:35 GMT","server":"Microsoft-HTTPAPI/2.0","strict-transport-security":"max-age=31536000","time-delta-millis":"79"}
2024-12-13 11:35:49.661 [trace] [code cache cleanup]: Starting to clean up old code cache folders.
2024-12-13 11:35:49.662 [trace] [storage cleanup]: Starting to clean up workspace storage folders for unused empty workspaces.
2024-12-13 11:35:50.478 [trace] resolveShellEnv(): skipped (VSCODE_CLI is set)
2024-12-13 11:35:50.479 [trace] [network] #8: https://mobile.events.data.microsoft.com/OneCollector/1.0?cors=true&content-type=application/x-json-stream - begin POST {"Client-Id":"NO_AUTH","client-version":"1DS-Web-JS-3.2.13","apikey":"5bbf946d11a54f6783919c455abaddaf-fd62977b-c92d-4714-a45d-649d06980372-7168","upload-time":"1734118550472","time-delta-to-apply-millis":"191","cache-control":"no-cache, no-store","content-type":"application/x-json-stream","Content-Type":"application/json","Content-Length":"1037"}
2024-12-13 11:35:50.543 [trace] [network] #8: https://mobile.events.data.microsoft.com/OneCollector/1.0?cors=true&content-type=application/x-json-stream - end POST 200 {"access-control-allow-credentials":"true","access-control-allow-headers":"time-delta-millis","access-control-allow-methods":"POST","access-control-allow-origin":"*","access-control-expose-headers":"time-delta-millis","content-length":"9","content-type":"application/json","date":"Fri, 13 Dec 2024 19:35:49 GMT","server":"Microsoft-HTTPAPI/2.0","strict-transport-security":"max-age=31536000","time-delta-millis":"81"}
2024-12-13 11:35:59.662 [trace] [language pack cache cleanup]: Starting to clean up unused language packs.
2024-12-13 11:40:22.212 [trace] ExtensionManagementService.updateControlCache
2024-12-13 11:40:22.212 [trace] resolveShellEnv(): skipped (VSCODE_CLI is set)
2024-12-13 11:40:22.212 [trace] [network] #9: https://main.vscode-cdn.net/extensions/marketplace.json - begin GET {}
2024-12-13 11:40:22.356 [trace] [network] #9: https://main.vscode-cdn.net/extensions/marketplace.json - end GET 200 {"accept-ranges":"bytes","cache-control":"max-age=3600","content-length":"45395","content-type":"application/json","cross-origin-resource-policy":"cross-origin","date":"Fri, 13 Dec 2024 19:40:22 GMT","etag":"0x8DD18FB1DB889BC","last-modified":"Tue, 10 Dec 2024 09:14:57 GMT","vary":"Origin","x-azure-ref":"20241213T194022Z-r1996f597959k2khhC1PDXedkw0000000370000000008btc","x-cache":"TCP_HIT","x-fd-int-roxy-purgeid":"27928992","x-ms-blob-type":"BlockBlob","x-ms-lease-status":"unlocked","x-ms-request-id":"c3e5b0b9-801e-0029-43b5-4c13a2000000","x-ms-version":"2009-09-19"}
2024-12-13 11:40:22.372 [trace] Started scanning user extensions {"$mid":1,"external":"vscode-userdata:/home/mpeters/.vscode/extensions/extensions.json","path":"/home/mpeters/.vscode/extensions/extensions.json","scheme":"vscode-userdata"}
2024-12-13 11:40:22.432 [warning] [vscode-azurecontainerapps]: Couldn't find message for key containerApps.walkthrough.addWorkspaceProject.
2024-12-13 11:40:22.432 [warning] [vscode-azurecontainerapps]: Couldn't find message for key containerApps.walkthrough.azureSignIn.
2024-12-13 11:40:22.432 [warning] [vscode-azurecontainerapps]: Couldn't find message for key containerApps.walkthrough.deployWorkspaceProject.
2024-12-13 11:40:22.433 [warning] [vscode-azurecontainerapps]: Couldn't find message for key containerApps.walkthrough.cleanUpResources.
2024-12-13 11:40:22.447 [debug] Overwriting user extension /home/mpeters/.vscode/extensions/github.vscode-pull-request-github-0.98.0 with /home/mpeters/.vscode/extensions/github.vscode-pull-request-github-0.100.0.
2024-12-13 11:40:22.447 [debug] Overwriting user extension /home/mpeters/.vscode/extensions/github.vscode-pull-request-github-0.100.0 with /home/mpeters/.vscode/extensions/github.vscode-pull-request-github-0.100.3.
2024-12-13 11:40:22.447 [debug] Overwriting user extension /home/mpeters/.vscode/extensions/github.vscode-pull-request-github-0.100.3 with /home/mpeters/.vscode/extensions/github.vscode-pull-request-github-0.102.0.
2024-12-13 11:40:22.447 [trace] Scanned user extensions: 68
